[32m[I 2021-01-07 20:57:28,057][0m Trial 28 finished with value: -19.1528 and parameters: {'learning_rate': 0.027382080574553512, 'min_child_weight': 50, 'max_depth': 9, 'subsample': 0.5, 'colsample_bytree': 0.6000000000000001, 'reg_lambda': 0.8123996936459649, 'reg_alpha': 0.028294704264959624}. Best is trial 13 with value: -18.6216.[0m

88.98 sec -- {'mean_score': -20.347, 'valid_scores': [-30.4204, -26.0015, -20.3543, -16.4411, -14.2458, -14.6187], 'train_scores': [-13.9057, -14.3814, -15.2888, -15.6522, -15.7842, -15.3039], 'params': {'learning_rate': 0.021712814342995063, 'min_child_weight': 46, 'max_depth': 7, 'subsample': 0.5, 'colsample_bytree': 1.0, 'reg_lambda': 0.05217142575344185, 'reg_alpha': 0.02557094840933609}}
[32m[I 2021-01-07 20:58:57,124][0m Trial 29 finished with value: -20.347 and parameters: {'learning_rate': 0.021712814342995063, 'min_child_weight': 46, 'max_depth': 7, 'subsample': 0.5, 'colsample_bytree': 1.0, 'reg_lambda': 0.05217142575344185, 'reg_alpha': 0.02557094840933609}. Best is trial 13 with value: -18.6216.[0m

153.3 sec -- {'mean_score': -18.6825, 'valid_scores': [-28.3416, -24.1708, -18.2313, -15.0168, -12.8327, -13.5019], 'train_scores': [-10.4777, -10.7485, -11.175, -11.4779, -11.533, -11.2306], 'params': {'learning_rate': 0.06621439285721084, 'min_child_weight': 48, 'max_depth': 11, 'subsample': 0.5, 'colsample_bytree': 0.9000000000000001, 'reg_lambda': 0.006444629545713195, 'reg_alpha': 0.02134883875431033}}
[32m[I 2021-01-07 21:01:30,520][0m Trial 30 finished with value: -18.6825 and parameters: {'learning_rate': 0.06621439285721084, 'min_child_weight': 48, 'max_depth': 11, 'subsample': 0.5, 'colsample_bytree': 0.9000000000000001, 'reg_lambda': 0.006444629545713195, 'reg_alpha': 0.02134883875431033}. Best is trial 13 with value: -18.6216.[0m

259.9 sec -- {'mean_score': -18.8126, 'valid_scores': [-28.2993, -24.4314, -18.1909, -15.2236, -13.3031, -13.4272], 'train_scores': [-10.7686, -10.9967, -11.4477, -11.7599, -11.8005, -11.5417], 'params': {'learning_rate': 0.02738029002226782, 'min_child_weight': 50, 'max_depth': 12, 'subsample': 0.7, 'colsample_bytree': 0.8, 'reg_lambda': 0.02166790858468943, 'reg_alpha': 0.021251738675576008}}
[32m[I 2021-01-07 21:05:50,510][0m Trial 31 finished with value: -18.8126 and parameters: {'learning_rate': 0.02738029002226782, 'min_child_weight': 50, 'max_depth': 12, 'subsample': 0.7, 'colsample_bytree': 0.8, 'reg_lambda': 0.02166790858468943, 'reg_alpha': 0.021251738675576008}. Best is trial 13 with value: -18.6216.[0m

132.39 sec -- {'mean_score': -18.5682, 'valid_scores': [-28.5724, -24.0043, -17.968, -14.9717, -12.6857, -13.2069], 'train_scores': [-10.4333, -10.6812, -11.0626, -11.366, -11.3488, -11.1186], 'params': {'learning_rate': 0.0439795698836128, 'min_child_weight': 48, 'max_depth': 13, 'subsample': 0.5, 'colsample_bytree': 0.9000000000000001, 'reg_lambda': 0.002764729701299519, 'reg_alpha': 0.060867227291076145}}
[32m[I 2021-01-07 21:08:03,051][0m Trial 32 finished with value: -18.5682 and parameters: {'learning_rate': 0.0439795698836128, 'min_child_weight': 48, 'max_depth': 13, 'subsample': 0.5, 'colsample_bytree': 0.9000000000000001, 'reg_lambda': 0.002764729701299519, 'reg_alpha': 0.060867227291076145}. Best is trial 32 with value: -18.5682.[0m

148.81 sec -- {'mean_score': -19.1321, 'valid_scores': [-29.3165, -25.0525, -18.5172, -15.0498, -13.3009, -13.5559], 'train_scores': [-11.5186, -11.7203, -12.1687, -12.4831, -12.5523, -12.2518], 'params': {'learning_rate': 0.02208525030117078, 'min_child_weight': 50, 'max_depth': 12, 'subsample': 0.5, 'colsample_bytree': 0.8, 'reg_lambda': 0.0011331090704678414, 'reg_alpha': 0.48621011924111374}}
[32m[I 2021-01-07 21:10:31,946][0m Trial 33 finished with value: -19.1321 and parameters: {'learning_rate': 0.02208525030117078, 'min_child_weight': 50, 'max_depth': 12, 'subsample': 0.5, 'colsample_bytree': 0.8, 'reg_lambda': 0.0011331090704678414, 'reg_alpha': 0.48621011924111374}. Best is trial 32 with value: -18.5682.[0m

140.99 sec -- {'mean_score': -18.8741, 'valid_scores': [-28.9577, -24.39, -18.3858, -15.01, -12.8543, -13.6467], 'train_scores': [-9.2925, -9.4919, -9.8372, -10.1347, -10.1651, -9.9578], 'params': {'learning_rate': 0.0854877824613057, 'min_child_weight': 48, 'max_depth': 15, 'subsample': 0.6, 'colsample_bytree': 0.9000000000000001, 'reg_lambda': 0.0012232730662545901, 'reg_alpha': 0.01998788307317416}}
[32m[I 2021-01-07 21:12:53,071][0m Trial 34 finished with value: -18.8741 and parameters: {'learning_rate': 0.0854877824613057, 'min_child_weight': 48, 'max_depth': 15, 'subsample': 0.6, 'colsample_bytree': 0.9000000000000001, 'reg_lambda': 0.0012232730662545901, 'reg_alpha': 0.01998788307317416}. Best is trial 32 with value: -18.5682.[0m

85.33 sec -- {'mean_score': -19.6768, 'valid_scores': [-29.906, -25.4431, -19.3634, -15.6716, -13.6005, -14.0763], 'train_scores': [-12.691, -12.9533, -13.5637, -13.9354, -14.0744, -13.7382], 'params': {'learning_rate': 0.020986497575851942, 'min_child_weight': 48, 'max_depth': 9, 'subsample': 0.5, 'colsample_bytree': 0.8, 'reg_lambda': 0.00043126617484051, 'reg_alpha': 0.00027247938689321327}}
[32m[I 2021-01-07 21:14:18,481][0m Trial 35 finished with value: -19.6768 and parameters: {'learning_rate': 0.020986497575851942, 'min_child_weight': 48, 'max_depth': 9, 'subsample': 0.5, 'colsample_bytree': 0.8, 'reg_lambda': 0.00043126617484051, 'reg_alpha': 0.00027247938689321327}. Best is trial 32 with value: -18.5682.[0m

30.52 sec -- {'mean_score': -19.327, 'valid_scores': [-28.985, -25.096, -19.415, -15.4215, -13.2032, -13.8413], 'train_scores': [-13.9528, -14.3115, -15.3234, -15.6146, -15.5755, -15.1859], 'params': {'learning_rate': 0.044928406676522786, 'min_child_weight': 20, 'max_depth': 5, 'subsample': 0.8, 'colsample_bytree': 0.5, 'reg_lambda': 0.0002469644385704114, 'reg_alpha': 0.0004030076342167848}}
[32m[I 2021-01-07 21:14:49,084][0m Trial 36 finished with value: -19.327 and parameters: {'learning_rate': 0.044928406676522786, 'min_child_weight': 20, 'max_depth': 5, 'subsample': 0.8, 'colsample_bytree': 0.5, 'reg_lambda': 0.0002469644385704114, 'reg_alpha': 0.0004030076342167848}. Best is trial 32 with value: -18.5682.[0m

108.37 sec -- {'mean_score': -19.1877, 'valid_scores': [-28.4641, -25.1185, -18.453, -15.4209, -14.1074, -13.5624], 'train_scores': [-9.3744, -9.5429, -9.9675, -10.3109, -10.3635, -10.1468], 'params': {'learning_rate': 0.0967653251235842, 'min_child_weight': 48, 'max_depth': 13, 'subsample': 0.7, 'colsample_bytree': 0.5, 'reg_lambda': 0.40359932901368173, 'reg_alpha': 0.06780561111964008}}
[32m[I 2021-01-07 21:16:37,537][0m Trial 37 finished with value: -19.1877 and parameters: {'learning_rate': 0.0967653251235842, 'min_child_weight': 48, 'max_depth': 13, 'subsample': 0.7, 'colsample_bytree': 0.5, 'reg_lambda': 0.40359932901368173, 'reg_alpha': 0.06780561111964008}. Best is trial 32 with value: -18.5682.[0m

129.12 sec -- {'mean_score': -21.8927, 'valid_scores': [-34.3569, -29.4096, -20.7586, -16.4463, -14.6797, -15.7049], 'train_scores': [-14.4739, -14.9041, -15.7813, -16.1664, -16.2179, -15.9137], 'params': {'learning_rate': 0.012284611010420235, 'min_child_weight': 46, 'max_depth': 10, 'subsample': 0.6, 'colsample_bytree': 0.7, 'reg_lambda': 0.07388670720105099, 'reg_alpha': 0.9213822101759545}}
[32m[I 2021-01-07 21:18:46,742][0m Trial 38 finished with value: -21.8927 and parameters: {'learning_rate': 0.012284611010420235, 'min_child_weight': 46, 'max_depth': 10, 'subsample': 0.6, 'colsample_bytree': 0.7, 'reg_lambda': 0.07388670720105099, 'reg_alpha': 0.9213822101759545}. Best is trial 32 with value: -18.5682.[0m

47.76 sec -- {'mean_score': -19.1283, 'valid_scores': [-28.4002, -24.0153, -19.2819, -16.0655, -13.6471, -13.36], 'train_scores': [-10.3098, -10.7876, -11.4788, -11.8051, -11.7402, -11.5664], 'params': {'learning_rate': 0.11316543903463985, 'min_child_weight': 36, 'max_depth': 8, 'subsample': 1.0, 'colsample_bytree': 0.8, 'reg_lambda': 0.00012803623919483984, 'reg_alpha': 0.4356474749729745}}
[32m[I 2021-01-07 21:19:34,593][0m Trial 39 finished with value: -19.1283 and parameters: {'learning_rate': 0.11316543903463985, 'min_child_weight': 36, 'max_depth': 8, 'subsample': 1.0, 'colsample_bytree': 0.8, 'reg_lambda': 0.00012803623919483984, 'reg_alpha': 0.4356474749729745}. Best is trial 32 with value: -18.5682.[0m

335.53 sec -- {'mean_score': -19.93, 'valid_scores': [-31.1844, -26.5809, -18.9596, -15.2891, -13.3419, -14.2244], 'train_scores': [-11.7442, -12.0018, -12.4544, -12.6941, -12.6798, -12.4112], 'params': {'learning_rate': 0.01596713909469737, 'min_child_weight': 40, 'max_depth': 14, 'subsample': 0.5, 'colsample_bytree': 0.9000000000000001, 'reg_lambda': 0.022331440030529375, 'reg_alpha': 0.01858946025227965}}
[32m[I 2021-01-07 21:25:10,235][0m Trial 40 finished with value: -19.93 and parameters: {'learning_rate': 0.01596713909469737, 'min_child_weight': 40, 'max_depth': 14, 'subsample': 0.5, 'colsample_bytree': 0.9000000000000001, 'reg_lambda': 0.022331440030529375, 'reg_alpha': 0.01858946025227965}. Best is trial 32 with value: -18.5682.[0m

105.36 sec -- {'mean_score': -18.4642, 'valid_scores': [-28.2153, -23.8166, -17.8267, -14.8996, -12.614, -13.4131], 'train_scores': [-10.6689, -10.9387, -11.3998, -11.6872, -11.6718, -11.4342], 'params': {'learning_rate': 0.054958361524658966, 'min_child_weight': 50, 'max_depth': 11, 'subsample': 0.5, 'colsample_bytree': 0.9000000000000001, 'reg_lambda': 0.005156108150147343, 'reg_alpha': 0.04327233819010436}}
[32m[I 2021-01-07 21:26:55,677][0m Trial 41 finished with value: -18.4642 and parameters: {'learning_rate': 0.054958361524658966, 'min_child_weight': 50, 'max_depth': 11, 'subsample': 0.5, 'colsample_bytree': 0.9000000000000001, 'reg_lambda': 0.005156108150147343, 'reg_alpha': 0.04327233819010436}. Best is trial 41 with value: -18.4642.[0m

45.06 sec -- {'mean_score': -19.1725, 'valid_scores': [-28.9764, -24.1524, -19.3524, -15.6824, -13.3533, -13.5179], 'train_scores': [-12.0631, -12.3239, -13.057, -13.3495, -13.356, -13.1029], 'params': {'learning_rate': 0.05966732742692177, 'min_child_weight': 42, 'max_depth': 7, 'subsample': 0.6, 'colsample_bytree': 1.0, 'reg_lambda': 0.0018652346753665822, 'reg_alpha': 0.0037362503871748768}}
[32m[I 2021-01-07 21:27:40,837][0m Trial 42 finished with value: -19.1725 and parameters: {'learning_rate': 0.05966732742692177, 'min_child_weight': 42, 'max_depth': 7, 'subsample': 0.6, 'colsample_bytree': 1.0, 'reg_lambda': 0.0018652346753665822, 'reg_alpha': 0.0037362503871748768}. Best is trial 41 with value: -18.4642.[0m

336.18 sec -- {'mean_score': -22.6258, 'valid_scores': [-35.8502, -30.5421, -21.2194, -16.781, -15.1182, -16.2439], 'train_scores': [-14.3695, -14.787, -15.5095, -15.7411, -15.61, -15.2858], 'params': {'learning_rate': 0.011251941740955833, 'min_child_weight': 44, 'max_depth': 15, 'subsample': 0.5, 'colsample_bytree': 1.0, 'reg_lambda': 0.000162506106640392, 'reg_alpha': 0.04331904740276672}}
[32m[I 2021-01-07 21:33:17,101][0m Trial 43 finished with value: -22.6258 and parameters: {'learning_rate': 0.011251941740955833, 'min_child_weight': 44, 'max_depth': 15, 'subsample': 0.5, 'colsample_bytree': 1.0, 'reg_lambda': 0.000162506106640392, 'reg_alpha': 0.04331904740276672}. Best is trial 41 with value: -18.4642.[0m

62.04 sec -- {'mean_score': -18.6893, 'valid_scores': [-28.0827, -24.0857, -18.1823, -15.1823, -13.0443, -13.5586], 'train_scores': [-11.2511, -11.5799, -12.1975, -12.5136, -12.5311, -12.2153], 'params': {'learning_rate': 0.0544331380894257, 'min_child_weight': 48, 'max_depth': 9, 'subsample': 0.5, 'colsample_bytree': 1.0, 'reg_lambda': 0.003911880181158747, 'reg_alpha': 0.0936125107970398}}
[32m[I 2021-01-07 21:34:19,229][0m Trial 44 finished with value: -18.6893 and parameters: {'learning_rate': 0.0544331380894257, 'min_child_weight': 48, 'max_depth': 9, 'subsample': 0.5, 'colsample_bytree': 1.0, 'reg_lambda': 0.003911880181158747, 'reg_alpha': 0.0936125107970398}. Best is trial 41 with value: -18.4642.[0m

150.72 sec -- {'mean_score': -18.9093, 'valid_scores': [-28.5016, -24.5371, -18.4568, -15.062, -13.6769, -13.2216], 'train_scores': [-9.1086, -9.2096, -9.649, -9.9572, -10.0081, -9.7683], 'params': {'learning_rate': 0.07888597038247261, 'min_child_weight': 50, 'max_depth': 15, 'subsample': 0.8, 'colsample_bytree': 0.8, 'reg_lambda': 0.011886164809157437, 'reg_alpha': 0.1596644896642776}}
[32m[I 2021-01-07 21:36:50,026][0m Trial 45 finished with value: -18.9093 and parameters: {'learning_rate': 0.07888597038247261, 'min_child_weight': 50, 'max_depth': 15, 'subsample': 0.8, 'colsample_bytree': 0.8, 'reg_lambda': 0.011886164809157437, 'reg_alpha': 0.1596644896642776}. Best is trial 41 with value: -18.4642.[0m

106.67 sec -- {'mean_score': -18.7246, 'valid_scores': [-28.419, -23.826, -18.565, -15.1574, -13.2941, -13.0861], 'train_scores': [-9.7321, -9.9152, -10.3176, -10.6298, -10.6606, -10.4505], 'params': {'learning_rate': 0.08258221595801252, 'min_child_weight': 40, 'max_depth': 13, 'subsample': 0.5, 'colsample_bytree': 0.8, 'reg_lambda': 0.6120447726603738, 'reg_alpha': 0.022636028589101985}}
[32m[I 2021-01-07 21:38:36,778][0m Trial 46 finished with value: -18.7246 and parameters: {'learning_rate': 0.08258221595801252, 'min_child_weight': 40, 'max_depth': 13, 'subsample': 0.5, 'colsample_bytree': 0.8, 'reg_lambda': 0.6120447726603738, 'reg_alpha': 0.022636028589101985}. Best is trial 41 with value: -18.4642.[0m

289.29 sec -- {'mean_score': -21.6509, 'valid_scores': [-34.075, -29.2226, -20.6188, -16.1677, -14.4378, -15.3833], 'train_scores': [-13.3439, -13.629, -14.4311, -14.6986, -14.6584, -14.3272], 'params': {'learning_rate': 0.012311551887577436, 'min_child_weight': 40, 'max_depth': 14, 'subsample': 0.7, 'colsample_bytree': 0.6000000000000001, 'reg_lambda': 0.6744429894578511, 'reg_alpha': 0.0016923816257441557}}
[32m[I 2021-01-07 21:43:26,212][0m Trial 47 finished with value: -21.6509 and parameters: {'learning_rate': 0.012311551887577436, 'min_child_weight': 40, 'max_depth': 14, 'subsample': 0.7, 'colsample_bytree': 0.6000000000000001, 'reg_lambda': 0.6744429894578511, 'reg_alpha': 0.0016923816257441557}. Best is trial 41 with value: -18.4642.[0m

141.06 sec -- {'mean_score': -20.5389, 'valid_scores': [-28.9482, -25.3949, -20.2884, -16.8033, -15.9821, -15.8167], 'train_scores': [-8.1259, -8.4316, -8.8153, -9.0883, -9.2529, -8.9959], 'params': {'learning_rate': 0.18481979220894718, 'min_child_weight': 30, 'max_depth': 13, 'subsample': 0.9, 'colsample_bytree': 0.8, 'reg_lambda': 0.00139392343248666, 'reg_alpha': 0.0019345309853777857}}
[32m[I 2021-01-07 21:45:47,352][0m Trial 48 finished with value: -20.5389 and parameters: {'learning_rate': 0.18481979220894718, 'min_child_weight': 30, 'max_depth': 13, 'subsample': 0.9, 'colsample_bytree': 0.8, 'reg_lambda': 0.00139392343248666, 'reg_alpha': 0.0019345309853777857}. Best is trial 41 with value: -18.4642.[0m

176.46 sec -- {'mean_score': -19.5793, 'valid_scores': [-29.525, -25.658, -18.9454, -15.5356, -13.736, -14.0758], 'train_scores': [-7.8444, -8.2058, -8.4403, -8.8691, -8.8728, -8.7888], 'params': {'learning_rate': 0.19639268046586655, 'min_child_weight': 14, 'max_depth': 14, 'subsample': 0.5, 'colsample_bytree': 1.0, 'reg_lambda': 0.004040459619928394, 'reg_alpha': 0.4703971285719164}}
