[32m[I 2021-01-07 21:48:43,944][0m Trial 49 finished with value: -19.5793 and parameters: {'learning_rate': 0.19639268046586655, 'min_child_weight': 14, 'max_depth': 14, 'subsample': 0.5, 'colsample_bytree': 1.0, 'reg_lambda': 0.004040459619928394, 'reg_alpha': 0.4703971285719164}. Best is trial 41 with value: -18.4642.[0m

[
    {
        "score": -18.4642,
        "params": {
            "learning_rate": 0.054958361524658966,
            "min_child_weight": 50,
            "max_depth": 11,
            "subsample": 0.5,
            "colsample_bytree": 0.9000000000000001,
            "reg_lambda": 0.005156108150147343,
            "reg_alpha": 0.04327233819010436
        }
    },
    {
        "score": -18.5682,
        "params": {
            "learning_rate": 0.0439795698836128,
            "min_child_weight": 48,
            "max_depth": 13,
            "subsample": 0.5,
            "colsample_bytree": 0.9000000000000001,
            "reg_lambda": 0.002764729701299519,
            "reg_alpha": 0.060867227291076145
        }
    },
    {
        "score": -18.6216,
        "params": {
            "learning_rate": 0.03005984656160092,
            "min_child_weight": 50,
            "max_depth": 15,
            "subsample": 0.7,
            "colsample_bytree": 0.8,
            "reg_lambda": 0.03181341085652108,
            "reg_alpha": 0.027676873037972304
        }
    },
    {
        "score": -18.6355,
        "params": {
            "learning_rate": 0.05461979424826003,
            "min_child_weight": 46,
            "max_depth": 13,
            "subsample": 0.5,
            "colsample_bytree": 0.6000000000000001,
            "reg_lambda": 0.21293078841744525,
            "reg_alpha": 0.1707870877950937
        }
    },
    {
        "score": -18.6449,
        "params": {
            "learning_rate": 0.0528749386907741,
            "min_child_weight": 50,
            "max_depth": 10,
            "subsample": 0.5,
            "colsample_bytree": 0.9000000000000001,
            "reg_lambda": 0.010989945147458591,
            "reg_alpha": 0.012622728898341982
        }
    },
    {
        "score": -18.6825,
        "params": {
            "learning_rate": 0.06621439285721084,
            "min_child_weight": 48,
            "max_depth": 11,
            "subsample": 0.5,
            "colsample_bytree": 0.9000000000000001,
            "reg_lambda": 0.006444629545713195,
            "reg_alpha": 0.02134883875431033
        }
    },
    {
        "score": -18.6893,
        "params": {
            "learning_rate": 0.0544331380894257,
            "min_child_weight": 48,
            "max_depth": 9,
            "subsample": 0.5,
            "colsample_bytree": 1.0,
            "reg_lambda": 0.003911880181158747,
            "reg_alpha": 0.0936125107970398
        }
    },
    {
        "score": -18.7246,
        "params": {
            "learning_rate": 0.08258221595801252,
            "min_child_weight": 40,
            "max_depth": 13,
            "subsample": 0.5,
            "colsample_bytree": 0.8,
            "reg_lambda": 0.6120447726603738,
            "reg_alpha": 0.022636028589101985
        }
    },
    {
        "score": -18.7323,
        "params": {
            "learning_rate": 0.07369008750767564,
            "min_child_weight": 40,
            "max_depth": 14,
            "subsample": 0.5,
            "colsample_bytree": 0.7,
            "reg_lambda": 0.037479420811891845,
            "reg_alpha": 0.7048344706783869
        }
    },
    {
        "score": -18.7936,
        "params": {
            "learning_rate": 0.07491522305446321,
            "min_child_weight": 42,
            "max_depth": 15,
            "subsample": 0.5,
            "colsample_bytree": 0.7,
            "reg_lambda": 0.037949411152147845,
            "reg_alpha": 0.3796004142262379
        }
    },
    {
        "score": -18.8082,
        "params": {
            "learning_rate": 0.0401241087940635,
            "min_child_weight": 50,
            "max_depth": 15,
            "subsample": 0.9,
            "colsample_bytree": 0.5,
            "reg_lambda": 0.30123290353468685,
            "reg_alpha": 0.8500716835570539
        }
    },
    {
        "score": -18.8126,
        "params": {
            "learning_rate": 0.02738029002226782,
            "min_child_weight": 50,
            "max_depth": 12,
            "subsample": 0.7,
            "colsample_bytree": 0.8,
            "reg_lambda": 0.02166790858468943,
            "reg_alpha": 0.021251738675576008
        }
    },
    {
        "score": -18.815,
        "params": {
            "learning_rate": 0.08166095857781804,
            "min_child_weight": 48,
            "max_depth": 8,
            "subsample": 0.5,
            "colsample_bytree": 0.7,
            "reg_lambda": 0.0007678722363545384,
            "reg_alpha": 0.019155524215388187
        }
    },
    {
        "score": -18.8292,
        "params": {
            "learning_rate": 0.03337777257738609,
            "min_child_weight": 50,
            "max_depth": 15,
            "subsample": 0.8,
            "colsample_bytree": 0.6000000000000001,
            "reg_lambda": 0.010480274037858246,
            "reg_alpha": 0.021362892189762117
        }
    },
    {
        "score": -18.8613,
        "params": {
            "learning_rate": 0.049232393052295625,
            "min_child_weight": 36,
            "max_depth": 15,
            "subsample": 0.7,
            "colsample_bytree": 1.0,
            "reg_lambda": 0.006834417582936561,
            "reg_alpha": 0.015784719656325025
        }
    },
    {
        "score": -18.8741,
        "params": {
            "learning_rate": 0.0854877824613057,
            "min_child_weight": 48,
            "max_depth": 15,
            "subsample": 0.6,
            "colsample_bytree": 0.9000000000000001,
            "reg_lambda": 0.0012232730662545901,
            "reg_alpha": 0.01998788307317416
        }
    },
    {
        "score": -18.9093,
        "params": {
            "learning_rate": 0.07888597038247261,
            "min_child_weight": 50,
            "max_depth": 15,
            "subsample": 0.8,
            "colsample_bytree": 0.8,
            "reg_lambda": 0.011886164809157437,
            "reg_alpha": 0.1596644896642776
        }
    },
    {
        "score": -18.9205,
        "params": {
            "learning_rate": 0.06930862316510095,
            "min_child_weight": 36,
            "max_depth": 11,
            "subsample": 0.5,
            "colsample_bytree": 0.5,
            "reg_lambda": 0.6811094695860908,
            "reg_alpha": 0.58763858023417
        }
    },
    {
        "score": -18.9385,
        "params": {
            "learning_rate": 0.05644086248030453,
            "min_child_weight": 40,
            "max_depth": 14,
            "subsample": 0.9,
            "colsample_bytree": 0.5,
            "reg_lambda": 0.12983205406736173,
            "reg_alpha": 0.6284695113453541
        }
    },
    {
        "score": -18.9399,
        "params": {
            "learning_rate": 0.10985682535967033,
            "min_child_weight": 42,
            "max_depth": 7,
            "subsample": 0.5,
            "colsample_bytree": 1.0,
            "reg_lambda": 0.07492032833287665,
            "reg_alpha": 0.0031734765112613225
        }
    },
    {
        "score": -18.9993,
        "params": {
            "learning_rate": 0.07785443941563926,
            "min_child_weight": 48,
            "max_depth": 15,
            "subsample": 0.6,
            "colsample_bytree": 0.8,
            "reg_lambda": 0.07849363733940355,
            "reg_alpha": 0.0025969952423588343
        }
    },
    {
        "score": -19.0205,
        "params": {
            "learning_rate": 0.0606903287042798,
            "min_child_weight": 50,
            "max_depth": 7,
            "subsample": 0.7,
            "colsample_bytree": 0.8,
            "reg_lambda": 0.1963408759050451,
            "reg_alpha": 0.07402262372298513
        }
    },
    {
        "score": -19.0262,
        "params": {
            "learning_rate": 0.06653157524344973,
            "min_child_weight": 34,
            "max_depth": 11,
            "subsample": 0.7,
            "colsample_bytree": 0.9000000000000001,
            "reg_lambda": 0.0083158891098993,
            "reg_alpha": 0.0037251107093914
        }
    },
    {
        "score": -19.0361,
        "params": {
            "learning_rate": 0.1180024502850432,
            "min_child_weight": 10,
            "max_depth": 5,
            "subsample": 0.8,
            "colsample_bytree": 0.7,
            "reg_lambda": 0.02935864364395359,
            "reg_alpha": 0.5956516018710561
        }
    },
    {
        "score": -19.0895,
        "params": {
            "learning_rate": 0.05702811069443794,
            "min_child_weight": 26,
            "max_depth": 12,
            "subsample": 0.9,
            "colsample_bytree": 0.6000000000000001,
            "reg_lambda": 0.15607768960973037,
            "reg_alpha": 0.752674312235434
        }
    },
    {
        "score": -19.1185,
        "params": {
            "learning_rate": 0.09863254170806338,
            "min_child_weight": 44,
            "max_depth": 12,
            "subsample": 0.7,
            "colsample_bytree": 0.6000000000000001,
            "reg_lambda": 0.0007335906173292355,
            "reg_alpha": 0.6276781560666398
        }
    },
    {
        "score": -19.1283,
        "params": {
            "learning_rate": 0.11316543903463985,
            "min_child_weight": 36,
            "max_depth": 8,
            "subsample": 1.0,
            "colsample_bytree": 0.8,
            "reg_lambda": 0.00012803623919483984,
            "reg_alpha": 0.4356474749729745
        }
    },
    {
        "score": -19.1321,
        "params": {
            "learning_rate": 0.02208525030117078,
            "min_child_weight": 50,
            "max_depth": 12,
            "subsample": 0.5,
            "colsample_bytree": 0.8,
            "reg_lambda": 0.0011331090704678414,
            "reg_alpha": 0.48621011924111374
        }
    },
    {
        "score": -19.1528,
        "params": {
            "learning_rate": 0.027382080574553512,
            "min_child_weight": 50,
            "max_depth": 9,
            "subsample": 0.5,
            "colsample_bytree": 0.6000000000000001,
            "reg_lambda": 0.8123996936459649,
            "reg_alpha": 0.028294704264959624
        }
    },
    {
        "score": -19.1541,
        "params": {
            "learning_rate": 0.1142745657461917,
            "min_child_weight": 10,
            "max_depth": 4,
            "subsample": 1.0,
            "colsample_bytree": 0.9000000000000001,
            "reg_lambda": 0.031207198770106425,
            "reg_alpha": 0.0034476790445206584
        }
    },
    {
        "score": -19.1725,
        "params": {
            "learning_rate": 0.05966732742692177,
            "min_child_weight": 42,
            "max_depth": 7,
            "subsample": 0.6,
            "colsample_bytree": 1.0,
            "reg_lambda": 0.0018652346753665822,
            "reg_alpha": 0.0037362503871748768
        }
    },
    {
        "score": -19.1877,
        "params": {
            "learning_rate": 0.0967653251235842,
            "min_child_weight": 48,
            "max_depth": 13,
            "subsample": 0.7,
            "colsample_bytree": 0.5,
            "reg_lambda": 0.40359932901368173,
            "reg_alpha": 0.06780561111964008
        }
    },
    {
        "score": -19.327,
        "params": {
            "learning_rate": 0.044928406676522786,
            "min_child_weight": 20,
            "max_depth": 5,
            "subsample": 0.8,
            "colsample_bytree": 0.5,
            "reg_lambda": 0.0002469644385704114,
            "reg_alpha": 0.0004030076342167848
        }
    },
    {
        "score": -19.5793,
        "params": {
            "learning_rate": 0.19639268046586655,
            "min_child_weight": 14,
            "max_depth": 14,
            "subsample": 0.5,
            "colsample_bytree": 1.0,
            "reg_lambda": 0.004040459619928394,
            "reg_alpha": 0.4703971285719164
        }
    },
    {
        "score": -19.6562,
        "params": {
            "learning_rate": 0.17531657908810291,
            "min_child_weight": 16,
            "max_depth": 9,
            "subsample": 0.9,
            "colsample_bytree": 0.7,
            "reg_lambda": 0.05194193452752135,
            "reg_alpha": 0.07630106835260413
        }
    },
    {
        "score": -19.6768,
        "params": {
            "learning_rate": 0.020986497575851942,
            "min_child_weight": 48,
            "max_depth": 9,
            "subsample": 0.5,
            "colsample_bytree": 0.8,
            "reg_lambda": 0.00043126617484051,
            "reg_alpha": 0.00027247938689321327
        }
    },
    {
        "score": -19.7393,
        "params": {
            "learning_rate": 0.07804891172420975,
            "min_child_weight": 10,
            "max_depth": 15,
            "subsample": 0.8,
            "colsample_bytree": 0.5,
            "reg_lambda": 0.00014246287546874315,
            "reg_alpha": 0.03444262409555021
        }
    },
    {
        "score": -19.8827,
        "params": {
            "learning_rate": 0.19220036103865887,
            "min_child_weight": 40,
            "max_depth": 5,
            "subsample": 0.5,
            "colsample_bytree": 0.8,
            "reg_lambda": 0.0010307810128023646,
            "reg_alpha": 0.007332348382056162
        }
    },
    {
        "score": -19.928,
        "params": {
            "learning_rate": 0.02455703754898394,
            "min_child_weight": 50,
            "max_depth": 10,
            "subsample": 1.0,
            "colsample_bytree": 0.3,
            "reg_lambda": 0.9262684168088654,
            "reg_alpha": 0.09240275549667802
        }
    },
    {
        "score": -19.93,
        "params": {
            "learning_rate": 0.01596713909469737,
            "min_child_weight": 40,
            "max_depth": 14,
            "subsample": 0.5,
            "colsample_bytree": 0.9000000000000001,
            "reg_lambda": 0.022331440030529375,
            "reg_alpha": 0.01858946025227965
        }
    },
    {
        "score": -20.3416,
        "params": {
            "learning_rate": 0.12058376049427035,
            "min_child_weight": 10,
            "max_depth": 11,
            "subsample": 0.7,
            "colsample_bytree": 0.5,
            "reg_lambda": 0.12500712230836253,
            "reg_alpha": 0.006677306766018313
        }
    },
    {
        "score": -20.347,
        "params": {
            "learning_rate": 0.021712814342995063,
            "min_child_weight": 46,
            "max_depth": 7,
            "subsample": 0.5,
            "colsample_bytree": 1.0,
            "reg_lambda": 0.05217142575344185,
            "reg_alpha": 0.02557094840933609
        }
    },
    {
        "score": -20.5389,
        "params": {
            "learning_rate": 0.18481979220894718,
            "min_child_weight": 30,
            "max_depth": 13,
            "subsample": 0.9,
            "colsample_bytree": 0.8,
            "reg_lambda": 0.00139392343248666,
            "reg_alpha": 0.0019345309853777857
        }
    },
    {
        "score": -20.5426,
        "params": {
            "learning_rate": 0.16885496507210174,
            "min_child_weight": 26,
            "max_depth": 10,
            "subsample": 0.8,
            "colsample_bytree": 0.5,
            "reg_lambda": 0.673939072374977,
            "reg_alpha": 0.00036425298685704717
        }
    },
    {
        "score": -20.5461,
        "params": {
            "learning_rate": 0.13954585682966186,
            "min_child_weight": 12,
            "max_depth": 2,
            "subsample": 0.5,
            "colsample_bytree": 1.0,
            "reg_lambda": 0.04097888554188057,
            "reg_alpha": 0.00048265670146304085
        }
    },
    {
        "score": -21.6509,
        "params": {
            "learning_rate": 0.012311551887577436,
            "min_child_weight": 40,
            "max_depth": 14,
            "subsample": 0.7,
            "colsample_bytree": 0.6000000000000001,
            "reg_lambda": 0.6744429894578511,
            "reg_alpha": 0.0016923816257441557
        }
    },
    {
        "score": -21.8927,
        "params": {
            "learning_rate": 0.012284611010420235,
            "min_child_weight": 46,
            "max_depth": 10,
            "subsample": 0.6,
            "colsample_bytree": 0.7,
            "reg_lambda": 0.07388670720105099,
            "reg_alpha": 0.9213822101759545
        }
    },
    {
        "score": -22.5061,
        "params": {
            "learning_rate": 0.014001157339167764,
            "min_child_weight": 50,
            "max_depth": 9,
            "subsample": 0.7,
            "colsample_bytree": 0.3,
            "reg_lambda": 0.11678858027749901,
            "reg_alpha": 0.06097289554409108
        }
    },
    {
        "score": -22.6258,
        "params": {
            "learning_rate": 0.011251941740955833,
            "min_child_weight": 44,
            "max_depth": 15,
            "subsample": 0.5,
            "colsample_bytree": 1.0,
            "reg_lambda": 0.000162506106640392,
            "reg_alpha": 0.04331904740276672
        }
    },
    {
        "score": -22.7774,
        "params": {
            "learning_rate": 0.011071665834489403,
            "min_child_weight": 48,
            "max_depth": 15,
            "subsample": 0.7,
            "colsample_bytree": 0.9000000000000001,
            "reg_lambda": 0.525007042870874,
            "reg_alpha": 0.13243505333311875
        }
    }
]
