[32m[I 2021-01-06 15:58:21,758][0m Trial 49 finished with value: 0.82 and parameters: {'learning_rate': 0.15323115726780445, 'min_child_weight': 80, 'max_depth': 4, 'subsample': 1.0, 'colsample_bytree': 1.0, 'reg_lambda': 0.44708268865689715, 'reg_alpha': 0.00018085565505758177}. Best is trial 12 with value: 0.8224.[0m

[
    {
        "score": 0.8224,
        "params": {
            "learning_rate": 0.19554622621433693,
            "min_child_weight": 44,
            "max_depth": 4,
            "subsample": 0.9,
            "colsample_bytree": 0.8,
            "reg_lambda": 0.0555191642042583,
            "reg_alpha": 0.765061992178879
        }
    },
    {
        "score": 0.8224,
        "params": {
            "learning_rate": 0.18198888236411961,
            "min_child_weight": 42,
            "max_depth": 4,
            "subsample": 0.9,
            "colsample_bytree": 0.8,
            "reg_lambda": 0.7366643725863269,
            "reg_alpha": 0.8403860239366948
        }
    },
    {
        "score": 0.8219,
        "params": {
            "learning_rate": 0.1944453947403554,
            "min_child_weight": 44,
            "max_depth": 4,
            "subsample": 0.9,
            "colsample_bytree": 0.6,
            "reg_lambda": 0.4824310624626908,
            "reg_alpha": 0.0038248918124034557
        }
    },
    {
        "score": 0.8217,
        "params": {
            "learning_rate": 0.17280699444354441,
            "min_child_weight": 40,
            "max_depth": 4,
            "subsample": 1.0,
            "colsample_bytree": 1.0,
            "reg_lambda": 0.9998648256821342,
            "reg_alpha": 0.2502603659770521
        }
    },
    {
        "score": 0.8216,
        "params": {
            "learning_rate": 0.1554814729461263,
            "min_child_weight": 42,
            "max_depth": 4,
            "subsample": 1.0,
            "colsample_bytree": 0.6,
            "reg_lambda": 0.8520886676296127,
            "reg_alpha": 0.008000659805553659
        }
    },
    {
        "score": 0.8215,
        "params": {
            "learning_rate": 0.17684542096598643,
            "min_child_weight": 42,
            "max_depth": 4,
            "subsample": 1.0,
            "colsample_bytree": 0.6,
            "reg_lambda": 0.20560262519962955,
            "reg_alpha": 0.020287356364853463
        }
    },
    {
        "score": 0.8214,
        "params": {
            "learning_rate": 0.17282274141482018,
            "min_child_weight": 42,
            "max_depth": 4,
            "subsample": 0.9,
            "colsample_bytree": 0.6,
            "reg_lambda": 0.63479678941688,
            "reg_alpha": 0.0009653270724640176
        }
    },
    {
        "score": 0.8213,
        "params": {
            "learning_rate": 0.1965580489693961,
            "min_child_weight": 40,
            "max_depth": 4,
            "subsample": 1.0,
            "colsample_bytree": 0.9,
            "reg_lambda": 0.8969245646147108,
            "reg_alpha": 0.028889020914078408
        }
    },
    {
        "score": 0.8208,
        "params": {
            "learning_rate": 0.19655360402318617,
            "min_child_weight": 44,
            "max_depth": 5,
            "subsample": 0.9,
            "colsample_bytree": 1.0,
            "reg_lambda": 0.8709859440237567,
            "reg_alpha": 0.3637407552634857
        }
    },
    {
        "score": 0.8205,
        "params": {
            "learning_rate": 0.19057103136461576,
            "min_child_weight": 50,
            "max_depth": 4,
            "subsample": 0.8,
            "colsample_bytree": 0.8,
            "reg_lambda": 0.0231199006547034,
            "reg_alpha": 0.14223476264891896
        }
    },
    {
        "score": 0.8205,
        "params": {
            "learning_rate": 0.17697427494835924,
            "min_child_weight": 42,
            "max_depth": 3,
            "subsample": 1.0,
            "colsample_bytree": 0.6,
            "reg_lambda": 0.11793181360344399,
            "reg_alpha": 0.04587286465583823
        }
    },
    {
        "score": 0.8204,
        "params": {
            "learning_rate": 0.1439277778092509,
            "min_child_weight": 42,
            "max_depth": 5,
            "subsample": 1.0,
            "colsample_bytree": 0.6,
            "reg_lambda": 0.5209122212594943,
            "reg_alpha": 0.0014736219370669523
        }
    },
    {
        "score": 0.8203,
        "params": {
            "learning_rate": 0.1142745657461917,
            "min_child_weight": 40,
            "max_depth": 4,
            "subsample": 1.0,
            "colsample_bytree": 1.0,
            "reg_lambda": 0.031207198770106425,
            "reg_alpha": 0.0034476790445206584
        }
    },
    {
        "score": 0.8203,
        "params": {
            "learning_rate": 0.1771346981908623,
            "min_child_weight": 42,
            "max_depth": 4,
            "subsample": 0.8,
            "colsample_bytree": 0.8,
            "reg_lambda": 0.5748000723685825,
            "reg_alpha": 0.5669745869597612
        }
    },
    {
        "score": 0.82,
        "params": {
            "learning_rate": 0.15323115726780445,
            "min_child_weight": 80,
            "max_depth": 4,
            "subsample": 1.0,
            "colsample_bytree": 1.0,
            "reg_lambda": 0.44708268865689715,
            "reg_alpha": 0.00018085565505758177
        }
    },
    {
        "score": 0.8198,
        "params": {
            "learning_rate": 0.18601514303922714,
            "min_child_weight": 52,
            "max_depth": 4,
            "subsample": 1.0,
            "colsample_bytree": 0.6,
            "reg_lambda": 0.145711047841943,
            "reg_alpha": 0.0073456376270320985
        }
    },
    {
        "score": 0.8197,
        "params": {
            "learning_rate": 0.15984719588575924,
            "min_child_weight": 40,
            "max_depth": 4,
            "subsample": 0.8,
            "colsample_bytree": 0.8,
            "reg_lambda": 0.013141258031927306,
            "reg_alpha": 0.9776587577482646
        }
    },
    {
        "score": 0.8196,
        "params": {
            "learning_rate": 0.1180024502850432,
            "min_child_weight": 40,
            "max_depth": 5,
            "subsample": 0.9,
            "colsample_bytree": 0.9,
            "reg_lambda": 0.02935864364395359,
            "reg_alpha": 0.5956516018710561
        }
    },
    {
        "score": 0.8195,
        "params": {
            "learning_rate": 0.17661420768567127,
            "min_child_weight": 46,
            "max_depth": 4,
            "subsample": 0.9,
            "colsample_bytree": 0.8,
            "reg_lambda": 0.1412161598731248,
            "reg_alpha": 0.3219129277898476
        }
    },
    {
        "score": 0.8191,
        "params": {
            "learning_rate": 0.16736296649999305,
            "min_child_weight": 40,
            "max_depth": 4,
            "subsample": 0.9,
            "colsample_bytree": 0.9,
            "reg_lambda": 0.0007872586992057783,
            "reg_alpha": 0.05495286019546418
        }
    },
    {
        "score": 0.819,
        "params": {
            "learning_rate": 0.1937104396040429,
            "min_child_weight": 46,
            "max_depth": 5,
            "subsample": 1.0,
            "colsample_bytree": 0.7,
            "reg_lambda": 0.07020848532313936,
            "reg_alpha": 0.9173046630558681
        }
    },
    {
        "score": 0.819,
        "params": {
            "learning_rate": 0.19794550838777367,
            "min_child_weight": 44,
            "max_depth": 3,
            "subsample": 0.8,
            "colsample_bytree": 1.0,
            "reg_lambda": 0.11104569304488322,
            "reg_alpha": 0.06886439232782822
        }
    },
    {
        "score": 0.8188,
        "params": {
            "learning_rate": 0.18487131307982024,
            "min_child_weight": 54,
            "max_depth": 3,
            "subsample": 1.0,
            "colsample_bytree": 0.7,
            "reg_lambda": 0.0016028766650949434,
            "reg_alpha": 0.2728954176409885
        }
    },
    {
        "score": 0.8188,
        "params": {
            "learning_rate": 0.16501658352081805,
            "min_child_weight": 40,
            "max_depth": 4,
            "subsample": 0.9,
            "colsample_bytree": 0.6,
            "reg_lambda": 0.16219162901383624,
            "reg_alpha": 0.08734640905958033
        }
    },
    {
        "score": 0.8187,
        "params": {
            "learning_rate": 0.17748920388658668,
            "min_child_weight": 42,
            "max_depth": 4,
            "subsample": 1.0,
            "colsample_bytree": 0.7,
            "reg_lambda": 0.050036554238518785,
            "reg_alpha": 0.000211645075231605
        }
    },
    {
        "score": 0.8187,
        "params": {
            "learning_rate": 0.16641656056915813,
            "min_child_weight": 46,
            "max_depth": 3,
            "subsample": 0.8,
            "colsample_bytree": 0.7,
            "reg_lambda": 0.7383332718609129,
            "reg_alpha": 0.008659457215714402
        }
    },
    {
        "score": 0.8186,
        "params": {
            "learning_rate": 0.18450592593109083,
            "min_child_weight": 50,
            "max_depth": 3,
            "subsample": 1.0,
            "colsample_bytree": 0.8,
            "reg_lambda": 0.12334898048411165,
            "reg_alpha": 0.3639175402915079
        }
    },
    {
        "score": 0.8185,
        "params": {
            "learning_rate": 0.07804891172420975,
            "min_child_weight": 40,
            "max_depth": 4,
            "subsample": 0.7,
            "colsample_bytree": 0.8,
            "reg_lambda": 0.005680754927416799,
            "reg_alpha": 0.898452977392254
        }
    },
    {
        "score": 0.8182,
        "params": {
            "learning_rate": 0.1921101987588081,
            "min_child_weight": 42,
            "max_depth": 3,
            "subsample": 0.7,
            "colsample_bytree": 0.6,
            "reg_lambda": 0.015148187841716508,
            "reg_alpha": 0.5921872112637732
        }
    },
    {
        "score": 0.8182,
        "params": {
            "learning_rate": 0.11600048258589961,
            "min_child_weight": 50,
            "max_depth": 3,
            "subsample": 1.0,
            "colsample_bytree": 0.6,
            "reg_lambda": 0.2370991942570862,
            "reg_alpha": 0.0008697819295995278
        }
    },
    {
        "score": 0.818,
        "params": {
            "learning_rate": 0.14017802437641028,
            "min_child_weight": 46,
            "max_depth": 4,
            "subsample": 1.0,
            "colsample_bytree": 1.0,
            "reg_lambda": 0.9687474516201988,
            "reg_alpha": 0.2667315242176002
        }
    },
    {
        "score": 0.8178,
        "params": {
            "learning_rate": 0.12058376049427035,
            "min_child_weight": 40,
            "max_depth": 3,
            "subsample": 0.8,
            "colsample_bytree": 0.7,
            "reg_lambda": 0.12500712230836253,
            "reg_alpha": 0.006677306766018313
        }
    },
    {
        "score": 0.8178,
        "params": {
            "learning_rate": 0.0862959430333406,
            "min_child_weight": 40,
            "max_depth": 5,
            "subsample": 1.0,
            "colsample_bytree": 1.0,
            "reg_lambda": 0.014584782215127436,
            "reg_alpha": 0.14657839106487416
        }
    },
    {
        "score": 0.8177,
        "params": {
            "learning_rate": 0.17901089862472797,
            "min_child_weight": 62,
            "max_depth": 5,
            "subsample": 1.0,
            "colsample_bytree": 0.9,
            "reg_lambda": 0.2300341829374248,
            "reg_alpha": 0.3640685861948558
        }
    },
    {
        "score": 0.8171,
        "params": {
            "learning_rate": 0.13897525607309452,
            "min_child_weight": 46,
            "max_depth": 5,
            "subsample": 0.9,
            "colsample_bytree": 0.7,
            "reg_lambda": 0.42969665304400473,
            "reg_alpha": 0.002842425716414696
        }
    },
    {
        "score": 0.817,
        "params": {
            "learning_rate": 0.15377047378934094,
            "min_child_weight": 46,
            "max_depth": 4,
            "subsample": 0.9,
            "colsample_bytree": 1.0,
            "reg_lambda": 0.11343545493287086,
            "reg_alpha": 0.24210240687301077
        }
    },
    {
        "score": 0.8169,
        "params": {
            "learning_rate": 0.18783490737776104,
            "min_child_weight": 44,
            "max_depth": 3,
            "subsample": 0.9,
            "colsample_bytree": 0.9,
            "reg_lambda": 0.7546570588430879,
            "reg_alpha": 0.8387578039086456
        }
    },
    {
        "score": 0.8168,
        "params": {
            "learning_rate": 0.11252391193526763,
            "min_child_weight": 80,
            "max_depth": 3,
            "subsample": 0.6,
            "colsample_bytree": 0.6,
            "reg_lambda": 0.7018704074079894,
            "reg_alpha": 0.00010417477201846489
        }
    },
    {
        "score": 0.8167,
        "params": {
            "learning_rate": 0.17315614486827863,
            "min_child_weight": 52,
            "max_depth": 4,
            "subsample": 0.9,
            "colsample_bytree": 0.7,
            "reg_lambda": 0.7891304577195016,
            "reg_alpha": 0.639442330455468
        }
    },
    {
        "score": 0.8159,
        "params": {
            "learning_rate": 0.16885496507210174,
            "min_child_weight": 56,
            "max_depth": 2,
            "subsample": 0.9,
            "colsample_bytree": 0.7,
            "reg_lambda": 0.673939072374977,
            "reg_alpha": 0.00036425298685704717
        }
    },
    {
        "score": 0.8156,
        "params": {
            "learning_rate": 0.16143692102923718,
            "min_child_weight": 46,
            "max_depth": 2,
            "subsample": 1.0,
            "colsample_bytree": 1.0,
            "reg_lambda": 0.5408315586803133,
            "reg_alpha": 0.1272324366870248
        }
    },
    {
        "score": 0.8155,
        "params": {
            "learning_rate": 0.07551496347593004,
            "min_child_weight": 60,
            "max_depth": 4,
            "subsample": 0.7,
            "colsample_bytree": 0.6,
            "reg_lambda": 0.039811377432167123,
            "reg_alpha": 0.04049030254717888
        }
    },
    {
        "score": 0.8154,
        "params": {
            "learning_rate": 0.06653157524344973,
            "min_child_weight": 64,
            "max_depth": 3,
            "subsample": 0.8,
            "colsample_bytree": 1.0,
            "reg_lambda": 0.0083158891098993,
            "reg_alpha": 0.0037251107093914
        }
    },
    {
        "score": 0.8151,
        "params": {
            "learning_rate": 0.13954585682966186,
            "min_child_weight": 42,
            "max_depth": 2,
            "subsample": 0.6,
            "colsample_bytree": 1.0,
            "reg_lambda": 0.04097888554188057,
            "reg_alpha": 0.00048265670146304085
        }
    },
    {
        "score": 0.8136,
        "params": {
            "learning_rate": 0.029388514042125335,
            "min_child_weight": 80,
            "max_depth": 4,
            "subsample": 1.0,
            "colsample_bytree": 0.8,
            "reg_lambda": 0.004544376997725275,
            "reg_alpha": 0.007921182314424565
        }
    },
    {
        "score": 0.8131,
        "params": {
            "learning_rate": 0.13659123710106869,
            "min_child_weight": 42,
            "max_depth": 2,
            "subsample": 1.0,
            "colsample_bytree": 0.9,
            "reg_lambda": 0.0004972639443473726,
            "reg_alpha": 0.0008561775644728102
        }
    },
    {
        "score": 0.8112,
        "params": {
            "learning_rate": 0.08664688355539915,
            "min_child_weight": 42,
            "max_depth": 2,
            "subsample": 1.0,
            "colsample_bytree": 0.9,
            "reg_lambda": 0.10463497633752018,
            "reg_alpha": 0.7240792212170919
        }
    },
    {
        "score": 0.7962,
        "params": {
            "learning_rate": 0.022815937993491964,
            "min_child_weight": 60,
            "max_depth": 3,
            "subsample": 0.8,
            "colsample_bytree": 0.7,
            "reg_lambda": 0.02726307614075782,
            "reg_alpha": 0.0003396672106409748
        }
    },
    {
        "score": 0.7908,
        "params": {
            "learning_rate": 0.17531657908810291,
            "min_child_weight": 46,
            "max_depth": 1,
            "subsample": 1.0,
            "colsample_bytree": 0.8,
            "reg_lambda": 0.05194193452752135,
            "reg_alpha": 0.07630106835260413
        }
    },
    {
        "score": 0.7833,
        "params": {
            "learning_rate": 0.12846691921505496,
            "min_child_weight": 70,
            "max_depth": 1,
            "subsample": 0.6,
            "colsample_bytree": 0.6,
            "reg_lambda": 0.0029846999797850868,
            "reg_alpha": 0.19229718174853677
        }
    }
]
