nohup: å¿½ç•¥è¼¸å…¥
/home/student/06/b06902125/.local/lib/python3.9/site-packages/optuna/samplers/_tpe/sampler.py:188: ExperimentalWarning: ``multivariate`` option is an experimental feature. The interface can change in the future.
  warnings.warn(
[32m[I 2021-01-06 15:46:00,212][0m A new study created in memory with name: no-name-fb7409e8-6a12-46a1-8b50-2095539fee29[0m
(91531, 532)

16.57 sec -- {'mean_score': 0.8203, 'valid_scores': [0.8122, 0.7822, 0.8266, 0.8296, 0.8293, 0.8419], 'train_scores': [0.9172, 0.9127, 0.9029, 0.8959, 0.8915, 0.8871], 'params': {'learning_rate': 0.1142745657461917, 'min_child_weight': 40, 'max_depth': 4, 'subsample': 1.0, 'colsample_bytree': 1.0, 'reg_lambda': 0.031207198770106425, 'reg_alpha': 0.0034476790445206584}}
[32m[I 2021-01-06 15:46:16,844][0m Trial 0 finished with value: 0.8203 and parameters: {'learning_rate': 0.1142745657461917, 'min_child_weight': 40, 'max_depth': 4, 'subsample': 1.0, 'colsample_bytree': 1.0, 'reg_lambda': 0.031207198770106425, 'reg_alpha': 0.0034476790445206584}. Best is trial 0 with value: 0.8203.[0m

14.24 sec -- {'mean_score': 0.8154, 'valid_scores': [0.8151, 0.7849, 0.799, 0.8249, 0.8257, 0.8425], 'train_scores': [0.8994, 0.8939, 0.8848, 0.8846, 0.8778, 0.8741], 'params': {'learning_rate': 0.06653157524344973, 'min_child_weight': 64, 'max_depth': 3, 'subsample': 0.8, 'colsample_bytree': 1.0, 'reg_lambda': 0.0083158891098993, 'reg_alpha': 0.0037251107093914}}
[32m[I 2021-01-06 15:46:31,142][0m Trial 1 finished with value: 0.8154 and parameters: {'learning_rate': 0.06653157524344973, 'min_child_weight': 64, 'max_depth': 3, 'subsample': 0.8, 'colsample_bytree': 1.0, 'reg_lambda': 0.0083158891098993, 'reg_alpha': 0.0037251107093914}. Best is trial 0 with value: 0.8203.[0m

12.86 sec -- {'mean_score': 0.8159, 'valid_scores': [0.8131, 0.7803, 0.8107, 0.822, 0.8262, 0.8429], 'train_scores': [0.8995, 0.8956, 0.8867, 0.8848, 0.879, 0.8748], 'params': {'learning_rate': 0.16885496507210174, 'min_child_weight': 56, 'max_depth': 2, 'subsample': 0.9, 'colsample_bytree': 0.7, 'reg_lambda': 0.673939072374977, 'reg_alpha': 0.00036425298685704717}}
[32m[I 2021-01-06 15:46:44,075][0m Trial 2 finished with value: 0.8159 and parameters: {'learning_rate': 0.16885496507210174, 'min_child_weight': 56, 'max_depth': 2, 'subsample': 0.9, 'colsample_bytree': 0.7, 'reg_lambda': 0.673939072374977, 'reg_alpha': 0.00036425298685704717}. Best is trial 0 with value: 0.8203.[0m

11.89 sec -- {'mean_score': 0.7908, 'valid_scores': [0.7761, 0.7667, 0.7687, 0.808, 0.8053, 0.8199], 'train_scores': [0.8642, 0.8606, 0.8553, 0.8557, 0.8522, 0.8488], 'params': {'learning_rate': 0.17531657908810291, 'min_child_weight': 46, 'max_depth': 1, 'subsample': 1.0, 'colsample_bytree': 0.8, 'reg_lambda': 0.05194193452752135, 'reg_alpha': 0.07630106835260413}}
[32m[I 2021-01-06 15:46:56,040][0m Trial 3 finished with value: 0.7908 and parameters: {'learning_rate': 0.17531657908810291, 'min_child_weight': 46, 'max_depth': 1, 'subsample': 1.0, 'colsample_bytree': 0.8, 'reg_lambda': 0.05194193452752135, 'reg_alpha': 0.07630106835260413}. Best is trial 0 with value: 0.8203.[0m

14.17 sec -- {'mean_score': 0.8178, 'valid_scores': [0.8072, 0.7866, 0.8153, 0.8268, 0.8297, 0.8414], 'train_scores': [0.9093, 0.9049, 0.8924, 0.8912, 0.885, 0.882], 'params': {'learning_rate': 0.12058376049427035, 'min_child_weight': 40, 'max_depth': 3, 'subsample': 0.8, 'colsample_bytree': 0.7, 'reg_lambda': 0.12500712230836253, 'reg_alpha': 0.006677306766018313}}
[32m[I 2021-01-06 15:47:10,292][0m Trial 4 finished with value: 0.8178 and parameters: {'learning_rate': 0.12058376049427035, 'min_child_weight': 40, 'max_depth': 3, 'subsample': 0.8, 'colsample_bytree': 0.7, 'reg_lambda': 0.12500712230836253, 'reg_alpha': 0.006677306766018313}. Best is trial 0 with value: 0.8203.[0m

16.93 sec -- {'mean_score': 0.8196, 'valid_scores': [0.8079, 0.7793, 0.8268, 0.83, 0.8273, 0.8461], 'train_scores': [0.9219, 0.9198, 0.9087, 0.9054, 0.8992, 0.895], 'params': {'learning_rate': 0.1180024502850432, 'min_child_weight': 40, 'max_depth': 5, 'subsample': 0.9, 'colsample_bytree': 0.9, 'reg_lambda': 0.02935864364395359, 'reg_alpha': 0.5956516018710561}}
[32m[I 2021-01-06 15:47:27,298][0m Trial 5 finished with value: 0.8196 and parameters: {'learning_rate': 0.1180024502850432, 'min_child_weight': 40, 'max_depth': 5, 'subsample': 0.9, 'colsample_bytree': 0.9, 'reg_lambda': 0.02935864364395359, 'reg_alpha': 0.5956516018710561}. Best is trial 0 with value: 0.8203.[0m

13.24 sec -- {'mean_score': 0.8151, 'valid_scores': [0.8104, 0.7866, 0.8049, 0.8231, 0.8243, 0.8414], 'train_scores': [0.8973, 0.894, 0.8844, 0.8822, 0.8786, 0.8749], 'params': {'learning_rate': 0.13954585682966186, 'min_child_weight': 42, 'max_depth': 2, 'subsample': 0.6, 'colsample_bytree': 1.0, 'reg_lambda': 0.04097888554188057, 'reg_alpha': 0.00048265670146304085}}
[32m[I 2021-01-06 15:47:40,602][0m Trial 6 finished with value: 0.8151 and parameters: {'learning_rate': 0.13954585682966186, 'min_child_weight': 42, 'max_depth': 2, 'subsample': 0.6, 'colsample_bytree': 1.0, 'reg_lambda': 0.04097888554188057, 'reg_alpha': 0.00048265670146304085}. Best is trial 0 with value: 0.8203.[0m

15.29 sec -- {'mean_score': 0.8185, 'valid_scores': [0.821, 0.7795, 0.812, 0.8266, 0.8284, 0.8437], 'train_scores': [0.9122, 0.9064, 0.8976, 0.8923, 0.8865, 0.8827], 'params': {'learning_rate': 0.07804891172420975, 'min_child_weight': 40, 'max_depth': 4, 'subsample': 0.7, 'colsample_bytree': 0.8, 'reg_lambda': 0.005680754927416799, 'reg_alpha': 0.898452977392254}}
[32m[I 2021-01-06 15:47:55,997][0m Trial 7 finished with value: 0.8185 and parameters: {'learning_rate': 0.07804891172420975, 'min_child_weight': 40, 'max_depth': 4, 'subsample': 0.7, 'colsample_bytree': 0.8, 'reg_lambda': 0.005680754927416799, 'reg_alpha': 0.898452977392254}. Best is trial 0 with value: 0.8203.[0m

16.14 sec -- {'mean_score': 0.8136, 'valid_scores': [0.8096, 0.7817, 0.7994, 0.8252, 0.8266, 0.839], 'train_scores': [0.8938, 0.8906, 0.8816, 0.8804, 0.8745, 0.8709], 'params': {'learning_rate': 0.029388514042125335, 'min_child_weight': 80, 'max_depth': 4, 'subsample': 1.0, 'colsample_bytree': 0.8, 'reg_lambda': 0.004544376997725275, 'reg_alpha': 0.007921182314424565}}
[32m[I 2021-01-06 15:48:12,199][0m Trial 8 finished with value: 0.8136 and parameters: {'learning_rate': 0.029388514042125335, 'min_child_weight': 80, 'max_depth': 4, 'subsample': 1.0, 'colsample_bytree': 0.8, 'reg_lambda': 0.004544376997725275, 'reg_alpha': 0.007921182314424565}. Best is trial 0 with value: 0.8203.[0m

11.96 sec -- {'mean_score': 0.7833, 'valid_scores': [0.7724, 0.755, 0.7624, 0.7984, 0.8036, 0.8082], 'train_scores': [0.8613, 0.8502, 0.8505, 0.8483, 0.8475, 0.8426], 'params': {'learning_rate': 0.12846691921505496, 'min_child_weight': 70, 'max_depth': 1, 'subsample': 0.6, 'colsample_bytree': 0.6, 'reg_lambda': 0.0029846999797850868, 'reg_alpha': 0.19229718174853677}}
[32m[I 2021-01-06 15:48:24,285][0m Trial 9 finished with value: 0.7833 and parameters: {'learning_rate': 0.12846691921505496, 'min_child_weight': 70, 'max_depth': 1, 'subsample': 0.6, 'colsample_bytree': 0.6, 'reg_lambda': 0.0029846999797850868, 'reg_alpha': 0.19229718174853677}. Best is trial 0 with value: 0.8203.[0m

12.79 sec -- {'mean_score': 0.8131, 'valid_scores': [0.8114, 0.7829, 0.8011, 0.8225, 0.8233, 0.8372], 'train_scores': [0.8971, 0.8924, 0.8843, 0.8805, 0.8752, 0.874], 'params': {'learning_rate': 0.13659123710106869, 'min_child_weight': 42, 'max_depth': 2, 'subsample': 1.0, 'colsample_bytree': 0.9, 'reg_lambda': 0.0004972639443473726, 'reg_alpha': 0.0008561775644728102}}
[32m[I 2021-01-06 15:48:37,152][0m Trial 10 finished with value: 0.8131 and parameters: {'learning_rate': 0.13659123710106869, 'min_child_weight': 42, 'max_depth': 2, 'subsample': 1.0, 'colsample_bytree': 0.9, 'reg_lambda': 0.0004972639443473726, 'reg_alpha': 0.0008561775644728102}. Best is trial 0 with value: 0.8203.[0m

16.72 sec -- {'mean_score': 0.8178, 'valid_scores': [0.8091, 0.7716, 0.8277, 0.8269, 0.8278, 0.8435], 'train_scores': [0.9197, 0.9156, 0.907, 0.8997, 0.8942, 0.8888], 'params': {'learning_rate': 0.0862959430333406, 'min_child_weight': 40, 'max_depth': 5, 'subsample': 1.0, 'colsample_bytree': 1.0, 'reg_lambda': 0.014584782215127436, 'reg_alpha': 0.14657839106487416}}
[32m[I 2021-01-06 15:48:53,960][0m Trial 11 finished with value: 0.8178 and parameters: {'learning_rate': 0.0862959430333406, 'min_child_weight': 40, 'max_depth': 5, 'subsample': 1.0, 'colsample_bytree': 1.0, 'reg_lambda': 0.014584782215127436, 'reg_alpha': 0.14657839106487416}. Best is trial 0 with value: 0.8203.[0m

15.17 sec -- {'mean_score': 0.8224, 'valid_scores': [0.8056, 0.7883, 0.8323, 0.829, 0.8301, 0.8489], 'train_scores': [0.9212, 0.9191, 0.9086, 0.9053, 0.8983, 0.8934], 'params': {'learning_rate': 0.19554622621433693, 'min_child_weight': 44, 'max_depth': 4, 'subsample': 0.9, 'colsample_bytree': 0.8, 'reg_lambda': 0.0555191642042583, 'reg_alpha': 0.765061992178879}}
[32m[I 2021-01-06 15:49:09,207][0m Trial 12 finished with value: 0.8224 and parameters: {'learning_rate': 0.19554622621433693, 'min_child_weight': 44, 'max_depth': 4, 'subsample': 0.9, 'colsample_bytree': 0.8, 'reg_lambda': 0.0555191642042583, 'reg_alpha': 0.765061992178879}. Best is trial 12 with value: 0.8224.[0m

14.82 sec -- {'mean_score': 0.8224, 'valid_scores': [0.8105, 0.7919, 0.8291, 0.8277, 0.8276, 0.8479], 'train_scores': [0.9213, 0.9174, 0.9083, 0.9024, 0.8972, 0.8925], 'params': {'learning_rate': 0.18198888236411961, 'min_child_weight': 42, 'max_depth': 4, 'subsample': 0.9, 'colsample_bytree': 0.8, 'reg_lambda': 0.7366643725863269, 'reg_alpha': 0.8403860239366948}}
[32m[I 2021-01-06 15:49:24,117][0m Trial 13 finished with value: 0.8224 and parameters: {'learning_rate': 0.18198888236411961, 'min_child_weight': 42, 'max_depth': 4, 'subsample': 0.9, 'colsample_bytree': 0.8, 'reg_lambda': 0.7366643725863269, 'reg_alpha': 0.8403860239366948}. Best is trial 12 with value: 0.8224.[0m

15.04 sec -- {'mean_score': 0.8203, 'valid_scores': [0.8141, 0.7792, 0.8259, 0.8285, 0.8282, 0.8459], 'train_scores': [0.9206, 0.9175, 0.9064, 0.9019, 0.897, 0.892], 'params': {'learning_rate': 0.1771346981908623, 'min_child_weight': 42, 'max_depth': 4, 'subsample': 0.8, 'colsample_bytree': 0.8, 'reg_lambda': 0.5748000723685825, 'reg_alpha': 0.5669745869597612}}
[32m[I 2021-01-06 15:49:39,236][0m Trial 14 finished with value: 0.8203 and parameters: {'learning_rate': 0.1771346981908623, 'min_child_weight': 42, 'max_depth': 4, 'subsample': 0.8, 'colsample_bytree': 0.8, 'reg_lambda': 0.5748000723685825, 'reg_alpha': 0.5669745869597612}. Best is trial 12 with value: 0.8224.[0m

16.77 sec -- {'mean_score': 0.8177, 'valid_scores': [0.814, 0.7696, 0.8214, 0.8303, 0.8274, 0.8433], 'train_scores': [0.9215, 0.9195, 0.9105, 0.9066, 0.9011, 0.8966], 'params': {'learning_rate': 0.17901089862472797, 'min_child_weight': 62, 'max_depth': 5, 'subsample': 1.0, 'colsample_bytree': 0.9, 'reg_lambda': 0.2300341829374248, 'reg_alpha': 0.3640685861948558}}
[32m[I 2021-01-06 15:49:56,149][0m Trial 15 finished with value: 0.8177 and parameters: {'learning_rate': 0.17901089862472797, 'min_child_weight': 62, 'max_depth': 5, 'subsample': 1.0, 'colsample_bytree': 0.9, 'reg_lambda': 0.2300341829374248, 'reg_alpha': 0.3640685861948558}. Best is trial 12 with value: 0.8224.[0m

13.54 sec -- {'mean_score': 0.8188, 'valid_scores': [0.8182, 0.7904, 0.8077, 0.8268, 0.8275, 0.8421], 'train_scores': [0.9114, 0.9078, 0.8983, 0.8956, 0.8898, 0.8851], 'params': {'learning_rate': 0.18487131307982024, 'min_child_weight': 54, 'max_depth': 3, 'subsample': 1.0, 'colsample_bytree': 0.7, 'reg_lambda': 0.0016028766650949434, 'reg_alpha': 0.2728954176409885}}
[32m[I 2021-01-06 15:50:09,788][0m Trial 16 finished with value: 0.8188 and parameters: {'learning_rate': 0.18487131307982024, 'min_child_weight': 54, 'max_depth': 3, 'subsample': 1.0, 'colsample_bytree': 0.7, 'reg_lambda': 0.0016028766650949434, 'reg_alpha': 0.2728954176409885}. Best is trial 12 with value: 0.8224.[0m

14.77 sec -- {'mean_score': 0.8215, 'valid_scores': [0.811, 0.7806, 0.8308, 0.831, 0.8292, 0.8465], 'train_scores': [0.9205, 0.9168, 0.9075, 0.902, 0.8963, 0.8918], 'params': {'learning_rate': 0.17684542096598643, 'min_child_weight': 42, 'max_depth': 4, 'subsample': 1.0, 'colsample_bytree': 0.6, 'reg_lambda': 0.20560262519962955, 'reg_alpha': 0.020287356364853463}}
[32m[I 2021-01-06 15:50:24,647][0m Trial 17 finished with value: 0.8215 and parameters: {'learning_rate': 0.17684542096598643, 'min_child_weight': 42, 'max_depth': 4, 'subsample': 1.0, 'colsample_bytree': 0.6, 'reg_lambda': 0.20560262519962955, 'reg_alpha': 0.020287356364853463}. Best is trial 12 with value: 0.8224.[0m

15.28 sec -- {'mean_score': 0.8191, 'valid_scores': [0.8144, 0.7766, 0.8275, 0.8284, 0.8283, 0.8394], 'train_scores': [0.9209, 0.9182, 0.9078, 0.903, 0.8976, 0.8929], 'params': {'learning_rate': 0.16736296649999305, 'min_child_weight': 40, 'max_depth': 4, 'subsample': 0.9, 'colsample_bytree': 0.9, 'reg_lambda': 0.0007872586992057783, 'reg_alpha': 0.05495286019546418}}
[32m[I 2021-01-06 15:50:40,013][0m Trial 18 finished with value: 0.8191 and parameters: {'learning_rate': 0.16736296649999305, 'min_child_weight': 40, 'max_depth': 4, 'subsample': 0.9, 'colsample_bytree': 0.9, 'reg_lambda': 0.0007872586992057783, 'reg_alpha': 0.05495286019546418}. Best is trial 12 with value: 0.8224.[0m

13.89 sec -- {'mean_score': 0.8186, 'valid_scores': [0.817, 0.7818, 0.8159, 0.8278, 0.8262, 0.8429], 'train_scores': [0.9136, 0.9096, 0.8995, 0.8947, 0.8897, 0.8857], 'params': {'learning_rate': 0.18450592593109083, 'min_child_weight': 50, 'max_depth': 3, 'subsample': 1.0, 'colsample_bytree': 0.8, 'reg_lambda': 0.12334898048411165, 'reg_alpha': 0.3639175402915079}}
[32m[I 2021-01-06 15:50:53,991][0m Trial 19 finished with value: 0.8186 and parameters: {'learning_rate': 0.18450592593109083, 'min_child_weight': 50, 'max_depth': 3, 'subsample': 1.0, 'colsample_bytree': 0.8, 'reg_lambda': 0.12334898048411165, 'reg_alpha': 0.3639175402915079}. Best is trial 12 with value: 0.8224.[0m

13.77 sec -- {'mean_score': 0.8182, 'valid_scores': [0.8134, 0.7851, 0.8169, 0.8258, 0.8258, 0.8425], 'train_scores': [0.9129, 0.9096, 0.8996, 0.894, 0.8893, 0.8853], 'params': {'learning_rate': 0.1921101987588081, 'min_child_weight': 42, 'max_depth': 3, 'subsample': 0.7, 'colsample_bytree': 0.6, 'reg_lambda': 0.015148187841716508, 'reg_alpha': 0.5921872112637732}}
[32m[I 2021-01-06 15:51:07,836][0m Trial 20 finished with value: 0.8182 and parameters: {'learning_rate': 0.1921101987588081, 'min_child_weight': 42, 'max_depth': 3, 'subsample': 0.7, 'colsample_bytree': 0.6, 'reg_lambda': 0.015148187841716508, 'reg_alpha': 0.5921872112637732}. Best is trial 12 with value: 0.8224.[0m

14.53 sec -- {'mean_score': 0.8198, 'valid_scores': [0.8139, 0.7825, 0.8182, 0.8284, 0.8301, 0.8459], 'train_scores': [0.919, 0.9163, 0.9056, 0.9011, 0.8966, 0.8915], 'params': {'learning_rate': 0.18601514303922714, 'min_child_weight': 52, 'max_depth': 4, 'subsample': 1.0, 'colsample_bytree': 0.6, 'reg_lambda': 0.145711047841943, 'reg_alpha': 0.0073456376270320985}}
[32m[I 2021-01-06 15:51:22,444][0m Trial 21 finished with value: 0.8198 and parameters: {'learning_rate': 0.18601514303922714, 'min_child_weight': 52, 'max_depth': 4, 'subsample': 1.0, 'colsample_bytree': 0.6, 'reg_lambda': 0.145711047841943, 'reg_alpha': 0.0073456376270320985}. Best is trial 12 with value: 0.8224.[0m

16.51 sec -- {'mean_score': 0.819, 'valid_scores': [0.8062, 0.771, 0.8293, 0.8302, 0.832, 0.8451], 'train_scores': [0.9252, 0.9225, 0.913, 0.9099, 0.9034, 0.8988], 'params': {'learning_rate': 0.1937104396040429, 'min_child_weight': 46, 'max_depth': 5, 'subsample': 1.0, 'colsample_bytree': 0.7, 'reg_lambda': 0.07020848532313936, 'reg_alpha': 0.9173046630558681}}
[32m[I 2021-01-06 15:51:39,030][0m Trial 22 finished with value: 0.819 and parameters: {'learning_rate': 0.1937104396040429, 'min_child_weight': 46, 'max_depth': 5, 'subsample': 1.0, 'colsample_bytree': 0.7, 'reg_lambda': 0.07020848532313936, 'reg_alpha': 0.9173046630558681}. Best is trial 12 with value: 0.8224.[0m

14.59 sec -- {'mean_score': 0.8188, 'valid_scores': [0.8086, 0.7693, 0.8263, 0.8306, 0.83, 0.8477], 'train_scores': [0.9195, 0.9171, 0.9059, 0.9027, 0.8952, 0.8922], 'params': {'learning_rate': 0.16501658352081805, 'min_child_weight': 40, 'max_depth': 4, 'subsample': 0.9, 'colsample_bytree': 0.6, 'reg_lambda': 0.16219162901383624, 'reg_alpha': 0.08734640905958033}}
[32m[I 2021-01-06 15:51:53,707][0m Trial 23 finished with value: 0.8188 and parameters: {'learning_rate': 0.16501658352081805, 'min_child_weight': 40, 'max_depth': 4, 'subsample': 0.9, 'colsample_bytree': 0.6, 'reg_lambda': 0.16219162901383624, 'reg_alpha': 0.08734640905958033}. Best is trial 12 with value: 0.8224.[0m

14.88 sec -- {'mean_score': 0.8217, 'valid_scores': [0.809, 0.7863, 0.8306, 0.8299, 0.8297, 0.8445], 'train_scores': [0.9206, 0.9173, 0.9079, 0.9034, 0.8976, 0.8935], 'params': {'learning_rate': 0.17280699444354441, 'min_child_weight': 40, 'max_depth': 4, 'subsample': 1.0, 'colsample_bytree': 1.0, 'reg_lambda': 0.9998648256821342, 'reg_alpha': 0.2502603659770521}}
[32m[I 2021-01-06 15:52:08,708][0m Trial 24 finished with value: 0.8217 and parameters: {'learning_rate': 0.17280699444354441, 'min_child_weight': 40, 'max_depth': 4, 'subsample': 1.0, 'colsample_bytree': 1.0, 'reg_lambda': 0.9998648256821342, 'reg_alpha': 0.2502603659770521}. Best is trial 12 with value: 0.8224.[0m

16.01 sec -- {'mean_score': 0.8213, 'valid_scores': [0.8167, 0.7778, 0.8324, 0.83, 0.8297, 0.8414], 'train_scores': [0.9209, 0.9204, 0.9077, 0.9045, 0.8979, 0.894], 'params': {'learning_rate': 0.1965580489693961, 'min_child_weight': 40, 'max_depth': 4, 'subsample': 1.0, 'colsample_bytree': 0.9, 'reg_lambda': 0.8969245646147108, 'reg_alpha': 0.028889020914078408}}
[32m[I 2021-01-06 15:52:24,798][0m Trial 25 finished with value: 0.8213 and parameters: {'learning_rate': 0.1965580489693961, 'min_child_weight': 40, 'max_depth': 4, 'subsample': 1.0, 'colsample_bytree': 0.9, 'reg_lambda': 0.8969245646147108, 'reg_alpha': 0.028889020914078408}. Best is trial 12 with value: 0.8224.[0m

12.91 sec -- {'mean_score': 0.8112, 'valid_scores': [0.8023, 0.7847, 0.8017, 0.8212, 0.8218, 0.8352], 'train_scores': [0.8876, 0.885, 0.8772, 0.879, 0.8722, 0.8676], 'params': {'learning_rate': 0.08664688355539915, 'min_child_weight': 42, 'max_depth': 2, 'subsample': 1.0, 'colsample_bytree': 0.9, 'reg_lambda': 0.10463497633752018, 'reg_alpha': 0.7240792212170919}}
[32m[I 2021-01-06 15:52:37,787][0m Trial 26 finished with value: 0.8112 and parameters: {'learning_rate': 0.08664688355539915, 'min_child_weight': 42, 'max_depth': 2, 'subsample': 1.0, 'colsample_bytree': 0.9, 'reg_lambda': 0.10463497633752018, 'reg_alpha': 0.7240792212170919}. Best is trial 12 with value: 0.8224.[0m

13.13 sec -- {'mean_score': 0.8156, 'valid_scores': [0.8063, 0.7854, 0.8147, 0.8231, 0.8252, 0.8392], 'train_scores': [0.8995, 0.8957, 0.8854, 0.8835, 0.8786, 0.8734], 'params': {'learning_rate': 0.16143692102923718, 'min_child_weight': 46, 'max_depth': 2, 'subsample': 1.0, 'colsample_bytree': 1.0, 'reg_lambda': 0.5408315586803133, 'reg_alpha': 0.1272324366870248}}
[32m[I 2021-01-06 15:52:51,021][0m Trial 27 finished with value: 0.8156 and parameters: {'learning_rate': 0.16143692102923718, 'min_child_weight': 46, 'max_depth': 2, 'subsample': 1.0, 'colsample_bytree': 1.0, 'reg_lambda': 0.5408315586803133, 'reg_alpha': 0.1272324366870248}. Best is trial 12 with value: 0.8224.[0m

13.9 sec -- {'mean_score': 0.819, 'valid_scores': [0.8258, 0.7817, 0.8117, 0.8261, 0.8257, 0.8427], 'train_scores': [0.9137, 0.9113, 0.9012, 0.8953, 0.8906, 0.8851], 'params': {'learning_rate': 0.19794550838777367, 'min_child_weight': 44, 'max_depth': 3, 'subsample': 0.8, 'colsample_bytree': 1.0, 'reg_lambda': 0.11104569304488322, 'reg_alpha': 0.06886439232782822}}
[32m[I 2021-01-06 15:53:04,997][0m Trial 28 finished with value: 0.819 and parameters: {'learning_rate': 0.19794550838777367, 'min_child_weight': 44, 'max_depth': 3, 'subsample': 0.8, 'colsample_bytree': 1.0, 'reg_lambda': 0.11104569304488322, 'reg_alpha': 0.06886439232782822}. Best is trial 12 with value: 0.8224.[0m

15.15 sec -- {'mean_score': 0.817, 'valid_scores': [0.812, 0.7791, 0.8185, 0.8266, 0.8254, 0.8404], 'train_scores': [0.9187, 0.9164, 0.9058, 0.9006, 0.8946, 0.8918], 'params': {'learning_rate': 0.15377047378934094, 'min_child_weight': 46, 'max_depth': 4, 'subsample': 0.9, 'colsample_bytree': 1.0, 'reg_lambda': 0.11343545493287086, 'reg_alpha': 0.24210240687301077}}
[32m[I 2021-01-06 15:53:20,243][0m Trial 29 finished with value: 0.817 and parameters: {'learning_rate': 0.15377047378934094, 'min_child_weight': 46, 'max_depth': 4, 'subsample': 0.9, 'colsample_bytree': 1.0, 'reg_lambda': 0.11343545493287086, 'reg_alpha': 0.24210240687301077}. Best is trial 12 with value: 0.8224.[0m

15.75 sec -- {'mean_score': 0.8205, 'valid_scores': [0.8157, 0.786, 0.8198, 0.829, 0.8264, 0.8459], 'train_scores': [0.9195, 0.917, 0.9069, 0.9019, 0.8955, 0.8922], 'params': {'learning_rate': 0.19057103136461576, 'min_child_weight': 50, 'max_depth': 4, 'subsample': 0.8, 'colsample_bytree': 0.8, 'reg_lambda': 0.0231199006547034, 'reg_alpha': 0.14223476264891896}}
