[32m[I 2021-01-05 15:02:24,945][0m Trial 32 finished with value: 0.8102 and parameters: {'learning_rate': 0.1721005242488122, 'min_child_weight': 52, 'max_depth': 2, 'subsample': 0.8, 'colsample_bytree': 1.0, 'reg_lambda': 0.021678398219722447, 'reg_alpha': 0.00033454655685649437}. Best is trial 24 with value: 0.8197.[0m

12.32 sec -- {'mean_score': 0.8139, 'valid_scores': [0.821, 0.7827, 0.8238, 0.8283], 'train_scores': [0.9183, 0.9153, 0.9055, 0.9009], 'params': {'learning_rate': 0.15750808544621558, 'min_child_weight': 48, 'max_depth': 4, 'subsample': 0.8, 'colsample_bytree': 0.9, 'reg_lambda': 0.01896674223633496, 'reg_alpha': 0.00034942821549686107}}
[32m[I 2021-01-05 15:02:37,343][0m Trial 33 finished with value: 0.8139 and parameters: {'learning_rate': 0.15750808544621558, 'min_child_weight': 48, 'max_depth': 4, 'subsample': 0.8, 'colsample_bytree': 0.9, 'reg_lambda': 0.01896674223633496, 'reg_alpha': 0.00034942821549686107}. Best is trial 24 with value: 0.8197.[0m

10.93 sec -- {'mean_score': 0.8106, 'valid_scores': [0.8169, 0.7836, 0.816, 0.8259], 'train_scores': [0.9115, 0.9098, 0.8976, 0.8947], 'params': {'learning_rate': 0.15682447964568652, 'min_child_weight': 40, 'max_depth': 3, 'subsample': 0.8, 'colsample_bytree': 1.0, 'reg_lambda': 0.03607621314827456, 'reg_alpha': 0.00011974688089428434}}
[32m[I 2021-01-05 15:02:48,363][0m Trial 34 finished with value: 0.8106 and parameters: {'learning_rate': 0.15682447964568652, 'min_child_weight': 40, 'max_depth': 3, 'subsample': 0.8, 'colsample_bytree': 1.0, 'reg_lambda': 0.03607621314827456, 'reg_alpha': 0.00011974688089428434}. Best is trial 24 with value: 0.8197.[0m

11.1 sec -- {'mean_score': 0.8112, 'valid_scores': [0.8103, 0.7877, 0.8213, 0.8255], 'train_scores': [0.9157, 0.9101, 0.8988, 0.8931], 'params': {'learning_rate': 0.18059675532144603, 'min_child_weight': 42, 'max_depth': 3, 'subsample': 1.0, 'colsample_bytree': 0.7, 'reg_lambda': 0.06560372698621812, 'reg_alpha': 0.0007504726270158606}}
[32m[I 2021-01-05 15:02:59,601][0m Trial 35 finished with value: 0.8112 and parameters: {'learning_rate': 0.18059675532144603, 'min_child_weight': 42, 'max_depth': 3, 'subsample': 1.0, 'colsample_bytree': 0.7, 'reg_lambda': 0.06560372698621812, 'reg_alpha': 0.0007504726270158606}. Best is trial 24 with value: 0.8197.[0m

11.01 sec -- {'mean_score': 0.814, 'valid_scores': [0.8141, 0.7896, 0.8244, 0.8281], 'train_scores': [0.9115, 0.9083, 0.8976, 0.8922], 'params': {'learning_rate': 0.1423825028785342, 'min_child_weight': 40, 'max_depth': 3, 'subsample': 1.0, 'colsample_bytree': 0.6, 'reg_lambda': 0.8391844610202192, 'reg_alpha': 0.01835221187175492}}
[32m[I 2021-01-05 15:03:10,699][0m Trial 36 finished with value: 0.814 and parameters: {'learning_rate': 0.1423825028785342, 'min_child_weight': 40, 'max_depth': 3, 'subsample': 1.0, 'colsample_bytree': 0.6, 'reg_lambda': 0.8391844610202192, 'reg_alpha': 0.01835221187175492}. Best is trial 24 with value: 0.8197.[0m

12.22 sec -- {'mean_score': 0.8119, 'valid_scores': [0.8144, 0.7802, 0.824, 0.8289], 'train_scores': [0.9168, 0.9144, 0.9051, 0.9006], 'params': {'learning_rate': 0.14413964973454985, 'min_child_weight': 48, 'max_depth': 4, 'subsample': 1.0, 'colsample_bytree': 0.9, 'reg_lambda': 0.37557874564913424, 'reg_alpha': 0.05636492627942846}}
[32m[I 2021-01-05 15:03:23,004][0m Trial 37 finished with value: 0.8119 and parameters: {'learning_rate': 0.14413964973454985, 'min_child_weight': 48, 'max_depth': 4, 'subsample': 1.0, 'colsample_bytree': 0.9, 'reg_lambda': 0.37557874564913424, 'reg_alpha': 0.05636492627942846}. Best is trial 24 with value: 0.8197.[0m

13.26 sec -- {'mean_score': 0.8099, 'valid_scores': [0.8026, 0.7767, 0.8312, 0.8293], 'train_scores': [0.9238, 0.9218, 0.9118, 0.9076], 'params': {'learning_rate': 0.15471625801697814, 'min_child_weight': 42, 'max_depth': 5, 'subsample': 0.9, 'colsample_bytree': 0.7, 'reg_lambda': 0.714866714124101, 'reg_alpha': 0.6774851794789615}}
[32m[I 2021-01-05 15:03:36,383][0m Trial 38 finished with value: 0.8099 and parameters: {'learning_rate': 0.15471625801697814, 'min_child_weight': 42, 'max_depth': 5, 'subsample': 0.9, 'colsample_bytree': 0.7, 'reg_lambda': 0.714866714124101, 'reg_alpha': 0.6774851794789615}. Best is trial 24 with value: 0.8197.[0m

11.58 sec -- {'mean_score': 0.8177, 'valid_scores': [0.822, 0.7946, 0.8254, 0.8287], 'train_scores': [0.9161, 0.9123, 0.902, 0.8945], 'params': {'learning_rate': 0.1969612640858381, 'min_child_weight': 40, 'max_depth': 3, 'subsample': 0.8, 'colsample_bytree': 0.8, 'reg_lambda': 0.010377462507953098, 'reg_alpha': 0.00015581932345770316}}
[32m[I 2021-01-05 15:03:48,063][0m Trial 39 finished with value: 0.8177 and parameters: {'learning_rate': 0.1969612640858381, 'min_child_weight': 40, 'max_depth': 3, 'subsample': 0.8, 'colsample_bytree': 0.8, 'reg_lambda': 0.010377462507953098, 'reg_alpha': 0.00015581932345770316}. Best is trial 24 with value: 0.8197.[0m

10.97 sec -- {'mean_score': 0.8103, 'valid_scores': [0.8224, 0.784, 0.8088, 0.8259], 'train_scores': [0.9135, 0.9085, 0.8992, 0.8928], 'params': {'learning_rate': 0.1660475463984556, 'min_child_weight': 42, 'max_depth': 3, 'subsample': 0.8, 'colsample_bytree': 0.8, 'reg_lambda': 0.003020544923262077, 'reg_alpha': 0.00010209069681185962}}
[32m[I 2021-01-05 15:03:59,119][0m Trial 40 finished with value: 0.8103 and parameters: {'learning_rate': 0.1660475463984556, 'min_child_weight': 42, 'max_depth': 3, 'subsample': 0.8, 'colsample_bytree': 0.8, 'reg_lambda': 0.003020544923262077, 'reg_alpha': 0.00010209069681185962}. Best is trial 24 with value: 0.8197.[0m

10.51 sec -- {'mean_score': 0.8083, 'valid_scores': [0.8134, 0.785, 0.8101, 0.8248], 'train_scores': [0.9015, 0.8979, 0.8891, 0.8858], 'params': {'learning_rate': 0.1805912768264217, 'min_child_weight': 40, 'max_depth': 2, 'subsample': 0.8, 'colsample_bytree': 0.9, 'reg_lambda': 0.034285529313880486, 'reg_alpha': 0.0018633075265605623}}
[32m[I 2021-01-05 15:04:09,710][0m Trial 41 finished with value: 0.8083 and parameters: {'learning_rate': 0.1805912768264217, 'min_child_weight': 40, 'max_depth': 2, 'subsample': 0.8, 'colsample_bytree': 0.9, 'reg_lambda': 0.034285529313880486, 'reg_alpha': 0.0018633075265605623}. Best is trial 24 with value: 0.8197.[0m

10.74 sec -- {'mean_score': 0.8134, 'valid_scores': [0.8128, 0.7889, 0.8253, 0.8266], 'train_scores': [0.9155, 0.9115, 0.901, 0.8954], 'params': {'learning_rate': 0.17363995742282, 'min_child_weight': 42, 'max_depth': 3, 'subsample': 1.0, 'colsample_bytree': 0.9, 'reg_lambda': 0.015166996910475, 'reg_alpha': 0.00018121979047060554}}
[32m[I 2021-01-05 15:04:20,572][0m Trial 42 finished with value: 0.8134 and parameters: {'learning_rate': 0.17363995742282, 'min_child_weight': 42, 'max_depth': 3, 'subsample': 1.0, 'colsample_bytree': 0.9, 'reg_lambda': 0.015166996910475, 'reg_alpha': 0.00018121979047060554}. Best is trial 24 with value: 0.8197.[0m

11.87 sec -- {'mean_score': 0.8131, 'valid_scores': [0.8201, 0.7832, 0.8182, 0.8309], 'train_scores': [0.9185, 0.9158, 0.9067, 0.9014], 'params': {'learning_rate': 0.1806117817431547, 'min_child_weight': 44, 'max_depth': 4, 'subsample': 0.6, 'colsample_bytree': 0.8, 'reg_lambda': 0.0017111321329748835, 'reg_alpha': 0.0005058617750901509}}
[32m[I 2021-01-05 15:04:32,536][0m Trial 43 finished with value: 0.8131 and parameters: {'learning_rate': 0.1806117817431547, 'min_child_weight': 44, 'max_depth': 4, 'subsample': 0.6, 'colsample_bytree': 0.8, 'reg_lambda': 0.0017111321329748835, 'reg_alpha': 0.0005058617750901509}. Best is trial 24 with value: 0.8197.[0m

13.16 sec -- {'mean_score': 0.8144, 'valid_scores': [0.823, 0.7846, 0.823, 0.827], 'train_scores': [0.9187, 0.9151, 0.9071, 0.8996], 'params': {'learning_rate': 0.1548682803998105, 'min_child_weight': 50, 'max_depth': 4, 'subsample': 0.9, 'colsample_bytree': 0.9, 'reg_lambda': 0.5621300043685007, 'reg_alpha': 0.9055909828566309}}
[32m[I 2021-01-05 15:04:45,780][0m Trial 44 finished with value: 0.8144 and parameters: {'learning_rate': 0.1548682803998105, 'min_child_weight': 50, 'max_depth': 4, 'subsample': 0.9, 'colsample_bytree': 0.9, 'reg_lambda': 0.5621300043685007, 'reg_alpha': 0.9055909828566309}. Best is trial 24 with value: 0.8197.[0m

11.69 sec -- {'mean_score': 0.8152, 'valid_scores': [0.8199, 0.79, 0.8237, 0.8271], 'train_scores': [0.9128, 0.9085, 0.8986, 0.8933], 'params': {'learning_rate': 0.19434965202234206, 'min_child_weight': 56, 'max_depth': 3, 'subsample': 0.8, 'colsample_bytree': 0.8, 'reg_lambda': 0.32193718557510875, 'reg_alpha': 0.2364961199860935}}
[32m[I 2021-01-05 15:04:57,554][0m Trial 45 finished with value: 0.8152 and parameters: {'learning_rate': 0.19434965202234206, 'min_child_weight': 56, 'max_depth': 3, 'subsample': 0.8, 'colsample_bytree': 0.8, 'reg_lambda': 0.32193718557510875, 'reg_alpha': 0.2364961199860935}. Best is trial 24 with value: 0.8197.[0m

11.91 sec -- {'mean_score': 0.8109, 'valid_scores': [0.8222, 0.7841, 0.8124, 0.8248], 'train_scores': [0.9088, 0.9047, 0.8942, 0.8907], 'params': {'learning_rate': 0.14954142260884185, 'min_child_weight': 66, 'max_depth': 3, 'subsample': 0.7, 'colsample_bytree': 0.8, 'reg_lambda': 0.15532102446552376, 'reg_alpha': 0.1025107416681846}}
[32m[I 2021-01-05 15:05:09,544][0m Trial 46 finished with value: 0.8109 and parameters: {'learning_rate': 0.14954142260884185, 'min_child_weight': 66, 'max_depth': 3, 'subsample': 0.7, 'colsample_bytree': 0.8, 'reg_lambda': 0.15532102446552376, 'reg_alpha': 0.1025107416681846}. Best is trial 24 with value: 0.8197.[0m

13.46 sec -- {'mean_score': 0.808, 'valid_scores': [0.8117, 0.788, 0.8063, 0.826], 'train_scores': [0.9053, 0.899, 0.8899, 0.8859], 'params': {'learning_rate': 0.08092380707726814, 'min_child_weight': 40, 'max_depth': 3, 'subsample': 0.8, 'colsample_bytree': 1.0, 'reg_lambda': 0.4549061330194086, 'reg_alpha': 0.320765491835752}}
[32m[I 2021-01-05 15:05:23,096][0m Trial 47 finished with value: 0.808 and parameters: {'learning_rate': 0.08092380707726814, 'min_child_weight': 40, 'max_depth': 3, 'subsample': 0.8, 'colsample_bytree': 1.0, 'reg_lambda': 0.4549061330194086, 'reg_alpha': 0.320765491835752}. Best is trial 24 with value: 0.8197.[0m

15.02 sec -- {'mean_score': 0.811, 'valid_scores': [0.8184, 0.7815, 0.8177, 0.8266], 'train_scores': [0.9095, 0.9055, 0.8945, 0.892], 'params': {'learning_rate': 0.14429121411848567, 'min_child_weight': 58, 'max_depth': 3, 'subsample': 0.8, 'colsample_bytree': 1.0, 'reg_lambda': 0.33930481828017245, 'reg_alpha': 0.08531378374395651}}
[32m[I 2021-01-05 15:05:38,201][0m Trial 48 finished with value: 0.811 and parameters: {'learning_rate': 0.14429121411848567, 'min_child_weight': 58, 'max_depth': 3, 'subsample': 0.8, 'colsample_bytree': 1.0, 'reg_lambda': 0.33930481828017245, 'reg_alpha': 0.08531378374395651}. Best is trial 24 with value: 0.8197.[0m

11.66 sec -- {'mean_score': 0.8103, 'valid_scores': [0.8175, 0.7913, 0.8116, 0.8209], 'train_scores': [0.8984, 0.8944, 0.8862, 0.8837], 'params': {'learning_rate': 0.17050851033487588, 'min_child_weight': 56, 'max_depth': 2, 'subsample': 0.8, 'colsample_bytree': 0.8, 'reg_lambda': 0.5580053437486426, 'reg_alpha': 0.1324261864991605}}
