[32m[I 2021-01-06 15:53:36,066][0m Trial 30 finished with value: 0.8205 and parameters: {'learning_rate': 0.19057103136461576, 'min_child_weight': 50, 'max_depth': 4, 'subsample': 0.8, 'colsample_bytree': 0.8, 'reg_lambda': 0.0231199006547034, 'reg_alpha': 0.14223476264891896}. Best is trial 12 with value: 0.8224.[0m

17.51 sec -- {'mean_score': 0.8208, 'valid_scores': [0.8089, 0.7817, 0.8332, 0.829, 0.8284, 0.8437], 'train_scores': [0.926, 0.9257, 0.9148, 0.9099, 0.905, 0.9001], 'params': {'learning_rate': 0.19655360402318617, 'min_child_weight': 44, 'max_depth': 5, 'subsample': 0.9, 'colsample_bytree': 1.0, 'reg_lambda': 0.8709859440237567, 'reg_alpha': 0.3637407552634857}}
[32m[I 2021-01-06 15:53:53,725][0m Trial 31 finished with value: 0.8208 and parameters: {'learning_rate': 0.19655360402318617, 'min_child_weight': 44, 'max_depth': 5, 'subsample': 0.9, 'colsample_bytree': 1.0, 'reg_lambda': 0.8709859440237567, 'reg_alpha': 0.3637407552634857}. Best is trial 12 with value: 0.8224.[0m

14.21 sec -- {'mean_score': 0.8169, 'valid_scores': [0.811, 0.7754, 0.8204, 0.8275, 0.8255, 0.8419], 'train_scores': [0.9154, 0.9103, 0.9009, 0.8948, 0.8902, 0.8857], 'params': {'learning_rate': 0.18783490737776104, 'min_child_weight': 44, 'max_depth': 3, 'subsample': 0.9, 'colsample_bytree': 0.9, 'reg_lambda': 0.7546570588430879, 'reg_alpha': 0.8387578039086456}}
[32m[I 2021-01-06 15:54:08,009][0m Trial 32 finished with value: 0.8169 and parameters: {'learning_rate': 0.18783490737776104, 'min_child_weight': 44, 'max_depth': 3, 'subsample': 0.9, 'colsample_bytree': 0.9, 'reg_lambda': 0.7546570588430879, 'reg_alpha': 0.8387578039086456}. Best is trial 12 with value: 0.8224.[0m

15.08 sec -- {'mean_score': 0.8187, 'valid_scores': [0.8073, 0.7698, 0.8298, 0.8306, 0.8297, 0.8449], 'train_scores': [0.9194, 0.9175, 0.9091, 0.9026, 0.8967, 0.8923], 'params': {'learning_rate': 0.17748920388658668, 'min_child_weight': 42, 'max_depth': 4, 'subsample': 1.0, 'colsample_bytree': 0.7, 'reg_lambda': 0.050036554238518785, 'reg_alpha': 0.000211645075231605}}
[32m[I 2021-01-06 15:54:23,174][0m Trial 33 finished with value: 0.8187 and parameters: {'learning_rate': 0.17748920388658668, 'min_child_weight': 42, 'max_depth': 4, 'subsample': 1.0, 'colsample_bytree': 0.7, 'reg_lambda': 0.050036554238518785, 'reg_alpha': 0.000211645075231605}. Best is trial 12 with value: 0.8224.[0m

15.43 sec -- {'mean_score': 0.8155, 'valid_scores': [0.8129, 0.7798, 0.8108, 0.8243, 0.8243, 0.841], 'train_scores': [0.9073, 0.9045, 0.8952, 0.8916, 0.8852, 0.8813], 'params': {'learning_rate': 0.07551496347593004, 'min_child_weight': 60, 'max_depth': 4, 'subsample': 0.7, 'colsample_bytree': 0.6, 'reg_lambda': 0.039811377432167123, 'reg_alpha': 0.04049030254717888}}
[32m[I 2021-01-06 15:54:38,681][0m Trial 34 finished with value: 0.8155 and parameters: {'learning_rate': 0.07551496347593004, 'min_child_weight': 60, 'max_depth': 4, 'subsample': 0.7, 'colsample_bytree': 0.6, 'reg_lambda': 0.039811377432167123, 'reg_alpha': 0.04049030254717888}. Best is trial 12 with value: 0.8224.[0m

13.73 sec -- {'mean_score': 0.8205, 'valid_scores': [0.8105, 0.7953, 0.8184, 0.8284, 0.8288, 0.8414], 'train_scores': [0.9145, 0.9104, 0.8998, 0.8937, 0.889, 0.8848], 'params': {'learning_rate': 0.17697427494835924, 'min_child_weight': 42, 'max_depth': 3, 'subsample': 1.0, 'colsample_bytree': 0.6, 'reg_lambda': 0.11793181360344399, 'reg_alpha': 0.04587286465583823}}
[32m[I 2021-01-06 15:54:52,499][0m Trial 35 finished with value: 0.8205 and parameters: {'learning_rate': 0.17697427494835924, 'min_child_weight': 42, 'max_depth': 3, 'subsample': 1.0, 'colsample_bytree': 0.6, 'reg_lambda': 0.11793181360344399, 'reg_alpha': 0.04587286465583823}. Best is trial 12 with value: 0.8224.[0m

15.32 sec -- {'mean_score': 0.818, 'valid_scores': [0.8125, 0.772, 0.8227, 0.8297, 0.8287, 0.8425], 'train_scores': [0.9182, 0.9154, 0.9041, 0.8992, 0.8919, 0.8888], 'params': {'learning_rate': 0.14017802437641028, 'min_child_weight': 46, 'max_depth': 4, 'subsample': 1.0, 'colsample_bytree': 1.0, 'reg_lambda': 0.9687474516201988, 'reg_alpha': 0.2667315242176002}}
[32m[I 2021-01-06 15:55:07,891][0m Trial 36 finished with value: 0.818 and parameters: {'learning_rate': 0.14017802437641028, 'min_child_weight': 46, 'max_depth': 4, 'subsample': 1.0, 'colsample_bytree': 1.0, 'reg_lambda': 0.9687474516201988, 'reg_alpha': 0.2667315242176002}. Best is trial 12 with value: 0.8224.[0m

16.52 sec -- {'mean_score': 0.8171, 'valid_scores': [0.8011, 0.7721, 0.823, 0.8296, 0.8296, 0.8471], 'train_scores': [0.9215, 0.9193, 0.9098, 0.9058, 0.8996, 0.8946], 'params': {'learning_rate': 0.13897525607309452, 'min_child_weight': 46, 'max_depth': 5, 'subsample': 0.9, 'colsample_bytree': 0.7, 'reg_lambda': 0.42969665304400473, 'reg_alpha': 0.002842425716414696}}
[32m[I 2021-01-06 15:55:24,503][0m Trial 37 finished with value: 0.8171 and parameters: {'learning_rate': 0.13897525607309452, 'min_child_weight': 46, 'max_depth': 5, 'subsample': 0.9, 'colsample_bytree': 0.7, 'reg_lambda': 0.42969665304400473, 'reg_alpha': 0.002842425716414696}. Best is trial 12 with value: 0.8224.[0m

14.77 sec -- {'mean_score': 0.8216, 'valid_scores': [0.8086, 0.7863, 0.8271, 0.8306, 0.8298, 0.8475], 'train_scores': [0.9196, 0.9159, 0.9068, 0.9003, 0.8939, 0.8912], 'params': {'learning_rate': 0.1554814729461263, 'min_child_weight': 42, 'max_depth': 4, 'subsample': 1.0, 'colsample_bytree': 0.6, 'reg_lambda': 0.8520886676296127, 'reg_alpha': 0.008000659805553659}}
[32m[I 2021-01-06 15:55:39,406][0m Trial 38 finished with value: 0.8216 and parameters: {'learning_rate': 0.1554814729461263, 'min_child_weight': 42, 'max_depth': 4, 'subsample': 1.0, 'colsample_bytree': 0.6, 'reg_lambda': 0.8520886676296127, 'reg_alpha': 0.008000659805553659}. Best is trial 12 with value: 0.8224.[0m

14.89 sec -- {'mean_score': 0.8197, 'valid_scores': [0.8098, 0.7856, 0.8182, 0.8292, 0.8292, 0.8463], 'train_scores': [0.92, 0.9158, 0.9047, 0.902, 0.8963, 0.8904], 'params': {'learning_rate': 0.15984719588575924, 'min_child_weight': 40, 'max_depth': 4, 'subsample': 0.8, 'colsample_bytree': 0.8, 'reg_lambda': 0.013141258031927306, 'reg_alpha': 0.9776587577482646}}
[32m[I 2021-01-06 15:55:54,376][0m Trial 39 finished with value: 0.8197 and parameters: {'learning_rate': 0.15984719588575924, 'min_child_weight': 40, 'max_depth': 4, 'subsample': 0.8, 'colsample_bytree': 0.8, 'reg_lambda': 0.013141258031927306, 'reg_alpha': 0.9776587577482646}. Best is trial 12 with value: 0.8224.[0m

15.08 sec -- {'mean_score': 0.8167, 'valid_scores': [0.8086, 0.7684, 0.8187, 0.8283, 0.8304, 0.8461], 'train_scores': [0.9186, 0.9161, 0.9067, 0.9, 0.8951, 0.8901], 'params': {'learning_rate': 0.17315614486827863, 'min_child_weight': 52, 'max_depth': 4, 'subsample': 0.9, 'colsample_bytree': 0.7, 'reg_lambda': 0.7891304577195016, 'reg_alpha': 0.639442330455468}}
[32m[I 2021-01-06 15:56:09,534][0m Trial 40 finished with value: 0.8167 and parameters: {'learning_rate': 0.17315614486827863, 'min_child_weight': 52, 'max_depth': 4, 'subsample': 0.9, 'colsample_bytree': 0.7, 'reg_lambda': 0.7891304577195016, 'reg_alpha': 0.639442330455468}. Best is trial 12 with value: 0.8224.[0m

15.36 sec -- {'mean_score': 0.8219, 'valid_scores': [0.814, 0.7838, 0.8323, 0.8285, 0.8281, 0.8447], 'train_scores': [0.9214, 0.9179, 0.908, 0.9034, 0.8971, 0.8931], 'params': {'learning_rate': 0.1944453947403554, 'min_child_weight': 44, 'max_depth': 4, 'subsample': 0.9, 'colsample_bytree': 0.6, 'reg_lambda': 0.4824310624626908, 'reg_alpha': 0.0038248918124034557}}
[32m[I 2021-01-06 15:56:25,041][0m Trial 41 finished with value: 0.8219 and parameters: {'learning_rate': 0.1944453947403554, 'min_child_weight': 44, 'max_depth': 4, 'subsample': 0.9, 'colsample_bytree': 0.6, 'reg_lambda': 0.4824310624626908, 'reg_alpha': 0.0038248918124034557}. Best is trial 12 with value: 0.8224.[0m

15.88 sec -- {'mean_score': 0.8204, 'valid_scores': [0.8078, 0.7803, 0.8252, 0.8294, 0.8305, 0.8491], 'train_scores': [0.922, 0.9205, 0.9102, 0.9059, 0.9004, 0.8955], 'params': {'learning_rate': 0.1439277778092509, 'min_child_weight': 42, 'max_depth': 5, 'subsample': 1.0, 'colsample_bytree': 0.6, 'reg_lambda': 0.5209122212594943, 'reg_alpha': 0.0014736219370669523}}
[32m[I 2021-01-06 15:56:41,003][0m Trial 42 finished with value: 0.8204 and parameters: {'learning_rate': 0.1439277778092509, 'min_child_weight': 42, 'max_depth': 5, 'subsample': 1.0, 'colsample_bytree': 0.6, 'reg_lambda': 0.5209122212594943, 'reg_alpha': 0.0014736219370669523}. Best is trial 12 with value: 0.8224.[0m

13.74 sec -- {'mean_score': 0.8187, 'valid_scores': [0.8203, 0.7826, 0.8151, 0.8255, 0.8277, 0.841], 'train_scores': [0.9117, 0.9074, 0.8979, 0.893, 0.8881, 0.8845], 'params': {'learning_rate': 0.16641656056915813, 'min_child_weight': 46, 'max_depth': 3, 'subsample': 0.8, 'colsample_bytree': 0.7, 'reg_lambda': 0.7383332718609129, 'reg_alpha': 0.008659457215714402}}
[32m[I 2021-01-06 15:56:54,832][0m Trial 43 finished with value: 0.8187 and parameters: {'learning_rate': 0.16641656056915813, 'min_child_weight': 46, 'max_depth': 3, 'subsample': 0.8, 'colsample_bytree': 0.7, 'reg_lambda': 0.7383332718609129, 'reg_alpha': 0.008659457215714402}. Best is trial 12 with value: 0.8224.[0m

14.91 sec -- {'mean_score': 0.8214, 'valid_scores': [0.8084, 0.7827, 0.8297, 0.832, 0.828, 0.8479], 'train_scores': [0.9195, 0.9171, 0.9082, 0.9021, 0.8949, 0.8909], 'params': {'learning_rate': 0.17282274141482018, 'min_child_weight': 42, 'max_depth': 4, 'subsample': 0.9, 'colsample_bytree': 0.6, 'reg_lambda': 0.63479678941688, 'reg_alpha': 0.0009653270724640176}}
[32m[I 2021-01-06 15:57:09,819][0m Trial 44 finished with value: 0.8214 and parameters: {'learning_rate': 0.17282274141482018, 'min_child_weight': 42, 'max_depth': 4, 'subsample': 0.9, 'colsample_bytree': 0.6, 'reg_lambda': 0.63479678941688, 'reg_alpha': 0.0009653270724640176}. Best is trial 12 with value: 0.8224.[0m

13.86 sec -- {'mean_score': 0.8168, 'valid_scores': [0.8236, 0.7846, 0.8064, 0.8233, 0.8222, 0.8404], 'train_scores': [0.9017, 0.9008, 0.8918, 0.8885, 0.8824, 0.8762], 'params': {'learning_rate': 0.11252391193526763, 'min_child_weight': 80, 'max_depth': 3, 'subsample': 0.6, 'colsample_bytree': 0.6, 'reg_lambda': 0.7018704074079894, 'reg_alpha': 0.00010417477201846489}}
[32m[I 2021-01-06 15:57:23,759][0m Trial 45 finished with value: 0.8168 and parameters: {'learning_rate': 0.11252391193526763, 'min_child_weight': 80, 'max_depth': 3, 'subsample': 0.6, 'colsample_bytree': 0.6, 'reg_lambda': 0.7018704074079894, 'reg_alpha': 0.00010417477201846489}. Best is trial 12 with value: 0.8224.[0m

14.0 sec -- {'mean_score': 0.7962, 'valid_scores': [0.7769, 0.7821, 0.7647, 0.8118, 0.8145, 0.827], 'train_scores': [0.8667, 0.8758, 0.8667, 0.8692, 0.8626, 0.8568], 'params': {'learning_rate': 0.022815937993491964, 'min_child_weight': 60, 'max_depth': 3, 'subsample': 0.8, 'colsample_bytree': 0.7, 'reg_lambda': 0.02726307614075782, 'reg_alpha': 0.0003396672106409748}}
[32m[I 2021-01-06 15:57:37,833][0m Trial 46 finished with value: 0.7962 and parameters: {'learning_rate': 0.022815937993491964, 'min_child_weight': 60, 'max_depth': 3, 'subsample': 0.8, 'colsample_bytree': 0.7, 'reg_lambda': 0.02726307614075782, 'reg_alpha': 0.0003396672106409748}. Best is trial 12 with value: 0.8224.[0m

15.01 sec -- {'mean_score': 0.8195, 'valid_scores': [0.8186, 0.7811, 0.8174, 0.8286, 0.8288, 0.8423], 'train_scores': [0.9204, 0.9161, 0.9054, 0.9029, 0.8957, 0.8927], 'params': {'learning_rate': 0.17661420768567127, 'min_child_weight': 46, 'max_depth': 4, 'subsample': 0.9, 'colsample_bytree': 0.8, 'reg_lambda': 0.1412161598731248, 'reg_alpha': 0.3219129277898476}}
[32m[I 2021-01-06 15:57:52,920][0m Trial 47 finished with value: 0.8195 and parameters: {'learning_rate': 0.17661420768567127, 'min_child_weight': 46, 'max_depth': 4, 'subsample': 0.9, 'colsample_bytree': 0.8, 'reg_lambda': 0.1412161598731248, 'reg_alpha': 0.3219129277898476}. Best is trial 12 with value: 0.8224.[0m

13.54 sec -- {'mean_score': 0.8182, 'valid_scores': [0.8144, 0.788, 0.811, 0.8259, 0.827, 0.8431], 'train_scores': [0.9068, 0.9036, 0.8932, 0.8902, 0.883, 0.8802], 'params': {'learning_rate': 0.11600048258589961, 'min_child_weight': 50, 'max_depth': 3, 'subsample': 1.0, 'colsample_bytree': 0.6, 'reg_lambda': 0.2370991942570862, 'reg_alpha': 0.0008697819295995278}}
[32m[I 2021-01-06 15:58:06,540][0m Trial 48 finished with value: 0.8182 and parameters: {'learning_rate': 0.11600048258589961, 'min_child_weight': 50, 'max_depth': 3, 'subsample': 1.0, 'colsample_bytree': 0.6, 'reg_lambda': 0.2370991942570862, 'reg_alpha': 0.0008697819295995278}. Best is trial 12 with value: 0.8224.[0m

15.13 sec -- {'mean_score': 0.82, 'valid_scores': [0.824, 0.7868, 0.8115, 0.8284, 0.8253, 0.8441], 'train_scores': [0.915, 0.913, 0.9023, 0.897, 0.8927, 0.8885], 'params': {'learning_rate': 0.15323115726780445, 'min_child_weight': 80, 'max_depth': 4, 'subsample': 1.0, 'colsample_bytree': 1.0, 'reg_lambda': 0.44708268865689715, 'reg_alpha': 0.00018085565505758177}}
