[32m[I 2021-01-05 15:05:49,948][0m Trial 49 finished with value: 0.8103 and parameters: {'learning_rate': 0.17050851033487588, 'min_child_weight': 56, 'max_depth': 2, 'subsample': 0.8, 'colsample_bytree': 0.8, 'reg_lambda': 0.5580053437486426, 'reg_alpha': 0.1324261864991605}. Best is trial 24 with value: 0.8197.[0m

[
    {
        "score": 0.8197,
        "params": {
            "learning_rate": 0.18519862657023034,
            "min_child_weight": 40,
            "max_depth": 4,
            "subsample": 1.0,
            "colsample_bytree": 0.8,
            "reg_lambda": 0.09675104014071763,
            "reg_alpha": 0.00018758373219706503
        }
    },
    {
        "score": 0.8177,
        "params": {
            "learning_rate": 0.1969612640858381,
            "min_child_weight": 40,
            "max_depth": 3,
            "subsample": 0.8,
            "colsample_bytree": 0.8,
            "reg_lambda": 0.010377462507953098,
            "reg_alpha": 0.00015581932345770316
        }
    },
    {
        "score": 0.8159,
        "params": {
            "learning_rate": 0.18797257148064678,
            "min_child_weight": 42,
            "max_depth": 3,
            "subsample": 0.8,
            "colsample_bytree": 1.0,
            "reg_lambda": 0.03960789058047119,
            "reg_alpha": 0.00020917197046679977
        }
    },
    {
        "score": 0.8152,
        "params": {
            "learning_rate": 0.19434965202234206,
            "min_child_weight": 56,
            "max_depth": 3,
            "subsample": 0.8,
            "colsample_bytree": 0.8,
            "reg_lambda": 0.32193718557510875,
            "reg_alpha": 0.2364961199860935
        }
    },
    {
        "score": 0.8144,
        "params": {
            "learning_rate": 0.18198888236411961,
            "min_child_weight": 42,
            "max_depth": 4,
            "subsample": 0.9,
            "colsample_bytree": 0.8,
            "reg_lambda": 0.7366643725863269,
            "reg_alpha": 0.8403860239366948
        }
    },
    {
        "score": 0.8144,
        "params": {
            "learning_rate": 0.1548682803998105,
            "min_child_weight": 50,
            "max_depth": 4,
            "subsample": 0.9,
            "colsample_bytree": 0.9,
            "reg_lambda": 0.5621300043685007,
            "reg_alpha": 0.9055909828566309
        }
    },
    {
        "score": 0.8142,
        "params": {
            "learning_rate": 0.17684542096598643,
            "min_child_weight": 42,
            "max_depth": 4,
            "subsample": 1.0,
            "colsample_bytree": 0.6,
            "reg_lambda": 0.20560262519962955,
            "reg_alpha": 0.020287356364853463
        }
    },
    {
        "score": 0.814,
        "params": {
            "learning_rate": 0.1423825028785342,
            "min_child_weight": 40,
            "max_depth": 3,
            "subsample": 1.0,
            "colsample_bytree": 0.6,
            "reg_lambda": 0.8391844610202192,
            "reg_alpha": 0.01835221187175492
        }
    },
    {
        "score": 0.8139,
        "params": {
            "learning_rate": 0.15750808544621558,
            "min_child_weight": 48,
            "max_depth": 4,
            "subsample": 0.8,
            "colsample_bytree": 0.9,
            "reg_lambda": 0.01896674223633496,
            "reg_alpha": 0.00034942821549686107
        }
    },
    {
        "score": 0.8137,
        "params": {
            "learning_rate": 0.1874735487935411,
            "min_child_weight": 42,
            "max_depth": 5,
            "subsample": 1.0,
            "colsample_bytree": 0.6,
            "reg_lambda": 0.32834521973320147,
            "reg_alpha": 0.0028167556076403137
        }
    },
    {
        "score": 0.8134,
        "params": {
            "learning_rate": 0.13745424460862926,
            "min_child_weight": 46,
            "max_depth": 3,
            "subsample": 1.0,
            "colsample_bytree": 0.8,
            "reg_lambda": 0.08156344672397975,
            "reg_alpha": 0.00017513921407830442
        }
    },
    {
        "score": 0.8134,
        "params": {
            "learning_rate": 0.17363995742282,
            "min_child_weight": 42,
            "max_depth": 3,
            "subsample": 1.0,
            "colsample_bytree": 0.9,
            "reg_lambda": 0.015166996910475,
            "reg_alpha": 0.00018121979047060554
        }
    },
    {
        "score": 0.8131,
        "params": {
            "learning_rate": 0.1806117817431547,
            "min_child_weight": 44,
            "max_depth": 4,
            "subsample": 0.6,
            "colsample_bytree": 0.8,
            "reg_lambda": 0.0017111321329748835,
            "reg_alpha": 0.0005058617750901509
        }
    },
    {
        "score": 0.813,
        "params": {
            "learning_rate": 0.13672974847348687,
            "min_child_weight": 40,
            "max_depth": 3,
            "subsample": 1.0,
            "colsample_bytree": 0.6,
            "reg_lambda": 0.003830649815662216,
            "reg_alpha": 0.0018398508648471148
        }
    },
    {
        "score": 0.8129,
        "params": {
            "learning_rate": 0.19779810687551813,
            "min_child_weight": 44,
            "max_depth": 4,
            "subsample": 0.7,
            "colsample_bytree": 1.0,
            "reg_lambda": 0.3509128099526369,
            "reg_alpha": 0.0009345117419373918
        }
    },
    {
        "score": 0.8127,
        "params": {
            "learning_rate": 0.19554622621433693,
            "min_child_weight": 44,
            "max_depth": 4,
            "subsample": 0.9,
            "colsample_bytree": 0.8,
            "reg_lambda": 0.0555191642042583,
            "reg_alpha": 0.765061992178879
        }
    },
    {
        "score": 0.8127,
        "params": {
            "learning_rate": 0.18879956358681238,
            "min_child_weight": 52,
            "max_depth": 5,
            "subsample": 1.0,
            "colsample_bytree": 0.6,
            "reg_lambda": 0.19148341054431392,
            "reg_alpha": 0.0011827137841226047
        }
    },
    {
        "score": 0.8119,
        "params": {
            "learning_rate": 0.14413964973454985,
            "min_child_weight": 48,
            "max_depth": 4,
            "subsample": 1.0,
            "colsample_bytree": 0.9,
            "reg_lambda": 0.37557874564913424,
            "reg_alpha": 0.05636492627942846
        }
    },
    {
        "score": 0.8117,
        "params": {
            "learning_rate": 0.1142745657461917,
            "min_child_weight": 40,
            "max_depth": 4,
            "subsample": 1.0,
            "colsample_bytree": 1.0,
            "reg_lambda": 0.031207198770106425,
            "reg_alpha": 0.0034476790445206584
        }
    },
    {
        "score": 0.8116,
        "params": {
            "learning_rate": 0.1347873505399716,
            "min_child_weight": 54,
            "max_depth": 4,
            "subsample": 0.9,
            "colsample_bytree": 0.6,
            "reg_lambda": 0.44517536698488597,
            "reg_alpha": 0.024028792404326326
        }
    },
    {
        "score": 0.8114,
        "params": {
            "learning_rate": 0.1771346981908623,
            "min_child_weight": 42,
            "max_depth": 4,
            "subsample": 0.8,
            "colsample_bytree": 0.8,
            "reg_lambda": 0.5748000723685825,
            "reg_alpha": 0.5669745869597612
        }
    },
    {
        "score": 0.8112,
        "params": {
            "learning_rate": 0.18059675532144603,
            "min_child_weight": 42,
            "max_depth": 3,
            "subsample": 1.0,
            "colsample_bytree": 0.7,
            "reg_lambda": 0.06560372698621812,
            "reg_alpha": 0.0007504726270158606
        }
    },
    {
        "score": 0.811,
        "params": {
            "learning_rate": 0.14429121411848567,
            "min_child_weight": 58,
            "max_depth": 3,
            "subsample": 0.8,
            "colsample_bytree": 1.0,
            "reg_lambda": 0.33930481828017245,
            "reg_alpha": 0.08531378374395651
        }
    },
    {
        "score": 0.8109,
        "params": {
            "learning_rate": 0.14954142260884185,
            "min_child_weight": 66,
            "max_depth": 3,
            "subsample": 0.7,
            "colsample_bytree": 0.8,
            "reg_lambda": 0.15532102446552376,
            "reg_alpha": 0.1025107416681846
        }
    },
    {
        "score": 0.8108,
        "params": {
            "learning_rate": 0.19777645922845433,
            "min_child_weight": 44,
            "max_depth": 4,
            "subsample": 1.0,
            "colsample_bytree": 0.6,
            "reg_lambda": 0.20022897672349665,
            "reg_alpha": 0.026929890609408126
        }
    },
    {
        "score": 0.8108,
        "params": {
            "learning_rate": 0.18160561532463892,
            "min_child_weight": 50,
            "max_depth": 5,
            "subsample": 1.0,
            "colsample_bytree": 0.9,
            "reg_lambda": 0.049256276274808546,
            "reg_alpha": 0.0002982592127098154
        }
    },
    {
        "score": 0.8106,
        "params": {
            "learning_rate": 0.15682447964568652,
            "min_child_weight": 40,
            "max_depth": 3,
            "subsample": 0.8,
            "colsample_bytree": 1.0,
            "reg_lambda": 0.03607621314827456,
            "reg_alpha": 0.00011974688089428434
        }
    },
    {
        "score": 0.8103,
        "params": {
            "learning_rate": 0.1660475463984556,
            "min_child_weight": 42,
            "max_depth": 3,
            "subsample": 0.8,
            "colsample_bytree": 0.8,
            "reg_lambda": 0.003020544923262077,
            "reg_alpha": 0.00010209069681185962
        }
    },
    {
        "score": 0.8103,
        "params": {
            "learning_rate": 0.17050851033487588,
            "min_child_weight": 56,
            "max_depth": 2,
            "subsample": 0.8,
            "colsample_bytree": 0.8,
            "reg_lambda": 0.5580053437486426,
            "reg_alpha": 0.1324261864991605
        }
    },
    {
        "score": 0.8102,
        "params": {
            "learning_rate": 0.1721005242488122,
            "min_child_weight": 52,
            "max_depth": 2,
            "subsample": 0.8,
            "colsample_bytree": 1.0,
            "reg_lambda": 0.021678398219722447,
            "reg_alpha": 0.00033454655685649437
        }
    },
    {
        "score": 0.81,
        "params": {
            "learning_rate": 0.1180024502850432,
            "min_child_weight": 40,
            "max_depth": 5,
            "subsample": 0.9,
            "colsample_bytree": 0.9,
            "reg_lambda": 0.02935864364395359,
            "reg_alpha": 0.5956516018710561
        }
    },
    {
        "score": 0.81,
        "params": {
            "learning_rate": 0.14073035672970796,
            "min_child_weight": 44,
            "max_depth": 5,
            "subsample": 1.0,
            "colsample_bytree": 0.6,
            "reg_lambda": 0.0812127967598333,
            "reg_alpha": 0.03391715549781024
        }
    },
    {
        "score": 0.8099,
        "params": {
            "learning_rate": 0.1974977702141087,
            "min_child_weight": 40,
            "max_depth": 4,
            "subsample": 1.0,
            "colsample_bytree": 0.8,
            "reg_lambda": 0.6812388759408445,
            "reg_alpha": 0.00015961500731976038
        }
    },
    {
        "score": 0.8099,
        "params": {
            "learning_rate": 0.15471625801697814,
            "min_child_weight": 42,
            "max_depth": 5,
            "subsample": 0.9,
            "colsample_bytree": 0.7,
            "reg_lambda": 0.714866714124101,
            "reg_alpha": 0.6774851794789615
        }
    },
    {
        "score": 0.8095,
        "params": {
            "learning_rate": 0.0862959430333406,
            "min_child_weight": 40,
            "max_depth": 5,
            "subsample": 1.0,
            "colsample_bytree": 1.0,
            "reg_lambda": 0.014584782215127436,
            "reg_alpha": 0.14657839106487416
        }
    },
    {
        "score": 0.8094,
        "params": {
            "learning_rate": 0.18487131307982024,
            "min_child_weight": 54,
            "max_depth": 3,
            "subsample": 1.0,
            "colsample_bytree": 0.7,
            "reg_lambda": 0.0016028766650949434,
            "reg_alpha": 0.2728954176409885
        }
    },
    {
        "score": 0.8093,
        "params": {
            "learning_rate": 0.07804891172420975,
            "min_child_weight": 40,
            "max_depth": 4,
            "subsample": 0.7,
            "colsample_bytree": 0.8,
            "reg_lambda": 0.005680754927416799,
            "reg_alpha": 0.898452977392254
        }
    },
    {
        "score": 0.8091,
        "params": {
            "learning_rate": 0.17901089862472797,
            "min_child_weight": 62,
            "max_depth": 5,
            "subsample": 1.0,
            "colsample_bytree": 0.9,
            "reg_lambda": 0.2300341829374248,
            "reg_alpha": 0.3640685861948558
        }
    },
    {
        "score": 0.8085,
        "params": {
            "learning_rate": 0.12058376049427035,
            "min_child_weight": 40,
            "max_depth": 3,
            "subsample": 0.8,
            "colsample_bytree": 0.7,
            "reg_lambda": 0.12500712230836253,
            "reg_alpha": 0.006677306766018313
        }
    },
    {
        "score": 0.8083,
        "params": {
            "learning_rate": 0.12318304511522944,
            "min_child_weight": 44,
            "max_depth": 3,
            "subsample": 1.0,
            "colsample_bytree": 0.7,
            "reg_lambda": 0.24752753292426963,
            "reg_alpha": 0.9037105930428478
        }
    },
    {
        "score": 0.8083,
        "params": {
            "learning_rate": 0.1805912768264217,
            "min_child_weight": 40,
            "max_depth": 2,
            "subsample": 0.8,
            "colsample_bytree": 0.9,
            "reg_lambda": 0.034285529313880486,
            "reg_alpha": 0.0018633075265605623
        }
    },
    {
        "score": 0.808,
        "params": {
            "learning_rate": 0.08092380707726814,
            "min_child_weight": 40,
            "max_depth": 3,
            "subsample": 0.8,
            "colsample_bytree": 1.0,
            "reg_lambda": 0.4549061330194086,
            "reg_alpha": 0.320765491835752
        }
    },
    {
        "score": 0.8069,
        "params": {
            "learning_rate": 0.13954585682966186,
            "min_child_weight": 42,
            "max_depth": 2,
            "subsample": 0.6,
            "colsample_bytree": 1.0,
            "reg_lambda": 0.04097888554188057,
            "reg_alpha": 0.00048265670146304085
        }
    },
    {
        "score": 0.8067,
        "params": {
            "learning_rate": 0.16885496507210174,
            "min_child_weight": 56,
            "max_depth": 2,
            "subsample": 0.9,
            "colsample_bytree": 0.7,
            "reg_lambda": 0.673939072374977,
            "reg_alpha": 0.00036425298685704717
        }
    },
    {
        "score": 0.8059,
        "params": {
            "learning_rate": 0.06653157524344973,
            "min_child_weight": 64,
            "max_depth": 3,
            "subsample": 0.8,
            "colsample_bytree": 1.0,
            "reg_lambda": 0.0083158891098993,
            "reg_alpha": 0.0037251107093914
        }
    },
    {
        "score": 0.8044,
        "params": {
            "learning_rate": 0.13659123710106869,
            "min_child_weight": 42,
            "max_depth": 2,
            "subsample": 1.0,
            "colsample_bytree": 0.9,
            "reg_lambda": 0.0004972639443473726,
            "reg_alpha": 0.0008561775644728102
        }
    },
    {
        "score": 0.804,
        "params": {
            "learning_rate": 0.029388514042125335,
            "min_child_weight": 80,
            "max_depth": 4,
            "subsample": 1.0,
            "colsample_bytree": 0.8,
            "reg_lambda": 0.004544376997725275,
            "reg_alpha": 0.007921182314424565
        }
    },
    {
        "score": 0.7799,
        "params": {
            "learning_rate": 0.17531657908810291,
            "min_child_weight": 46,
            "max_depth": 1,
            "subsample": 1.0,
            "colsample_bytree": 0.8,
            "reg_lambda": 0.05194193452752135,
            "reg_alpha": 0.07630106835260413
        }
    },
    {
        "score": 0.772,
        "params": {
            "learning_rate": 0.12846691921505496,
            "min_child_weight": 70,
            "max_depth": 1,
            "subsample": 0.6,
            "colsample_bytree": 0.6,
            "reg_lambda": 0.0029846999797850868,
            "reg_alpha": 0.19229718174853677
        }
    },
    {
        "score": 0.7612,
        "params": {
            "learning_rate": 0.08205579301315773,
            "min_child_weight": 52,
            "max_depth": 1,
            "subsample": 0.8,
            "colsample_bytree": 1.0,
            "reg_lambda": 0.0005299433798913938,
            "reg_alpha": 0.5894138630915994
        }
    }
]
