[32m[I 2021-01-06 15:35:58,584][0m Trial 49 finished with value: -19.5504 and parameters: {'learning_rate': 0.04411242231152366, 'min_child_weight': 40, 'max_depth': 5, 'subsample': 0.6, 'colsample_bytree': 0.8, 'reg_lambda': 0.05058335749580563, 'reg_alpha': 0.028698224530168407}. Best is trial 38 with value: -18.3447.[0m

[
    {
        "score": -18.3447,
        "params": {
            "learning_rate": 0.056866280605945216,
            "min_child_weight": 46,
            "max_depth": 9,
            "subsample": 0.8,
            "colsample_bytree": 0.8,
            "reg_lambda": 0.03313984738678018,
            "reg_alpha": 0.00039008551406473764
        }
    },
    {
        "score": -18.4007,
        "params": {
            "learning_rate": 0.04059884490987421,
            "min_child_weight": 38,
            "max_depth": 11,
            "subsample": 0.6,
            "colsample_bytree": 0.8,
            "reg_lambda": 0.014693818280466826,
            "reg_alpha": 0.016581730641932416
        }
    },
    {
        "score": -18.407,
        "params": {
            "learning_rate": 0.03576278984358139,
            "min_child_weight": 50,
            "max_depth": 10,
            "subsample": 0.7,
            "colsample_bytree": 0.9000000000000001,
            "reg_lambda": 0.01673394378568424,
            "reg_alpha": 0.0015915408973721957
        }
    },
    {
        "score": -18.4144,
        "params": {
            "learning_rate": 0.04419156728379664,
            "min_child_weight": 40,
            "max_depth": 9,
            "subsample": 0.6,
            "colsample_bytree": 0.9000000000000001,
            "reg_lambda": 0.010932951058621196,
            "reg_alpha": 0.03816855415483911
        }
    },
    {
        "score": -18.4345,
        "params": {
            "learning_rate": 0.0638128777747823,
            "min_child_weight": 42,
            "max_depth": 10,
            "subsample": 0.7,
            "colsample_bytree": 0.9000000000000001,
            "reg_lambda": 0.014910635390894843,
            "reg_alpha": 0.005395633686532015
        }
    },
    {
        "score": -18.4404,
        "params": {
            "learning_rate": 0.05582036499986924,
            "min_child_weight": 50,
            "max_depth": 9,
            "subsample": 0.7,
            "colsample_bytree": 1.0,
            "reg_lambda": 0.0030467800919461506,
            "reg_alpha": 0.02604121647599482
        }
    },
    {
        "score": -18.4409,
        "params": {
            "learning_rate": 0.05173845487611442,
            "min_child_weight": 44,
            "max_depth": 12,
            "subsample": 0.6,
            "colsample_bytree": 0.4,
            "reg_lambda": 0.00040483785282407727,
            "reg_alpha": 0.06286757433188331
        }
    },
    {
        "score": -18.4625,
        "params": {
            "learning_rate": 0.055020719251905964,
            "min_child_weight": 50,
            "max_depth": 10,
            "subsample": 0.6,
            "colsample_bytree": 0.6000000000000001,
            "reg_lambda": 0.0001749568846450561,
            "reg_alpha": 0.0046108043392005926
        }
    },
    {
        "score": -18.4879,
        "params": {
            "learning_rate": 0.03880112871757692,
            "min_child_weight": 44,
            "max_depth": 10,
            "subsample": 0.8,
            "colsample_bytree": 0.9000000000000001,
            "reg_lambda": 0.02137504871268921,
            "reg_alpha": 0.0006418826063660381
        }
    },
    {
        "score": -18.5055,
        "params": {
            "learning_rate": 0.05978434575220518,
            "min_child_weight": 42,
            "max_depth": 14,
            "subsample": 0.7,
            "colsample_bytree": 0.8,
            "reg_lambda": 0.005058840281771076,
            "reg_alpha": 0.024013563325734406
        }
    },
    {
        "score": -18.5059,
        "params": {
            "learning_rate": 0.045957944112049315,
            "min_child_weight": 30,
            "max_depth": 9,
            "subsample": 0.6,
            "colsample_bytree": 1.0,
            "reg_lambda": 0.0025524290921690733,
            "reg_alpha": 0.029858259702346377
        }
    },
    {
        "score": -18.5255,
        "params": {
            "learning_rate": 0.13071326207479184,
            "min_child_weight": 46,
            "max_depth": 10,
            "subsample": 0.5,
            "colsample_bytree": 1.0,
            "reg_lambda": 0.04632839498899786,
            "reg_alpha": 0.0018500586988987112
        }
    },
    {
        "score": -18.544,
        "params": {
            "learning_rate": 0.031594147293654756,
            "min_child_weight": 42,
            "max_depth": 11,
            "subsample": 0.7,
            "colsample_bytree": 0.4,
            "reg_lambda": 0.0003296477196222858,
            "reg_alpha": 0.041233905543389265
        }
    },
    {
        "score": -18.5457,
        "params": {
            "learning_rate": 0.05689827774515697,
            "min_child_weight": 34,
            "max_depth": 9,
            "subsample": 0.8,
            "colsample_bytree": 0.8,
            "reg_lambda": 0.0005423455882400282,
            "reg_alpha": 0.07035741665628042
        }
    },
    {
        "score": -18.5554,
        "params": {
            "learning_rate": 0.052980396741730086,
            "min_child_weight": 50,
            "max_depth": 8,
            "subsample": 0.6,
            "colsample_bytree": 0.6000000000000001,
            "reg_lambda": 0.0007337322321384352,
            "reg_alpha": 0.013035173643236102
        }
    },
    {
        "score": -18.5848,
        "params": {
            "learning_rate": 0.038367499402849156,
            "min_child_weight": 24,
            "max_depth": 8,
            "subsample": 0.6,
            "colsample_bytree": 0.8,
            "reg_lambda": 0.00011850957093581623,
            "reg_alpha": 0.05644021201635539
        }
    },
    {
        "score": -18.6068,
        "params": {
            "learning_rate": 0.09751320818019298,
            "min_child_weight": 46,
            "max_depth": 9,
            "subsample": 0.5,
            "colsample_bytree": 0.7,
            "reg_lambda": 0.0005711054027488896,
            "reg_alpha": 0.0030369961803739954
        }
    },
    {
        "score": -18.6158,
        "params": {
            "learning_rate": 0.028775219643735625,
            "min_child_weight": 46,
            "max_depth": 14,
            "subsample": 0.5,
            "colsample_bytree": 0.5,
            "reg_lambda": 0.0001666166949410904,
            "reg_alpha": 0.00540394888824087
        }
    },
    {
        "score": -18.6204,
        "params": {
            "learning_rate": 0.08641169406075434,
            "min_child_weight": 44,
            "max_depth": 9,
            "subsample": 0.7,
            "colsample_bytree": 0.8,
            "reg_lambda": 0.00012265741761309228,
            "reg_alpha": 0.6302991440317968
        }
    },
    {
        "score": -18.63,
        "params": {
            "learning_rate": 0.09980060775493099,
            "min_child_weight": 46,
            "max_depth": 10,
            "subsample": 0.5,
            "colsample_bytree": 0.9000000000000001,
            "reg_lambda": 0.23855927585909636,
            "reg_alpha": 0.00319719870234322
        }
    },
    {
        "score": -18.6338,
        "params": {
            "learning_rate": 0.03179278292421941,
            "min_child_weight": 44,
            "max_depth": 14,
            "subsample": 0.7,
            "colsample_bytree": 0.5,
            "reg_lambda": 0.00020290359132726842,
            "reg_alpha": 0.17753561531412854
        }
    },
    {
        "score": -18.6428,
        "params": {
            "learning_rate": 0.06805914978377557,
            "min_child_weight": 44,
            "max_depth": 9,
            "subsample": 0.5,
            "colsample_bytree": 0.4,
            "reg_lambda": 0.0004479743270894806,
            "reg_alpha": 0.21611192140084287
        }
    },
    {
        "score": -18.6555,
        "params": {
            "learning_rate": 0.10077128622186902,
            "min_child_weight": 50,
            "max_depth": 6,
            "subsample": 0.6,
            "colsample_bytree": 1.0,
            "reg_lambda": 0.016420080607978792,
            "reg_alpha": 0.008676184776246869
        }
    },
    {
        "score": -18.6601,
        "params": {
            "learning_rate": 0.06653157524344973,
            "min_child_weight": 34,
            "max_depth": 11,
            "subsample": 0.7,
            "colsample_bytree": 0.9000000000000001,
            "reg_lambda": 0.0083158891098993,
            "reg_alpha": 0.0037251107093914
        }
    },
    {
        "score": -18.6712,
        "params": {
            "learning_rate": 0.0386325119947038,
            "min_child_weight": 32,
            "max_depth": 11,
            "subsample": 0.9,
            "colsample_bytree": 1.0,
            "reg_lambda": 0.0002662989546738414,
            "reg_alpha": 0.012044075572547396
        }
    },
    {
        "score": -18.6928,
        "params": {
            "learning_rate": 0.07698931848444254,
            "min_child_weight": 48,
            "max_depth": 8,
            "subsample": 0.6,
            "colsample_bytree": 0.4,
            "reg_lambda": 0.00010456890464736593,
            "reg_alpha": 0.0002444123071708052
        }
    },
    {
        "score": -18.7011,
        "params": {
            "learning_rate": 0.07057927542911926,
            "min_child_weight": 50,
            "max_depth": 15,
            "subsample": 0.8,
            "colsample_bytree": 1.0,
            "reg_lambda": 0.07586234993284206,
            "reg_alpha": 0.009315897618783873
        }
    },
    {
        "score": -18.7452,
        "params": {
            "learning_rate": 0.053239849355509294,
            "min_child_weight": 42,
            "max_depth": 8,
            "subsample": 0.9,
            "colsample_bytree": 0.9000000000000001,
            "reg_lambda": 0.02489658842094474,
            "reg_alpha": 0.4875868582734957
        }
    },
    {
        "score": -18.812,
        "params": {
            "learning_rate": 0.14647747536355893,
            "min_child_weight": 50,
            "max_depth": 15,
            "subsample": 0.5,
            "colsample_bytree": 1.0,
            "reg_lambda": 0.005671442282922908,
            "reg_alpha": 0.00018570290448133075
        }
    },
    {
        "score": -18.8779,
        "params": {
            "learning_rate": 0.18533312456035822,
            "min_child_weight": 32,
            "max_depth": 10,
            "subsample": 0.5,
            "colsample_bytree": 1.0,
            "reg_lambda": 0.11215447559316138,
            "reg_alpha": 0.08281179848756519
        }
    },
    {
        "score": -18.9424,
        "params": {
            "learning_rate": 0.05644086248030453,
            "min_child_weight": 40,
            "max_depth": 14,
            "subsample": 0.9,
            "colsample_bytree": 0.5,
            "reg_lambda": 0.12983205406736173,
            "reg_alpha": 0.6284695113453541
        }
    },
    {
        "score": -18.9462,
        "params": {
            "learning_rate": 0.14491382887582097,
            "min_child_weight": 46,
            "max_depth": 13,
            "subsample": 0.5,
            "colsample_bytree": 0.9000000000000001,
            "reg_lambda": 0.018089251528620152,
            "reg_alpha": 0.019578991819159723
        }
    },
    {
        "score": -19.052,
        "params": {
            "learning_rate": 0.09558372846388177,
            "min_child_weight": 40,
            "max_depth": 7,
            "subsample": 0.8,
            "colsample_bytree": 0.7,
            "reg_lambda": 0.17125657787336718,
            "reg_alpha": 0.0004890615969308644
        }
    },
    {
        "score": -19.078,
        "params": {
            "learning_rate": 0.1142745657461917,
            "min_child_weight": 10,
            "max_depth": 4,
            "subsample": 1.0,
            "colsample_bytree": 0.9000000000000001,
            "reg_lambda": 0.031207198770106425,
            "reg_alpha": 0.0034476790445206584
        }
    },
    {
        "score": -19.0906,
        "params": {
            "learning_rate": 0.18661383821734961,
            "min_child_weight": 36,
            "max_depth": 10,
            "subsample": 0.5,
            "colsample_bytree": 0.9000000000000001,
            "reg_lambda": 0.5323573010905299,
            "reg_alpha": 0.0004016872720246152
        }
    },
    {
        "score": -19.1082,
        "params": {
            "learning_rate": 0.1180024502850432,
            "min_child_weight": 10,
            "max_depth": 5,
            "subsample": 0.8,
            "colsample_bytree": 0.7,
            "reg_lambda": 0.02935864364395359,
            "reg_alpha": 0.5956516018710561
        }
    },
    {
        "score": -19.2324,
        "params": {
            "learning_rate": 0.021926655781741487,
            "min_child_weight": 42,
            "max_depth": 9,
            "subsample": 0.8,
            "colsample_bytree": 0.4,
            "reg_lambda": 0.0006413581875635274,
            "reg_alpha": 0.007640951533466434
        }
    },
    {
        "score": -19.2363,
        "params": {
            "learning_rate": 0.052234399235994544,
            "min_child_weight": 42,
            "max_depth": 5,
            "subsample": 0.8,
            "colsample_bytree": 0.6000000000000001,
            "reg_lambda": 0.014937564817321336,
            "reg_alpha": 0.007073311526582257
        }
    },
    {
        "score": -19.2638,
        "params": {
            "learning_rate": 0.14278565516283614,
            "min_child_weight": 42,
            "max_depth": 11,
            "subsample": 0.6,
            "colsample_bytree": 0.6000000000000001,
            "reg_lambda": 0.023923546212390994,
            "reg_alpha": 0.0016888586365996954
        }
    },
    {
        "score": -19.3292,
        "params": {
            "learning_rate": 0.10794062222466425,
            "min_child_weight": 24,
            "max_depth": 4,
            "subsample": 0.9,
            "colsample_bytree": 1.0,
            "reg_lambda": 0.00029862709056121856,
            "reg_alpha": 0.31407277451591636
        }
    },
    {
        "score": -19.345,
        "params": {
            "learning_rate": 0.19220036103865887,
            "min_child_weight": 40,
            "max_depth": 5,
            "subsample": 0.5,
            "colsample_bytree": 0.8,
            "reg_lambda": 0.0010307810128023646,
            "reg_alpha": 0.007332348382056162
        }
    },
    {
        "score": -19.4814,
        "params": {
            "learning_rate": 0.07804891172420975,
            "min_child_weight": 10,
            "max_depth": 15,
            "subsample": 0.8,
            "colsample_bytree": 0.5,
            "reg_lambda": 0.00014246287546874315,
            "reg_alpha": 0.03444262409555021
        }
    },
    {
        "score": -19.5504,
        "params": {
            "learning_rate": 0.04411242231152366,
            "min_child_weight": 40,
            "max_depth": 5,
            "subsample": 0.6,
            "colsample_bytree": 0.8,
            "reg_lambda": 0.05058335749580563,
            "reg_alpha": 0.028698224530168407
        }
    },
    {
        "score": -19.6717,
        "params": {
            "learning_rate": 0.15412914196720584,
            "min_child_weight": 34,
            "max_depth": 7,
            "subsample": 0.8,
            "colsample_bytree": 1.0,
            "reg_lambda": 0.02084317399940959,
            "reg_alpha": 0.00015923210618257107
        }
    },
    {
        "score": -19.8074,
        "params": {
            "learning_rate": 0.12058376049427035,
            "min_child_weight": 10,
            "max_depth": 11,
            "subsample": 0.7,
            "colsample_bytree": 0.5,
            "reg_lambda": 0.12500712230836253,
            "reg_alpha": 0.006677306766018313
        }
    },
    {
        "score": -19.8198,
        "params": {
            "learning_rate": 0.09391924561132119,
            "min_child_weight": 38,
            "max_depth": 3,
            "subsample": 0.6,
            "colsample_bytree": 0.5,
            "reg_lambda": 0.00012137757849131129,
            "reg_alpha": 0.025771516622139327
        }
    },
    {
        "score": -19.8628,
        "params": {
            "learning_rate": 0.17531657908810291,
            "min_child_weight": 16,
            "max_depth": 9,
            "subsample": 0.9,
            "colsample_bytree": 0.7,
            "reg_lambda": 0.05194193452752135,
            "reg_alpha": 0.07630106835260413
        }
    },
    {
        "score": -20.0232,
        "params": {
            "learning_rate": 0.13954585682966186,
            "min_child_weight": 12,
            "max_depth": 2,
            "subsample": 0.5,
            "colsample_bytree": 1.0,
            "reg_lambda": 0.04097888554188057,
            "reg_alpha": 0.00048265670146304085
        }
    },
    {
        "score": -20.3145,
        "params": {
            "learning_rate": 0.16885496507210174,
            "min_child_weight": 26,
            "max_depth": 10,
            "subsample": 0.8,
            "colsample_bytree": 0.5,
            "reg_lambda": 0.673939072374977,
            "reg_alpha": 0.00036425298685704717
        }
    },
    {
        "score": -20.5045,
        "params": {
            "learning_rate": 0.015088125588159192,
            "min_child_weight": 34,
            "max_depth": 11,
            "subsample": 0.5,
            "colsample_bytree": 0.8,
            "reg_lambda": 0.06043633837918763,
            "reg_alpha": 0.01747993188315123
        }
    }
]
