nohup: å¿½ç•¥è¼¸å…¥
/home/student/06/b06902125/.local/lib/python3.9/site-packages/optuna/samplers/_tpe/sampler.py:188: ExperimentalWarning: ``multivariate`` option is an experimental feature. The interface can change in the future.
  warnings.warn(
[32m[I 2021-01-06 15:00:41,355][0m A new study created in memory with name: no-name-2edfbf6c-b8b7-4d22-ab6f-e1b4cd386c64[0m
(91531, 532)

19.64 sec -- {'mean_score': -19.078, 'valid_scores': [-26.224, -23.6064, -22.5196, -15.4569, -12.8884, -13.7729], 'train_scores': [-13.7624, -14.0825, -15.0107, -15.4244, -15.4, -14.8803], 'params': {'learning_rate': 0.1142745657461917, 'min_child_weight': 10, 'max_depth': 4, 'subsample': 1.0, 'colsample_bytree': 0.9000000000000001, 'reg_lambda': 0.031207198770106425, 'reg_alpha': 0.0034476790445206584}}
[32m[I 2021-01-06 15:01:01,059][0m Trial 0 finished with value: -19.078 and parameters: {'learning_rate': 0.1142745657461917, 'min_child_weight': 10, 'max_depth': 4, 'subsample': 1.0, 'colsample_bytree': 0.9000000000000001, 'reg_lambda': 0.031207198770106425, 'reg_alpha': 0.0034476790445206584}. Best is trial 0 with value: -19.078.[0m

47.99 sec -- {'mean_score': -18.6601, 'valid_scores': [-26.5806, -24.5887, -18.2919, -15.9888, -13.5481, -12.9626], 'train_scores': [-10.307, -10.5153, -10.9887, -11.3482, -11.3006, -11.1128], 'params': {'learning_rate': 0.06653157524344973, 'min_child_weight': 34, 'max_depth': 11, 'subsample': 0.7, 'colsample_bytree': 0.9000000000000001, 'reg_lambda': 0.0083158891098993, 'reg_alpha': 0.0037251107093914}}
[32m[I 2021-01-06 15:01:49,111][0m Trial 1 finished with value: -18.6601 and parameters: {'learning_rate': 0.06653157524344973, 'min_child_weight': 34, 'max_depth': 11, 'subsample': 0.7, 'colsample_bytree': 0.9000000000000001, 'reg_lambda': 0.0083158891098993, 'reg_alpha': 0.0037251107093914}. Best is trial 1 with value: -18.6601.[0m

32.62 sec -- {'mean_score': -20.3145, 'valid_scores': [-27.6599, -24.9235, -19.9496, -17.6188, -17.0071, -14.7281], 'train_scores': [-9.6087, -9.9108, -10.3912, -10.7219, -10.8692, -10.5922], 'params': {'learning_rate': 0.16885496507210174, 'min_child_weight': 26, 'max_depth': 10, 'subsample': 0.8, 'colsample_bytree': 0.5, 'reg_lambda': 0.673939072374977, 'reg_alpha': 0.00036425298685704717}}
[32m[I 2021-01-06 15:02:21,794][0m Trial 2 finished with value: -20.3145 and parameters: {'learning_rate': 0.16885496507210174, 'min_child_weight': 26, 'max_depth': 10, 'subsample': 0.8, 'colsample_bytree': 0.5, 'reg_lambda': 0.673939072374977, 'reg_alpha': 0.00036425298685704717}. Best is trial 1 with value: -18.6601.[0m

32.4 sec -- {'mean_score': -19.8628, 'valid_scores': [-27.2205, -24.4943, -18.9162, -17.1653, -15.7276, -15.6528], 'train_scores': [-9.4352, -9.7491, -10.2116, -10.7001, -10.7373, -10.5689], 'params': {'learning_rate': 0.17531657908810291, 'min_child_weight': 16, 'max_depth': 9, 'subsample': 0.9, 'colsample_bytree': 0.7, 'reg_lambda': 0.05194193452752135, 'reg_alpha': 0.07630106835260413}}
[32m[I 2021-01-06 15:02:54,255][0m Trial 3 finished with value: -19.8628 and parameters: {'learning_rate': 0.17531657908810291, 'min_child_weight': 16, 'max_depth': 9, 'subsample': 0.9, 'colsample_bytree': 0.7, 'reg_lambda': 0.05194193452752135, 'reg_alpha': 0.07630106835260413}. Best is trial 1 with value: -18.6601.[0m

46.51 sec -- {'mean_score': -19.8074, 'valid_scores': [-26.9539, -25.1189, -18.8878, -16.1113, -13.988, -17.7844], 'train_scores': [-8.9081, -9.1363, -9.6867, -9.986, -10.0036, -9.9477], 'params': {'learning_rate': 0.12058376049427035, 'min_child_weight': 10, 'max_depth': 11, 'subsample': 0.7, 'colsample_bytree': 0.5, 'reg_lambda': 0.12500712230836253, 'reg_alpha': 0.006677306766018313}}
[32m[I 2021-01-06 15:03:40,825][0m Trial 4 finished with value: -19.8074 and parameters: {'learning_rate': 0.12058376049427035, 'min_child_weight': 10, 'max_depth': 11, 'subsample': 0.7, 'colsample_bytree': 0.5, 'reg_lambda': 0.12500712230836253, 'reg_alpha': 0.006677306766018313}. Best is trial 1 with value: -18.6601.[0m

19.57 sec -- {'mean_score': -19.1082, 'valid_scores': [-26.3946, -23.8654, -22.3577, -15.5881, -13.1094, -13.3341], 'train_scores': [-12.6781, -12.9931, -13.3544, -13.923, -13.8736, -13.5913], 'params': {'learning_rate': 0.1180024502850432, 'min_child_weight': 10, 'max_depth': 5, 'subsample': 0.8, 'colsample_bytree': 0.7, 'reg_lambda': 0.02935864364395359, 'reg_alpha': 0.5956516018710561}}
[32m[I 2021-01-06 15:04:00,472][0m Trial 5 finished with value: -19.1082 and parameters: {'learning_rate': 0.1180024502850432, 'min_child_weight': 10, 'max_depth': 5, 'subsample': 0.8, 'colsample_bytree': 0.7, 'reg_lambda': 0.02935864364395359, 'reg_alpha': 0.5956516018710561}. Best is trial 1 with value: -18.6601.[0m

15.81 sec -- {'mean_score': -20.0232, 'valid_scores': [-28.476, -26.2315, -20.7448, -16.7402, -13.5756, -14.3714], 'train_scores': [-18.0139, -17.6791, -18.8872, -19.1452, -19.2723, -18.6205], 'params': {'learning_rate': 0.13954585682966186, 'min_child_weight': 12, 'max_depth': 2, 'subsample': 0.5, 'colsample_bytree': 1.0, 'reg_lambda': 0.04097888554188057, 'reg_alpha': 0.00048265670146304085}}
[32m[I 2021-01-06 15:04:16,396][0m Trial 6 finished with value: -20.0232 and parameters: {'learning_rate': 0.13954585682966186, 'min_child_weight': 12, 'max_depth': 2, 'subsample': 0.5, 'colsample_bytree': 1.0, 'reg_lambda': 0.04097888554188057, 'reg_alpha': 0.00048265670146304085}. Best is trial 1 with value: -18.6601.[0m

124.64 sec -- {'mean_score': -19.4814, 'valid_scores': [-27.1594, -24.9862, -18.6394, -15.7458, -15.1536, -15.2038], 'train_scores': [-7.6357, -7.9167, -8.0929, -8.4408, -8.4984, -8.3259], 'params': {'learning_rate': 0.07804891172420975, 'min_child_weight': 10, 'max_depth': 15, 'subsample': 0.8, 'colsample_bytree': 0.5, 'reg_lambda': 0.00014246287546874315, 'reg_alpha': 0.03444262409555021}}
[32m[I 2021-01-06 15:06:21,104][0m Trial 7 finished with value: -19.4814 and parameters: {'learning_rate': 0.07804891172420975, 'min_child_weight': 10, 'max_depth': 15, 'subsample': 0.8, 'colsample_bytree': 0.5, 'reg_lambda': 0.00014246287546874315, 'reg_alpha': 0.03444262409555021}. Best is trial 1 with value: -18.6601.[0m

20.74 sec -- {'mean_score': -19.345, 'valid_scores': [-26.1937, -24.8765, -20.5445, -16.3177, -14.0663, -14.071], 'train_scores': [-12.5484, -12.9464, -13.4783, -13.733, -13.9589, -13.5803], 'params': {'learning_rate': 0.19220036103865887, 'min_child_weight': 40, 'max_depth': 5, 'subsample': 0.5, 'colsample_bytree': 0.8, 'reg_lambda': 0.0010307810128023646, 'reg_alpha': 0.007332348382056162}}
[32m[I 2021-01-06 15:06:41,907][0m Trial 8 finished with value: -19.345 and parameters: {'learning_rate': 0.19220036103865887, 'min_child_weight': 40, 'max_depth': 5, 'subsample': 0.5, 'colsample_bytree': 0.8, 'reg_lambda': 0.0010307810128023646, 'reg_alpha': 0.007332348382056162}. Best is trial 1 with value: -18.6601.[0m

75.1 sec -- {'mean_score': -18.9424, 'valid_scores': [-26.8526, -24.2759, -18.5422, -15.7605, -14.0192, -14.204], 'train_scores': [-9.658, -9.825, -10.1328, -10.3729, -10.4284, -10.1828], 'params': {'learning_rate': 0.05644086248030453, 'min_child_weight': 40, 'max_depth': 14, 'subsample': 0.9, 'colsample_bytree': 0.5, 'reg_lambda': 0.12983205406736173, 'reg_alpha': 0.6284695113453541}}
[32m[I 2021-01-06 15:07:57,072][0m Trial 9 finished with value: -18.9424 and parameters: {'learning_rate': 0.05644086248030453, 'min_child_weight': 40, 'max_depth': 14, 'subsample': 0.9, 'colsample_bytree': 0.5, 'reg_lambda': 0.12983205406736173, 'reg_alpha': 0.6284695113453541}. Best is trial 1 with value: -18.6601.[0m

72.09 sec -- {'mean_score': -18.6712, 'valid_scores': [-27.3689, -24.6091, -18.3555, -15.8094, -12.9452, -12.939], 'train_scores': [-10.4379, -10.6899, -11.0288, -11.4106, -11.5153, -11.2774], 'params': {'learning_rate': 0.0386325119947038, 'min_child_weight': 32, 'max_depth': 11, 'subsample': 0.9, 'colsample_bytree': 1.0, 'reg_lambda': 0.0002662989546738414, 'reg_alpha': 0.012044075572547396}}
[32m[I 2021-01-06 15:09:09,245][0m Trial 10 finished with value: -18.6712 and parameters: {'learning_rate': 0.0386325119947038, 'min_child_weight': 32, 'max_depth': 11, 'subsample': 0.9, 'colsample_bytree': 1.0, 'reg_lambda': 0.0002662989546738414, 'reg_alpha': 0.012044075572547396}. Best is trial 1 with value: -18.6601.[0m

43.62 sec -- {'mean_score': -18.5457, 'valid_scores': [-26.7511, -23.9779, -18.5386, -15.5848, -12.9644, -13.4573], 'train_scores': [-11.024, -11.2565, -11.7318, -12.0647, -12.1778, -11.937], 'params': {'learning_rate': 0.05689827774515697, 'min_child_weight': 34, 'max_depth': 9, 'subsample': 0.8, 'colsample_bytree': 0.8, 'reg_lambda': 0.0005423455882400282, 'reg_alpha': 0.07035741665628042}}
[32m[I 2021-01-06 15:09:52,951][0m Trial 11 finished with value: -18.5457 and parameters: {'learning_rate': 0.05689827774515697, 'min_child_weight': 34, 'max_depth': 9, 'subsample': 0.8, 'colsample_bytree': 0.8, 'reg_lambda': 0.0005423455882400282, 'reg_alpha': 0.07035741665628042}. Best is trial 11 with value: -18.5457.[0m

43.26 sec -- {'mean_score': -18.4345, 'valid_scores': [-26.7605, -24.2558, -18.4562, -15.3211, -12.7181, -13.0955], 'train_scores': [-10.7449, -10.9627, -11.5221, -11.9055, -11.9282, -11.6515], 'params': {'learning_rate': 0.0638128777747823, 'min_child_weight': 42, 'max_depth': 10, 'subsample': 0.7, 'colsample_bytree': 0.9000000000000001, 'reg_lambda': 0.014910635390894843, 'reg_alpha': 0.005395633686532015}}
[32m[I 2021-01-06 15:10:36,295][0m Trial 12 finished with value: -18.4345 and parameters: {'learning_rate': 0.0638128777747823, 'min_child_weight': 42, 'max_depth': 10, 'subsample': 0.7, 'colsample_bytree': 0.9000000000000001, 'reg_lambda': 0.014910635390894843, 'reg_alpha': 0.005395633686532015}. Best is trial 12 with value: -18.4345.[0m

33.05 sec -- {'mean_score': -18.6204, 'valid_scores': [-26.8452, -24.262, -18.5564, -15.5292, -13.2764, -13.2531], 'train_scores': [-10.7718, -10.9989, -11.5743, -12.0052, -12.0648, -11.7511], 'params': {'learning_rate': 0.08641169406075434, 'min_child_weight': 44, 'max_depth': 9, 'subsample': 0.7, 'colsample_bytree': 0.8, 'reg_lambda': 0.00012265741761309228, 'reg_alpha': 0.6302991440317968}}
[32m[I 2021-01-06 15:11:09,446][0m Trial 13 finished with value: -18.6204 and parameters: {'learning_rate': 0.08641169406075434, 'min_child_weight': 44, 'max_depth': 9, 'subsample': 0.7, 'colsample_bytree': 0.8, 'reg_lambda': 0.00012265741761309228, 'reg_alpha': 0.6302991440317968}. Best is trial 12 with value: -18.4345.[0m

25.01 sec -- {'mean_score': -19.2363, 'valid_scores': [-27.0606, -24.1263, -22.1321, -15.6164, -12.8662, -13.6162], 'train_scores': [-14.1412, -14.4151, -14.9353, -15.4067, -15.4911, -15.1064], 'params': {'learning_rate': 0.052234399235994544, 'min_child_weight': 42, 'max_depth': 5, 'subsample': 0.8, 'colsample_bytree': 0.6000000000000001, 'reg_lambda': 0.014937564817321336, 'reg_alpha': 0.007073311526582257}}
[32m[I 2021-01-06 15:11:34,585][0m Trial 14 finished with value: -19.2363 and parameters: {'learning_rate': 0.052234399235994544, 'min_child_weight': 42, 'max_depth': 5, 'subsample': 0.8, 'colsample_bytree': 0.6000000000000001, 'reg_lambda': 0.014937564817321336, 'reg_alpha': 0.007073311526582257}. Best is trial 12 with value: -18.4345.[0m

84.78 sec -- {'mean_score': -18.7011, 'valid_scores': [-27.42, -24.7679, -17.9524, -15.9693, -13.1818, -12.9154], 'train_scores': [-9.7277, -9.9036, -10.2568, -10.6, -10.5348, -10.3445], 'params': {'learning_rate': 0.07057927542911926, 'min_child_weight': 50, 'max_depth': 15, 'subsample': 0.8, 'colsample_bytree': 1.0, 'reg_lambda': 0.07586234993284206, 'reg_alpha': 0.009315897618783873}}
[32m[I 2021-01-06 15:12:59,454][0m Trial 15 finished with value: -18.7011 and parameters: {'learning_rate': 0.07057927542911926, 'min_child_weight': 50, 'max_depth': 15, 'subsample': 0.8, 'colsample_bytree': 1.0, 'reg_lambda': 0.07586234993284206, 'reg_alpha': 0.009315897618783873}. Best is trial 12 with value: -18.4345.[0m

32.81 sec -- {'mean_score': -18.7452, 'valid_scores': [-26.7048, -24.4246, -20.0066, -15.2579, -12.6509, -13.4263], 'train_scores': [-11.6451, -11.9233, -12.3995, -12.7891, -12.7862, -12.5338], 'params': {'learning_rate': 0.053239849355509294, 'min_child_weight': 42, 'max_depth': 8, 'subsample': 0.9, 'colsample_bytree': 0.9000000000000001, 'reg_lambda': 0.02489658842094474, 'reg_alpha': 0.4875868582734957}}
[32m[I 2021-01-06 15:13:32,348][0m Trial 16 finished with value: -18.7452 and parameters: {'learning_rate': 0.053239849355509294, 'min_child_weight': 42, 'max_depth': 8, 'subsample': 0.9, 'colsample_bytree': 0.9000000000000001, 'reg_lambda': 0.02489658842094474, 'reg_alpha': 0.4875868582734957}. Best is trial 12 with value: -18.4345.[0m

19.74 sec -- {'mean_score': -19.3292, 'valid_scores': [-26.6037, -23.7722, -22.5883, -16.1698, -12.9973, -13.844], 'train_scores': [-14.0955, -14.3567, -15.3262, -15.4072, -15.3165, -14.9458], 'params': {'learning_rate': 0.10794062222466425, 'min_child_weight': 24, 'max_depth': 4, 'subsample': 0.9, 'colsample_bytree': 1.0, 'reg_lambda': 0.00029862709056121856, 'reg_alpha': 0.31407277451591636}}
[32m[I 2021-01-06 15:13:52,171][0m Trial 17 finished with value: -19.3292 and parameters: {'learning_rate': 0.10794062222466425, 'min_child_weight': 24, 'max_depth': 4, 'subsample': 0.9, 'colsample_bytree': 1.0, 'reg_lambda': 0.00029862709056121856, 'reg_alpha': 0.31407277451591636}. Best is trial 12 with value: -18.4345.[0m

43.24 sec -- {'mean_score': -18.5255, 'valid_scores': [-26.8187, -24.6624, -17.9141, -15.5988, -13.026, -13.1329], 'train_scores': [-10.5844, -10.8263, -11.3373, -11.61, -11.7138, -11.4646], 'params': {'learning_rate': 0.13071326207479184, 'min_child_weight': 46, 'max_depth': 10, 'subsample': 0.5, 'colsample_bytree': 1.0, 'reg_lambda': 0.04632839498899786, 'reg_alpha': 0.0018500586988987112}}
[32m[I 2021-01-06 15:14:35,506][0m Trial 18 finished with value: -18.5255 and parameters: {'learning_rate': 0.13071326207479184, 'min_child_weight': 46, 'max_depth': 10, 'subsample': 0.5, 'colsample_bytree': 1.0, 'reg_lambda': 0.04632839498899786, 'reg_alpha': 0.0018500586988987112}. Best is trial 12 with value: -18.4345.[0m

43.91 sec -- {'mean_score': -18.63, 'valid_scores': [-26.6063, -24.6512, -18.5031, -15.6147, -12.928, -13.4765], 'train_scores': [-10.6779, -10.9954, -11.5017, -11.7985, -11.8272, -11.5907], 'params': {'learning_rate': 0.09980060775493099, 'min_child_weight': 46, 'max_depth': 10, 'subsample': 0.5, 'colsample_bytree': 0.9000000000000001, 'reg_lambda': 0.23855927585909636, 'reg_alpha': 0.00319719870234322}}
[32m[I 2021-01-06 15:15:19,511][0m Trial 19 finished with value: -18.63 and parameters: {'learning_rate': 0.09980060775493099, 'min_child_weight': 46, 'max_depth': 10, 'subsample': 0.5, 'colsample_bytree': 0.9000000000000001, 'reg_lambda': 0.23855927585909636, 'reg_alpha': 0.00319719870234322}. Best is trial 12 with value: -18.4345.[0m

42.91 sec -- {'mean_score': -18.8779, 'valid_scores': [-27.7645, -24.8703, -17.8783, -16.3408, -13.3543, -13.0594], 'train_scores': [-10.0888, -10.3408, -10.934, -11.2086, -11.3085, -11.0158], 'params': {'learning_rate': 0.18533312456035822, 'min_child_weight': 32, 'max_depth': 10, 'subsample': 0.5, 'colsample_bytree': 1.0, 'reg_lambda': 0.11215447559316138, 'reg_alpha': 0.08281179848756519}}
[32m[I 2021-01-06 15:16:02,539][0m Trial 20 finished with value: -18.8779 and parameters: {'learning_rate': 0.18533312456035822, 'min_child_weight': 32, 'max_depth': 10, 'subsample': 0.5, 'colsample_bytree': 1.0, 'reg_lambda': 0.11215447559316138, 'reg_alpha': 0.08281179848756519}. Best is trial 12 with value: -18.4345.[0m

53.7 sec -- {'mean_score': -18.812, 'valid_scores': [-27.432, -24.5755, -18.2634, -15.5615, -13.5263, -13.513], 'train_scores': [-9.6579, -9.7891, -10.2235, -10.5233, -10.5176, -10.3611], 'params': {'learning_rate': 0.14647747536355893, 'min_child_weight': 50, 'max_depth': 15, 'subsample': 0.5, 'colsample_bytree': 1.0, 'reg_lambda': 0.005671442282922908, 'reg_alpha': 0.00018570290448133075}}
[32m[I 2021-01-06 15:16:56,395][0m Trial 21 finished with value: -18.812 and parameters: {'learning_rate': 0.14647747536355893, 'min_child_weight': 50, 'max_depth': 15, 'subsample': 0.5, 'colsample_bytree': 1.0, 'reg_lambda': 0.005671442282922908, 'reg_alpha': 0.00018570290448133075}. Best is trial 12 with value: -18.4345.[0m

33.05 sec -- {'mean_score': -18.5848, 'valid_scores': [-27.106, -24.2918, -18.984, -15.3018, -12.4074, -13.4179], 'train_scores': [-12.0536, -12.3011, -12.8509, -13.1564, -13.2532, -13.0133], 'params': {'learning_rate': 0.038367499402849156, 'min_child_weight': 24, 'max_depth': 8, 'subsample': 0.6, 'colsample_bytree': 0.8, 'reg_lambda': 0.00011850957093581623, 'reg_alpha': 0.05644021201635539}}
[32m[I 2021-01-06 15:17:29,541][0m Trial 22 finished with value: -18.5848 and parameters: {'learning_rate': 0.038367499402849156, 'min_child_weight': 24, 'max_depth': 8, 'subsample': 0.6, 'colsample_bytree': 0.8, 'reg_lambda': 0.00011850957093581623, 'reg_alpha': 0.05644021201635539}. Best is trial 12 with value: -18.4345.[0m

21.16 sec -- {'mean_score': -18.6555, 'valid_scores': [-26.1069, -23.8566, -20.5372, -15.4626, -12.5972, -13.3724], 'train_scores': [-12.478, -12.8309, -13.4991, -13.7514, -13.8709, -13.4762], 'params': {'learning_rate': 0.10077128622186902, 'min_child_weight': 50, 'max_depth': 6, 'subsample': 0.6, 'colsample_bytree': 1.0, 'reg_lambda': 0.016420080607978792, 'reg_alpha': 0.008676184776246869}}
[32m[I 2021-01-06 15:17:50,783][0m Trial 23 finished with value: -18.6555 and parameters: {'learning_rate': 0.10077128622186902, 'min_child_weight': 50, 'max_depth': 6, 'subsample': 0.6, 'colsample_bytree': 1.0, 'reg_lambda': 0.016420080607978792, 'reg_alpha': 0.008676184776246869}. Best is trial 12 with value: -18.4345.[0m

24.5 sec -- {'mean_score': -19.6717, 'valid_scores': [-29.4329, -25.0993, -21.0101, -15.9987, -13.2498, -13.2392], 'train_scores': [-11.0628, -11.5553, -12.0507, -12.3588, -12.3993, -12.1309], 'params': {'learning_rate': 0.15412914196720584, 'min_child_weight': 34, 'max_depth': 7, 'subsample': 0.8, 'colsample_bytree': 1.0, 'reg_lambda': 0.02084317399940959, 'reg_alpha': 0.00015923210618257107}}
[32m[I 2021-01-06 15:18:15,414][0m Trial 24 finished with value: -19.6717 and parameters: {'learning_rate': 0.15412914196720584, 'min_child_weight': 34, 'max_depth': 7, 'subsample': 0.8, 'colsample_bytree': 1.0, 'reg_lambda': 0.02084317399940959, 'reg_alpha': 0.00015923210618257107}. Best is trial 12 with value: -18.4345.[0m

31.12 sec -- {'mean_score': -19.0906, 'valid_scores': [-27.4211, -24.9855, -18.3933, -16.2219, -14.0556, -13.4661], 'train_scores': [-10.2286, -10.3852, -10.9448, -11.3515, -11.3812, -11.1934], 'params': {'learning_rate': 0.18661383821734961, 'min_child_weight': 36, 'max_depth': 10, 'subsample': 0.5, 'colsample_bytree': 0.9000000000000001, 'reg_lambda': 0.5323573010905299, 'reg_alpha': 0.0004016872720246152}}
[32m[I 2021-01-06 15:18:46,619][0m Trial 25 finished with value: -19.0906 and parameters: {'learning_rate': 0.18661383821734961, 'min_child_weight': 36, 'max_depth': 10, 'subsample': 0.5, 'colsample_bytree': 0.9000000000000001, 'reg_lambda': 0.5323573010905299, 'reg_alpha': 0.0004016872720246152}. Best is trial 12 with value: -18.4345.[0m

51.3 sec -- {'mean_score': -18.544, 'valid_scores': [-26.8476, -24.3053, -18.6636, -14.8636, -13.0887, -13.4954], 'train_scores': [-11.3451, -11.559, -12.0323, -12.4269, -12.4716, -12.1703], 'params': {'learning_rate': 0.031594147293654756, 'min_child_weight': 42, 'max_depth': 11, 'subsample': 0.7, 'colsample_bytree': 0.4, 'reg_lambda': 0.0003296477196222858, 'reg_alpha': 0.041233905543389265}}
[32m[I 2021-01-06 15:19:38,015][0m Trial 26 finished with value: -18.544 and parameters: {'learning_rate': 0.031594147293654756, 'min_child_weight': 42, 'max_depth': 11, 'subsample': 0.7, 'colsample_bytree': 0.4, 'reg_lambda': 0.0003296477196222858, 'reg_alpha': 0.041233905543389265}. Best is trial 12 with value: -18.4345.[0m

38.31 sec -- {'mean_score': -19.2324, 'valid_scores': [-27.9703, -25.4798, -19.4316, -15.2431, -13.2163, -14.0531], 'train_scores': [-12.759, -13.2022, -13.9552, -14.4775, -14.4972, -14.1877], 'params': {'learning_rate': 0.021926655781741487, 'min_child_weight': 42, 'max_depth': 9, 'subsample': 0.8, 'colsample_bytree': 0.4, 'reg_lambda': 0.0006413581875635274, 'reg_alpha': 0.007640951533466434}}
[32m[I 2021-01-06 15:20:16,416][0m Trial 27 finished with value: -19.2324 and parameters: {'learning_rate': 0.021926655781741487, 'min_child_weight': 42, 'max_depth': 9, 'subsample': 0.8, 'colsample_bytree': 0.4, 'reg_lambda': 0.0006413581875635274, 'reg_alpha': 0.007640951533466434}. Best is trial 12 with value: -18.4345.[0m

35.42 sec -- {'mean_score': -19.2638, 'valid_scores': [-27.6672, -24.8891, -19.1182, -15.9836, -14.3942, -13.5308], 'train_scores': [-9.9334, -10.2179, -10.5439, -11.0532, -11.1309, -10.8415], 'params': {'learning_rate': 0.14278565516283614, 'min_child_weight': 42, 'max_depth': 11, 'subsample': 0.6, 'colsample_bytree': 0.6000000000000001, 'reg_lambda': 0.023923546212390994, 'reg_alpha': 0.0016888586365996954}}
