[32m[I 2021-01-06 15:20:51,924][0m Trial 28 finished with value: -19.2638 and parameters: {'learning_rate': 0.14278565516283614, 'min_child_weight': 42, 'max_depth': 11, 'subsample': 0.6, 'colsample_bytree': 0.6000000000000001, 'reg_lambda': 0.023923546212390994, 'reg_alpha': 0.0016888586365996954}. Best is trial 12 with value: -18.4345.[0m

15.81 sec -- {'mean_score': -19.8198, 'valid_scores': [-27.1648, -24.6345, -22.9033, -16.2998, -13.1176, -14.7989], 'train_scores': [-16.4022, -16.2987, -17.4406, -17.846, -17.8432, -17.1971], 'params': {'learning_rate': 0.09391924561132119, 'min_child_weight': 38, 'max_depth': 3, 'subsample': 0.6, 'colsample_bytree': 0.5, 'reg_lambda': 0.00012137757849131129, 'reg_alpha': 0.025771516622139327}}
[32m[I 2021-01-06 15:21:07,817][0m Trial 29 finished with value: -19.8198 and parameters: {'learning_rate': 0.09391924561132119, 'min_child_weight': 38, 'max_depth': 3, 'subsample': 0.6, 'colsample_bytree': 0.5, 'reg_lambda': 0.00012137757849131129, 'reg_alpha': 0.025771516622139327}. Best is trial 12 with value: -18.4345.[0m

47.56 sec -- {'mean_score': -18.4409, 'valid_scores': [-26.7294, -24.292, -18.1303, -14.8597, -12.9914, -13.6427], 'train_scores': [-10.7096, -10.9092, -11.2487, -11.5294, -11.596, -11.3413], 'params': {'learning_rate': 0.05173845487611442, 'min_child_weight': 44, 'max_depth': 12, 'subsample': 0.6, 'colsample_bytree': 0.4, 'reg_lambda': 0.00040483785282407727, 'reg_alpha': 0.06286757433188331}}
[32m[I 2021-01-06 15:21:55,455][0m Trial 30 finished with value: -18.4409 and parameters: {'learning_rate': 0.05173845487611442, 'min_child_weight': 44, 'max_depth': 12, 'subsample': 0.6, 'colsample_bytree': 0.4, 'reg_lambda': 0.00040483785282407727, 'reg_alpha': 0.06286757433188331}. Best is trial 12 with value: -18.4345.[0m

27.96 sec -- {'mean_score': -18.6428, 'valid_scores': [-26.4731, -24.0549, -18.9007, -15.379, -13.5607, -13.4882], 'train_scores': [-11.4112, -11.7266, -12.0876, -12.4166, -12.5402, -12.268], 'params': {'learning_rate': 0.06805914978377557, 'min_child_weight': 44, 'max_depth': 9, 'subsample': 0.5, 'colsample_bytree': 0.4, 'reg_lambda': 0.0004479743270894806, 'reg_alpha': 0.21611192140084287}}
[32m[I 2021-01-06 15:22:23,517][0m Trial 31 finished with value: -18.6428 and parameters: {'learning_rate': 0.06805914978377557, 'min_child_weight': 44, 'max_depth': 9, 'subsample': 0.5, 'colsample_bytree': 0.4, 'reg_lambda': 0.0004479743270894806, 'reg_alpha': 0.21611192140084287}. Best is trial 12 with value: -18.4345.[0m

79.48 sec -- {'mean_score': -18.6338, 'valid_scores': [-26.8497, -24.4917, -18.506, -15.2369, -13.4275, -13.2907], 'train_scores': [-10.6336, -10.7502, -11.1495, -11.4142, -11.4378, -11.1532], 'params': {'learning_rate': 0.03179278292421941, 'min_child_weight': 44, 'max_depth': 14, 'subsample': 0.7, 'colsample_bytree': 0.5, 'reg_lambda': 0.00020290359132726842, 'reg_alpha': 0.17753561531412854}}
[32m[I 2021-01-06 15:23:43,083][0m Trial 32 finished with value: -18.6338 and parameters: {'learning_rate': 0.03179278292421941, 'min_child_weight': 44, 'max_depth': 14, 'subsample': 0.7, 'colsample_bytree': 0.5, 'reg_lambda': 0.00020290359132726842, 'reg_alpha': 0.17753561531412854}. Best is trial 12 with value: -18.4345.[0m

44.04 sec -- {'mean_score': -18.9462, 'valid_scores': [-27.4396, -24.8395, -18.5225, -15.6847, -13.8819, -13.3088], 'train_scores': [-9.9387, -10.0763, -10.4479, -10.7965, -10.8385, -10.6003], 'params': {'learning_rate': 0.14491382887582097, 'min_child_weight': 46, 'max_depth': 13, 'subsample': 0.5, 'colsample_bytree': 0.9000000000000001, 'reg_lambda': 0.018089251528620152, 'reg_alpha': 0.019578991819159723}}
[32m[I 2021-01-06 15:24:27,217][0m Trial 33 finished with value: -18.9462 and parameters: {'learning_rate': 0.14491382887582097, 'min_child_weight': 46, 'max_depth': 13, 'subsample': 0.5, 'colsample_bytree': 0.9000000000000001, 'reg_lambda': 0.018089251528620152, 'reg_alpha': 0.019578991819159723}. Best is trial 12 with value: -18.4345.[0m

36.2 sec -- {'mean_score': -18.4625, 'valid_scores': [-26.6989, -24.3118, -18.4025, -15.2524, -13.067, -13.0425], 'train_scores': [-11.1203, -11.405, -11.7124, -12.1158, -12.2214, -11.8899], 'params': {'learning_rate': 0.055020719251905964, 'min_child_weight': 50, 'max_depth': 10, 'subsample': 0.6, 'colsample_bytree': 0.6000000000000001, 'reg_lambda': 0.0001749568846450561, 'reg_alpha': 0.0046108043392005926}}
[32m[I 2021-01-06 15:25:03,529][0m Trial 34 finished with value: -18.4625 and parameters: {'learning_rate': 0.055020719251905964, 'min_child_weight': 50, 'max_depth': 10, 'subsample': 0.6, 'colsample_bytree': 0.6000000000000001, 'reg_lambda': 0.0001749568846450561, 'reg_alpha': 0.0046108043392005926}. Best is trial 12 with value: -18.4345.[0m

86.45 sec -- {'mean_score': -18.6158, 'valid_scores': [-27.0031, -24.6619, -18.6527, -14.9817, -13.0774, -13.3178], 'train_scores': [-11.2645, -11.4089, -11.84, -12.0995, -12.1005, -11.7901], 'params': {'learning_rate': 0.028775219643735625, 'min_child_weight': 46, 'max_depth': 14, 'subsample': 0.5, 'colsample_bytree': 0.5, 'reg_lambda': 0.0001666166949410904, 'reg_alpha': 0.00540394888824087}}
[32m[I 2021-01-06 15:26:30,061][0m Trial 35 finished with value: -18.6158 and parameters: {'learning_rate': 0.028775219643735625, 'min_child_weight': 46, 'max_depth': 14, 'subsample': 0.5, 'colsample_bytree': 0.5, 'reg_lambda': 0.0001666166949410904, 'reg_alpha': 0.00540394888824087}. Best is trial 12 with value: -18.4345.[0m

31.88 sec -- {'mean_score': -18.6928, 'valid_scores': [-26.4083, -23.9475, -19.7133, -15.2443, -13.1231, -13.7202], 'train_scores': [-11.5253, -11.793, -12.2109, -12.6285, -12.7867, -12.4511], 'params': {'learning_rate': 0.07698931848444254, 'min_child_weight': 48, 'max_depth': 8, 'subsample': 0.6, 'colsample_bytree': 0.4, 'reg_lambda': 0.00010456890464736593, 'reg_alpha': 0.0002444123071708052}}
[32m[I 2021-01-06 15:27:02,018][0m Trial 36 finished with value: -18.6928 and parameters: {'learning_rate': 0.07698931848444254, 'min_child_weight': 48, 'max_depth': 8, 'subsample': 0.6, 'colsample_bytree': 0.4, 'reg_lambda': 0.00010456890464736593, 'reg_alpha': 0.0002444123071708052}. Best is trial 12 with value: -18.4345.[0m

55.09 sec -- {'mean_score': -18.4879, 'valid_scores': [-26.9874, -24.3072, -18.248, -15.6961, -12.7245, -12.9644], 'train_scores': [-11.1691, -11.4202, -11.8306, -12.2289, -12.2647, -12.007], 'params': {'learning_rate': 0.03880112871757692, 'min_child_weight': 44, 'max_depth': 10, 'subsample': 0.8, 'colsample_bytree': 0.9000000000000001, 'reg_lambda': 0.02137504871268921, 'reg_alpha': 0.0006418826063660381}}
[32m[I 2021-01-06 15:27:57,201][0m Trial 37 finished with value: -18.4879 and parameters: {'learning_rate': 0.03880112871757692, 'min_child_weight': 44, 'max_depth': 10, 'subsample': 0.8, 'colsample_bytree': 0.9000000000000001, 'reg_lambda': 0.02137504871268921, 'reg_alpha': 0.0006418826063660381}. Best is trial 12 with value: -18.4345.[0m

34.99 sec -- {'mean_score': -18.3447, 'valid_scores': [-26.4797, -23.8198, -18.523, -15.4589, -12.7287, -13.0582], 'train_scores': [-11.1243, -11.4077, -11.8391, -12.3353, -12.3704, -12.1321], 'params': {'learning_rate': 0.056866280605945216, 'min_child_weight': 46, 'max_depth': 9, 'subsample': 0.8, 'colsample_bytree': 0.8, 'reg_lambda': 0.03313984738678018, 'reg_alpha': 0.00039008551406473764}}
[32m[I 2021-01-06 15:28:32,328][0m Trial 38 finished with value: -18.3447 and parameters: {'learning_rate': 0.056866280605945216, 'min_child_weight': 46, 'max_depth': 9, 'subsample': 0.8, 'colsample_bytree': 0.8, 'reg_lambda': 0.03313984738678018, 'reg_alpha': 0.00039008551406473764}. Best is trial 38 with value: -18.3447.[0m

22.81 sec -- {'mean_score': -19.052, 'valid_scores': [-27.1324, -24.4027, -21.4051, -15.5045, -12.7033, -13.164], 'train_scores': [-11.5887, -11.8863, -12.4407, -12.8195, -12.8429, -12.5334], 'params': {'learning_rate': 0.09558372846388177, 'min_child_weight': 40, 'max_depth': 7, 'subsample': 0.8, 'colsample_bytree': 0.7, 'reg_lambda': 0.17125657787336718, 'reg_alpha': 0.0004890615969308644}}
[32m[I 2021-01-06 15:28:55,222][0m Trial 39 finished with value: -19.052 and parameters: {'learning_rate': 0.09558372846388177, 'min_child_weight': 40, 'max_depth': 7, 'subsample': 0.8, 'colsample_bytree': 0.7, 'reg_lambda': 0.17125657787336718, 'reg_alpha': 0.0004890615969308644}. Best is trial 38 with value: -18.3447.[0m

28.49 sec -- {'mean_score': -18.6068, 'valid_scores': [-26.4644, -24.3097, -18.6987, -15.6474, -13.229, -13.2915], 'train_scores': [-11.0058, -11.2757, -11.6857, -12.1392, -12.2023, -11.9658], 'params': {'learning_rate': 0.09751320818019298, 'min_child_weight': 46, 'max_depth': 9, 'subsample': 0.5, 'colsample_bytree': 0.7, 'reg_lambda': 0.0005711054027488896, 'reg_alpha': 0.0030369961803739954}}
[32m[I 2021-01-06 15:29:23,801][0m Trial 40 finished with value: -18.6068 and parameters: {'learning_rate': 0.09751320818019298, 'min_child_weight': 46, 'max_depth': 9, 'subsample': 0.5, 'colsample_bytree': 0.7, 'reg_lambda': 0.0005711054027488896, 'reg_alpha': 0.0030369961803739954}. Best is trial 38 with value: -18.3447.[0m

47.07 sec -- {'mean_score': -18.407, 'valid_scores': [-26.9004, -24.1717, -18.0528, -15.5886, -12.7426, -12.9861], 'train_scores': [-11.4755, -11.7774, -12.1713, -12.5203, -12.5866, -12.3195], 'params': {'learning_rate': 0.03576278984358139, 'min_child_weight': 50, 'max_depth': 10, 'subsample': 0.7, 'colsample_bytree': 0.9000000000000001, 'reg_lambda': 0.01673394378568424, 'reg_alpha': 0.0015915408973721957}}
[32m[I 2021-01-06 15:30:10,986][0m Trial 41 finished with value: -18.407 and parameters: {'learning_rate': 0.03576278984358139, 'min_child_weight': 50, 'max_depth': 10, 'subsample': 0.7, 'colsample_bytree': 0.9000000000000001, 'reg_lambda': 0.01673394378568424, 'reg_alpha': 0.0015915408973721957}. Best is trial 38 with value: -18.3447.[0m

27.07 sec -- {'mean_score': -18.5554, 'valid_scores': [-26.3146, -24.1572, -19.4531, -15.3525, -12.8661, -13.1891], 'train_scores': [-11.9144, -12.182, -12.716, -13.1082, -13.2512, -12.8799], 'params': {'learning_rate': 0.052980396741730086, 'min_child_weight': 50, 'max_depth': 8, 'subsample': 0.6, 'colsample_bytree': 0.6000000000000001, 'reg_lambda': 0.0007337322321384352, 'reg_alpha': 0.013035173643236102}}
[32m[I 2021-01-06 15:30:38,139][0m Trial 42 finished with value: -18.5554 and parameters: {'learning_rate': 0.052980396741730086, 'min_child_weight': 50, 'max_depth': 8, 'subsample': 0.6, 'colsample_bytree': 0.6000000000000001, 'reg_lambda': 0.0007337322321384352, 'reg_alpha': 0.013035173643236102}. Best is trial 38 with value: -18.3447.[0m

51.69 sec -- {'mean_score': -18.4007, 'valid_scores': [-26.8803, -24.1541, -17.9753, -15.458, -12.9624, -12.9742], 'train_scores': [-10.8857, -11.1776, -11.5479, -11.8632, -11.9874, -11.677], 'params': {'learning_rate': 0.04059884490987421, 'min_child_weight': 38, 'max_depth': 11, 'subsample': 0.6, 'colsample_bytree': 0.8, 'reg_lambda': 0.014693818280466826, 'reg_alpha': 0.016581730641932416}}
[32m[I 2021-01-06 15:31:29,912][0m Trial 43 finished with value: -18.4007 and parameters: {'learning_rate': 0.04059884490987421, 'min_child_weight': 38, 'max_depth': 11, 'subsample': 0.6, 'colsample_bytree': 0.8, 'reg_lambda': 0.014693818280466826, 'reg_alpha': 0.016581730641932416}. Best is trial 38 with value: -18.3447.[0m

36.95 sec -- {'mean_score': -18.4144, 'valid_scores': [-26.5516, -24.3681, -18.3887, -15.5008, -12.5354, -13.1419], 'train_scores': [-11.5678, -11.8197, -12.4007, -12.7492, -12.8569, -12.4804], 'params': {'learning_rate': 0.04419156728379664, 'min_child_weight': 40, 'max_depth': 9, 'subsample': 0.6, 'colsample_bytree': 0.9000000000000001, 'reg_lambda': 0.010932951058621196, 'reg_alpha': 0.03816855415483911}}
[32m[I 2021-01-06 15:32:06,944][0m Trial 44 finished with value: -18.4144 and parameters: {'learning_rate': 0.04419156728379664, 'min_child_weight': 40, 'max_depth': 9, 'subsample': 0.6, 'colsample_bytree': 0.9000000000000001, 'reg_lambda': 0.010932951058621196, 'reg_alpha': 0.03816855415483911}. Best is trial 38 with value: -18.3447.[0m

39.4 sec -- {'mean_score': -18.5059, 'valid_scores': [-26.8107, -24.2813, -18.253, -15.6596, -12.9157, -13.1153], 'train_scores': [-11.2558, -11.6375, -12.2487, -12.5284, -12.607, -12.3791], 'params': {'learning_rate': 0.045957944112049315, 'min_child_weight': 30, 'max_depth': 9, 'subsample': 0.6, 'colsample_bytree': 1.0, 'reg_lambda': 0.0025524290921690733, 'reg_alpha': 0.029858259702346377}}
[32m[I 2021-01-06 15:32:46,438][0m Trial 45 finished with value: -18.5059 and parameters: {'learning_rate': 0.045957944112049315, 'min_child_weight': 30, 'max_depth': 9, 'subsample': 0.6, 'colsample_bytree': 1.0, 'reg_lambda': 0.0025524290921690733, 'reg_alpha': 0.029858259702346377}. Best is trial 38 with value: -18.3447.[0m

73.18 sec -- {'mean_score': -20.5045, 'valid_scores': [-30.8757, -27.4436, -19.3465, -16.1639, -14.1824, -15.0149], 'train_scores': [-13.0714, -13.4547, -13.9664, -14.3231, -14.312, -13.9982], 'params': {'learning_rate': 0.015088125588159192, 'min_child_weight': 34, 'max_depth': 11, 'subsample': 0.5, 'colsample_bytree': 0.8, 'reg_lambda': 0.06043633837918763, 'reg_alpha': 0.01747993188315123}}
[32m[I 2021-01-06 15:33:59,707][0m Trial 46 finished with value: -20.5045 and parameters: {'learning_rate': 0.015088125588159192, 'min_child_weight': 34, 'max_depth': 11, 'subsample': 0.5, 'colsample_bytree': 0.8, 'reg_lambda': 0.06043633837918763, 'reg_alpha': 0.01747993188315123}. Best is trial 38 with value: -18.3447.[0m

65.57 sec -- {'mean_score': -18.5055, 'valid_scores': [-26.9675, -24.3152, -18.1727, -15.4484, -13.0917, -13.0375], 'train_scores': [-9.912, -10.1397, -10.4916, -10.7887, -10.8166, -10.6114], 'params': {'learning_rate': 0.05978434575220518, 'min_child_weight': 42, 'max_depth': 14, 'subsample': 0.7, 'colsample_bytree': 0.8, 'reg_lambda': 0.005058840281771076, 'reg_alpha': 0.024013563325734406}}
[32m[I 2021-01-06 15:35:05,362][0m Trial 47 finished with value: -18.5055 and parameters: {'learning_rate': 0.05978434575220518, 'min_child_weight': 42, 'max_depth': 14, 'subsample': 0.7, 'colsample_bytree': 0.8, 'reg_lambda': 0.005058840281771076, 'reg_alpha': 0.024013563325734406}. Best is trial 38 with value: -18.3447.[0m

34.29 sec -- {'mean_score': -18.4404, 'valid_scores': [-26.5416, -23.9775, -18.8785, -15.6164, -12.5948, -13.0336], 'train_scores': [-11.3691, -11.5847, -12.1687, -12.5524, -12.5323, -12.3014], 'params': {'learning_rate': 0.05582036499986924, 'min_child_weight': 50, 'max_depth': 9, 'subsample': 0.7, 'colsample_bytree': 1.0, 'reg_lambda': 0.0030467800919461506, 'reg_alpha': 0.02604121647599482}}
[32m[I 2021-01-06 15:35:39,752][0m Trial 48 finished with value: -18.4404 and parameters: {'learning_rate': 0.05582036499986924, 'min_child_weight': 50, 'max_depth': 9, 'subsample': 0.7, 'colsample_bytree': 1.0, 'reg_lambda': 0.0030467800919461506, 'reg_alpha': 0.02604121647599482}. Best is trial 38 with value: -18.3447.[0m

18.75 sec -- {'mean_score': -19.5504, 'valid_scores': [-27.8376, -24.6165, -21.8899, -15.9855, -12.7744, -14.1983], 'train_scores': [-14.6775, -15.0057, -15.8269, -15.8713, -16.1314, -15.6402], 'params': {'learning_rate': 0.04411242231152366, 'min_child_weight': 40, 'max_depth': 5, 'subsample': 0.6, 'colsample_bytree': 0.8, 'reg_lambda': 0.05058335749580563, 'reg_alpha': 0.028698224530168407}}
