[32m[I 2021-01-05 15:35:04,683][0m Trial 49 finished with value: -23.9998 and parameters: {'learning_rate': 0.013734568301147203, 'min_child_weight': 42, 'max_depth': 13, 'subsample': 0.9, 'colsample_bytree': 0.7, 'reg_lambda': 0.00010004266263900344, 'reg_alpha': 0.0075683692635382825}. Best is trial 44 with value: -20.8358.[0m

[
    {
        "score": -20.8358,
        "params": {
            "learning_rate": 0.0500778900903516,
            "min_child_weight": 38,
            "max_depth": 11,
            "subsample": 1.0,
            "colsample_bytree": 0.4,
            "reg_lambda": 0.6806380117474402,
            "reg_alpha": 0.005237117498563737
        }
    },
    {
        "score": -21.0746,
        "params": {
            "learning_rate": 0.05019779764217973,
            "min_child_weight": 44,
            "max_depth": 12,
            "subsample": 0.9,
            "colsample_bytree": 0.4,
            "reg_lambda": 0.056320349431251984,
            "reg_alpha": 0.0019450568627670912
        }
    },
    {
        "score": -21.1119,
        "params": {
            "learning_rate": 0.03631106606940904,
            "min_child_weight": 38,
            "max_depth": 12,
            "subsample": 1.0,
            "colsample_bytree": 0.5,
            "reg_lambda": 0.33380098494580285,
            "reg_alpha": 0.0063868533672847986
        }
    },
    {
        "score": -21.1164,
        "params": {
            "learning_rate": 0.036506273005617804,
            "min_child_weight": 44,
            "max_depth": 14,
            "subsample": 0.9,
            "colsample_bytree": 0.5,
            "reg_lambda": 0.00018947362686526475,
            "reg_alpha": 0.008267076689239193
        }
    },
    {
        "score": -21.1188,
        "params": {
            "learning_rate": 0.05702811069443794,
            "min_child_weight": 26,
            "max_depth": 12,
            "subsample": 0.9,
            "colsample_bytree": 0.6000000000000001,
            "reg_lambda": 0.15607768960973037,
            "reg_alpha": 0.752674312235434
        }
    },
    {
        "score": -21.1332,
        "params": {
            "learning_rate": 0.03228258764295131,
            "min_child_weight": 40,
            "max_depth": 15,
            "subsample": 1.0,
            "colsample_bytree": 0.6000000000000001,
            "reg_lambda": 0.6004614328556053,
            "reg_alpha": 0.0012289071396256535
        }
    },
    {
        "score": -21.1618,
        "params": {
            "learning_rate": 0.05303713974961195,
            "min_child_weight": 42,
            "max_depth": 15,
            "subsample": 0.8,
            "colsample_bytree": 0.4,
            "reg_lambda": 0.004709996435336639,
            "reg_alpha": 0.003917889473552341
        }
    },
    {
        "score": -21.1644,
        "params": {
            "learning_rate": 0.05738629537800654,
            "min_child_weight": 38,
            "max_depth": 10,
            "subsample": 1.0,
            "colsample_bytree": 0.3,
            "reg_lambda": 0.9365751300210425,
            "reg_alpha": 0.004326291176605163
        }
    },
    {
        "score": -21.178,
        "params": {
            "learning_rate": 0.06202691840259287,
            "min_child_weight": 32,
            "max_depth": 13,
            "subsample": 1.0,
            "colsample_bytree": 0.6000000000000001,
            "reg_lambda": 0.007941185172209398,
            "reg_alpha": 0.010878756231878537
        }
    },
    {
        "score": -21.1907,
        "params": {
            "learning_rate": 0.05555631160797229,
            "min_child_weight": 34,
            "max_depth": 7,
            "subsample": 0.8,
            "colsample_bytree": 0.4,
            "reg_lambda": 0.011893487970429335,
            "reg_alpha": 0.0008271524098582454
        }
    },
    {
        "score": -21.2236,
        "params": {
            "learning_rate": 0.05359953767387285,
            "min_child_weight": 38,
            "max_depth": 14,
            "subsample": 0.8,
            "colsample_bytree": 0.5,
            "reg_lambda": 0.004797546433840866,
            "reg_alpha": 0.00029686357924687434
        }
    },
    {
        "score": -21.2513,
        "params": {
            "learning_rate": 0.043472361173424595,
            "min_child_weight": 40,
            "max_depth": 15,
            "subsample": 0.9,
            "colsample_bytree": 0.7,
            "reg_lambda": 0.061984214790107156,
            "reg_alpha": 0.39478217547244454
        }
    },
    {
        "score": -21.2667,
        "params": {
            "learning_rate": 0.08875871380563108,
            "min_child_weight": 36,
            "max_depth": 14,
            "subsample": 1.0,
            "colsample_bytree": 0.6000000000000001,
            "reg_lambda": 0.009484748552131017,
            "reg_alpha": 0.012503589683378788
        }
    },
    {
        "score": -21.2948,
        "params": {
            "learning_rate": 0.06751192323623245,
            "min_child_weight": 50,
            "max_depth": 14,
            "subsample": 1.0,
            "colsample_bytree": 0.5,
            "reg_lambda": 0.359737532265855,
            "reg_alpha": 0.02549030404541924
        }
    },
    {
        "score": -21.3009,
        "params": {
            "learning_rate": 0.057839286085378486,
            "min_child_weight": 42,
            "max_depth": 15,
            "subsample": 1.0,
            "colsample_bytree": 0.6000000000000001,
            "reg_lambda": 0.00040033271161326776,
            "reg_alpha": 0.00228628931641654
        }
    },
    {
        "score": -21.3198,
        "params": {
            "learning_rate": 0.05644086248030453,
            "min_child_weight": 40,
            "max_depth": 14,
            "subsample": 0.9,
            "colsample_bytree": 0.5,
            "reg_lambda": 0.12983205406736173,
            "reg_alpha": 0.6284695113453541
        }
    },
    {
        "score": -21.3292,
        "params": {
            "learning_rate": 0.07201460148359182,
            "min_child_weight": 48,
            "max_depth": 13,
            "subsample": 0.8,
            "colsample_bytree": 0.8,
            "reg_lambda": 0.04913889020066146,
            "reg_alpha": 0.05886451571219676
        }
    },
    {
        "score": -21.3513,
        "params": {
            "learning_rate": 0.06527584587019983,
            "min_child_weight": 32,
            "max_depth": 15,
            "subsample": 1.0,
            "colsample_bytree": 0.4,
            "reg_lambda": 0.16484887456747627,
            "reg_alpha": 0.0001532505613949537
        }
    },
    {
        "score": -21.3845,
        "params": {
            "learning_rate": 0.06653157524344973,
            "min_child_weight": 34,
            "max_depth": 11,
            "subsample": 0.7,
            "colsample_bytree": 0.9000000000000001,
            "reg_lambda": 0.0083158891098993,
            "reg_alpha": 0.0037251107093914
        }
    },
    {
        "score": -21.3978,
        "params": {
            "learning_rate": 0.055827212446462646,
            "min_child_weight": 40,
            "max_depth": 13,
            "subsample": 0.6,
            "colsample_bytree": 0.3,
            "reg_lambda": 0.067181232475508,
            "reg_alpha": 0.0036362370168025074
        }
    },
    {
        "score": -21.3995,
        "params": {
            "learning_rate": 0.02943845829994822,
            "min_child_weight": 28,
            "max_depth": 11,
            "subsample": 1.0,
            "colsample_bytree": 0.7,
            "reg_lambda": 0.016330281939758613,
            "reg_alpha": 0.003992626200409495
        }
    },
    {
        "score": -21.417,
        "params": {
            "learning_rate": 0.024175297453969867,
            "min_child_weight": 26,
            "max_depth": 15,
            "subsample": 1.0,
            "colsample_bytree": 0.7,
            "reg_lambda": 0.3189534556587797,
            "reg_alpha": 0.003954984945512736
        }
    },
    {
        "score": -21.4227,
        "params": {
            "learning_rate": 0.03890255504682076,
            "min_child_weight": 32,
            "max_depth": 12,
            "subsample": 1.0,
            "colsample_bytree": 0.3,
            "reg_lambda": 0.0008179302057872405,
            "reg_alpha": 0.03714256820572921
        }
    },
    {
        "score": -21.433,
        "params": {
            "learning_rate": 0.02612488940928304,
            "min_child_weight": 48,
            "max_depth": 12,
            "subsample": 0.8,
            "colsample_bytree": 0.5,
            "reg_lambda": 0.0018730598831737254,
            "reg_alpha": 0.008480755318519734
        }
    },
    {
        "score": -21.4412,
        "params": {
            "learning_rate": 0.03873064650424658,
            "min_child_weight": 44,
            "max_depth": 14,
            "subsample": 0.9,
            "colsample_bytree": 0.3,
            "reg_lambda": 0.02636779238165033,
            "reg_alpha": 0.001665580158240651
        }
    },
    {
        "score": -21.4676,
        "params": {
            "learning_rate": 0.05995872575627428,
            "min_child_weight": 14,
            "max_depth": 14,
            "subsample": 0.9,
            "colsample_bytree": 0.7,
            "reg_lambda": 0.3748148660724743,
            "reg_alpha": 0.49907120372120106
        }
    },
    {
        "score": -21.4727,
        "params": {
            "learning_rate": 0.03537702690608815,
            "min_child_weight": 42,
            "max_depth": 14,
            "subsample": 0.8,
            "colsample_bytree": 0.3,
            "reg_lambda": 0.00010212989728514646,
            "reg_alpha": 0.008569818146777555
        }
    },
    {
        "score": -21.5068,
        "params": {
            "learning_rate": 0.024479064673724134,
            "min_child_weight": 46,
            "max_depth": 12,
            "subsample": 0.9,
            "colsample_bytree": 0.7,
            "reg_lambda": 0.3674400825924322,
            "reg_alpha": 0.0002595901947139706
        }
    },
    {
        "score": -21.5508,
        "params": {
            "learning_rate": 0.0280409128846815,
            "min_child_weight": 24,
            "max_depth": 9,
            "subsample": 1.0,
            "colsample_bytree": 0.7,
            "reg_lambda": 0.12120624084728675,
            "reg_alpha": 0.2908369696715824
        }
    },
    {
        "score": -21.5616,
        "params": {
            "learning_rate": 0.08509848432215864,
            "min_child_weight": 26,
            "max_depth": 14,
            "subsample": 0.9,
            "colsample_bytree": 0.5,
            "reg_lambda": 0.4894371001163428,
            "reg_alpha": 0.8833435008557092
        }
    },
    {
        "score": -21.5966,
        "params": {
            "learning_rate": 0.08022631658027443,
            "min_child_weight": 22,
            "max_depth": 15,
            "subsample": 0.8,
            "colsample_bytree": 0.9000000000000001,
            "reg_lambda": 0.05755763888633627,
            "reg_alpha": 0.022417225926051075
        }
    },
    {
        "score": -21.6046,
        "params": {
            "learning_rate": 0.09793553027814028,
            "min_child_weight": 46,
            "max_depth": 14,
            "subsample": 0.7,
            "colsample_bytree": 0.4,
            "reg_lambda": 0.000312440301955596,
            "reg_alpha": 0.001716140413714487
        }
    },
    {
        "score": -21.6125,
        "params": {
            "learning_rate": 0.09125039204412684,
            "min_child_weight": 30,
            "max_depth": 8,
            "subsample": 0.8,
            "colsample_bytree": 0.8,
            "reg_lambda": 0.47375718814658874,
            "reg_alpha": 0.5707552786516995
        }
    },
    {
        "score": -21.619,
        "params": {
            "learning_rate": 0.0765484693987181,
            "min_child_weight": 44,
            "max_depth": 13,
            "subsample": 1.0,
            "colsample_bytree": 0.7,
            "reg_lambda": 0.000766357214471309,
            "reg_alpha": 0.6255240627271558
        }
    },
    {
        "score": -21.7023,
        "params": {
            "learning_rate": 0.07804891172420975,
            "min_child_weight": 10,
            "max_depth": 15,
            "subsample": 0.8,
            "colsample_bytree": 0.5,
            "reg_lambda": 0.00014246287546874315,
            "reg_alpha": 0.03444262409555021
        }
    },
    {
        "score": -21.7187,
        "params": {
            "learning_rate": 0.08218247774820742,
            "min_child_weight": 18,
            "max_depth": 11,
            "subsample": 1.0,
            "colsample_bytree": 0.3,
            "reg_lambda": 0.336506463099734,
            "reg_alpha": 0.020077310103411152
        }
    },
    {
        "score": -21.7741,
        "params": {
            "learning_rate": 0.027329571223217167,
            "min_child_weight": 32,
            "max_depth": 8,
            "subsample": 0.5,
            "colsample_bytree": 0.5,
            "reg_lambda": 0.08021726072929854,
            "reg_alpha": 0.9226036622988572
        }
    },
    {
        "score": -21.8416,
        "params": {
            "learning_rate": 0.12058376049427035,
            "min_child_weight": 10,
            "max_depth": 11,
            "subsample": 0.7,
            "colsample_bytree": 0.5,
            "reg_lambda": 0.12500712230836253,
            "reg_alpha": 0.006677306766018313
        }
    },
    {
        "score": -21.9905,
        "params": {
            "learning_rate": 0.1142745657461917,
            "min_child_weight": 10,
            "max_depth": 4,
            "subsample": 1.0,
            "colsample_bytree": 0.9000000000000001,
            "reg_lambda": 0.031207198770106425,
            "reg_alpha": 0.0034476790445206584
        }
    },
    {
        "score": -22.017,
        "params": {
            "learning_rate": 0.12338773222486402,
            "min_child_weight": 44,
            "max_depth": 13,
            "subsample": 1.0,
            "colsample_bytree": 0.5,
            "reg_lambda": 0.010860842603006774,
            "reg_alpha": 0.004630408502889483
        }
    },
    {
        "score": -22.0466,
        "params": {
            "learning_rate": 0.19220036103865887,
            "min_child_weight": 40,
            "max_depth": 5,
            "subsample": 0.5,
            "colsample_bytree": 0.8,
            "reg_lambda": 0.0010307810128023646,
            "reg_alpha": 0.007332348382056162
        }
    },
    {
        "score": -22.0483,
        "params": {
            "learning_rate": 0.1180024502850432,
            "min_child_weight": 10,
            "max_depth": 5,
            "subsample": 0.8,
            "colsample_bytree": 0.7,
            "reg_lambda": 0.02935864364395359,
            "reg_alpha": 0.5956516018710561
        }
    },
    {
        "score": -22.1879,
        "params": {
            "learning_rate": 0.17531657908810291,
            "min_child_weight": 16,
            "max_depth": 9,
            "subsample": 0.9,
            "colsample_bytree": 0.7,
            "reg_lambda": 0.05194193452752135,
            "reg_alpha": 0.07630106835260413
        }
    },
    {
        "score": -22.3124,
        "params": {
            "learning_rate": 0.019048070602564027,
            "min_child_weight": 20,
            "max_depth": 10,
            "subsample": 0.8,
            "colsample_bytree": 0.4,
            "reg_lambda": 0.1797341915973062,
            "reg_alpha": 0.078736653355851
        }
    },
    {
        "score": -22.3212,
        "params": {
            "learning_rate": 0.01766762461586444,
            "min_child_weight": 30,
            "max_depth": 14,
            "subsample": 0.9,
            "colsample_bytree": 0.6000000000000001,
            "reg_lambda": 0.011895360020523502,
            "reg_alpha": 0.837011531210277
        }
    },
    {
        "score": -22.5188,
        "params": {
            "learning_rate": 0.16885496507210174,
            "min_child_weight": 26,
            "max_depth": 10,
            "subsample": 0.8,
            "colsample_bytree": 0.5,
            "reg_lambda": 0.673939072374977,
            "reg_alpha": 0.00036425298685704717
        }
    },
    {
        "score": -23.0435,
        "params": {
            "learning_rate": 0.13954585682966186,
            "min_child_weight": 12,
            "max_depth": 2,
            "subsample": 0.5,
            "colsample_bytree": 1.0,
            "reg_lambda": 0.04097888554188057,
            "reg_alpha": 0.00048265670146304085
        }
    },
    {
        "score": -23.837,
        "params": {
            "learning_rate": 0.015422578533043643,
            "min_child_weight": 42,
            "max_depth": 8,
            "subsample": 0.9,
            "colsample_bytree": 0.4,
            "reg_lambda": 0.052773405380759066,
            "reg_alpha": 0.023427471932381178
        }
    },
    {
        "score": -23.9998,
        "params": {
            "learning_rate": 0.013734568301147203,
            "min_child_weight": 42,
            "max_depth": 13,
            "subsample": 0.9,
            "colsample_bytree": 0.7,
            "reg_lambda": 0.00010004266263900344,
            "reg_alpha": 0.0075683692635382825
        }
    },
    {
        "score": -25.9622,
        "params": {
            "learning_rate": 0.011611437813687224,
            "min_child_weight": 36,
            "max_depth": 15,
            "subsample": 0.7,
            "colsample_bytree": 0.9000000000000001,
            "reg_lambda": 0.4383352616795657,
            "reg_alpha": 0.1252495084618153
        }
    }
]
