[32m[I 2021-01-05 15:17:42,388][0m Trial 30 finished with value: -21.6046 and parameters: {'learning_rate': 0.09793553027814028, 'min_child_weight': 46, 'max_depth': 14, 'subsample': 0.7, 'colsample_bytree': 0.4, 'reg_lambda': 0.000312440301955596, 'reg_alpha': 0.001716140413714487}. Best is trial 29 with value: -21.0746.[0m

24.33 sec -- {'mean_score': -23.837, 'valid_scores': [-30.8622, -27.7367, -20.4692, -16.2801], 'train_scores': [-14.8716, -15.367, -16.5088, -16.9629], 'params': {'learning_rate': 0.015422578533043643, 'min_child_weight': 42, 'max_depth': 8, 'subsample': 0.9, 'colsample_bytree': 0.4, 'reg_lambda': 0.052773405380759066, 'reg_alpha': 0.023427471932381178}}
[32m[I 2021-01-05 15:18:06,798][0m Trial 31 finished with value: -23.837 and parameters: {'learning_rate': 0.015422578533043643, 'min_child_weight': 42, 'max_depth': 8, 'subsample': 0.9, 'colsample_bytree': 0.4, 'reg_lambda': 0.052773405380759066, 'reg_alpha': 0.023427471932381178}. Best is trial 29 with value: -21.0746.[0m

50.74 sec -- {'mean_score': -21.2236, 'valid_scores': [-26.7124, -24.2571, -18.3093, -15.6158], 'train_scores': [-9.8008, -9.9476, -10.2651, -10.517], 'params': {'learning_rate': 0.05359953767387285, 'min_child_weight': 38, 'max_depth': 14, 'subsample': 0.8, 'colsample_bytree': 0.5, 'reg_lambda': 0.004797546433840866, 'reg_alpha': 0.00029686357924687434}}
[32m[I 2021-01-05 15:18:57,616][0m Trial 32 finished with value: -21.2236 and parameters: {'learning_rate': 0.05359953767387285, 'min_child_weight': 38, 'max_depth': 14, 'subsample': 0.8, 'colsample_bytree': 0.5, 'reg_lambda': 0.004797546433840866, 'reg_alpha': 0.00029686357924687434}. Best is trial 29 with value: -21.0746.[0m

49.24 sec -- {'mean_score': -21.4412, 'valid_scores': [-27.1738, -24.7483, -18.8209, -15.0216], 'train_scores': [-10.6823, -10.8532, -11.4037, -11.7123], 'params': {'learning_rate': 0.03873064650424658, 'min_child_weight': 44, 'max_depth': 14, 'subsample': 0.9, 'colsample_bytree': 0.3, 'reg_lambda': 0.02636779238165033, 'reg_alpha': 0.001665580158240651}}
[32m[I 2021-01-05 15:19:46,941][0m Trial 33 finished with value: -21.4412 and parameters: {'learning_rate': 0.03873064650424658, 'min_child_weight': 44, 'max_depth': 14, 'subsample': 0.9, 'colsample_bytree': 0.3, 'reg_lambda': 0.02636779238165033, 'reg_alpha': 0.001665580158240651}. Best is trial 29 with value: -21.0746.[0m

44.99 sec -- {'mean_score': -21.4227, 'valid_scores': [-27.1225, -24.5095, -18.9022, -15.1565], 'train_scores': [-10.5915, -10.9007, -11.3611, -11.7262], 'params': {'learning_rate': 0.03890255504682076, 'min_child_weight': 32, 'max_depth': 12, 'subsample': 1.0, 'colsample_bytree': 0.3, 'reg_lambda': 0.0008179302057872405, 'reg_alpha': 0.03714256820572921}}
[32m[I 2021-01-05 15:20:32,035][0m Trial 34 finished with value: -21.4227 and parameters: {'learning_rate': 0.03890255504682076, 'min_child_weight': 32, 'max_depth': 12, 'subsample': 1.0, 'colsample_bytree': 0.3, 'reg_lambda': 0.0008179302057872405, 'reg_alpha': 0.03714256820572921}. Best is trial 29 with value: -21.0746.[0m

60.49 sec -- {'mean_score': -21.1164, 'valid_scores': [-26.7364, -24.1353, -18.4978, -15.096], 'train_scores': [-10.1773, -10.3294, -10.5941, -10.8646], 'params': {'learning_rate': 0.036506273005617804, 'min_child_weight': 44, 'max_depth': 14, 'subsample': 0.9, 'colsample_bytree': 0.5, 'reg_lambda': 0.00018947362686526475, 'reg_alpha': 0.008267076689239193}}
[32m[I 2021-01-05 15:21:32,625][0m Trial 35 finished with value: -21.1164 and parameters: {'learning_rate': 0.036506273005617804, 'min_child_weight': 44, 'max_depth': 14, 'subsample': 0.9, 'colsample_bytree': 0.5, 'reg_lambda': 0.00018947362686526475, 'reg_alpha': 0.008267076689239193}. Best is trial 29 with value: -21.0746.[0m

48.08 sec -- {'mean_score': -21.433, 'valid_scores': [-27.392, -24.6204, -18.5401, -15.1796], 'train_scores': [-11.1868, -11.3567, -11.8722, -12.188], 'params': {'learning_rate': 0.02612488940928304, 'min_child_weight': 48, 'max_depth': 12, 'subsample': 0.8, 'colsample_bytree': 0.5, 'reg_lambda': 0.0018730598831737254, 'reg_alpha': 0.008480755318519734}}
[32m[I 2021-01-05 15:22:20,792][0m Trial 36 finished with value: -21.433 and parameters: {'learning_rate': 0.02612488940928304, 'min_child_weight': 48, 'max_depth': 12, 'subsample': 0.8, 'colsample_bytree': 0.5, 'reg_lambda': 0.0018730598831737254, 'reg_alpha': 0.008480755318519734}. Best is trial 29 with value: -21.0746.[0m

61.63 sec -- {'mean_score': -21.3009, 'valid_scores': [-26.6573, -24.1702, -18.4909, -15.8853], 'train_scores': [-9.3487, -9.54, -9.864, -10.121], 'params': {'learning_rate': 0.057839286085378486, 'min_child_weight': 42, 'max_depth': 15, 'subsample': 1.0, 'colsample_bytree': 0.6000000000000001, 'reg_lambda': 0.00040033271161326776, 'reg_alpha': 0.00228628931641654}}
[32m[I 2021-01-05 15:23:22,552][0m Trial 37 finished with value: -21.3009 and parameters: {'learning_rate': 0.057839286085378486, 'min_child_weight': 42, 'max_depth': 15, 'subsample': 1.0, 'colsample_bytree': 0.6000000000000001, 'reg_lambda': 0.00040033271161326776, 'reg_alpha': 0.00228628931641654}. Best is trial 29 with value: -21.0746.[0m

77.51 sec -- {'mean_score': -21.1332, 'valid_scores': [-26.5952, -24.2488, -18.4452, -15.2436], 'train_scores': [-9.8207, -10.0168, -10.2834, -10.5184], 'params': {'learning_rate': 0.03228258764295131, 'min_child_weight': 40, 'max_depth': 15, 'subsample': 1.0, 'colsample_bytree': 0.6000000000000001, 'reg_lambda': 0.6004614328556053, 'reg_alpha': 0.0012289071396256535}}
[32m[I 2021-01-05 15:24:40,202][0m Trial 38 finished with value: -21.1332 and parameters: {'learning_rate': 0.03228258764295131, 'min_child_weight': 40, 'max_depth': 15, 'subsample': 1.0, 'colsample_bytree': 0.6000000000000001, 'reg_lambda': 0.6004614328556053, 'reg_alpha': 0.0012289071396256535}. Best is trial 29 with value: -21.0746.[0m

58.07 sec -- {'mean_score': -21.5068, 'valid_scores': [-27.6231, -24.6589, -18.2708, -15.4743], 'train_scores': [-11.0406, -11.2356, -11.6159, -11.9391], 'params': {'learning_rate': 0.024479064673724134, 'min_child_weight': 46, 'max_depth': 12, 'subsample': 0.9, 'colsample_bytree': 0.7, 'reg_lambda': 0.3674400825924322, 'reg_alpha': 0.0002595901947139706}}
[32m[I 2021-01-05 15:25:38,425][0m Trial 39 finished with value: -21.5068 and parameters: {'learning_rate': 0.024479064673724134, 'min_child_weight': 46, 'max_depth': 12, 'subsample': 0.9, 'colsample_bytree': 0.7, 'reg_lambda': 0.3674400825924322, 'reg_alpha': 0.0002595901947139706}. Best is trial 29 with value: -21.0746.[0m

121.3 sec -- {'mean_score': -21.417, 'valid_scores': [-27.4311, -24.8888, -18.0198, -15.3284], 'train_scores': [-9.5907, -9.7383, -10.0276, -10.2682], 'params': {'learning_rate': 0.024175297453969867, 'min_child_weight': 26, 'max_depth': 15, 'subsample': 1.0, 'colsample_bytree': 0.7, 'reg_lambda': 0.3189534556587797, 'reg_alpha': 0.003954984945512736}}
[32m[I 2021-01-05 15:27:39,818][0m Trial 40 finished with value: -21.417 and parameters: {'learning_rate': 0.024175297453969867, 'min_child_weight': 26, 'max_depth': 15, 'subsample': 1.0, 'colsample_bytree': 0.7, 'reg_lambda': 0.3189534556587797, 'reg_alpha': 0.003954984945512736}. Best is trial 29 with value: -21.0746.[0m

37.21 sec -- {'mean_score': -21.3978, 'valid_scores': [-27.128, -24.6853, -18.6342, -15.1436], 'train_scores': [-10.691, -10.9001, -11.272, -11.5321], 'params': {'learning_rate': 0.055827212446462646, 'min_child_weight': 40, 'max_depth': 13, 'subsample': 0.6, 'colsample_bytree': 0.3, 'reg_lambda': 0.067181232475508, 'reg_alpha': 0.0036362370168025074}}
[32m[I 2021-01-05 15:28:17,191][0m Trial 41 finished with value: -21.3978 and parameters: {'learning_rate': 0.055827212446462646, 'min_child_weight': 40, 'max_depth': 13, 'subsample': 0.6, 'colsample_bytree': 0.3, 'reg_lambda': 0.067181232475508, 'reg_alpha': 0.0036362370168025074}. Best is trial 29 with value: -21.0746.[0m

48.98 sec -- {'mean_score': -21.1119, 'valid_scores': [-26.7262, -24.3734, -18.4532, -14.8948], 'train_scores': [-10.2938, -10.4912, -10.8065, -11.1444], 'params': {'learning_rate': 0.03631106606940904, 'min_child_weight': 38, 'max_depth': 12, 'subsample': 1.0, 'colsample_bytree': 0.5, 'reg_lambda': 0.33380098494580285, 'reg_alpha': 0.0063868533672847986}}
[32m[I 2021-01-05 15:29:06,309][0m Trial 42 finished with value: -21.1119 and parameters: {'learning_rate': 0.03631106606940904, 'min_child_weight': 38, 'max_depth': 12, 'subsample': 1.0, 'colsample_bytree': 0.5, 'reg_lambda': 0.33380098494580285, 'reg_alpha': 0.0063868533672847986}. Best is trial 29 with value: -21.0746.[0m

60.48 sec -- {'mean_score': -21.3513, 'valid_scores': [-26.8049, -24.7438, -18.3669, -15.4897], 'train_scores': [-9.1267, -9.2269, -9.5262, -9.7211], 'params': {'learning_rate': 0.06527584587019983, 'min_child_weight': 32, 'max_depth': 15, 'subsample': 1.0, 'colsample_bytree': 0.4, 'reg_lambda': 0.16484887456747627, 'reg_alpha': 0.0001532505613949537}}
[32m[I 2021-01-05 15:30:06,920][0m Trial 43 finished with value: -21.3513 and parameters: {'learning_rate': 0.06527584587019983, 'min_child_weight': 32, 'max_depth': 15, 'subsample': 1.0, 'colsample_bytree': 0.4, 'reg_lambda': 0.16484887456747627, 'reg_alpha': 0.0001532505613949537}. Best is trial 29 with value: -21.0746.[0m

36.0 sec -- {'mean_score': -20.8358, 'valid_scores': [-26.4022, -24.0389, -18.1219, -14.7801], 'train_scores': [-10.3949, -10.6162, -10.8548, -11.2293], 'params': {'learning_rate': 0.0500778900903516, 'min_child_weight': 38, 'max_depth': 11, 'subsample': 1.0, 'colsample_bytree': 0.4, 'reg_lambda': 0.6806380117474402, 'reg_alpha': 0.005237117498563737}}
[32m[I 2021-01-05 15:30:43,025][0m Trial 44 finished with value: -20.8358 and parameters: {'learning_rate': 0.0500778900903516, 'min_child_weight': 38, 'max_depth': 11, 'subsample': 1.0, 'colsample_bytree': 0.4, 'reg_lambda': 0.6806380117474402, 'reg_alpha': 0.005237117498563737}. Best is trial 44 with value: -20.8358.[0m

28.49 sec -- {'mean_score': -21.1644, 'valid_scores': [-26.7056, -24.46, -18.5289, -14.963], 'train_scores': [-10.8069, -11.1421, -11.4587, -11.807], 'params': {'learning_rate': 0.05738629537800654, 'min_child_weight': 38, 'max_depth': 10, 'subsample': 1.0, 'colsample_bytree': 0.3, 'reg_lambda': 0.9365751300210425, 'reg_alpha': 0.004326291176605163}}
[32m[I 2021-01-05 15:31:11,600][0m Trial 45 finished with value: -21.1644 and parameters: {'learning_rate': 0.05738629537800654, 'min_child_weight': 38, 'max_depth': 10, 'subsample': 1.0, 'colsample_bytree': 0.3, 'reg_lambda': 0.9365751300210425, 'reg_alpha': 0.004326291176605163}. Best is trial 44 with value: -20.8358.[0m

50.86 sec -- {'mean_score': -21.5616, 'valid_scores': [-26.9516, -24.7971, -18.8139, -15.6837], 'train_scores': [-8.919, -9.0786, -9.3739, -9.6526], 'params': {'learning_rate': 0.08509848432215864, 'min_child_weight': 26, 'max_depth': 14, 'subsample': 0.9, 'colsample_bytree': 0.5, 'reg_lambda': 0.4894371001163428, 'reg_alpha': 0.8833435008557092}}
[32m[I 2021-01-05 15:32:02,550][0m Trial 46 finished with value: -21.5616 and parameters: {'learning_rate': 0.08509848432215864, 'min_child_weight': 26, 'max_depth': 14, 'subsample': 0.9, 'colsample_bytree': 0.5, 'reg_lambda': 0.4894371001163428, 'reg_alpha': 0.8833435008557092}. Best is trial 44 with value: -20.8358.[0m

45.53 sec -- {'mean_score': -21.2948, 'valid_scores': [-26.8494, -24.0281, -18.5822, -15.7197], 'train_scores': [-9.6248, -9.8045, -10.1898, -10.4514], 'params': {'learning_rate': 0.06751192323623245, 'min_child_weight': 50, 'max_depth': 14, 'subsample': 1.0, 'colsample_bytree': 0.5, 'reg_lambda': 0.359737532265855, 'reg_alpha': 0.02549030404541924}}
[32m[I 2021-01-05 15:32:48,172][0m Trial 47 finished with value: -21.2948 and parameters: {'learning_rate': 0.06751192323623245, 'min_child_weight': 50, 'max_depth': 14, 'subsample': 1.0, 'colsample_bytree': 0.5, 'reg_lambda': 0.359737532265855, 'reg_alpha': 0.02549030404541924}. Best is trial 44 with value: -20.8358.[0m

48.31 sec -- {'mean_score': -21.4727, 'valid_scores': [-27.3051, -24.5548, -18.9943, -15.0367], 'train_scores': [-10.9335, -11.1403, -11.6989, -12.0031], 'params': {'learning_rate': 0.03537702690608815, 'min_child_weight': 42, 'max_depth': 14, 'subsample': 0.8, 'colsample_bytree': 0.3, 'reg_lambda': 0.00010212989728514646, 'reg_alpha': 0.008569818146777555}}
[32m[I 2021-01-05 15:33:36,599][0m Trial 48 finished with value: -21.4727 and parameters: {'learning_rate': 0.03537702690608815, 'min_child_weight': 42, 'max_depth': 14, 'subsample': 0.8, 'colsample_bytree': 0.3, 'reg_lambda': 0.00010212989728514646, 'reg_alpha': 0.008569818146777555}. Best is trial 44 with value: -20.8358.[0m

87.99 sec -- {'mean_score': -23.9998, 'valid_scores': [-31.5322, -28.333, -19.8634, -16.2707], 'train_scores': [-12.6413, -13.022, -13.6839, -13.9855], 'params': {'learning_rate': 0.013734568301147203, 'min_child_weight': 42, 'max_depth': 13, 'subsample': 0.9, 'colsample_bytree': 0.7, 'reg_lambda': 0.00010004266263900344, 'reg_alpha': 0.0075683692635382825}}
