nohup: å¿½ç•¥è¼¸å…¥
/home/student/06/b06902125/.local/lib/python3.9/site-packages/optuna/samplers/_tpe/sampler.py:188: ExperimentalWarning: ``multivariate`` option is an experimental feature. The interface can change in the future.
  warnings.warn(
[32m[I 2021-01-05 14:10:58,835][0m A new study created in memory with name: no-name-cc1c2dc5-269a-4515-aa37-8204b62c2a94[0m
(91531, 532)

390.11 sec -- {'mean_score': -21.9905, 'valid_scores': [-26.3742, -23.6065, -22.5244, -15.4569], 'train_scores': [-13.7624, -14.0825, -15.0107, -15.4244], 'params': {'learning_rate': 0.1142745657461917, 'min_child_weight': 10, 'max_depth': 4, 'subsample': 1.0, 'colsample_bytree': 0.9000000000000001, 'reg_lambda': 0.031207198770106425, 'reg_alpha': 0.0034476790445206584}}
[32m[I 2021-01-05 14:17:29,074][0m Trial 0 finished with value: -21.9905 and parameters: {'learning_rate': 0.1142745657461917, 'min_child_weight': 10, 'max_depth': 4, 'subsample': 1.0, 'colsample_bytree': 0.9000000000000001, 'reg_lambda': 0.031207198770106425, 'reg_alpha': 0.0034476790445206584}. Best is trial 0 with value: -21.9905.[0m

319.77 sec -- {'mean_score': -21.3845, 'valid_scores': [-26.7362, -24.462, -18.2981, -16.0418], 'train_scores': [-10.3045, -10.5127, -10.996, -11.3659], 'params': {'learning_rate': 0.06653157524344973, 'min_child_weight': 34, 'max_depth': 11, 'subsample': 0.7, 'colsample_bytree': 0.9000000000000001, 'reg_lambda': 0.0083158891098993, 'reg_alpha': 0.0037251107093914}}
[32m[I 2021-01-05 14:22:48,979][0m Trial 1 finished with value: -21.3845 and parameters: {'learning_rate': 0.06653157524344973, 'min_child_weight': 34, 'max_depth': 11, 'subsample': 0.7, 'colsample_bytree': 0.9000000000000001, 'reg_lambda': 0.0083158891098993, 'reg_alpha': 0.0037251107093914}. Best is trial 1 with value: -21.3845.[0m

370.75 sec -- {'mean_score': -22.5188, 'valid_scores': [-27.9898, -24.8813, -19.9519, -17.2521], 'train_scores': [-9.6137, -9.9288, -10.3907, -10.777], 'params': {'learning_rate': 0.16885496507210174, 'min_child_weight': 26, 'max_depth': 10, 'subsample': 0.8, 'colsample_bytree': 0.5, 'reg_lambda': 0.673939072374977, 'reg_alpha': 0.00036425298685704717}}
[32m[I 2021-01-05 14:28:59,860][0m Trial 2 finished with value: -22.5188 and parameters: {'learning_rate': 0.16885496507210174, 'min_child_weight': 26, 'max_depth': 10, 'subsample': 0.8, 'colsample_bytree': 0.5, 'reg_lambda': 0.673939072374977, 'reg_alpha': 0.00036425298685704717}. Best is trial 1 with value: -21.3845.[0m

327.58 sec -- {'mean_score': -22.1879, 'valid_scores': [-27.7317, -24.8914, -18.9122, -17.2162], 'train_scores': [-9.4478, -9.7491, -10.2116, -10.666], 'params': {'learning_rate': 0.17531657908810291, 'min_child_weight': 16, 'max_depth': 9, 'subsample': 0.9, 'colsample_bytree': 0.7, 'reg_lambda': 0.05194193452752135, 'reg_alpha': 0.07630106835260413}}
[32m[I 2021-01-05 14:34:27,566][0m Trial 3 finished with value: -22.1879 and parameters: {'learning_rate': 0.17531657908810291, 'min_child_weight': 16, 'max_depth': 9, 'subsample': 0.9, 'colsample_bytree': 0.7, 'reg_lambda': 0.05194193452752135, 'reg_alpha': 0.07630106835260413}. Best is trial 1 with value: -21.3845.[0m

323.97 sec -- {'mean_score': -21.8416, 'valid_scores': [-27.1491, -25.3598, -18.8646, -15.9931], 'train_scores': [-8.939, -9.0874, -9.6498, -9.9766], 'params': {'learning_rate': 0.12058376049427035, 'min_child_weight': 10, 'max_depth': 11, 'subsample': 0.7, 'colsample_bytree': 0.5, 'reg_lambda': 0.12500712230836253, 'reg_alpha': 0.006677306766018313}}
[32m[I 2021-01-05 14:39:51,636][0m Trial 4 finished with value: -21.8416 and parameters: {'learning_rate': 0.12058376049427035, 'min_child_weight': 10, 'max_depth': 11, 'subsample': 0.7, 'colsample_bytree': 0.5, 'reg_lambda': 0.12500712230836253, 'reg_alpha': 0.006677306766018313}. Best is trial 1 with value: -21.3845.[0m

304.73 sec -- {'mean_score': -22.0483, 'valid_scores': [-26.2989, -23.9516, -22.3579, -15.5849], 'train_scores': [-12.6783, -12.993, -13.3544, -13.923], 'params': {'learning_rate': 0.1180024502850432, 'min_child_weight': 10, 'max_depth': 5, 'subsample': 0.8, 'colsample_bytree': 0.7, 'reg_lambda': 0.02935864364395359, 'reg_alpha': 0.5956516018710561}}
[32m[I 2021-01-05 14:44:56,473][0m Trial 5 finished with value: -22.0483 and parameters: {'learning_rate': 0.1180024502850432, 'min_child_weight': 10, 'max_depth': 5, 'subsample': 0.8, 'colsample_bytree': 0.7, 'reg_lambda': 0.02935864364395359, 'reg_alpha': 0.5956516018710561}. Best is trial 1 with value: -21.3845.[0m

245.94 sec -- {'mean_score': -23.0435, 'valid_scores': [-28.47, -26.2315, -20.7324, -16.7402], 'train_scores': [-18.0139, -17.6791, -18.8872, -19.1452], 'params': {'learning_rate': 0.13954585682966186, 'min_child_weight': 12, 'max_depth': 2, 'subsample': 0.5, 'colsample_bytree': 1.0, 'reg_lambda': 0.04097888554188057, 'reg_alpha': 0.00048265670146304085}}
[32m[I 2021-01-05 14:49:02,555][0m Trial 6 finished with value: -23.0435 and parameters: {'learning_rate': 0.13954585682966186, 'min_child_weight': 12, 'max_depth': 2, 'subsample': 0.5, 'colsample_bytree': 1.0, 'reg_lambda': 0.04097888554188057, 'reg_alpha': 0.00048265670146304085}. Best is trial 1 with value: -21.3845.[0m

372.05 sec -- {'mean_score': -21.7023, 'valid_scores': [-27.0607, -25.1024, -18.6142, -16.0319], 'train_scores': [-7.6597, -7.8898, -8.0821, -8.4353], 'params': {'learning_rate': 0.07804891172420975, 'min_child_weight': 10, 'max_depth': 15, 'subsample': 0.8, 'colsample_bytree': 0.5, 'reg_lambda': 0.00014246287546874315, 'reg_alpha': 0.03444262409555021}}
[32m[I 2021-01-05 14:55:14,712][0m Trial 7 finished with value: -21.7023 and parameters: {'learning_rate': 0.07804891172420975, 'min_child_weight': 10, 'max_depth': 15, 'subsample': 0.8, 'colsample_bytree': 0.5, 'reg_lambda': 0.00014246287546874315, 'reg_alpha': 0.03444262409555021}. Best is trial 1 with value: -21.3845.[0m

146.76 sec -- {'mean_score': -22.0466, 'valid_scores': [-26.4369, -24.888, -20.5436, -16.3177], 'train_scores': [-12.5483, -12.9463, -13.4784, -13.7329], 'params': {'learning_rate': 0.19220036103865887, 'min_child_weight': 40, 'max_depth': 5, 'subsample': 0.5, 'colsample_bytree': 0.8, 'reg_lambda': 0.0010307810128023646, 'reg_alpha': 0.007332348382056162}}
[32m[I 2021-01-05 14:57:41,577][0m Trial 8 finished with value: -22.0466 and parameters: {'learning_rate': 0.19220036103865887, 'min_child_weight': 40, 'max_depth': 5, 'subsample': 0.5, 'colsample_bytree': 0.8, 'reg_lambda': 0.0010307810128023646, 'reg_alpha': 0.007332348382056162}. Best is trial 1 with value: -21.3845.[0m

72.73 sec -- {'mean_score': -21.3198, 'valid_scores': [-26.79, -24.219, -18.607, -15.6634], 'train_scores': [-9.658, -9.825, -10.1434, -10.3772], 'params': {'learning_rate': 0.05644086248030453, 'min_child_weight': 40, 'max_depth': 14, 'subsample': 0.9, 'colsample_bytree': 0.5, 'reg_lambda': 0.12983205406736173, 'reg_alpha': 0.6284695113453541}}
[32m[I 2021-01-05 14:58:54,442][0m Trial 9 finished with value: -21.3198 and parameters: {'learning_rate': 0.05644086248030453, 'min_child_weight': 40, 'max_depth': 14, 'subsample': 0.9, 'colsample_bytree': 0.5, 'reg_lambda': 0.12983205406736173, 'reg_alpha': 0.6284695113453541}. Best is trial 9 with value: -21.3198.[0m

52.39 sec -- {'mean_score': -21.1188, 'valid_scores': [-26.4469, -24.1433, -18.3871, -15.498], 'train_scores': [-9.584, -9.8289, -10.143, -10.5404], 'params': {'learning_rate': 0.05702811069443794, 'min_child_weight': 26, 'max_depth': 12, 'subsample': 0.9, 'colsample_bytree': 0.6000000000000001, 'reg_lambda': 0.15607768960973037, 'reg_alpha': 0.752674312235434}}
[32m[I 2021-01-05 14:59:46,964][0m Trial 10 finished with value: -21.1188 and parameters: {'learning_rate': 0.05702811069443794, 'min_child_weight': 26, 'max_depth': 12, 'subsample': 0.9, 'colsample_bytree': 0.6000000000000001, 'reg_lambda': 0.15607768960973037, 'reg_alpha': 0.752674312235434}. Best is trial 10 with value: -21.1188.[0m

74.08 sec -- {'mean_score': -21.2513, 'valid_scores': [-27.0386, -23.9927, -18.3029, -15.671], 'train_scores': [-9.6873, -9.8356, -10.1672, -10.4546], 'params': {'learning_rate': 0.043472361173424595, 'min_child_weight': 40, 'max_depth': 15, 'subsample': 0.9, 'colsample_bytree': 0.7, 'reg_lambda': 0.061984214790107156, 'reg_alpha': 0.39478217547244454}}
[32m[I 2021-01-05 15:01:01,238][0m Trial 11 finished with value: -21.2513 and parameters: {'learning_rate': 0.043472361173424595, 'min_child_weight': 40, 'max_depth': 15, 'subsample': 0.9, 'colsample_bytree': 0.7, 'reg_lambda': 0.061984214790107156, 'reg_alpha': 0.39478217547244454}. Best is trial 10 with value: -21.1188.[0m

38.69 sec -- {'mean_score': -21.5508, 'valid_scores': [-27.2426, -24.7367, -18.9193, -15.3046], 'train_scores': [-11.4695, -11.7409, -12.1819, -12.7025], 'params': {'learning_rate': 0.0280409128846815, 'min_child_weight': 24, 'max_depth': 9, 'subsample': 1.0, 'colsample_bytree': 0.7, 'reg_lambda': 0.12120624084728675, 'reg_alpha': 0.2908369696715824}}
[32m[I 2021-01-05 15:01:40,081][0m Trial 12 finished with value: -21.5508 and parameters: {'learning_rate': 0.0280409128846815, 'min_child_weight': 24, 'max_depth': 9, 'subsample': 1.0, 'colsample_bytree': 0.7, 'reg_lambda': 0.12120624084728675, 'reg_alpha': 0.2908369696715824}. Best is trial 10 with value: -21.1188.[0m

46.64 sec -- {'mean_score': -21.619, 'valid_scores': [-26.9772, -24.8182, -18.711, -15.9695], 'train_scores': [-9.5053, -9.7604, -10.1957, -10.4978], 'params': {'learning_rate': 0.0765484693987181, 'min_child_weight': 44, 'max_depth': 13, 'subsample': 1.0, 'colsample_bytree': 0.7, 'reg_lambda': 0.000766357214471309, 'reg_alpha': 0.6255240627271558}}
[32m[I 2021-01-05 15:02:26,876][0m Trial 13 finished with value: -21.619 and parameters: {'learning_rate': 0.0765484693987181, 'min_child_weight': 44, 'max_depth': 13, 'subsample': 1.0, 'colsample_bytree': 0.7, 'reg_lambda': 0.000766357214471309, 'reg_alpha': 0.6255240627271558}. Best is trial 10 with value: -21.1188.[0m

45.49 sec -- {'mean_score': -21.3292, 'valid_scores': [-27.3564, -24.2697, -17.9899, -15.7008], 'train_scores': [-9.9108, -10.0832, -10.4801, -10.7806], 'params': {'learning_rate': 0.07201460148359182, 'min_child_weight': 48, 'max_depth': 13, 'subsample': 0.8, 'colsample_bytree': 0.8, 'reg_lambda': 0.04913889020066146, 'reg_alpha': 0.05886451571219676}}
[32m[I 2021-01-05 15:03:12,474][0m Trial 14 finished with value: -21.3292 and parameters: {'learning_rate': 0.07201460148359182, 'min_child_weight': 48, 'max_depth': 13, 'subsample': 0.8, 'colsample_bytree': 0.8, 'reg_lambda': 0.04913889020066146, 'reg_alpha': 0.05886451571219676}. Best is trial 10 with value: -21.1188.[0m

128.17 sec -- {'mean_score': -25.9622, 'valid_scores': [-34.2566, -30.7207, -21.3075, -17.5639], 'train_scores': [-13.9659, -14.4463, -15.192, -15.4388], 'params': {'learning_rate': 0.011611437813687224, 'min_child_weight': 36, 'max_depth': 15, 'subsample': 0.7, 'colsample_bytree': 0.9000000000000001, 'reg_lambda': 0.4383352616795657, 'reg_alpha': 0.1252495084618153}}
[32m[I 2021-01-05 15:05:20,771][0m Trial 15 finished with value: -25.9622 and parameters: {'learning_rate': 0.011611437813687224, 'min_child_weight': 36, 'max_depth': 15, 'subsample': 0.7, 'colsample_bytree': 0.9000000000000001, 'reg_lambda': 0.4383352616795657, 'reg_alpha': 0.1252495084618153}. Best is trial 10 with value: -21.1188.[0m

25.48 sec -- {'mean_score': -21.6125, 'valid_scores': [-26.7285, -24.3304, -19.391, -16.0002], 'train_scores': [-10.9299, -11.2601, -11.7136, -12.1476], 'params': {'learning_rate': 0.09125039204412684, 'min_child_weight': 30, 'max_depth': 8, 'subsample': 0.8, 'colsample_bytree': 0.8, 'reg_lambda': 0.47375718814658874, 'reg_alpha': 0.5707552786516995}}
[32m[I 2021-01-05 15:05:46,343][0m Trial 16 finished with value: -21.6125 and parameters: {'learning_rate': 0.09125039204412684, 'min_child_weight': 30, 'max_depth': 8, 'subsample': 0.8, 'colsample_bytree': 0.8, 'reg_lambda': 0.47375718814658874, 'reg_alpha': 0.5707552786516995}. Best is trial 10 with value: -21.1188.[0m

36.9 sec -- {'mean_score': -21.7187, 'valid_scores': [-26.8673, -24.966, -19.2339, -15.8076], 'train_scores': [-9.5423, -9.7472, -10.007, -10.3288], 'params': {'learning_rate': 0.08218247774820742, 'min_child_weight': 18, 'max_depth': 11, 'subsample': 1.0, 'colsample_bytree': 0.3, 'reg_lambda': 0.336506463099734, 'reg_alpha': 0.020077310103411152}}
[32m[I 2021-01-05 15:06:23,362][0m Trial 17 finished with value: -21.7187 and parameters: {'learning_rate': 0.08218247774820742, 'min_child_weight': 18, 'max_depth': 11, 'subsample': 1.0, 'colsample_bytree': 0.3, 'reg_lambda': 0.336506463099734, 'reg_alpha': 0.020077310103411152}. Best is trial 10 with value: -21.1188.[0m

70.28 sec -- {'mean_score': -21.5966, 'valid_scores': [-27.538, -24.6345, -18.0441, -16.1696], 'train_scores': [-8.7109, -8.8191, -9.1486, -9.4881], 'params': {'learning_rate': 0.08022631658027443, 'min_child_weight': 22, 'max_depth': 15, 'subsample': 0.8, 'colsample_bytree': 0.9000000000000001, 'reg_lambda': 0.05755763888633627, 'reg_alpha': 0.022417225926051075}}
[32m[I 2021-01-05 15:07:33,756][0m Trial 18 finished with value: -21.5966 and parameters: {'learning_rate': 0.08022631658027443, 'min_child_weight': 22, 'max_depth': 15, 'subsample': 0.8, 'colsample_bytree': 0.9000000000000001, 'reg_lambda': 0.05755763888633627, 'reg_alpha': 0.022417225926051075}. Best is trial 10 with value: -21.1188.[0m

50.08 sec -- {'mean_score': -21.2667, 'valid_scores': [-26.5421, -24.3794, -18.3882, -15.7571], 'train_scores': [-9.0384, -9.2831, -9.6189, -9.8615], 'params': {'learning_rate': 0.08875871380563108, 'min_child_weight': 36, 'max_depth': 14, 'subsample': 1.0, 'colsample_bytree': 0.6000000000000001, 'reg_lambda': 0.009484748552131017, 'reg_alpha': 0.012503589683378788}}
[32m[I 2021-01-05 15:08:23,922][0m Trial 19 finished with value: -21.2667 and parameters: {'learning_rate': 0.08875871380563108, 'min_child_weight': 36, 'max_depth': 14, 'subsample': 1.0, 'colsample_bytree': 0.6000000000000001, 'reg_lambda': 0.009484748552131017, 'reg_alpha': 0.012503589683378788}. Best is trial 10 with value: -21.1188.[0m

24.16 sec -- {'mean_score': -21.7741, 'valid_scores': [-27.4568, -24.9298, -19.4909, -15.219], 'train_scores': [-12.9442, -13.1954, -13.9051, -14.2098], 'params': {'learning_rate': 0.027329571223217167, 'min_child_weight': 32, 'max_depth': 8, 'subsample': 0.5, 'colsample_bytree': 0.5, 'reg_lambda': 0.08021726072929854, 'reg_alpha': 0.9226036622988572}}
[32m[I 2021-01-05 15:08:48,161][0m Trial 20 finished with value: -21.7741 and parameters: {'learning_rate': 0.027329571223217167, 'min_child_weight': 32, 'max_depth': 8, 'subsample': 0.5, 'colsample_bytree': 0.5, 'reg_lambda': 0.08021726072929854, 'reg_alpha': 0.9226036622988572}. Best is trial 10 with value: -21.1188.[0m

38.15 sec -- {'mean_score': -22.017, 'valid_scores': [-27.9854, -24.761, -18.8356, -16.4861], 'train_scores': [-9.1833, -9.4343, -9.8702, -10.1383], 'params': {'learning_rate': 0.12338773222486402, 'min_child_weight': 44, 'max_depth': 13, 'subsample': 1.0, 'colsample_bytree': 0.5, 'reg_lambda': 0.010860842603006774, 'reg_alpha': 0.004630408502889483}}
[32m[I 2021-01-05 15:09:26,401][0m Trial 21 finished with value: -22.017 and parameters: {'learning_rate': 0.12338773222486402, 'min_child_weight': 44, 'max_depth': 13, 'subsample': 1.0, 'colsample_bytree': 0.5, 'reg_lambda': 0.010860842603006774, 'reg_alpha': 0.004630408502889483}. Best is trial 10 with value: -21.1188.[0m

53.22 sec -- {'mean_score': -21.178, 'valid_scores': [-26.3756, -24.3767, -18.4648, -15.4947], 'train_scores': [-9.3808, -9.6134, -9.9571, -10.2794], 'params': {'learning_rate': 0.06202691840259287, 'min_child_weight': 32, 'max_depth': 13, 'subsample': 1.0, 'colsample_bytree': 0.6000000000000001, 'reg_lambda': 0.007941185172209398, 'reg_alpha': 0.010878756231878537}}
[32m[I 2021-01-05 15:10:19,743][0m Trial 22 finished with value: -21.178 and parameters: {'learning_rate': 0.06202691840259287, 'min_child_weight': 32, 'max_depth': 13, 'subsample': 1.0, 'colsample_bytree': 0.6000000000000001, 'reg_lambda': 0.007941185172209398, 'reg_alpha': 0.010878756231878537}. Best is trial 10 with value: -21.1188.[0m

56.37 sec -- {'mean_score': -21.3995, 'valid_scores': [-27.2383, -24.4221, -18.4829, -15.4546], 'train_scores': [-10.4502, -10.7033, -11.0367, -11.4955], 'params': {'learning_rate': 0.02943845829994822, 'min_child_weight': 28, 'max_depth': 11, 'subsample': 1.0, 'colsample_bytree': 0.7, 'reg_lambda': 0.016330281939758613, 'reg_alpha': 0.003992626200409495}}
[32m[I 2021-01-05 15:11:16,226][0m Trial 23 finished with value: -21.3995 and parameters: {'learning_rate': 0.02943845829994822, 'min_child_weight': 28, 'max_depth': 11, 'subsample': 1.0, 'colsample_bytree': 0.7, 'reg_lambda': 0.016330281939758613, 'reg_alpha': 0.003992626200409495}. Best is trial 10 with value: -21.1188.[0m

106.64 sec -- {'mean_score': -22.3212, 'valid_scores': [-28.7118, -26.2122, -18.8996, -15.4611], 'train_scores': [-10.8832, -11.1558, -11.6415, -11.9504], 'params': {'learning_rate': 0.01766762461586444, 'min_child_weight': 30, 'max_depth': 14, 'subsample': 0.9, 'colsample_bytree': 0.6000000000000001, 'reg_lambda': 0.011895360020523502, 'reg_alpha': 0.837011531210277}}
[32m[I 2021-01-05 15:13:03,004][0m Trial 24 finished with value: -22.3212 and parameters: {'learning_rate': 0.01766762461586444, 'min_child_weight': 30, 'max_depth': 14, 'subsample': 0.9, 'colsample_bytree': 0.6000000000000001, 'reg_lambda': 0.011895360020523502, 'reg_alpha': 0.837011531210277}. Best is trial 10 with value: -21.1188.[0m

82.61 sec -- {'mean_score': -21.4676, 'valid_scores': [-27.1793, -24.7937, -18.2989, -15.5987], 'train_scores': [-8.3282, -8.5285, -8.7608, -9.1097], 'params': {'learning_rate': 0.05995872575627428, 'min_child_weight': 14, 'max_depth': 14, 'subsample': 0.9, 'colsample_bytree': 0.7, 'reg_lambda': 0.3748148660724743, 'reg_alpha': 0.49907120372120106}}
[32m[I 2021-01-05 15:14:25,696][0m Trial 25 finished with value: -21.4676 and parameters: {'learning_rate': 0.05995872575627428, 'min_child_weight': 14, 'max_depth': 14, 'subsample': 0.9, 'colsample_bytree': 0.7, 'reg_lambda': 0.3748148660724743, 'reg_alpha': 0.49907120372120106}. Best is trial 10 with value: -21.1188.[0m

41.95 sec -- {'mean_score': -22.3124, 'valid_scores': [-28.5106, -25.9084, -19.4671, -15.3634], 'train_scores': [-12.2872, -12.7385, -13.5753, -14.1079], 'params': {'learning_rate': 0.019048070602564027, 'min_child_weight': 20, 'max_depth': 10, 'subsample': 0.8, 'colsample_bytree': 0.4, 'reg_lambda': 0.1797341915973062, 'reg_alpha': 0.078736653355851}}
[32m[I 2021-01-05 15:15:07,732][0m Trial 26 finished with value: -22.3124 and parameters: {'learning_rate': 0.019048070602564027, 'min_child_weight': 20, 'max_depth': 10, 'subsample': 0.8, 'colsample_bytree': 0.4, 'reg_lambda': 0.1797341915973062, 'reg_alpha': 0.078736653355851}. Best is trial 10 with value: -21.1188.[0m

55.93 sec -- {'mean_score': -21.1618, 'valid_scores': [-26.6882, -24.4161, -18.265, -15.2779], 'train_scores': [-9.893, -10.0151, -10.3288, -10.5722], 'params': {'learning_rate': 0.05303713974961195, 'min_child_weight': 42, 'max_depth': 15, 'subsample': 0.8, 'colsample_bytree': 0.4, 'reg_lambda': 0.004709996435336639, 'reg_alpha': 0.003917889473552341}}
[32m[I 2021-01-05 15:16:03,758][0m Trial 27 finished with value: -21.1618 and parameters: {'learning_rate': 0.05303713974961195, 'min_child_weight': 42, 'max_depth': 15, 'subsample': 0.8, 'colsample_bytree': 0.4, 'reg_lambda': 0.004709996435336639, 'reg_alpha': 0.003917889473552341}. Best is trial 10 with value: -21.1188.[0m

18.72 sec -- {'mean_score': -21.1907, 'valid_scores': [-26.2618, -23.672, -19.9706, -14.8583], 'train_scores': [-12.1541, -12.3963, -12.9064, -13.2778], 'params': {'learning_rate': 0.05555631160797229, 'min_child_weight': 34, 'max_depth': 7, 'subsample': 0.8, 'colsample_bytree': 0.4, 'reg_lambda': 0.011893487970429335, 'reg_alpha': 0.0008271524098582454}}
[32m[I 2021-01-05 15:16:22,567][0m Trial 28 finished with value: -21.1907 and parameters: {'learning_rate': 0.05555631160797229, 'min_child_weight': 34, 'max_depth': 7, 'subsample': 0.8, 'colsample_bytree': 0.4, 'reg_lambda': 0.011893487970429335, 'reg_alpha': 0.0008271524098582454}. Best is trial 10 with value: -21.1188.[0m

40.48 sec -- {'mean_score': -21.0746, 'valid_scores': [-26.7082, -24.2651, -18.2798, -15.0453], 'train_scores': [-10.3358, -10.5311, -10.7895, -11.103], 'params': {'learning_rate': 0.05019779764217973, 'min_child_weight': 44, 'max_depth': 12, 'subsample': 0.9, 'colsample_bytree': 0.4, 'reg_lambda': 0.056320349431251984, 'reg_alpha': 0.0019450568627670912}}
[32m[I 2021-01-05 15:17:03,143][0m Trial 29 finished with value: -21.0746 and parameters: {'learning_rate': 0.05019779764217973, 'min_child_weight': 44, 'max_depth': 12, 'subsample': 0.9, 'colsample_bytree': 0.4, 'reg_lambda': 0.056320349431251984, 'reg_alpha': 0.0019450568627670912}. Best is trial 29 with value: -21.0746.[0m

39.14 sec -- {'mean_score': -21.6046, 'valid_scores': [-27.0896, -24.9785, -18.9997, -15.3508], 'train_scores': [-9.8011, -9.8542, -10.2336, -10.5326], 'params': {'learning_rate': 0.09793553027814028, 'min_child_weight': 46, 'max_depth': 14, 'subsample': 0.7, 'colsample_bytree': 0.4, 'reg_lambda': 0.000312440301955596, 'reg_alpha': 0.001716140413714487}}
