[32m[I 2021-01-04 17:03:42,615][0m Trial 170 finished with value: -23.494 and parameters: {'learning_rate': 0.0632253566858163, 'min_child_weight': 33, 'max_depth': 2, 'subsample': 0.7857028357342191, 'colsample_bytree': 0.6041193112633277, 'reg_lambda': 0.02389679371916845, 'reg_alpha': 0.00017966133068045238}. Best is trial 111 with value: -19.9193.[0m

12.05 sec -- {'mean_score': -19.9758, 'valid_scores': [-26.1777, -19.848, -13.9018], 'train_scores': [-12.4734, -14.1445, -14.5525], 'params': {'n_estimators': 200, 'learning_rate': 0.06586299557045266, 'min_child_weight': 22, 'max_depth': 6, 'gamma': 0, 'subsample': 0.7428748481321483, 'colsample_bytree': 0.562554245766639, 'reg_lambda': 0.01837347210736887, 'reg_alpha': 0.00025533216113819815}}
[32m[I 2021-01-04 17:03:54,683][0m Trial 171 finished with value: -19.9758 and parameters: {'learning_rate': 0.06586299557045266, 'min_child_weight': 22, 'max_depth': 6, 'subsample': 0.7428748481321483, 'colsample_bytree': 0.562554245766639, 'reg_lambda': 0.01837347210736887, 'reg_alpha': 0.00025533216113819815}. Best is trial 111 with value: -19.9193.[0m

8.58 sec -- {'mean_score': -20.9791, 'valid_scores': [-27.8092, -20.8013, -14.3269], 'train_scores': [-15.9469, -17.7802, -18.0766], 'params': {'n_estimators': 200, 'learning_rate': 0.07795181016584227, 'min_child_weight': 31, 'max_depth': 3, 'gamma': 0, 'subsample': 0.82282380940529, 'colsample_bytree': 0.5799258689906542, 'reg_lambda': 0.7848838144432185, 'reg_alpha': 0.0009892820012223865}}
[32m[I 2021-01-04 17:04:03,301][0m Trial 172 finished with value: -20.9791 and parameters: {'learning_rate': 0.07795181016584227, 'min_child_weight': 31, 'max_depth': 3, 'subsample': 0.82282380940529, 'colsample_bytree': 0.5799258689906542, 'reg_lambda': 0.7848838144432185, 'reg_alpha': 0.0009892820012223865}. Best is trial 111 with value: -19.9193.[0m

8.1 sec -- {'mean_score': -24.7694, 'valid_scores': [-32.6613, -23.6202, -18.0267], 'train_scores': [-21.2622, -23.3732, -23.5977], 'params': {'n_estimators': 200, 'learning_rate': 0.041833231428135026, 'min_child_weight': 13, 'max_depth': 2, 'gamma': 0, 'subsample': 0.6959356859052961, 'colsample_bytree': 0.5409555219355531, 'reg_lambda': 0.005489553812169093, 'reg_alpha': 0.00127210634574702}}
[32m[I 2021-01-04 17:04:11,418][0m Trial 173 finished with value: -24.7694 and parameters: {'learning_rate': 0.041833231428135026, 'min_child_weight': 13, 'max_depth': 2, 'subsample': 0.6959356859052961, 'colsample_bytree': 0.5409555219355531, 'reg_lambda': 0.005489553812169093, 'reg_alpha': 0.00127210634574702}. Best is trial 111 with value: -19.9193.[0m

14.4 sec -- {'mean_score': -20.0013, 'valid_scores': [-26.3347, -19.84, -13.8291], 'train_scores': [-11.5716, -13.1631, -13.5922], 'params': {'n_estimators': 200, 'learning_rate': 0.07661570989475047, 'min_child_weight': 24, 'max_depth': 7, 'gamma': 0, 'subsample': 0.7171104412331628, 'colsample_bytree': 0.6863833974819457, 'reg_lambda': 0.004059867882404432, 'reg_alpha': 0.000990620453271084}}
[32m[I 2021-01-04 17:04:25,840][0m Trial 174 finished with value: -20.0013 and parameters: {'learning_rate': 0.07661570989475047, 'min_child_weight': 24, 'max_depth': 7, 'subsample': 0.7171104412331628, 'colsample_bytree': 0.6863833974819457, 'reg_lambda': 0.004059867882404432, 'reg_alpha': 0.000990620453271084}. Best is trial 111 with value: -19.9193.[0m

13.66 sec -- {'mean_score': -19.9826, 'valid_scores': [-26.3235, -19.7396, -13.8847], 'train_scores': [-11.4998, -13.1598, -13.684], 'params': {'n_estimators': 200, 'learning_rate': 0.07895190001695734, 'min_child_weight': 19, 'max_depth': 7, 'gamma': 0, 'subsample': 0.5858207452248183, 'colsample_bytree': 0.5565256433934956, 'reg_lambda': 0.01831607921351776, 'reg_alpha': 0.00032113408918410774}}
[32m[I 2021-01-04 17:04:39,521][0m Trial 175 finished with value: -19.9826 and parameters: {'learning_rate': 0.07895190001695734, 'min_child_weight': 19, 'max_depth': 7, 'subsample': 0.5858207452248183, 'colsample_bytree': 0.5565256433934956, 'reg_lambda': 0.01831607921351776, 'reg_alpha': 0.00032113408918410774}. Best is trial 111 with value: -19.9193.[0m

32.87 sec -- {'mean_score': -20.8459, 'valid_scores': [-27.4673, -20.0128, -15.0575], 'train_scores': [-9.0255, -10.089, -10.5962], 'params': {'n_estimators': 200, 'learning_rate': 0.09092259604007544, 'min_child_weight': 14, 'max_depth': 12, 'gamma': 0, 'subsample': 0.7305520357042585, 'colsample_bytree': 0.5661991086546397, 'reg_lambda': 0.021600653026159444, 'reg_alpha': 0.00031735521830091707}}
[32m[I 2021-01-04 17:05:12,411][0m Trial 176 finished with value: -20.8459 and parameters: {'learning_rate': 0.09092259604007544, 'min_child_weight': 14, 'max_depth': 12, 'subsample': 0.7305520357042585, 'colsample_bytree': 0.5661991086546397, 'reg_lambda': 0.021600653026159444, 'reg_alpha': 0.00031735521830091707}. Best is trial 111 with value: -19.9193.[0m

12.35 sec -- {'mean_score': -20.0203, 'valid_scores': [-26.7966, -19.4945, -13.7697], 'train_scores': [-11.9553, -13.6642, -14.2577], 'params': {'n_estimators': 200, 'learning_rate': 0.0759447968194647, 'min_child_weight': 6, 'max_depth': 6, 'gamma': 0, 'subsample': 0.9068087720304554, 'colsample_bytree': 0.4937816949071585, 'reg_lambda': 0.14947424326055445, 'reg_alpha': 0.00117276160590381}}
[32m[I 2021-01-04 17:05:24,793][0m Trial 177 finished with value: -20.0203 and parameters: {'learning_rate': 0.0759447968194647, 'min_child_weight': 6, 'max_depth': 6, 'subsample': 0.9068087720304554, 'colsample_bytree': 0.4937816949071585, 'reg_lambda': 0.14947424326055445, 'reg_alpha': 0.00117276160590381}. Best is trial 111 with value: -19.9193.[0m

19.92 sec -- {'mean_score': -20.6644, 'valid_scores': [-26.9184, -19.7998, -15.2751], 'train_scores': [-10.0972, -11.4007, -11.8621], 'params': {'n_estimators': 200, 'learning_rate': 0.09323263546378101, 'min_child_weight': 19, 'max_depth': 10, 'gamma': 0, 'subsample': 0.5795149621861526, 'colsample_bytree': 0.46804603273935563, 'reg_lambda': 0.016339473067059816, 'reg_alpha': 0.00025811228966869383}}
[32m[I 2021-01-04 17:05:44,740][0m Trial 178 finished with value: -20.6644 and parameters: {'learning_rate': 0.09323263546378101, 'min_child_weight': 19, 'max_depth': 10, 'subsample': 0.5795149621861526, 'colsample_bytree': 0.46804603273935563, 'reg_lambda': 0.016339473067059816, 'reg_alpha': 0.00025811228966869383}. Best is trial 111 with value: -19.9193.[0m

26.22 sec -- {'mean_score': -19.9415, 'valid_scores': [-26.4963, -19.6642, -13.6639], 'train_scores': [-11.0985, -12.3982, -12.936], 'params': {'n_estimators': 200, 'learning_rate': 0.03714626547842807, 'min_child_weight': 31, 'max_depth': 10, 'gamma': 0, 'subsample': 0.6868623768753989, 'colsample_bytree': 0.5095602374015377, 'reg_lambda': 0.0016855105552076217, 'reg_alpha': 0.0002758113839399419}}
[32m[I 2021-01-04 17:06:10,988][0m Trial 179 finished with value: -19.9415 and parameters: {'learning_rate': 0.03714626547842807, 'min_child_weight': 31, 'max_depth': 10, 'subsample': 0.6868623768753989, 'colsample_bytree': 0.5095602374015377, 'reg_lambda': 0.0016855105552076217, 'reg_alpha': 0.0002758113839399419}. Best is trial 111 with value: -19.9193.[0m

15.61 sec -- {'mean_score': -20.0807, 'valid_scores': [-26.5066, -20.0233, -13.7122], 'train_scores': [-13.1701, -14.6789, -15.2579], 'params': {'n_estimators': 200, 'learning_rate': 0.0504100588589056, 'min_child_weight': 40, 'max_depth': 6, 'gamma': 0, 'subsample': 0.677458706522949, 'colsample_bytree': 0.5040083559635467, 'reg_lambda': 0.000453459633659926, 'reg_alpha': 0.00011571354012921115}}
[32m[I 2021-01-04 17:06:26,637][0m Trial 180 finished with value: -20.0807 and parameters: {'learning_rate': 0.0504100588589056, 'min_child_weight': 40, 'max_depth': 6, 'subsample': 0.677458706522949, 'colsample_bytree': 0.5040083559635467, 'reg_lambda': 0.000453459633659926, 'reg_alpha': 0.00011571354012921115}. Best is trial 111 with value: -19.9193.[0m

40.21 sec -- {'mean_score': -20.7245, 'valid_scores': [-27.0407, -20.3632, -14.7696], 'train_scores': [-9.3701, -10.3981, -10.8022], 'params': {'n_estimators': 200, 'learning_rate': 0.09658759866997685, 'min_child_weight': 34, 'max_depth': 15, 'gamma': 0, 'subsample': 0.5781361349601267, 'colsample_bytree': 0.6879097456830281, 'reg_lambda': 0.00164962319124262, 'reg_alpha': 0.00020025198727882575}}
[32m[I 2021-01-04 17:07:06,878][0m Trial 181 finished with value: -20.7245 and parameters: {'learning_rate': 0.09658759866997685, 'min_child_weight': 34, 'max_depth': 15, 'subsample': 0.5781361349601267, 'colsample_bytree': 0.6879097456830281, 'reg_lambda': 0.00164962319124262, 'reg_alpha': 0.00020025198727882575}. Best is trial 111 with value: -19.9193.[0m

14.42 sec -- {'mean_score': -22.9928, 'valid_scores': [-30.9743, -22.0869, -15.9173], 'train_scores': [-16.4541, -18.3382, -18.7044], 'params': {'n_estimators': 200, 'learning_rate': 0.017728486931203793, 'min_child_weight': 24, 'max_depth': 6, 'gamma': 0, 'subsample': 0.7599205911259693, 'colsample_bytree': 0.3468482243393826, 'reg_lambda': 0.0002907566361141292, 'reg_alpha': 0.00032131050612644343}}
[32m[I 2021-01-04 17:07:21,323][0m Trial 182 finished with value: -22.9928 and parameters: {'learning_rate': 0.017728486931203793, 'min_child_weight': 24, 'max_depth': 6, 'subsample': 0.7599205911259693, 'colsample_bytree': 0.3468482243393826, 'reg_lambda': 0.0002907566361141292, 'reg_alpha': 0.00032131050612644343}. Best is trial 111 with value: -19.9193.[0m

41.09 sec -- {'mean_score': -21.0021, 'valid_scores': [-28.2616, -20.5639, -14.1809], 'train_scores': [-11.5293, -12.8713, -13.4218], 'params': {'n_estimators': 200, 'learning_rate': 0.020603776840737293, 'min_child_weight': 28, 'max_depth': 11, 'gamma': 0, 'subsample': 0.7755113761432924, 'colsample_bytree': 0.5483532121023212, 'reg_lambda': 0.006958337033886243, 'reg_alpha': 0.00014251416858525383}}
[32m[I 2021-01-04 17:08:02,457][0m Trial 183 finished with value: -21.0021 and parameters: {'learning_rate': 0.020603776840737293, 'min_child_weight': 28, 'max_depth': 11, 'subsample': 0.7755113761432924, 'colsample_bytree': 0.5483532121023212, 'reg_lambda': 0.006958337033886243, 'reg_alpha': 0.00014251416858525383}. Best is trial 111 with value: -19.9193.[0m

9.95 sec -- {'mean_score': -20.1417, 'valid_scores': [-26.5795, -19.9982, -13.8475], 'train_scores': [-13.0144, -14.7899, -15.2232], 'params': {'n_estimators': 200, 'learning_rate': 0.08087278175997378, 'min_child_weight': 27, 'max_depth': 5, 'gamma': 0, 'subsample': 0.7537798100334949, 'colsample_bytree': 0.7044231542953132, 'reg_lambda': 0.0013832440434696537, 'reg_alpha': 0.0003584091645849473}}
[32m[I 2021-01-04 17:08:12,427][0m Trial 184 finished with value: -20.1417 and parameters: {'learning_rate': 0.08087278175997378, 'min_child_weight': 27, 'max_depth': 5, 'subsample': 0.7537798100334949, 'colsample_bytree': 0.7044231542953132, 'reg_lambda': 0.0013832440434696537, 'reg_alpha': 0.0003584091645849473}. Best is trial 111 with value: -19.9193.[0m

9.05 sec -- {'mean_score': -20.4987, 'valid_scores': [-26.7477, -20.5525, -14.1959], 'train_scores': [-14.0146, -15.8193, -16.0979], 'params': {'n_estimators': 200, 'learning_rate': 0.09950550640283508, 'min_child_weight': 25, 'max_depth': 4, 'gamma': 0, 'subsample': 0.5924793648908632, 'colsample_bytree': 0.6449402987367547, 'reg_lambda': 0.07536412849592856, 'reg_alpha': 0.0007347174685954261}}
[32m[I 2021-01-04 17:08:21,494][0m Trial 185 finished with value: -20.4987 and parameters: {'learning_rate': 0.09950550640283508, 'min_child_weight': 25, 'max_depth': 4, 'subsample': 0.5924793648908632, 'colsample_bytree': 0.6449402987367547, 'reg_lambda': 0.07536412849592856, 'reg_alpha': 0.0007347174685954261}. Best is trial 111 with value: -19.9193.[0m

37.95 sec -- {'mean_score': -20.2059, 'valid_scores': [-26.6623, -19.8335, -14.122], 'train_scores': [-9.9882, -11.1505, -11.5539], 'params': {'n_estimators': 200, 'learning_rate': 0.04624559436125014, 'min_child_weight': 29, 'max_depth': 13, 'gamma': 0, 'subsample': 0.6869645117963911, 'colsample_bytree': 0.5571666671376596, 'reg_lambda': 0.0004740566637097946, 'reg_alpha': 0.0007643221813875476}}
[32m[I 2021-01-04 17:08:59,465][0m Trial 186 finished with value: -20.2059 and parameters: {'learning_rate': 0.04624559436125014, 'min_child_weight': 29, 'max_depth': 13, 'subsample': 0.6869645117963911, 'colsample_bytree': 0.5571666671376596, 'reg_lambda': 0.0004740566637097946, 'reg_alpha': 0.0007643221813875476}. Best is trial 111 with value: -19.9193.[0m

12.72 sec -- {'mean_score': -19.9826, 'valid_scores': [-26.1338, -19.8095, -14.0045], 'train_scores': [-12.1674, -13.6955, -14.1549], 'params': {'n_estimators': 200, 'learning_rate': 0.06879939241403696, 'min_child_weight': 50, 'max_depth': 7, 'gamma': 0, 'subsample': 0.6860813474941941, 'colsample_bytree': 0.36091418265306796, 'reg_lambda': 0.2826309169674416, 'reg_alpha': 0.025885096158447172}}
[32m[I 2021-01-04 17:09:12,210][0m Trial 187 finished with value: -19.9826 and parameters: {'learning_rate': 0.06879939241403696, 'min_child_weight': 50, 'max_depth': 7, 'subsample': 0.6860813474941941, 'colsample_bytree': 0.36091418265306796, 'reg_lambda': 0.2826309169674416, 'reg_alpha': 0.025885096158447172}. Best is trial 111 with value: -19.9193.[0m

12.5 sec -- {'mean_score': -20.3981, 'valid_scores': [-26.9791, -20.2096, -14.0057], 'train_scores': [-13.507, -15.2627, -15.6347], 'params': {'n_estimators': 200, 'learning_rate': 0.03734070790210677, 'min_child_weight': 27, 'max_depth': 6, 'gamma': 0, 'subsample': 0.5965830227197058, 'colsample_bytree': 0.6702720741856156, 'reg_lambda': 0.004460658373984888, 'reg_alpha': 0.0005106755567723063}}
[32m[I 2021-01-04 17:09:24,734][0m Trial 188 finished with value: -20.3981 and parameters: {'learning_rate': 0.03734070790210677, 'min_child_weight': 27, 'max_depth': 6, 'subsample': 0.5965830227197058, 'colsample_bytree': 0.6702720741856156, 'reg_lambda': 0.004460658373984888, 'reg_alpha': 0.0005106755567723063}. Best is trial 111 with value: -19.9193.[0m

17.27 sec -- {'mean_score': -20.6634, 'valid_scores': [-27.1418, -19.8203, -15.0281], 'train_scores': [-10.6987, -11.9421, -12.3965], 'params': {'n_estimators': 200, 'learning_rate': 0.10420085754761996, 'min_child_weight': 48, 'max_depth': 10, 'gamma': 0, 'subsample': 0.6957055698015022, 'colsample_bytree': 0.3262327475687125, 'reg_lambda': 0.4108638041119435, 'reg_alpha': 0.017086039414487296}}
[32m[I 2021-01-04 17:09:42,025][0m Trial 189 finished with value: -20.6634 and parameters: {'learning_rate': 0.10420085754761996, 'min_child_weight': 48, 'max_depth': 10, 'subsample': 0.6957055698015022, 'colsample_bytree': 0.3262327475687125, 'reg_lambda': 0.4108638041119435, 'reg_alpha': 0.017086039414487296}. Best is trial 111 with value: -19.9193.[0m

15.72 sec -- {'mean_score': -19.9877, 'valid_scores': [-26.5415, -19.6887, -13.7329], 'train_scores': [-12.1611, -13.7779, -14.3523], 'params': {'n_estimators': 200, 'learning_rate': 0.04145291993961282, 'min_child_weight': 14, 'max_depth': 7, 'gamma': 0, 'subsample': 0.7925261967079462, 'colsample_bytree': 0.5305212255693105, 'reg_lambda': 0.015875182360598143, 'reg_alpha': 0.00033509272718726754}}
[32m[I 2021-01-04 17:09:57,778][0m Trial 190 finished with value: -19.9877 and parameters: {'learning_rate': 0.04145291993961282, 'min_child_weight': 14, 'max_depth': 7, 'subsample': 0.7925261967079462, 'colsample_bytree': 0.5305212255693105, 'reg_lambda': 0.015875182360598143, 'reg_alpha': 0.00033509272718726754}. Best is trial 111 with value: -19.9193.[0m

15.2 sec -- {'mean_score': -20.0564, 'valid_scores': [-26.6885, -19.7451, -13.7356], 'train_scores': [-11.8862, -13.5736, -13.987], 'params': {'n_estimators': 200, 'learning_rate': 0.04947986787757598, 'min_child_weight': 14, 'max_depth': 7, 'gamma': 0, 'subsample': 0.7685520521463287, 'colsample_bytree': 0.6773993624339195, 'reg_lambda': 0.032510918989754986, 'reg_alpha': 0.000388086163220486}}
[32m[I 2021-01-04 17:10:13,003][0m Trial 191 finished with value: -20.0564 and parameters: {'learning_rate': 0.04947986787757598, 'min_child_weight': 14, 'max_depth': 7, 'subsample': 0.7685520521463287, 'colsample_bytree': 0.6773993624339195, 'reg_lambda': 0.032510918989754986, 'reg_alpha': 0.000388086163220486}. Best is trial 111 with value: -19.9193.[0m

16.37 sec -- {'mean_score': -20.2736, 'valid_scores': [-27.2226, -19.7666, -13.8317], 'train_scores': [-12.3581, -13.8502, -14.3994], 'params': {'n_estimators': 200, 'learning_rate': 0.03933031768303894, 'min_child_weight': 50, 'max_depth': 8, 'gamma': 0, 'subsample': 0.6812369519184989, 'colsample_bytree': 0.38683850875817416, 'reg_lambda': 0.3184299750349225, 'reg_alpha': 0.04326438902673063}}
[32m[I 2021-01-04 17:10:29,394][0m Trial 192 finished with value: -20.2736 and parameters: {'learning_rate': 0.03933031768303894, 'min_child_weight': 50, 'max_depth': 8, 'subsample': 0.6812369519184989, 'colsample_bytree': 0.38683850875817416, 'reg_lambda': 0.3184299750349225, 'reg_alpha': 0.04326438902673063}. Best is trial 111 with value: -19.9193.[0m

24.12 sec -- {'mean_score': -20.21, 'valid_scores': [-26.8251, -19.8237, -13.9813], 'train_scores': [-11.3678, -12.736, -13.1768], 'params': {'n_estimators': 200, 'learning_rate': 0.04100129889588366, 'min_child_weight': 36, 'max_depth': 11, 'gamma': 0, 'subsample': 0.5331642591950264, 'colsample_bytree': 0.3359675511848012, 'reg_lambda': 0.0038506028677008776, 'reg_alpha': 0.0007083675418564732}}
[32m[I 2021-01-04 17:10:53,533][0m Trial 193 finished with value: -20.21 and parameters: {'learning_rate': 0.04100129889588366, 'min_child_weight': 36, 'max_depth': 11, 'subsample': 0.5331642591950264, 'colsample_bytree': 0.3359675511848012, 'reg_lambda': 0.0038506028677008776, 'reg_alpha': 0.0007083675418564732}. Best is trial 111 with value: -19.9193.[0m

9.53 sec -- {'mean_score': -20.366, 'valid_scores': [-26.7023, -20.3215, -14.0742], 'train_scores': [-14.2528, -16.0764, -16.1618], 'params': {'n_estimators': 200, 'learning_rate': 0.08607513350290272, 'min_child_weight': 14, 'max_depth': 4, 'gamma': 0, 'subsample': 0.6846443412339045, 'colsample_bytree': 0.7342885740620696, 'reg_lambda': 0.009575782836531705, 'reg_alpha': 0.00022040456028524076}}
[32m[I 2021-01-04 17:11:03,081][0m Trial 194 finished with value: -20.366 and parameters: {'learning_rate': 0.08607513350290272, 'min_child_weight': 14, 'max_depth': 4, 'subsample': 0.6846443412339045, 'colsample_bytree': 0.7342885740620696, 'reg_lambda': 0.009575782836531705, 'reg_alpha': 0.00022040456028524076}. Best is trial 111 with value: -19.9193.[0m

13.06 sec -- {'mean_score': -20.2204, 'valid_scores': [-26.3629, -19.7522, -14.5462], 'train_scores': [-11.2836, -12.8455, -13.363], 'params': {'n_estimators': 200, 'learning_rate': 0.11003687182696487, 'min_child_weight': 24, 'max_depth': 7, 'gamma': 0, 'subsample': 0.6739318432346758, 'colsample_bytree': 0.5380213653996557, 'reg_lambda': 0.0018658705549975659, 'reg_alpha': 0.00044302861426189524}}
[32m[I 2021-01-04 17:11:16,162][0m Trial 195 finished with value: -20.2204 and parameters: {'learning_rate': 0.11003687182696487, 'min_child_weight': 24, 'max_depth': 7, 'subsample': 0.6739318432346758, 'colsample_bytree': 0.5380213653996557, 'reg_lambda': 0.0018658705549975659, 'reg_alpha': 0.00044302861426189524}. Best is trial 111 with value: -19.9193.[0m

40.82 sec -- {'mean_score': -24.9273, 'valid_scores': [-34.3815, -24.0254, -16.3749], 'train_scores': [-14.9949, -16.7816, -17.2387], 'params': {'n_estimators': 200, 'learning_rate': 0.011949580801314613, 'min_child_weight': 10, 'max_depth': 10, 'gamma': 0, 'subsample': 0.7071999988476909, 'colsample_bytree': 0.48472631793794413, 'reg_lambda': 0.0031189825136439093, 'reg_alpha': 0.00017627048961400398}}
[32m[I 2021-01-04 17:11:57,010][0m Trial 196 finished with value: -24.9273 and parameters: {'learning_rate': 0.011949580801314613, 'min_child_weight': 10, 'max_depth': 10, 'subsample': 0.7071999988476909, 'colsample_bytree': 0.48472631793794413, 'reg_lambda': 0.0031189825136439093, 'reg_alpha': 0.00017627048961400398}. Best is trial 111 with value: -19.9193.[0m

33.69 sec -- {'mean_score': -20.2461, 'valid_scores': [-26.7266, -19.6725, -14.3392], 'train_scores': [-9.8365, -11.0527, -11.5713], 'params': {'n_estimators': 200, 'learning_rate': 0.05010768948380211, 'min_child_weight': 15, 'max_depth': 11, 'gamma': 0, 'subsample': 0.8096168671402253, 'colsample_bytree': 0.4119667182194105, 'reg_lambda': 0.34245161339735547, 'reg_alpha': 0.00017847872609410558}}
[32m[I 2021-01-04 17:12:30,730][0m Trial 197 finished with value: -20.2461 and parameters: {'learning_rate': 0.05010768948380211, 'min_child_weight': 15, 'max_depth': 11, 'subsample': 0.8096168671402253, 'colsample_bytree': 0.4119667182194105, 'reg_lambda': 0.34245161339735547, 'reg_alpha': 0.00017847872609410558}. Best is trial 111 with value: -19.9193.[0m

12.58 sec -- {'mean_score': -20.3194, 'valid_scores': [-26.2242, -19.9611, -14.7728], 'train_scores': [-12.3665, -13.9191, -14.388], 'params': {'n_estimators': 200, 'learning_rate': 0.08026789731879821, 'min_child_weight': 18, 'max_depth': 6, 'gamma': 0, 'subsample': 0.5597848642739377, 'colsample_bytree': 0.5678808824515671, 'reg_lambda': 0.010822828254988424, 'reg_alpha': 0.0018484294296259958}}
