[32m[I 2021-01-04 18:20:25,526][0m Trial 366 finished with value: -26.0913 and parameters: {'learning_rate': 0.12835331244352563, 'min_child_weight': 29, 'max_depth': 1, 'subsample': 0.8772748986327699, 'colsample_bytree': 0.40805291630705, 'reg_lambda': 0.029478038003646838, 'reg_alpha': 0.004928948151806273}. Best is trial 242 with value: -19.7454.[0m

51.83 sec -- {'mean_score': -20.7307, 'valid_scores': [-28.462, -20.118, -13.612], 'train_scores': [-8.2721, -9.6807, -10.4361], 'params': {'n_estimators': 200, 'learning_rate': 0.057515080319957744, 'min_child_weight': 1, 'max_depth': 10, 'gamma': 0, 'subsample': 0.8461660972646023, 'colsample_bytree': 0.94404237233542, 'reg_lambda': 0.028949687379983668, 'reg_alpha': 0.06302781141025733}}
[32m[I 2021-01-04 18:21:17,377][0m Trial 367 finished with value: -20.7307 and parameters: {'learning_rate': 0.057515080319957744, 'min_child_weight': 1, 'max_depth': 10, 'subsample': 0.8461660972646023, 'colsample_bytree': 0.94404237233542, 'reg_lambda': 0.028949687379983668, 'reg_alpha': 0.06302781141025733}. Best is trial 242 with value: -19.7454.[0m

11.49 sec -- {'mean_score': -19.8662, 'valid_scores': [-25.6707, -19.7419, -14.1861], 'train_scores': [-11.7054, -13.2482, -13.7622], 'params': {'n_estimators': 200, 'learning_rate': 0.07709830791728982, 'min_child_weight': 28, 'max_depth': 7, 'gamma': 0, 'subsample': 0.8169778939838871, 'colsample_bytree': 0.34269889624056177, 'reg_lambda': 0.7904799442189027, 'reg_alpha': 0.07335802465182795}}
[32m[I 2021-01-04 18:21:28,947][0m Trial 368 finished with value: -19.8662 and parameters: {'learning_rate': 0.07709830791728982, 'min_child_weight': 28, 'max_depth': 7, 'subsample': 0.8169778939838871, 'colsample_bytree': 0.34269889624056177, 'reg_lambda': 0.7904799442189027, 'reg_alpha': 0.07335802465182795}. Best is trial 242 with value: -19.7454.[0m

12.93 sec -- {'mean_score': -20.1787, 'valid_scores': [-26.2961, -19.6703, -14.5696], 'train_scores': [-11.5293, -13.2037, -13.7139], 'params': {'n_estimators': 200, 'learning_rate': 0.07012616476007678, 'min_child_weight': 14, 'max_depth': 7, 'gamma': 0, 'subsample': 0.7081874744374781, 'colsample_bytree': 0.4960449862786028, 'reg_lambda': 0.00040777660672400995, 'reg_alpha': 0.0011412385779628093}}
[32m[I 2021-01-04 18:21:41,893][0m Trial 369 finished with value: -20.1787 and parameters: {'learning_rate': 0.07012616476007678, 'min_child_weight': 14, 'max_depth': 7, 'subsample': 0.7081874744374781, 'colsample_bytree': 0.4960449862786028, 'reg_lambda': 0.00040777660672400995, 'reg_alpha': 0.0011412385779628093}. Best is trial 242 with value: -19.7454.[0m

7.19 sec -- {'mean_score': -24.7107, 'valid_scores': [-32.4676, -23.2519, -18.4127], 'train_scores': [-20.7294, -23.3805, -23.2267], 'params': {'n_estimators': 200, 'learning_rate': 0.04556082460130455, 'min_child_weight': 22, 'max_depth': 2, 'gamma': 0, 'subsample': 0.8219674677413316, 'colsample_bytree': 0.5869423995095245, 'reg_lambda': 0.00039895713308569456, 'reg_alpha': 0.001399556349046977}}
[32m[I 2021-01-04 18:21:49,114][0m Trial 370 finished with value: -24.7107 and parameters: {'learning_rate': 0.04556082460130455, 'min_child_weight': 22, 'max_depth': 2, 'subsample': 0.8219674677413316, 'colsample_bytree': 0.5869423995095245, 'reg_lambda': 0.00039895713308569456, 'reg_alpha': 0.001399556349046977}. Best is trial 242 with value: -19.7454.[0m

8.19 sec -- {'mean_score': -20.3685, 'valid_scores': [-26.6084, -20.4191, -14.078], 'train_scores': [-14.4782, -16.1878, -16.4852], 'params': {'n_estimators': 200, 'learning_rate': 0.08153155200539432, 'min_child_weight': 41, 'max_depth': 4, 'gamma': 0, 'subsample': 0.6361913725973682, 'colsample_bytree': 0.30809216288039404, 'reg_lambda': 0.008374218912127604, 'reg_alpha': 0.03411772416381899}}
[32m[I 2021-01-04 18:21:57,339][0m Trial 371 finished with value: -20.3685 and parameters: {'learning_rate': 0.08153155200539432, 'min_child_weight': 41, 'max_depth': 4, 'subsample': 0.6361913725973682, 'colsample_bytree': 0.30809216288039404, 'reg_lambda': 0.008374218912127604, 'reg_alpha': 0.03411772416381899}. Best is trial 242 with value: -19.7454.[0m

10.9 sec -- {'mean_score': -20.1752, 'valid_scores': [-26.6701, -19.6043, -14.2512], 'train_scores': [-11.4806, -13.0723, -13.5758], 'params': {'n_estimators': 200, 'learning_rate': 0.10856811661072495, 'min_child_weight': 36, 'max_depth': 7, 'gamma': 0, 'subsample': 0.6898999227827314, 'colsample_bytree': 0.46293154190954183, 'reg_lambda': 0.221475226508446, 'reg_alpha': 0.0006357357808858813}}
[32m[I 2021-01-04 18:22:08,273][0m Trial 372 finished with value: -20.1752 and parameters: {'learning_rate': 0.10856811661072495, 'min_child_weight': 36, 'max_depth': 7, 'subsample': 0.6898999227827314, 'colsample_bytree': 0.46293154190954183, 'reg_lambda': 0.221475226508446, 'reg_alpha': 0.0006357357808858813}. Best is trial 242 with value: -19.7454.[0m

7.32 sec -- {'mean_score': -21.2404, 'valid_scores': [-28.0312, -20.9665, -14.7236], 'train_scores': [-16.8524, -18.1101, -18.5302], 'params': {'n_estimators': 200, 'learning_rate': 0.1724478798850707, 'min_child_weight': 7, 'max_depth': 2, 'gamma': 0, 'subsample': 0.7977316189197143, 'colsample_bytree': 0.3794170658594439, 'reg_lambda': 0.045779113412074864, 'reg_alpha': 0.03147908764243936}}
[32m[I 2021-01-04 18:22:15,608][0m Trial 373 finished with value: -21.2404 and parameters: {'learning_rate': 0.1724478798850707, 'min_child_weight': 7, 'max_depth': 2, 'subsample': 0.7977316189197143, 'colsample_bytree': 0.3794170658594439, 'reg_lambda': 0.045779113412074864, 'reg_alpha': 0.03147908764243936}. Best is trial 242 with value: -19.7454.[0m

16.83 sec -- {'mean_score': -20.3297, 'valid_scores': [-27.0283, -19.9814, -13.9794], 'train_scores': [-12.3187, -13.9538, -14.5382], 'params': {'n_estimators': 200, 'learning_rate': 0.029752481172672728, 'min_child_weight': 24, 'max_depth': 8, 'gamma': 0, 'subsample': 0.8263952040353166, 'colsample_bytree': 0.4237045006417529, 'reg_lambda': 0.3901661087685923, 'reg_alpha': 0.8727711416851099}}
[32m[I 2021-01-04 18:22:32,457][0m Trial 374 finished with value: -20.3297 and parameters: {'learning_rate': 0.029752481172672728, 'min_child_weight': 24, 'max_depth': 8, 'subsample': 0.8263952040353166, 'colsample_bytree': 0.4237045006417529, 'reg_lambda': 0.3901661087685923, 'reg_alpha': 0.8727711416851099}. Best is trial 242 with value: -19.7454.[0m

7.79 sec -- {'mean_score': -20.6294, 'valid_scores': [-26.6177, -20.732, -14.5386], 'train_scores': [-14.6703, -16.5756, -16.9102], 'params': {'n_estimators': 200, 'learning_rate': 0.14016152759642134, 'min_child_weight': 12, 'max_depth': 3, 'gamma': 0, 'subsample': 0.9364681137744277, 'colsample_bytree': 0.6051565347632133, 'reg_lambda': 0.009210840396754986, 'reg_alpha': 0.05074613269959715}}
[32m[I 2021-01-04 18:22:40,267][0m Trial 375 finished with value: -20.6294 and parameters: {'learning_rate': 0.14016152759642134, 'min_child_weight': 12, 'max_depth': 3, 'subsample': 0.9364681137744277, 'colsample_bytree': 0.6051565347632133, 'reg_lambda': 0.009210840396754986, 'reg_alpha': 0.05074613269959715}. Best is trial 242 with value: -19.7454.[0m

11.93 sec -- {'mean_score': -20.8026, 'valid_scores': [-27.7391, -20.4696, -14.1992], 'train_scores': [-14.1085, -15.8955, -16.3889], 'params': {'n_estimators': 200, 'learning_rate': 0.029555340954322343, 'min_child_weight': 25, 'max_depth': 6, 'gamma': 0, 'subsample': 0.8726989020358497, 'colsample_bytree': 0.44533833161741987, 'reg_lambda': 0.1322074490483319, 'reg_alpha': 0.0005189505624066227}}
[32m[I 2021-01-04 18:22:52,224][0m Trial 376 finished with value: -20.8026 and parameters: {'learning_rate': 0.029555340954322343, 'min_child_weight': 25, 'max_depth': 6, 'subsample': 0.8726989020358497, 'colsample_bytree': 0.44533833161741987, 'reg_lambda': 0.1322074490483319, 'reg_alpha': 0.0005189505624066227}. Best is trial 242 with value: -19.7454.[0m

13.43 sec -- {'mean_score': -19.9869, 'valid_scores': [-26.5668, -19.6506, -13.7433], 'train_scores': [-11.6029, -13.3194, -13.6656], 'params': {'n_estimators': 200, 'learning_rate': 0.07874989803842941, 'min_child_weight': 37, 'max_depth': 7, 'gamma': 0, 'subsample': 0.8013141084195413, 'colsample_bytree': 0.9003680761760953, 'reg_lambda': 0.0029559356311178106, 'reg_alpha': 0.08768569227548396}}
[32m[I 2021-01-04 18:23:05,673][0m Trial 377 finished with value: -19.9869 and parameters: {'learning_rate': 0.07874989803842941, 'min_child_weight': 37, 'max_depth': 7, 'subsample': 0.8013141084195413, 'colsample_bytree': 0.9003680761760953, 'reg_lambda': 0.0029559356311178106, 'reg_alpha': 0.08768569227548396}. Best is trial 242 with value: -19.7454.[0m

17.42 sec -- {'mean_score': -20.2464, 'valid_scores': [-26.5692, -19.4657, -14.7043], 'train_scores': [-10.7947, -12.1896, -12.7077], 'params': {'n_estimators': 200, 'learning_rate': 0.06861917514475238, 'min_child_weight': 29, 'max_depth': 9, 'gamma': 0, 'subsample': 0.8476231588578174, 'colsample_bytree': 0.41548803205235474, 'reg_lambda': 0.8878189021668579, 'reg_alpha': 0.1292935011379636}}
[32m[I 2021-01-04 18:23:23,112][0m Trial 378 finished with value: -20.2464 and parameters: {'learning_rate': 0.06861917514475238, 'min_child_weight': 29, 'max_depth': 9, 'subsample': 0.8476231588578174, 'colsample_bytree': 0.41548803205235474, 'reg_lambda': 0.8878189021668579, 'reg_alpha': 0.1292935011379636}. Best is trial 242 with value: -19.7454.[0m

12.98 sec -- {'mean_score': -20.2111, 'valid_scores': [-26.3516, -19.8672, -14.4144], 'train_scores': [-11.0512, -12.5632, -13.0733], 'params': {'n_estimators': 200, 'learning_rate': 0.09387196181752788, 'min_child_weight': 35, 'max_depth': 8, 'gamma': 0, 'subsample': 0.8652141255040978, 'colsample_bytree': 0.3424609635857357, 'reg_lambda': 0.967250031274907, 'reg_alpha': 0.07348950708830199}}
[32m[I 2021-01-04 18:23:36,122][0m Trial 379 finished with value: -20.2111 and parameters: {'learning_rate': 0.09387196181752788, 'min_child_weight': 35, 'max_depth': 8, 'subsample': 0.8652141255040978, 'colsample_bytree': 0.3424609635857357, 'reg_lambda': 0.967250031274907, 'reg_alpha': 0.07348950708830199}. Best is trial 242 with value: -19.7454.[0m

7.12 sec -- {'mean_score': -27.1341, 'valid_scores': [-34.7193, -26.3261, -20.3569], 'train_scores': [-23.0275, -26.0318, -25.482], 'params': {'n_estimators': 200, 'learning_rate': 0.08945095432206679, 'min_child_weight': 25, 'max_depth': 1, 'gamma': 0, 'subsample': 0.6841085587033111, 'colsample_bytree': 0.3427940598517447, 'reg_lambda': 0.003156513320706706, 'reg_alpha': 0.028445339097201042}}
[32m[I 2021-01-04 18:23:43,275][0m Trial 380 finished with value: -27.1341 and parameters: {'learning_rate': 0.08945095432206679, 'min_child_weight': 25, 'max_depth': 1, 'subsample': 0.6841085587033111, 'colsample_bytree': 0.3427940598517447, 'reg_lambda': 0.003156513320706706, 'reg_alpha': 0.028445339097201042}. Best is trial 242 with value: -19.7454.[0m

7.5 sec -- {'mean_score': -21.8118, 'valid_scores': [-28.6042, -21.911, -14.9201], 'train_scores': [-17.0668, -18.6745, -18.88], 'params': {'n_estimators': 200, 'learning_rate': 0.05915208574746993, 'min_child_weight': 43, 'max_depth': 3, 'gamma': 0, 'subsample': 0.767090412434249, 'colsample_bytree': 0.3415386632270455, 'reg_lambda': 0.019622225950713876, 'reg_alpha': 0.001231606180020495}}
[32m[I 2021-01-04 18:23:50,797][0m Trial 381 finished with value: -21.8118 and parameters: {'learning_rate': 0.05915208574746993, 'min_child_weight': 43, 'max_depth': 3, 'subsample': 0.767090412434249, 'colsample_bytree': 0.3415386632270455, 'reg_lambda': 0.019622225950713876, 'reg_alpha': 0.001231606180020495}. Best is trial 242 with value: -19.7454.[0m

9.71 sec -- {'mean_score': -20.0558, 'valid_scores': [-26.1287, -20.071, -13.9678], 'train_scores': [-13.262, -14.8712, -15.3558], 'params': {'n_estimators': 200, 'learning_rate': 0.07163701664822524, 'min_child_weight': 16, 'max_depth': 5, 'gamma': 0, 'subsample': 0.7282894569187716, 'colsample_bytree': 0.6104299028385397, 'reg_lambda': 0.002040453978938248, 'reg_alpha': 0.0056755920747005055}}
[32m[I 2021-01-04 18:24:00,531][0m Trial 382 finished with value: -20.0558 and parameters: {'learning_rate': 0.07163701664822524, 'min_child_weight': 16, 'max_depth': 5, 'subsample': 0.7282894569187716, 'colsample_bytree': 0.6104299028385397, 'reg_lambda': 0.002040453978938248, 'reg_alpha': 0.0056755920747005055}. Best is trial 242 with value: -19.7454.[0m

41.28 sec -- {'mean_score': -20.4429, 'valid_scores': [-27.2132, -19.8609, -14.2545], 'train_scores': [-9.806, -11.0487, -11.3825], 'params': {'n_estimators': 200, 'learning_rate': 0.050657798060812095, 'min_child_weight': 24, 'max_depth': 13, 'gamma': 0, 'subsample': 0.5723042015467817, 'colsample_bytree': 0.8363731748736144, 'reg_lambda': 0.0853420759941402, 'reg_alpha': 0.0005223322808422053}}
[32m[I 2021-01-04 18:24:41,829][0m Trial 383 finished with value: -20.4429 and parameters: {'learning_rate': 0.050657798060812095, 'min_child_weight': 24, 'max_depth': 13, 'subsample': 0.5723042015467817, 'colsample_bytree': 0.8363731748736144, 'reg_lambda': 0.0853420759941402, 'reg_alpha': 0.0005223322808422053}. Best is trial 242 with value: -19.7454.[0m

13.86 sec -- {'mean_score': -26.7772, 'valid_scores': [-36.7329, -25.723, -17.8758], 'train_scores': [-18.9308, -21.0564, -21.187], 'params': {'n_estimators': 200, 'learning_rate': 0.01092641894828969, 'min_child_weight': 41, 'max_depth': 6, 'gamma': 0, 'subsample': 0.995613916543477, 'colsample_bytree': 0.9495306670753207, 'reg_lambda': 0.00020039650219679664, 'reg_alpha': 0.14235106878037576}}
[32m[I 2021-01-04 18:24:55,709][0m Trial 384 finished with value: -26.7772 and parameters: {'learning_rate': 0.01092641894828969, 'min_child_weight': 41, 'max_depth': 6, 'subsample': 0.995613916543477, 'colsample_bytree': 0.9495306670753207, 'reg_lambda': 0.00020039650219679664, 'reg_alpha': 0.14235106878037576}. Best is trial 242 with value: -19.7454.[0m

8.6 sec -- {'mean_score': -20.1933, 'valid_scores': [-26.4993, -20.2453, -13.8352], 'train_scores': [-13.4567, -15.0894, -15.4857], 'params': {'n_estimators': 200, 'learning_rate': 0.07888247090752415, 'min_child_weight': 38, 'max_depth': 5, 'gamma': 0, 'subsample': 0.5672781538121946, 'colsample_bytree': 0.39774443657278763, 'reg_lambda': 0.14532847447315883, 'reg_alpha': 0.0002838541681342299}}
[32m[I 2021-01-04 18:25:04,325][0m Trial 385 finished with value: -20.1933 and parameters: {'learning_rate': 0.07888247090752415, 'min_child_weight': 38, 'max_depth': 5, 'subsample': 0.5672781538121946, 'colsample_bytree': 0.39774443657278763, 'reg_lambda': 0.14532847447315883, 'reg_alpha': 0.0002838541681342299}. Best is trial 242 with value: -19.7454.[0m

6.51 sec -- {'mean_score': -26.7105, 'valid_scores': [-34.192, -25.9591, -19.9803], 'train_scores': [-22.7464, -25.702, -25.1522], 'params': {'n_estimators': 200, 'learning_rate': 0.09982231654394613, 'min_child_weight': 10, 'max_depth': 1, 'gamma': 0, 'subsample': 0.7882019010439572, 'colsample_bytree': 0.38907297835330446, 'reg_lambda': 0.059170292606222974, 'reg_alpha': 0.014926662588085466}}
[32m[I 2021-01-04 18:25:10,864][0m Trial 386 finished with value: -26.7105 and parameters: {'learning_rate': 0.09982231654394613, 'min_child_weight': 10, 'max_depth': 1, 'subsample': 0.7882019010439572, 'colsample_bytree': 0.38907297835330446, 'reg_lambda': 0.059170292606222974, 'reg_alpha': 0.014926662588085466}. Best is trial 242 with value: -19.7454.[0m

43.86 sec -- {'mean_score': -20.8899, 'valid_scores': [-27.1415, -19.8414, -15.6869], 'train_scores': [-8.9316, -9.9939, -10.3506], 'params': {'n_estimators': 200, 'learning_rate': 0.06838758519453841, 'min_child_weight': 18, 'max_depth': 14, 'gamma': 0, 'subsample': 0.874813428247142, 'colsample_bytree': 0.34350522358057534, 'reg_lambda': 0.005226615807836031, 'reg_alpha': 0.004472581843639984}}
[32m[I 2021-01-04 18:25:54,745][0m Trial 387 finished with value: -20.8899 and parameters: {'learning_rate': 0.06838758519453841, 'min_child_weight': 18, 'max_depth': 14, 'subsample': 0.874813428247142, 'colsample_bytree': 0.34350522358057534, 'reg_lambda': 0.005226615807836031, 'reg_alpha': 0.004472581843639984}. Best is trial 242 with value: -19.7454.[0m

16.84 sec -- {'mean_score': -21.2654, 'valid_scores': [-28.7167, -20.6836, -14.3958], 'train_scores': [-13.5111, -15.0921, -15.6381], 'params': {'n_estimators': 200, 'learning_rate': 0.021323743887880747, 'min_child_weight': 33, 'max_depth': 8, 'gamma': 0, 'subsample': 0.711258111225465, 'colsample_bytree': 0.43279970612093255, 'reg_lambda': 0.0007892968537187087, 'reg_alpha': 0.0029778074864630186}}
[32m[I 2021-01-04 18:26:11,618][0m Trial 388 finished with value: -21.2654 and parameters: {'learning_rate': 0.021323743887880747, 'min_child_weight': 33, 'max_depth': 8, 'subsample': 0.711258111225465, 'colsample_bytree': 0.43279970612093255, 'reg_lambda': 0.0007892968537187087, 'reg_alpha': 0.0029778074864630186}. Best is trial 242 with value: -19.7454.[0m

19.27 sec -- {'mean_score': -20.5968, 'valid_scores': [-26.999, -19.9962, -14.7952], 'train_scores': [-10.407, -11.5933, -12.065], 'params': {'n_estimators': 200, 'learning_rate': 0.08540500025256605, 'min_child_weight': 38, 'max_depth': 11, 'gamma': 0, 'subsample': 0.6155328192158651, 'colsample_bytree': 0.4378602650492799, 'reg_lambda': 0.09624511003269551, 'reg_alpha': 0.03154105481732135}}
[32m[I 2021-01-04 18:26:30,910][0m Trial 389 finished with value: -20.5968 and parameters: {'learning_rate': 0.08540500025256605, 'min_child_weight': 38, 'max_depth': 11, 'subsample': 0.6155328192158651, 'colsample_bytree': 0.4378602650492799, 'reg_lambda': 0.09624511003269551, 'reg_alpha': 0.03154105481732135}. Best is trial 242 with value: -19.7454.[0m

9.11 sec -- {'mean_score': -20.1652, 'valid_scores': [-26.1874, -20.3134, -13.9947], 'train_scores': [-12.8754, -14.665, -14.9406], 'params': {'n_estimators': 200, 'learning_rate': 0.09586905165777079, 'min_child_weight': 26, 'max_depth': 5, 'gamma': 0, 'subsample': 0.9429810488653154, 'colsample_bytree': 0.3180063103867302, 'reg_lambda': 0.5639517137363131, 'reg_alpha': 0.00046187989905883373}}
[32m[I 2021-01-04 18:26:40,091][0m Trial 390 finished with value: -20.1652 and parameters: {'learning_rate': 0.09586905165777079, 'min_child_weight': 26, 'max_depth': 5, 'subsample': 0.9429810488653154, 'colsample_bytree': 0.3180063103867302, 'reg_lambda': 0.5639517137363131, 'reg_alpha': 0.00046187989905883373}. Best is trial 242 with value: -19.7454.[0m

8.2 sec -- {'mean_score': -20.2629, 'valid_scores': [-26.4246, -20.2083, -14.1559], 'train_scores': [-13.6403, -15.4606, -15.79], 'params': {'n_estimators': 200, 'learning_rate': 0.11796952360110619, 'min_child_weight': 11, 'max_depth': 4, 'gamma': 0, 'subsample': 0.6921009719193687, 'colsample_bytree': 0.4640149056148704, 'reg_lambda': 0.23584105455225343, 'reg_alpha': 0.0003018913919754633}}
[32m[I 2021-01-04 18:26:48,312][0m Trial 391 finished with value: -20.2629 and parameters: {'learning_rate': 0.11796952360110619, 'min_child_weight': 11, 'max_depth': 4, 'subsample': 0.6921009719193687, 'colsample_bytree': 0.4640149056148704, 'reg_lambda': 0.23584105455225343, 'reg_alpha': 0.0003018913919754633}. Best is trial 242 with value: -19.7454.[0m

17.62 sec -- {'mean_score': -20.3993, 'valid_scores': [-26.9492, -20.0614, -14.1872], 'train_scores': [-10.7338, -12.3958, -12.8925], 'params': {'n_estimators': 200, 'learning_rate': 0.06451504714539257, 'min_child_weight': 10, 'max_depth': 8, 'gamma': 0, 'subsample': 0.6239183834401116, 'colsample_bytree': 0.7094617700650032, 'reg_lambda': 0.028672924706711376, 'reg_alpha': 0.0002517972361926716}}
[32m[I 2021-01-04 18:27:05,959][0m Trial 392 finished with value: -20.3993 and parameters: {'learning_rate': 0.06451504714539257, 'min_child_weight': 10, 'max_depth': 8, 'subsample': 0.6239183834401116, 'colsample_bytree': 0.7094617700650032, 'reg_lambda': 0.028672924706711376, 'reg_alpha': 0.0002517972361926716}. Best is trial 242 with value: -19.7454.[0m

24.59 sec -- {'mean_score': -21.5565, 'valid_scores': [-29.0986, -21.1745, -14.3964], 'train_scores': [-12.9738, -14.48, -15.0053], 'params': {'n_estimators': 200, 'learning_rate': 0.018724431683428515, 'min_child_weight': 27, 'max_depth': 9, 'gamma': 0, 'subsample': 0.5439411605314062, 'colsample_bytree': 0.6310756138423929, 'reg_lambda': 0.09052811577525859, 'reg_alpha': 0.00014988245854041676}}
[32m[I 2021-01-04 18:27:30,613][0m Trial 393 finished with value: -21.5565 and parameters: {'learning_rate': 0.018724431683428515, 'min_child_weight': 27, 'max_depth': 9, 'subsample': 0.5439411605314062, 'colsample_bytree': 0.6310756138423929, 'reg_lambda': 0.09052811577525859, 'reg_alpha': 0.00014988245854041676}. Best is trial 242 with value: -19.7454.[0m

26.62 sec -- {'mean_score': -20.409, 'valid_scores': [-26.7026, -19.9812, -14.5432], 'train_scores': [-9.8481, -11.1785, -11.6583], 'params': {'n_estimators': 200, 'learning_rate': 0.06678969325542294, 'min_child_weight': 9, 'max_depth': 10, 'gamma': 0, 'subsample': 0.5633933315948403, 'colsample_bytree': 0.6911248964744529, 'reg_lambda': 0.208761262230297, 'reg_alpha': 0.00018535246874196637}}
