[32m[I 2021-01-04 18:35:12,291][0m Trial 422 finished with value: -20.9453 and parameters: {'learning_rate': 0.050808942283788947, 'min_child_weight': 5, 'max_depth': 4, 'subsample': 0.5535959185795161, 'colsample_bytree': 0.9651194503109992, 'reg_lambda': 0.011351607982568642, 'reg_alpha': 0.39524696750032684}. Best is trial 242 with value: -19.7454.[0m

10.0 sec -- {'mean_score': -19.9168, 'valid_scores': [-26.1763, -19.8696, -13.7045], 'train_scores': [-12.4243, -14.0595, -14.5007], 'params': {'n_estimators': 200, 'learning_rate': 0.08436685240084577, 'min_child_weight': 47, 'max_depth': 6, 'gamma': 0, 'subsample': 0.9270644642693014, 'colsample_bytree': 0.4117452296918252, 'reg_lambda': 0.22463197564535473, 'reg_alpha': 0.04699711735525118}}
[32m[I 2021-01-04 18:35:22,387][0m Trial 423 finished with value: -19.9168 and parameters: {'learning_rate': 0.08436685240084577, 'min_child_weight': 47, 'max_depth': 6, 'subsample': 0.9270644642693014, 'colsample_bytree': 0.4117452296918252, 'reg_lambda': 0.22463197564535473, 'reg_alpha': 0.04699711735525118}. Best is trial 242 with value: -19.7454.[0m

12.99 sec -- {'mean_score': -20.2924, 'valid_scores': [-26.538, -19.7597, -14.5795], 'train_scores': [-11.2777, -12.7485, -13.1354], 'params': {'n_estimators': 200, 'learning_rate': 0.09998646952865375, 'min_child_weight': 48, 'max_depth': 8, 'gamma': 0, 'subsample': 0.8082381295329188, 'colsample_bytree': 0.3431333745920682, 'reg_lambda': 0.04961424545373289, 'reg_alpha': 0.011515664307591277}}
[32m[I 2021-01-04 18:35:35,405][0m Trial 424 finished with value: -20.2924 and parameters: {'learning_rate': 0.09998646952865375, 'min_child_weight': 48, 'max_depth': 8, 'subsample': 0.8082381295329188, 'colsample_bytree': 0.3431333745920682, 'reg_lambda': 0.04961424545373289, 'reg_alpha': 0.011515664307591277}. Best is trial 242 with value: -19.7454.[0m

15.91 sec -- {'mean_score': -20.3634, 'valid_scores': [-27.0624, -20.2624, -13.7654], 'train_scores': [-13.0276, -14.575, -15.1906], 'params': {'n_estimators': 200, 'learning_rate': 0.030180328057795226, 'min_child_weight': 26, 'max_depth': 7, 'gamma': 0, 'subsample': 0.6664501925357551, 'colsample_bytree': 0.5565561960418444, 'reg_lambda': 0.0001717311518211243, 'reg_alpha': 0.0018607916195248434}}
[32m[I 2021-01-04 18:35:51,338][0m Trial 425 finished with value: -20.3634 and parameters: {'learning_rate': 0.030180328057795226, 'min_child_weight': 26, 'max_depth': 7, 'subsample': 0.6664501925357551, 'colsample_bytree': 0.5565561960418444, 'reg_lambda': 0.0001717311518211243, 'reg_alpha': 0.0018607916195248434}. Best is trial 242 with value: -19.7454.[0m

21.25 sec -- {'mean_score': -20.659, 'valid_scores': [-26.5831, -20.0479, -15.3459], 'train_scores': [-9.8566, -11.139, -11.6085], 'params': {'n_estimators': 200, 'learning_rate': 0.09943841982172498, 'min_child_weight': 20, 'max_depth': 10, 'gamma': 0, 'subsample': 0.7486951225783909, 'colsample_bytree': 0.5115905489426216, 'reg_lambda': 0.00012121304537449568, 'reg_alpha': 0.019097687270258904}}
[32m[I 2021-01-04 18:36:12,610][0m Trial 426 finished with value: -20.659 and parameters: {'learning_rate': 0.09943841982172498, 'min_child_weight': 20, 'max_depth': 10, 'subsample': 0.7486951225783909, 'colsample_bytree': 0.5115905489426216, 'reg_lambda': 0.00012121304537449568, 'reg_alpha': 0.019097687270258904}. Best is trial 242 with value: -19.7454.[0m

17.32 sec -- {'mean_score': -20.8667, 'valid_scores': [-27.2371, -19.8728, -15.4901], 'train_scores': [-10.3257, -11.6513, -12.1099], 'params': {'n_estimators': 200, 'learning_rate': 0.14288176547730502, 'min_child_weight': 50, 'max_depth': 10, 'gamma': 0, 'subsample': 0.840673605684894, 'colsample_bytree': 0.3166674217682995, 'reg_lambda': 0.2906767772215597, 'reg_alpha': 0.10085539143971434}}
[32m[I 2021-01-04 18:36:29,980][0m Trial 427 finished with value: -20.8667 and parameters: {'learning_rate': 0.14288176547730502, 'min_child_weight': 50, 'max_depth': 10, 'subsample': 0.840673605684894, 'colsample_bytree': 0.3166674217682995, 'reg_lambda': 0.2906767772215597, 'reg_alpha': 0.10085539143971434}. Best is trial 242 with value: -19.7454.[0m

9.36 sec -- {'mean_score': -20.131, 'valid_scores': [-25.8854, -20.3216, -14.186], 'train_scores': [-14.1179, -15.7369, -16.1698], 'params': {'n_estimators': 200, 'learning_rate': 0.09929615283304853, 'min_child_weight': 37, 'max_depth': 4, 'gamma': 0, 'subsample': 0.8764660048452096, 'colsample_bytree': 0.36182278438988524, 'reg_lambda': 0.6245399603980717, 'reg_alpha': 0.009603038790777327}}
[32m[I 2021-01-04 18:36:39,363][0m Trial 428 finished with value: -20.131 and parameters: {'learning_rate': 0.09929615283304853, 'min_child_weight': 37, 'max_depth': 4, 'subsample': 0.8764660048452096, 'colsample_bytree': 0.36182278438988524, 'reg_lambda': 0.6245399603980717, 'reg_alpha': 0.009603038790777327}. Best is trial 242 with value: -19.7454.[0m

7.18 sec -- {'mean_score': -23.3713, 'valid_scores': [-30.4696, -22.868, -16.7763], 'train_scores': [-19.2867, -20.8423, -21.3793], 'params': {'n_estimators': 200, 'learning_rate': 0.0706378430320127, 'min_child_weight': 20, 'max_depth': 2, 'gamma': 0, 'subsample': 0.5038354744440595, 'colsample_bytree': 0.3384907203439689, 'reg_lambda': 0.9172458951915209, 'reg_alpha': 0.08586824733645448}}
[32m[I 2021-01-04 18:36:46,569][0m Trial 429 finished with value: -23.3713 and parameters: {'learning_rate': 0.0706378430320127, 'min_child_weight': 20, 'max_depth': 2, 'subsample': 0.5038354744440595, 'colsample_bytree': 0.3384907203439689, 'reg_lambda': 0.9172458951915209, 'reg_alpha': 0.08586824733645448}. Best is trial 242 with value: -19.7454.[0m

10.34 sec -- {'mean_score': -19.9962, 'valid_scores': [-26.4685, -19.7889, -13.7311], 'train_scores': [-13.2389, -14.8349, -15.4372], 'params': {'n_estimators': 200, 'learning_rate': 0.047380552560111144, 'min_child_weight': 46, 'max_depth': 6, 'gamma': 0, 'subsample': 0.9504688924220568, 'colsample_bytree': 0.3611740789152808, 'reg_lambda': 0.7620470391837378, 'reg_alpha': 0.08450219807773944}}
[32m[I 2021-01-04 18:36:56,933][0m Trial 430 finished with value: -19.9962 and parameters: {'learning_rate': 0.047380552560111144, 'min_child_weight': 46, 'max_depth': 6, 'subsample': 0.9504688924220568, 'colsample_bytree': 0.3611740789152808, 'reg_lambda': 0.7620470391837378, 'reg_alpha': 0.08450219807773944}. Best is trial 242 with value: -19.7454.[0m

12.06 sec -- {'mean_score': -19.9671, 'valid_scores': [-26.1777, -19.6386, -14.085], 'train_scores': [-11.5022, -13.0696, -13.5119], 'params': {'n_estimators': 200, 'learning_rate': 0.09993996520001569, 'min_child_weight': 47, 'max_depth': 7, 'gamma': 0, 'subsample': 0.927504532905847, 'colsample_bytree': 0.5068071393714082, 'reg_lambda': 0.3550575239527692, 'reg_alpha': 0.1156540490175597}}
[32m[I 2021-01-04 18:37:09,067][0m Trial 431 finished with value: -19.9671 and parameters: {'learning_rate': 0.09993996520001569, 'min_child_weight': 47, 'max_depth': 7, 'subsample': 0.927504532905847, 'colsample_bytree': 0.5068071393714082, 'reg_lambda': 0.3550575239527692, 'reg_alpha': 0.1156540490175597}. Best is trial 242 with value: -19.7454.[0m

14.29 sec -- {'mean_score': -20.1074, 'valid_scores': [-26.6882, -19.7314, -13.9026], 'train_scores': [-11.6485, -13.14, -13.5644], 'params': {'n_estimators': 200, 'learning_rate': 0.06051422643040844, 'min_child_weight': 49, 'max_depth': 8, 'gamma': 0, 'subsample': 0.8940291793483205, 'colsample_bytree': 0.3714032064483594, 'reg_lambda': 0.3974759201047255, 'reg_alpha': 0.008103894769146766}}
[32m[I 2021-01-04 18:37:23,392][0m Trial 432 finished with value: -20.1074 and parameters: {'learning_rate': 0.06051422643040844, 'min_child_weight': 49, 'max_depth': 8, 'subsample': 0.8940291793483205, 'colsample_bytree': 0.3714032064483594, 'reg_lambda': 0.3974759201047255, 'reg_alpha': 0.008103894769146766}. Best is trial 242 with value: -19.7454.[0m

20.26 sec -- {'mean_score': -20.0339, 'valid_scores': [-26.5368, -19.8712, -13.6936], 'train_scores': [-11.5945, -12.9659, -13.4855], 'params': {'n_estimators': 200, 'learning_rate': 0.03808813061938065, 'min_child_weight': 38, 'max_depth': 9, 'gamma': 0, 'subsample': 0.7395788413275853, 'colsample_bytree': 0.56282122385954, 'reg_lambda': 0.001798575055743499, 'reg_alpha': 0.0004725973358836946}}
[32m[I 2021-01-04 18:37:43,694][0m Trial 433 finished with value: -20.0339 and parameters: {'learning_rate': 0.03808813061938065, 'min_child_weight': 38, 'max_depth': 9, 'subsample': 0.7395788413275853, 'colsample_bytree': 0.56282122385954, 'reg_lambda': 0.001798575055743499, 'reg_alpha': 0.0004725973358836946}. Best is trial 242 with value: -19.7454.[0m

10.84 sec -- {'mean_score': -19.9279, 'valid_scores': [-26.2368, -19.6621, -13.8847], 'train_scores': [-12.351, -14.0167, -14.3651], 'params': {'n_estimators': 200, 'learning_rate': 0.09080169886458468, 'min_child_weight': 47, 'max_depth': 6, 'gamma': 0, 'subsample': 0.8670574714132999, 'colsample_bytree': 0.47586049574217376, 'reg_lambda': 0.13774365653387324, 'reg_alpha': 0.019992135669220777}}
[32m[I 2021-01-04 18:37:54,599][0m Trial 434 finished with value: -19.9279 and parameters: {'learning_rate': 0.09080169886458468, 'min_child_weight': 47, 'max_depth': 6, 'subsample': 0.8670574714132999, 'colsample_bytree': 0.47586049574217376, 'reg_lambda': 0.13774365653387324, 'reg_alpha': 0.019992135669220777}. Best is trial 242 with value: -19.7454.[0m

16.16 sec -- {'mean_score': -20.1948, 'valid_scores': [-26.5739, -19.5437, -14.4669], 'train_scores': [-10.9057, -12.3401, -12.8047], 'params': {'n_estimators': 200, 'learning_rate': 0.08615067252664185, 'min_child_weight': 49, 'max_depth': 9, 'gamma': 0, 'subsample': 0.9388082907547849, 'colsample_bytree': 0.33823512572751446, 'reg_lambda': 0.23970385678728146, 'reg_alpha': 0.013170388641631057}}
[32m[I 2021-01-04 18:38:10,783][0m Trial 435 finished with value: -20.1948 and parameters: {'learning_rate': 0.08615067252664185, 'min_child_weight': 49, 'max_depth': 9, 'subsample': 0.9388082907547849, 'colsample_bytree': 0.33823512572751446, 'reg_lambda': 0.23970385678728146, 'reg_alpha': 0.013170388641631057}. Best is trial 242 with value: -19.7454.[0m

8.59 sec -- {'mean_score': -20.9483, 'valid_scores': [-27.5882, -20.7866, -14.4702], 'train_scores': [-15.7854, -17.6601, -17.9869], 'params': {'n_estimators': 200, 'learning_rate': 0.08631719966384041, 'min_child_weight': 46, 'max_depth': 3, 'gamma': 0, 'subsample': 0.9494351135323776, 'colsample_bytree': 0.4134671774490152, 'reg_lambda': 0.0440825796732096, 'reg_alpha': 0.11215616282606711}}
[32m[I 2021-01-04 18:38:19,439][0m Trial 436 finished with value: -20.9483 and parameters: {'learning_rate': 0.08631719966384041, 'min_child_weight': 46, 'max_depth': 3, 'subsample': 0.9494351135323776, 'colsample_bytree': 0.4134671774490152, 'reg_lambda': 0.0440825796732096, 'reg_alpha': 0.11215616282606711}. Best is trial 242 with value: -19.7454.[0m

29.22 sec -- {'mean_score': -22.0816, 'valid_scores': [-28.0751, -20.4597, -17.71], 'train_scores': [-8.5145, -9.4266, -10.0067], 'params': {'n_estimators': 200, 'learning_rate': 0.15916368538457962, 'min_child_weight': 18, 'max_depth': 13, 'gamma': 0, 'subsample': 0.8854237593826402, 'colsample_bytree': 0.37172403839174023, 'reg_lambda': 0.0039491348043340126, 'reg_alpha': 0.049217927523160315}}
[32m[I 2021-01-04 18:38:48,682][0m Trial 437 finished with value: -22.0816 and parameters: {'learning_rate': 0.15916368538457962, 'min_child_weight': 18, 'max_depth': 13, 'subsample': 0.8854237593826402, 'colsample_bytree': 0.37172403839174023, 'reg_lambda': 0.0039491348043340126, 'reg_alpha': 0.049217927523160315}. Best is trial 242 with value: -19.7454.[0m

9.47 sec -- {'mean_score': -20.0942, 'valid_scores': [-26.4776, -20.0426, -13.7625], 'train_scores': [-13.5659, -15.1572, -15.5764], 'params': {'n_estimators': 200, 'learning_rate': 0.07066940438142325, 'min_child_weight': 38, 'max_depth': 5, 'gamma': 0, 'subsample': 0.8066955137517302, 'colsample_bytree': 0.440331176238591, 'reg_lambda': 0.4263594422764299, 'reg_alpha': 0.054575073845423594}}
[32m[I 2021-01-04 18:38:58,175][0m Trial 438 finished with value: -20.0942 and parameters: {'learning_rate': 0.07066940438142325, 'min_child_weight': 38, 'max_depth': 5, 'subsample': 0.8066955137517302, 'colsample_bytree': 0.440331176238591, 'reg_lambda': 0.4263594422764299, 'reg_alpha': 0.054575073845423594}. Best is trial 242 with value: -19.7454.[0m

24.25 sec -- {'mean_score': -20.3211, 'valid_scores': [-26.9379, -19.756, -14.2694], 'train_scores': [-11.0984, -12.3551, -12.8576], 'params': {'n_estimators': 200, 'learning_rate': 0.043071683018813055, 'min_child_weight': 41, 'max_depth': 11, 'gamma': 0, 'subsample': 0.8660635757089782, 'colsample_bytree': 0.30259673724588926, 'reg_lambda': 0.03711413253925069, 'reg_alpha': 0.032484457595648955}}
[32m[I 2021-01-04 18:39:22,466][0m Trial 439 finished with value: -20.3211 and parameters: {'learning_rate': 0.043071683018813055, 'min_child_weight': 41, 'max_depth': 11, 'subsample': 0.8660635757089782, 'colsample_bytree': 0.30259673724588926, 'reg_lambda': 0.03711413253925069, 'reg_alpha': 0.032484457595648955}. Best is trial 242 with value: -19.7454.[0m

19.55 sec -- {'mean_score': -20.0661, 'valid_scores': [-26.5539, -19.9514, -13.6931], 'train_scores': [-10.61, -12.0085, -12.5219], 'params': {'n_estimators': 200, 'learning_rate': 0.06312138229340258, 'min_child_weight': 27, 'max_depth': 9, 'gamma': 0, 'subsample': 0.9257598033551759, 'colsample_bytree': 0.5944623381793036, 'reg_lambda': 0.45939101385185144, 'reg_alpha': 0.000185605853879712}}
[32m[I 2021-01-04 18:39:42,044][0m Trial 440 finished with value: -20.0661 and parameters: {'learning_rate': 0.06312138229340258, 'min_child_weight': 27, 'max_depth': 9, 'subsample': 0.9257598033551759, 'colsample_bytree': 0.5944623381793036, 'reg_lambda': 0.45939101385185144, 'reg_alpha': 0.000185605853879712}. Best is trial 242 with value: -19.7454.[0m

9.49 sec -- {'mean_score': -20.0993, 'valid_scores': [-26.3932, -20.061, -13.8437], 'train_scores': [-13.0406, -14.6156, -14.961], 'params': {'n_estimators': 200, 'learning_rate': 0.10326215014728618, 'min_child_weight': 50, 'max_depth': 5, 'gamma': 0, 'subsample': 0.8770486160714701, 'colsample_bytree': 0.4674195762274507, 'reg_lambda': 0.08775486201486771, 'reg_alpha': 0.016693516730381445}}
[32m[I 2021-01-04 18:39:51,585][0m Trial 441 finished with value: -20.0993 and parameters: {'learning_rate': 0.10326215014728618, 'min_child_weight': 50, 'max_depth': 5, 'subsample': 0.8770486160714701, 'colsample_bytree': 0.4674195762274507, 'reg_lambda': 0.08775486201486771, 'reg_alpha': 0.016693516730381445}. Best is trial 242 with value: -19.7454.[0m

9.44 sec -- {'mean_score': -20.4449, 'valid_scores': [-27.0326, -20.5233, -13.7788], 'train_scores': [-14.3426, -16.0494, -16.4107], 'params': {'n_estimators': 200, 'learning_rate': 0.04528388569270968, 'min_child_weight': 50, 'max_depth': 5, 'gamma': 0, 'subsample': 0.8150721292723953, 'colsample_bytree': 0.4522352985735226, 'reg_lambda': 0.24840236456095818, 'reg_alpha': 0.013384225590669574}}
[32m[I 2021-01-04 18:40:01,049][0m Trial 442 finished with value: -20.4449 and parameters: {'learning_rate': 0.04528388569270968, 'min_child_weight': 50, 'max_depth': 5, 'subsample': 0.8150721292723953, 'colsample_bytree': 0.4522352985735226, 'reg_lambda': 0.24840236456095818, 'reg_alpha': 0.013384225590669574}. Best is trial 242 with value: -19.7454.[0m

10.8 sec -- {'mean_score': -20.4259, 'valid_scores': [-26.212, -20.7177, -14.3479], 'train_scores': [-11.4639, -12.8529, -13.1743], 'params': {'n_estimators': 200, 'learning_rate': 0.14262472118970532, 'min_child_weight': 41, 'max_depth': 7, 'gamma': 0, 'subsample': 0.9536730817625769, 'colsample_bytree': 0.39977093839329986, 'reg_lambda': 0.2792920003601887, 'reg_alpha': 0.012089476473579852}}
[32m[I 2021-01-04 18:40:11,870][0m Trial 443 finished with value: -20.4259 and parameters: {'learning_rate': 0.14262472118970532, 'min_child_weight': 41, 'max_depth': 7, 'subsample': 0.9536730817625769, 'colsample_bytree': 0.39977093839329986, 'reg_lambda': 0.2792920003601887, 'reg_alpha': 0.012089476473579852}. Best is trial 242 with value: -19.7454.[0m

11.43 sec -- {'mean_score': -20.1644, 'valid_scores': [-26.7104, -19.7075, -14.0752], 'train_scores': [-11.5457, -13.0331, -13.5136], 'params': {'n_estimators': 200, 'learning_rate': 0.1091628063357024, 'min_child_weight': 46, 'max_depth': 7, 'gamma': 0, 'subsample': 0.9738008801300787, 'colsample_bytree': 0.30610914601650485, 'reg_lambda': 0.1231028384658564, 'reg_alpha': 0.015720499452837135}}
[32m[I 2021-01-04 18:40:23,321][0m Trial 444 finished with value: -20.1644 and parameters: {'learning_rate': 0.1091628063357024, 'min_child_weight': 46, 'max_depth': 7, 'subsample': 0.9738008801300787, 'colsample_bytree': 0.30610914601650485, 'reg_lambda': 0.1231028384658564, 'reg_alpha': 0.015720499452837135}. Best is trial 242 with value: -19.7454.[0m

15.15 sec -- {'mean_score': -21.2626, 'valid_scores': [-27.6793, -19.3613, -16.7472], 'train_scores': [-10.2476, -11.7381, -12.3043], 'params': {'n_estimators': 200, 'learning_rate': 0.10036198753051839, 'min_child_weight': 5, 'max_depth': 8, 'gamma': 0, 'subsample': 0.836521568232903, 'colsample_bytree': 0.3326565749848036, 'reg_lambda': 0.0020282701215379798, 'reg_alpha': 0.007996462833542467}}
[32m[I 2021-01-04 18:40:38,495][0m Trial 445 finished with value: -21.2626 and parameters: {'learning_rate': 0.10036198753051839, 'min_child_weight': 5, 'max_depth': 8, 'subsample': 0.836521568232903, 'colsample_bytree': 0.3326565749848036, 'reg_lambda': 0.0020282701215379798, 'reg_alpha': 0.007996462833542467}. Best is trial 242 with value: -19.7454.[0m

7.27 sec -- {'mean_score': -24.3639, 'valid_scores': [-31.7824, -23.4034, -17.9058], 'train_scores': [-20.375, -23.1239, -22.937], 'params': {'n_estimators': 200, 'learning_rate': 0.04904521963942615, 'min_child_weight': 48, 'max_depth': 2, 'gamma': 0, 'subsample': 0.9395230654031623, 'colsample_bytree': 0.5291784398082606, 'reg_lambda': 0.04898003454109947, 'reg_alpha': 0.01948107194703637}}
[32m[I 2021-01-04 18:40:45,797][0m Trial 446 finished with value: -24.3639 and parameters: {'learning_rate': 0.04904521963942615, 'min_child_weight': 48, 'max_depth': 2, 'subsample': 0.9395230654031623, 'colsample_bytree': 0.5291784398082606, 'reg_lambda': 0.04898003454109947, 'reg_alpha': 0.01948107194703637}. Best is trial 242 with value: -19.7454.[0m

10.92 sec -- {'mean_score': -20.5202, 'valid_scores': [-27.0902, -19.8255, -14.6449], 'train_scores': [-12.4244, -14.2125, -14.6658], 'params': {'n_estimators': 200, 'learning_rate': 0.059987059087429816, 'min_child_weight': 8, 'max_depth': 6, 'gamma': 0, 'subsample': 0.5456957191383671, 'colsample_bytree': 0.4849814290841262, 'reg_lambda': 0.03333171205731136, 'reg_alpha': 0.00011745200673182296}}
[32m[I 2021-01-04 18:40:56,741][0m Trial 447 finished with value: -20.5202 and parameters: {'learning_rate': 0.059987059087429816, 'min_child_weight': 8, 'max_depth': 6, 'subsample': 0.5456957191383671, 'colsample_bytree': 0.4849814290841262, 'reg_lambda': 0.03333171205731136, 'reg_alpha': 0.00011745200673182296}. Best is trial 242 with value: -19.7454.[0m

17.04 sec -- {'mean_score': -21.2076, 'valid_scores': [-27.581, -20.5572, -15.4847], 'train_scores': [-9.8383, -11.3244, -11.5986], 'params': {'n_estimators': 200, 'learning_rate': 0.19917724139840018, 'min_child_weight': 34, 'max_depth': 9, 'gamma': 0, 'subsample': 0.9352838625345589, 'colsample_bytree': 0.8045247528692846, 'reg_lambda': 0.00493851714906363, 'reg_alpha': 0.02513294064798724}}
[32m[I 2021-01-04 18:41:13,806][0m Trial 448 finished with value: -21.2076 and parameters: {'learning_rate': 0.19917724139840018, 'min_child_weight': 34, 'max_depth': 9, 'subsample': 0.9352838625345589, 'colsample_bytree': 0.8045247528692846, 'reg_lambda': 0.00493851714906363, 'reg_alpha': 0.02513294064798724}. Best is trial 242 with value: -19.7454.[0m

10.75 sec -- {'mean_score': -21.3142, 'valid_scores': [-28.7344, -20.7185, -14.4897], 'train_scores': [-15.3182, -17.2396, -17.4777], 'params': {'n_estimators': 200, 'learning_rate': 0.027986080638055015, 'min_child_weight': 1, 'max_depth': 5, 'gamma': 0, 'subsample': 0.7671278691673146, 'colsample_bytree': 0.724323129477108, 'reg_lambda': 0.0006859779017242179, 'reg_alpha': 0.0001422260595967537}}
[32m[I 2021-01-04 18:41:24,578][0m Trial 449 finished with value: -21.3142 and parameters: {'learning_rate': 0.027986080638055015, 'min_child_weight': 1, 'max_depth': 5, 'subsample': 0.7671278691673146, 'colsample_bytree': 0.724323129477108, 'reg_lambda': 0.0006859779017242179, 'reg_alpha': 0.0001422260595967537}. Best is trial 242 with value: -19.7454.[0m

11.37 sec -- {'mean_score': -20.1074, 'valid_scores': [-26.3016, -20.0524, -13.9681], 'train_scores': [-12.7844, -14.3956, -14.9019], 'params': {'n_estimators': 200, 'learning_rate': 0.05720706570449148, 'min_child_weight': 22, 'max_depth': 6, 'gamma': 0, 'subsample': 0.6666540405908514, 'colsample_bytree': 0.44338867571883656, 'reg_lambda': 0.0007006756465588474, 'reg_alpha': 0.007355246806907036}}
