[32m[I 2021-01-04 16:19:46,404][0m Trial 28 finished with value: -20.5039 and parameters: {'learning_rate': 0.19791780090963623, 'min_child_weight': 23, 'max_depth': 4, 'subsample': 0.9214606770813104, 'colsample_bytree': 0.6834508612128135, 'reg_lambda': 0.032425756283483875, 'reg_alpha': 0.002526300227635409}. Best is trial 3 with value: -20.2209.[0m

8.29 sec -- {'mean_score': -25.3518, 'valid_scores': [-33.5393, -23.9442, -18.5719], 'train_scores': [-20.5226, -22.5062, -22.4713], 'params': {'n_estimators': 200, 'learning_rate': 0.021283417749719813, 'min_child_weight': 40, 'max_depth': 3, 'gamma': 0, 'subsample': 0.8096966932979336, 'colsample_bytree': 0.7686114996006888, 'reg_lambda': 0.17293014528171724, 'reg_alpha': 0.0014500340055011815}}
[32m[I 2021-01-04 16:19:54,713][0m Trial 29 finished with value: -25.3518 and parameters: {'learning_rate': 0.021283417749719813, 'min_child_weight': 40, 'max_depth': 3, 'subsample': 0.8096966932979336, 'colsample_bytree': 0.7686114996006888, 'reg_lambda': 0.17293014528171724, 'reg_alpha': 0.0014500340055011815}. Best is trial 3 with value: -20.2209.[0m

9.67 sec -- {'mean_score': -20.7602, 'valid_scores': [-26.5741, -20.1648, -15.5417], 'train_scores': [-12.3187, -14.0375, -14.6364], 'params': {'n_estimators': 200, 'learning_rate': 0.12617362955692615, 'min_child_weight': 3, 'max_depth': 5, 'gamma': 0, 'subsample': 0.6656760371346089, 'colsample_bytree': 0.4280705201623614, 'reg_lambda': 0.0028530215560705397, 'reg_alpha': 0.006547040238460797}}
[32m[I 2021-01-04 16:20:04,404][0m Trial 30 finished with value: -20.7602 and parameters: {'learning_rate': 0.12617362955692615, 'min_child_weight': 3, 'max_depth': 5, 'subsample': 0.6656760371346089, 'colsample_bytree': 0.4280705201623614, 'reg_lambda': 0.0028530215560705397, 'reg_alpha': 0.006547040238460797}. Best is trial 3 with value: -20.2209.[0m

7.43 sec -- {'mean_score': -21.844, 'valid_scores': [-28.3522, -22.5139, -14.6658], 'train_scores': [-17.0038, -18.7876, -18.761], 'params': {'n_estimators': 200, 'learning_rate': 0.14068995618247537, 'min_child_weight': 4, 'max_depth': 2, 'gamma': 0, 'subsample': 0.7819483062488516, 'colsample_bytree': 0.3282937033210206, 'reg_lambda': 0.009106131685983343, 'reg_alpha': 0.00035889215557968724}}
[32m[I 2021-01-04 16:20:11,858][0m Trial 31 finished with value: -21.844 and parameters: {'learning_rate': 0.14068995618247537, 'min_child_weight': 4, 'max_depth': 2, 'subsample': 0.7819483062488516, 'colsample_bytree': 0.3282937033210206, 'reg_lambda': 0.009106131685983343, 'reg_alpha': 0.00035889215557968724}. Best is trial 3 with value: -20.2209.[0m

7.06 sec -- {'mean_score': -25.0178, 'valid_scores': [-31.9638, -24.8418, -18.2479], 'train_scores': [-20.874, -23.7151, -23.161], 'params': {'n_estimators': 200, 'learning_rate': 0.1913724474269209, 'min_child_weight': 7, 'max_depth': 1, 'gamma': 0, 'subsample': 0.7307013667319023, 'colsample_bytree': 0.4976056365220923, 'reg_lambda': 0.22409834976462883, 'reg_alpha': 0.00523951469022237}}
[32m[I 2021-01-04 16:20:18,934][0m Trial 32 finished with value: -25.0178 and parameters: {'learning_rate': 0.1913724474269209, 'min_child_weight': 7, 'max_depth': 1, 'subsample': 0.7307013667319023, 'colsample_bytree': 0.4976056365220923, 'reg_lambda': 0.22409834976462883, 'reg_alpha': 0.00523951469022237}. Best is trial 3 with value: -20.2209.[0m

16.68 sec -- {'mean_score': -20.0684, 'valid_scores': [-26.6249, -19.9109, -13.6693], 'train_scores': [-11.9265, -13.496, -14.0178], 'params': {'n_estimators': 200, 'learning_rate': 0.03957610029617884, 'min_child_weight': 41, 'max_depth': 8, 'gamma': 0, 'subsample': 0.8819881452828088, 'colsample_bytree': 0.48277975196176226, 'reg_lambda': 0.021203239573587808, 'reg_alpha': 0.0005674865365428493}}
[32m[I 2021-01-04 16:20:35,633][0m Trial 33 finished with value: -20.0684 and parameters: {'learning_rate': 0.03957610029617884, 'min_child_weight': 41, 'max_depth': 8, 'subsample': 0.8819881452828088, 'colsample_bytree': 0.48277975196176226, 'reg_lambda': 0.021203239573587808, 'reg_alpha': 0.0005674865365428493}. Best is trial 33 with value: -20.0684.[0m

49.75 sec -- {'mean_score': -21.17, 'valid_scores': [-28.6427, -20.5909, -14.2764], 'train_scores': [-11.2838, -12.6665, -13.1463], 'params': {'n_estimators': 200, 'learning_rate': 0.02001013364918105, 'min_child_weight': 35, 'max_depth': 13, 'gamma': 0, 'subsample': 0.976066121050111, 'colsample_bytree': 0.4399173869314896, 'reg_lambda': 0.021101072452924724, 'reg_alpha': 0.00010409128089874719}}
[32m[I 2021-01-04 16:21:25,400][0m Trial 34 finished with value: -21.17 and parameters: {'learning_rate': 0.02001013364918105, 'min_child_weight': 35, 'max_depth': 13, 'subsample': 0.976066121050111, 'colsample_bytree': 0.4399173869314896, 'reg_lambda': 0.021101072452924724, 'reg_alpha': 0.00010409128089874719}. Best is trial 33 with value: -20.0684.[0m

12.62 sec -- {'mean_score': -20.1252, 'valid_scores': [-26.754, -19.8035, -13.8181], 'train_scores': [-12.3987, -14.0077, -14.4444], 'params': {'n_estimators': 200, 'learning_rate': 0.04888234832488091, 'min_child_weight': 42, 'max_depth': 7, 'gamma': 0, 'subsample': 0.8369232988183471, 'colsample_bytree': 0.3932017276184331, 'reg_lambda': 0.027233417658433495, 'reg_alpha': 0.0006584053499323604}}
[32m[I 2021-01-04 16:21:38,047][0m Trial 35 finished with value: -20.1252 and parameters: {'learning_rate': 0.04888234832488091, 'min_child_weight': 42, 'max_depth': 7, 'subsample': 0.8369232988183471, 'colsample_bytree': 0.3932017276184331, 'reg_lambda': 0.027233417658433495, 'reg_alpha': 0.0006584053499323604}. Best is trial 33 with value: -20.0684.[0m

24.09 sec -- {'mean_score': -20.1924, 'valid_scores': [-26.6138, -19.6951, -14.2683], 'train_scores': [-10.6389, -11.9459, -12.3086], 'params': {'n_estimators': 200, 'learning_rate': 0.05223027071113379, 'min_child_weight': 40, 'max_depth': 11, 'gamma': 0, 'subsample': 0.8202232913800294, 'colsample_bytree': 0.42790273229962117, 'reg_lambda': 0.007085234729799345, 'reg_alpha': 0.0034471560157956983}}
[32m[I 2021-01-04 16:22:02,155][0m Trial 36 finished with value: -20.1924 and parameters: {'learning_rate': 0.05223027071113379, 'min_child_weight': 40, 'max_depth': 11, 'subsample': 0.8202232913800294, 'colsample_bytree': 0.42790273229962117, 'reg_lambda': 0.007085234729799345, 'reg_alpha': 0.0034471560157956983}. Best is trial 33 with value: -20.0684.[0m

16.88 sec -- {'mean_score': -19.9474, 'valid_scores': [-26.1627, -19.5799, -14.0995], 'train_scores': [-11.3485, -12.7428, -13.19], 'params': {'n_estimators': 200, 'learning_rate': 0.051233852283051544, 'min_child_weight': 38, 'max_depth': 9, 'gamma': 0, 'subsample': 0.8348366728117108, 'colsample_bytree': 0.3543945238041653, 'reg_lambda': 0.036712776736259514, 'reg_alpha': 0.024907092844170642}}
[32m[I 2021-01-04 16:22:19,053][0m Trial 37 finished with value: -19.9474 and parameters: {'learning_rate': 0.051233852283051544, 'min_child_weight': 38, 'max_depth': 9, 'subsample': 0.8348366728117108, 'colsample_bytree': 0.3543945238041653, 'reg_lambda': 0.036712776736259514, 'reg_alpha': 0.024907092844170642}. Best is trial 37 with value: -19.9474.[0m

29.23 sec -- {'mean_score': -20.521, 'valid_scores': [-26.8558, -19.781, -14.9261], 'train_scores': [-9.9686, -11.2037, -11.5846], 'params': {'n_estimators': 200, 'learning_rate': 0.06548026090558899, 'min_child_weight': 43, 'max_depth': 13, 'gamma': 0, 'subsample': 0.8793471954563318, 'colsample_bytree': 0.43317269307643197, 'reg_lambda': 0.033280602060781726, 'reg_alpha': 0.09708791747724603}}
[32m[I 2021-01-04 16:22:48,301][0m Trial 38 finished with value: -20.521 and parameters: {'learning_rate': 0.06548026090558899, 'min_child_weight': 43, 'max_depth': 13, 'subsample': 0.8793471954563318, 'colsample_bytree': 0.43317269307643197, 'reg_lambda': 0.033280602060781726, 'reg_alpha': 0.09708791747724603}. Best is trial 37 with value: -19.9474.[0m

17.01 sec -- {'mean_score': -20.4463, 'valid_scores': [-27.2274, -20.0951, -14.0164], 'train_scores': [-12.2074, -13.8515, -14.3939], 'params': {'n_estimators': 200, 'learning_rate': 0.0309969535372953, 'min_child_weight': 24, 'max_depth': 8, 'gamma': 0, 'subsample': 0.8163717440031915, 'colsample_bytree': 0.43191283447026685, 'reg_lambda': 0.005200084570245499, 'reg_alpha': 0.02773052393121953}}
[32m[I 2021-01-04 16:23:05,324][0m Trial 39 finished with value: -20.4463 and parameters: {'learning_rate': 0.0309969535372953, 'min_child_weight': 24, 'max_depth': 8, 'subsample': 0.8163717440031915, 'colsample_bytree': 0.43191283447026685, 'reg_lambda': 0.005200084570245499, 'reg_alpha': 0.02773052393121953}. Best is trial 37 with value: -19.9474.[0m

11.4 sec -- {'mean_score': -20.2164, 'valid_scores': [-26.5696, -19.8521, -14.2274], 'train_scores': [-11.6784, -13.093, -13.6225], 'params': {'n_estimators': 200, 'learning_rate': 0.09400978505574645, 'min_child_weight': 39, 'max_depth': 7, 'gamma': 0, 'subsample': 0.9260273421741774, 'colsample_bytree': 0.3119419724104373, 'reg_lambda': 0.01200220770225238, 'reg_alpha': 0.003009713730704788}}
[32m[I 2021-01-04 16:23:16,746][0m Trial 40 finished with value: -20.2164 and parameters: {'learning_rate': 0.09400978505574645, 'min_child_weight': 39, 'max_depth': 7, 'subsample': 0.9260273421741774, 'colsample_bytree': 0.3119419724104373, 'reg_lambda': 0.01200220770225238, 'reg_alpha': 0.003009713730704788}. Best is trial 37 with value: -19.9474.[0m

8.51 sec -- {'mean_score': -20.5814, 'valid_scores': [-27.2475, -20.4855, -14.0113], 'train_scores': [-14.8812, -16.4389, -16.7574], 'params': {'n_estimators': 200, 'learning_rate': 0.06923525367182512, 'min_child_weight': 41, 'max_depth': 4, 'gamma': 0, 'subsample': 0.796055047123545, 'colsample_bytree': 0.3060534081436004, 'reg_lambda': 0.08566790466835834, 'reg_alpha': 0.00024771507363320703}}
[32m[I 2021-01-04 16:23:25,268][0m Trial 41 finished with value: -20.5814 and parameters: {'learning_rate': 0.06923525367182512, 'min_child_weight': 41, 'max_depth': 4, 'subsample': 0.796055047123545, 'colsample_bytree': 0.3060534081436004, 'reg_lambda': 0.08566790466835834, 'reg_alpha': 0.00024771507363320703}. Best is trial 37 with value: -19.9474.[0m

35.17 sec -- {'mean_score': -20.4343, 'valid_scores': [-27.3241, -19.8317, -14.147], 'train_scores': [-11.0182, -12.2699, -12.6965], 'params': {'n_estimators': 200, 'learning_rate': 0.032925067414190386, 'min_child_weight': 38, 'max_depth': 13, 'gamma': 0, 'subsample': 0.809380462314986, 'colsample_bytree': 0.32106109702419094, 'reg_lambda': 0.0018949977066853153, 'reg_alpha': 0.003873148218655366}}
[32m[I 2021-01-04 16:24:00,456][0m Trial 42 finished with value: -20.4343 and parameters: {'learning_rate': 0.032925067414190386, 'min_child_weight': 38, 'max_depth': 13, 'subsample': 0.809380462314986, 'colsample_bytree': 0.32106109702419094, 'reg_lambda': 0.0018949977066853153, 'reg_alpha': 0.003873148218655366}. Best is trial 37 with value: -19.9474.[0m

14.75 sec -- {'mean_score': -20.6751, 'valid_scores': [-27.0496, -19.7878, -15.1879], 'train_scores': [-10.5335, -11.8179, -12.4045], 'params': {'n_estimators': 200, 'learning_rate': 0.11869177947412593, 'min_child_weight': 36, 'max_depth': 9, 'gamma': 0, 'subsample': 0.8656835050242404, 'colsample_bytree': 0.3112564655897499, 'reg_lambda': 0.00570315067734036, 'reg_alpha': 0.0010675341898642575}}
[32m[I 2021-01-04 16:24:15,225][0m Trial 43 finished with value: -20.6751 and parameters: {'learning_rate': 0.11869177947412593, 'min_child_weight': 36, 'max_depth': 9, 'subsample': 0.8656835050242404, 'colsample_bytree': 0.3112564655897499, 'reg_lambda': 0.00570315067734036, 'reg_alpha': 0.0010675341898642575}. Best is trial 37 with value: -19.9474.[0m

11.69 sec -- {'mean_score': -20.0346, 'valid_scores': [-26.291, -19.7659, -14.0468], 'train_scores': [-12.1331, -13.6345, -14.174], 'params': {'n_estimators': 200, 'learning_rate': 0.06439028630846086, 'min_child_weight': 37, 'max_depth': 7, 'gamma': 0, 'subsample': 0.6422732546873738, 'colsample_bytree': 0.34407910894084676, 'reg_lambda': 0.02799067243693205, 'reg_alpha': 0.1015936616707358}}
[32m[I 2021-01-04 16:24:26,927][0m Trial 44 finished with value: -20.0346 and parameters: {'learning_rate': 0.06439028630846086, 'min_child_weight': 37, 'max_depth': 7, 'subsample': 0.6422732546873738, 'colsample_bytree': 0.34407910894084676, 'reg_lambda': 0.02799067243693205, 'reg_alpha': 0.1015936616707358}. Best is trial 37 with value: -19.9474.[0m

13.54 sec -- {'mean_score': -20.1394, 'valid_scores': [-26.4669, -19.8289, -14.1225], 'train_scores': [-11.4774, -12.9651, -13.4153], 'params': {'n_estimators': 200, 'learning_rate': 0.070427191182293, 'min_child_weight': 44, 'max_depth': 8, 'gamma': 0, 'subsample': 0.7706565512028971, 'colsample_bytree': 0.4367353734584867, 'reg_lambda': 0.0667893970191338, 'reg_alpha': 0.005947568550445009}}
[32m[I 2021-01-04 16:24:40,484][0m Trial 45 finished with value: -20.1394 and parameters: {'learning_rate': 0.070427191182293, 'min_child_weight': 44, 'max_depth': 8, 'subsample': 0.7706565512028971, 'colsample_bytree': 0.4367353734584867, 'reg_lambda': 0.0667893970191338, 'reg_alpha': 0.005947568550445009}. Best is trial 37 with value: -19.9474.[0m

14.89 sec -- {'mean_score': -20.1789, 'valid_scores': [-26.7818, -19.7176, -14.0374], 'train_scores': [-11.4229, -12.7945, -13.2095], 'params': {'n_estimators': 200, 'learning_rate': 0.06310897012251726, 'min_child_weight': 41, 'max_depth': 9, 'gamma': 0, 'subsample': 0.5861544594721494, 'colsample_bytree': 0.32956355328779985, 'reg_lambda': 0.01737691454534007, 'reg_alpha': 0.19172099721330632}}
[32m[I 2021-01-04 16:24:55,390][0m Trial 46 finished with value: -20.1789 and parameters: {'learning_rate': 0.06310897012251726, 'min_child_weight': 41, 'max_depth': 9, 'subsample': 0.5861544594721494, 'colsample_bytree': 0.32956355328779985, 'reg_lambda': 0.01737691454534007, 'reg_alpha': 0.19172099721330632}. Best is trial 37 with value: -19.9474.[0m

10.28 sec -- {'mean_score': -19.9264, 'valid_scores': [-25.7853, -19.9603, -14.0335], 'train_scores': [-12.3554, -13.9771, -14.4498], 'params': {'n_estimators': 200, 'learning_rate': 0.08486943901474249, 'min_child_weight': 36, 'max_depth': 6, 'gamma': 0, 'subsample': 0.8667595849919836, 'colsample_bytree': 0.3833650262506767, 'reg_lambda': 0.6442448902734575, 'reg_alpha': 0.022306622725206955}}
[32m[I 2021-01-04 16:25:05,689][0m Trial 47 finished with value: -19.9264 and parameters: {'learning_rate': 0.08486943901474249, 'min_child_weight': 36, 'max_depth': 6, 'subsample': 0.8667595849919836, 'colsample_bytree': 0.3833650262506767, 'reg_lambda': 0.6442448902734575, 'reg_alpha': 0.022306622725206955}. Best is trial 47 with value: -19.9264.[0m

7.07 sec -- {'mean_score': -27.5584, 'valid_scores': [-35.2559, -26.7043, -20.715], 'train_scores': [-23.3317, -26.358, -25.8753], 'params': {'n_estimators': 200, 'learning_rate': 0.07961483527759991, 'min_child_weight': 24, 'max_depth': 1, 'gamma': 0, 'subsample': 0.6608034664003939, 'colsample_bytree': 0.38311503468920743, 'reg_lambda': 0.04273937192577982, 'reg_alpha': 0.20348948422691696}}
[32m[I 2021-01-04 16:25:12,787][0m Trial 48 finished with value: -27.5584 and parameters: {'learning_rate': 0.07961483527759991, 'min_child_weight': 24, 'max_depth': 1, 'subsample': 0.6608034664003939, 'colsample_bytree': 0.38311503468920743, 'reg_lambda': 0.04273937192577982, 'reg_alpha': 0.20348948422691696}. Best is trial 47 with value: -19.9264.[0m

7.5 sec -- {'mean_score': -23.0446, 'valid_scores': [-29.5856, -23.53, -16.0183], 'train_scores': [-18.6216, -20.9391, -21.203], 'params': {'n_estimators': 200, 'learning_rate': 0.07807406576369583, 'min_child_weight': 36, 'max_depth': 2, 'gamma': 0, 'subsample': 0.8543625487901831, 'colsample_bytree': 0.38834876178754457, 'reg_lambda': 0.6641392934099217, 'reg_alpha': 0.017131157259957102}}
[32m[I 2021-01-04 16:25:20,301][0m Trial 49 finished with value: -23.0446 and parameters: {'learning_rate': 0.07807406576369583, 'min_child_weight': 36, 'max_depth': 2, 'subsample': 0.8543625487901831, 'colsample_bytree': 0.38834876178754457, 'reg_lambda': 0.6641392934099217, 'reg_alpha': 0.017131157259957102}. Best is trial 47 with value: -19.9264.[0m

19.24 sec -- {'mean_score': -20.2275, 'valid_scores': [-26.7169, -19.7115, -14.2541], 'train_scores': [-11.0302, -12.4123, -12.9612], 'params': {'n_estimators': 200, 'learning_rate': 0.045915603591937436, 'min_child_weight': 21, 'max_depth': 9, 'gamma': 0, 'subsample': 0.8580006310624382, 'colsample_bytree': 0.3826965842548313, 'reg_lambda': 0.21061909592921338, 'reg_alpha': 0.04023346319773877}}
[32m[I 2021-01-04 16:25:39,556][0m Trial 50 finished with value: -20.2275 and parameters: {'learning_rate': 0.045915603591937436, 'min_child_weight': 21, 'max_depth': 9, 'subsample': 0.8580006310624382, 'colsample_bytree': 0.3826965842548313, 'reg_lambda': 0.21061909592921338, 'reg_alpha': 0.04023346319773877}. Best is trial 47 with value: -19.9264.[0m

10.01 sec -- {'mean_score': -21.46, 'valid_scores': [-28.7316, -20.9657, -14.6826], 'train_scores': [-15.8343, -17.3844, -17.7929], 'params': {'n_estimators': 200, 'learning_rate': 0.029332420796185005, 'min_child_weight': 48, 'max_depth': 5, 'gamma': 0, 'subsample': 0.7902169697238458, 'colsample_bytree': 0.370575221821691, 'reg_lambda': 0.04647610015830358, 'reg_alpha': 0.05891344893753379}}
[32m[I 2021-01-04 16:25:49,580][0m Trial 51 finished with value: -21.46 and parameters: {'learning_rate': 0.029332420796185005, 'min_child_weight': 48, 'max_depth': 5, 'subsample': 0.7902169697238458, 'colsample_bytree': 0.370575221821691, 'reg_lambda': 0.04647610015830358, 'reg_alpha': 0.05891344893753379}. Best is trial 47 with value: -19.9264.[0m

13.86 sec -- {'mean_score': -20.0683, 'valid_scores': [-26.0458, -19.8349, -14.3242], 'train_scores': [-11.2528, -12.6645, -13.2077], 'params': {'n_estimators': 200, 'learning_rate': 0.0827709331682655, 'min_child_weight': 39, 'max_depth': 8, 'gamma': 0, 'subsample': 0.7160423136381291, 'colsample_bytree': 0.5084197847959897, 'reg_lambda': 0.053679861071265725, 'reg_alpha': 0.0045699023882943696}}
[32m[I 2021-01-04 16:26:03,460][0m Trial 52 finished with value: -20.0683 and parameters: {'learning_rate': 0.0827709331682655, 'min_child_weight': 39, 'max_depth': 8, 'subsample': 0.7160423136381291, 'colsample_bytree': 0.5084197847959897, 'reg_lambda': 0.053679861071265725, 'reg_alpha': 0.0045699023882943696}. Best is trial 47 with value: -19.9264.[0m

19.72 sec -- {'mean_score': -21.2788, 'valid_scores': [-27.3146, -20.5124, -16.0093], 'train_scores': [-9.8577, -11.0117, -11.4945], 'params': {'n_estimators': 200, 'learning_rate': 0.13298684095178093, 'min_child_weight': 36, 'max_depth': 11, 'gamma': 0, 'subsample': 0.7286535935497347, 'colsample_bytree': 0.49805472793117833, 'reg_lambda': 0.03626752181693343, 'reg_alpha': 0.09661369870642426}}
[32m[I 2021-01-04 16:26:23,193][0m Trial 53 finished with value: -21.2788 and parameters: {'learning_rate': 0.13298684095178093, 'min_child_weight': 36, 'max_depth': 11, 'subsample': 0.7286535935497347, 'colsample_bytree': 0.49805472793117833, 'reg_lambda': 0.03626752181693343, 'reg_alpha': 0.09661369870642426}. Best is trial 47 with value: -19.9264.[0m

13.22 sec -- {'mean_score': -20.7585, 'valid_scores': [-27.3783, -20.2464, -14.6509], 'train_scores': [-10.567, -12.1141, -12.5727], 'params': {'n_estimators': 200, 'learning_rate': 0.1516273071317673, 'min_child_weight': 44, 'max_depth': 8, 'gamma': 0, 'subsample': 0.9791374230744648, 'colsample_bytree': 0.5625211031422745, 'reg_lambda': 0.5920575628294381, 'reg_alpha': 0.04919624792645599}}
[32m[I 2021-01-04 16:26:36,429][0m Trial 54 finished with value: -20.7585 and parameters: {'learning_rate': 0.1516273071317673, 'min_child_weight': 44, 'max_depth': 8, 'subsample': 0.9791374230744648, 'colsample_bytree': 0.5625211031422745, 'reg_lambda': 0.5920575628294381, 'reg_alpha': 0.04919624792645599}. Best is trial 47 with value: -19.9264.[0m

10.05 sec -- {'mean_score': -20.2928, 'valid_scores': [-25.8564, -20.4522, -14.5698], 'train_scores': [-11.892, -13.497, -13.8419], 'params': {'n_estimators': 200, 'learning_rate': 0.14331874325813226, 'min_child_weight': 28, 'max_depth': 6, 'gamma': 0, 'subsample': 0.7344032441671873, 'colsample_bytree': 0.37016745268085827, 'reg_lambda': 0.603013642974948, 'reg_alpha': 0.05391584584691216}}
[32m[I 2021-01-04 16:26:46,494][0m Trial 55 finished with value: -20.2928 and parameters: {'learning_rate': 0.14331874325813226, 'min_child_weight': 28, 'max_depth': 6, 'subsample': 0.7344032441671873, 'colsample_bytree': 0.37016745268085827, 'reg_lambda': 0.603013642974948, 'reg_alpha': 0.05391584584691216}. Best is trial 47 with value: -19.9264.[0m

24.01 sec -- {'mean_score': -20.5233, 'valid_scores': [-26.9244, -20.0357, -14.6098], 'train_scores': [-9.8747, -11.0584, -11.5234], 'params': {'n_estimators': 200, 'learning_rate': 0.09863480818760761, 'min_child_weight': 34, 'max_depth': 12, 'gamma': 0, 'subsample': 0.5783317759044682, 'colsample_bytree': 0.5982134469159338, 'reg_lambda': 0.41124403571527923, 'reg_alpha': 0.0002995469309855808}}
[32m[I 2021-01-04 16:27:10,525][0m Trial 56 finished with value: -20.5233 and parameters: {'learning_rate': 0.09863480818760761, 'min_child_weight': 34, 'max_depth': 12, 'subsample': 0.5783317759044682, 'colsample_bytree': 0.5982134469159338, 'reg_lambda': 0.41124403571527923, 'reg_alpha': 0.0002995469309855808}. Best is trial 47 with value: -19.9264.[0m

8.22 sec -- {'mean_score': -20.2604, 'valid_scores': [-26.2209, -20.1463, -14.4141], 'train_scores': [-13.9076, -15.6483, -16.0435], 'params': {'n_estimators': 200, 'learning_rate': 0.11215029453384374, 'min_child_weight': 36, 'max_depth': 4, 'gamma': 0, 'subsample': 0.5115059154999909, 'colsample_bytree': 0.3637146502470941, 'reg_lambda': 0.013492092156421921, 'reg_alpha': 0.02003079682213373}}
