[32m[I 2021-01-05 02:07:02,960][0m Trial 49 finished with value: -20.1089 and parameters: {'learning_rate': 0.1414479337443347, 'min_child_weight': 28, 'max_depth': 15, 'subsample': 0.6, 'colsample_bytree': 1.0, 'reg_lambda': 0.021532292887617027, 'reg_alpha': 0.030267884041033602}. Best is trial 44 with value: -19.3823.[0m

[
    {
        "score": -19.3823,
        "params": {
            "learning_rate": 0.06444379812211481,
            "min_child_weight": 42,
            "max_depth": 11,
            "subsample": 0.5,
            "colsample_bytree": 0.9000000000000001,
            "reg_lambda": 0.0002899135336982327,
            "reg_alpha": 0.08771306134093919
        }
    },
    {
        "score": -19.4446,
        "params": {
            "learning_rate": 0.06698229694207196,
            "min_child_weight": 40,
            "max_depth": 14,
            "subsample": 0.5,
            "colsample_bytree": 0.8,
            "reg_lambda": 0.00015725580017884237,
            "reg_alpha": 0.040226222215051906
        }
    },
    {
        "score": -19.5071,
        "params": {
            "learning_rate": 0.03482764777147517,
            "min_child_weight": 16,
            "max_depth": 9,
            "subsample": 0.7,
            "colsample_bytree": 0.9000000000000001,
            "reg_lambda": 0.006446821899867152,
            "reg_alpha": 0.005081280060752778
        }
    },
    {
        "score": -19.5129,
        "params": {
            "learning_rate": 0.06653157524344973,
            "min_child_weight": 34,
            "max_depth": 11,
            "subsample": 0.7,
            "colsample_bytree": 0.9000000000000001,
            "reg_lambda": 0.0083158891098993,
            "reg_alpha": 0.0037251107093914
        }
    },
    {
        "score": -19.5774,
        "params": {
            "learning_rate": 0.08639490265186511,
            "min_child_weight": 32,
            "max_depth": 15,
            "subsample": 0.6,
            "colsample_bytree": 0.9000000000000001,
            "reg_lambda": 0.005527651443324529,
            "reg_alpha": 0.37654914761809566
        }
    },
    {
        "score": -19.6209,
        "params": {
            "learning_rate": 0.05689827774515697,
            "min_child_weight": 34,
            "max_depth": 9,
            "subsample": 0.8,
            "colsample_bytree": 0.8,
            "reg_lambda": 0.0005423455882400282,
            "reg_alpha": 0.07035741665628042
        }
    },
    {
        "score": -19.6334,
        "params": {
            "learning_rate": 0.08849895181921252,
            "min_child_weight": 36,
            "max_depth": 10,
            "subsample": 0.5,
            "colsample_bytree": 1.0,
            "reg_lambda": 0.00010085588123300242,
            "reg_alpha": 0.007163005193610627
        }
    },
    {
        "score": -19.6395,
        "params": {
            "learning_rate": 0.07161778687703421,
            "min_child_weight": 18,
            "max_depth": 10,
            "subsample": 0.6,
            "colsample_bytree": 0.8,
            "reg_lambda": 0.0029717861914573596,
            "reg_alpha": 0.014010103236105274
        }
    },
    {
        "score": -19.6439,
        "params": {
            "learning_rate": 0.058138109065192865,
            "min_child_weight": 44,
            "max_depth": 11,
            "subsample": 0.7,
            "colsample_bytree": 0.8,
            "reg_lambda": 0.0003064399754970898,
            "reg_alpha": 0.025042712446185347
        }
    },
    {
        "score": -19.6639,
        "params": {
            "learning_rate": 0.03165463988708657,
            "min_child_weight": 26,
            "max_depth": 13,
            "subsample": 0.7,
            "colsample_bytree": 0.8,
            "reg_lambda": 0.0007907598055692625,
            "reg_alpha": 0.013329505431199849
        }
    },
    {
        "score": -19.6739,
        "params": {
            "learning_rate": 0.06536694900468461,
            "min_child_weight": 44,
            "max_depth": 14,
            "subsample": 0.5,
            "colsample_bytree": 0.7,
            "reg_lambda": 0.00026088067899409295,
            "reg_alpha": 0.08979844602354255
        }
    },
    {
        "score": -19.6805,
        "params": {
            "learning_rate": 0.08745927162649103,
            "min_child_weight": 28,
            "max_depth": 15,
            "subsample": 0.6,
            "colsample_bytree": 1.0,
            "reg_lambda": 0.0054839489230006115,
            "reg_alpha": 0.00039925171987502975
        }
    },
    {
        "score": -19.6964,
        "params": {
            "learning_rate": 0.0638128777747823,
            "min_child_weight": 42,
            "max_depth": 10,
            "subsample": 0.7,
            "colsample_bytree": 0.9000000000000001,
            "reg_lambda": 0.014910635390894843,
            "reg_alpha": 0.005395633686532015
        }
    },
    {
        "score": -19.7039,
        "params": {
            "learning_rate": 0.07631380153141683,
            "min_child_weight": 22,
            "max_depth": 12,
            "subsample": 0.6,
            "colsample_bytree": 0.7,
            "reg_lambda": 0.005449101543341527,
            "reg_alpha": 0.004594336318058581
        }
    },
    {
        "score": -19.719,
        "params": {
            "learning_rate": 0.035938427172326315,
            "min_child_weight": 46,
            "max_depth": 13,
            "subsample": 0.8,
            "colsample_bytree": 1.0,
            "reg_lambda": 0.00035601864384960177,
            "reg_alpha": 0.12054133610799683
        }
    },
    {
        "score": -19.7617,
        "params": {
            "learning_rate": 0.030003626580550766,
            "min_child_weight": 20,
            "max_depth": 13,
            "subsample": 0.7,
            "colsample_bytree": 1.0,
            "reg_lambda": 0.03302342426228836,
            "reg_alpha": 0.009295640268139725
        }
    },
    {
        "score": -19.7625,
        "params": {
            "learning_rate": 0.0386325119947038,
            "min_child_weight": 32,
            "max_depth": 11,
            "subsample": 0.9,
            "colsample_bytree": 1.0,
            "reg_lambda": 0.0002662989546738414,
            "reg_alpha": 0.012044075572547396
        }
    },
    {
        "score": -19.779,
        "params": {
            "learning_rate": 0.07847927399531347,
            "min_child_weight": 10,
            "max_depth": 12,
            "subsample": 0.5,
            "colsample_bytree": 0.9000000000000001,
            "reg_lambda": 0.00023898168442012423,
            "reg_alpha": 0.014072925163340834
        }
    },
    {
        "score": -19.7795,
        "params": {
            "learning_rate": 0.05543135946434807,
            "min_child_weight": 42,
            "max_depth": 12,
            "subsample": 0.7,
            "colsample_bytree": 0.9000000000000001,
            "reg_lambda": 0.0005814131534275079,
            "reg_alpha": 0.0021241541695486547
        }
    },
    {
        "score": -19.7897,
        "params": {
            "learning_rate": 0.08178718484267618,
            "min_child_weight": 36,
            "max_depth": 10,
            "subsample": 0.5,
            "colsample_bytree": 0.8,
            "reg_lambda": 0.0002877162574342612,
            "reg_alpha": 0.3695955001897007
        }
    },
    {
        "score": -19.7969,
        "params": {
            "learning_rate": 0.027459828959162692,
            "min_child_weight": 28,
            "max_depth": 12,
            "subsample": 0.9,
            "colsample_bytree": 0.8,
            "reg_lambda": 0.009167479409678329,
            "reg_alpha": 0.0006700401113294563
        }
    },
    {
        "score": -19.8908,
        "params": {
            "learning_rate": 0.05475502051611385,
            "min_child_weight": 16,
            "max_depth": 12,
            "subsample": 0.9,
            "colsample_bytree": 1.0,
            "reg_lambda": 0.004300465667350324,
            "reg_alpha": 0.2940151200911232
        }
    },
    {
        "score": -19.8939,
        "params": {
            "learning_rate": 0.038367499402849156,
            "min_child_weight": 24,
            "max_depth": 8,
            "subsample": 0.6,
            "colsample_bytree": 0.8,
            "reg_lambda": 0.00011850957093581623,
            "reg_alpha": 0.05644021201635539
        }
    },
    {
        "score": -20.0262,
        "params": {
            "learning_rate": 0.07622613521832086,
            "min_child_weight": 40,
            "max_depth": 9,
            "subsample": 0.7,
            "colsample_bytree": 0.4,
            "reg_lambda": 0.001365605051970117,
            "reg_alpha": 0.003286694399385784
        }
    },
    {
        "score": -20.0452,
        "params": {
            "learning_rate": 0.09864867868966831,
            "min_child_weight": 36,
            "max_depth": 11,
            "subsample": 0.9,
            "colsample_bytree": 0.6000000000000001,
            "reg_lambda": 0.002330182680057256,
            "reg_alpha": 0.03138387851456232
        }
    },
    {
        "score": -20.1089,
        "params": {
            "learning_rate": 0.1414479337443347,
            "min_child_weight": 28,
            "max_depth": 15,
            "subsample": 0.6,
            "colsample_bytree": 1.0,
            "reg_lambda": 0.021532292887617027,
            "reg_alpha": 0.030267884041033602
        }
    },
    {
        "score": -20.1645,
        "params": {
            "learning_rate": 0.08117756391798948,
            "min_child_weight": 38,
            "max_depth": 8,
            "subsample": 0.8,
            "colsample_bytree": 0.7,
            "reg_lambda": 0.00010225800337295516,
            "reg_alpha": 0.9250514610282825
        }
    },
    {
        "score": -20.1661,
        "params": {
            "learning_rate": 0.02214968083308696,
            "min_child_weight": 42,
            "max_depth": 14,
            "subsample": 0.8,
            "colsample_bytree": 1.0,
            "reg_lambda": 0.024574687684756787,
            "reg_alpha": 0.4084944619206094
        }
    },
    {
        "score": -20.1722,
        "params": {
            "learning_rate": 0.06046991004341051,
            "min_child_weight": 10,
            "max_depth": 7,
            "subsample": 1.0,
            "colsample_bytree": 0.3,
            "reg_lambda": 0.019737431325450472,
            "reg_alpha": 0.004093893762397995
        }
    },
    {
        "score": -20.2078,
        "params": {
            "learning_rate": 0.05644086248030453,
            "min_child_weight": 40,
            "max_depth": 14,
            "subsample": 0.9,
            "colsample_bytree": 0.5,
            "reg_lambda": 0.12983205406736173,
            "reg_alpha": 0.6284695113453541
        }
    },
    {
        "score": -20.3018,
        "params": {
            "learning_rate": 0.09174867737180892,
            "min_child_weight": 34,
            "max_depth": 7,
            "subsample": 0.7,
            "colsample_bytree": 1.0,
            "reg_lambda": 0.005966575713460152,
            "reg_alpha": 0.18843686082293157
        }
    },
    {
        "score": -20.3623,
        "params": {
            "learning_rate": 0.11178311947043937,
            "min_child_weight": 12,
            "max_depth": 9,
            "subsample": 0.5,
            "colsample_bytree": 0.6000000000000001,
            "reg_lambda": 0.0035331742545079295,
            "reg_alpha": 0.021798194272701188
        }
    },
    {
        "score": -20.4401,
        "params": {
            "learning_rate": 0.07149425706701332,
            "min_child_weight": 26,
            "max_depth": 7,
            "subsample": 0.7,
            "colsample_bytree": 0.8,
            "reg_lambda": 0.003949016805387436,
            "reg_alpha": 0.00025903676549343603
        }
    },
    {
        "score": -20.4969,
        "params": {
            "learning_rate": 0.15054213875130634,
            "min_child_weight": 44,
            "max_depth": 13,
            "subsample": 0.9,
            "colsample_bytree": 1.0,
            "reg_lambda": 0.0076972951975139755,
            "reg_alpha": 0.006241882142380524
        }
    },
    {
        "score": -20.5081,
        "params": {
            "learning_rate": 0.06567944216974114,
            "min_child_weight": 12,
            "max_depth": 7,
            "subsample": 0.8,
            "colsample_bytree": 0.9000000000000001,
            "reg_lambda": 0.0181978602980743,
            "reg_alpha": 0.007458972136338253
        }
    },
    {
        "score": -20.6236,
        "params": {
            "learning_rate": 0.12058376049427035,
            "min_child_weight": 10,
            "max_depth": 11,
            "subsample": 0.7,
            "colsample_bytree": 0.5,
            "reg_lambda": 0.12500712230836253,
            "reg_alpha": 0.006677306766018313
        }
    },
    {
        "score": -20.7197,
        "params": {
            "learning_rate": 0.030997479032749048,
            "min_child_weight": 40,
            "max_depth": 7,
            "subsample": 0.5,
            "colsample_bytree": 0.7,
            "reg_lambda": 0.008001098770690272,
            "reg_alpha": 0.27209231980976345
        }
    },
    {
        "score": -20.9377,
        "params": {
            "learning_rate": 0.02244792586592982,
            "min_child_weight": 20,
            "max_depth": 7,
            "subsample": 1.0,
            "colsample_bytree": 0.6000000000000001,
            "reg_lambda": 0.00010734883546746054,
            "reg_alpha": 0.007852352891591717
        }
    },
    {
        "score": -20.9497,
        "params": {
            "learning_rate": 0.17531657908810291,
            "min_child_weight": 16,
            "max_depth": 9,
            "subsample": 0.9,
            "colsample_bytree": 0.7,
            "reg_lambda": 0.05194193452752135,
            "reg_alpha": 0.07630106835260413
        }
    },
    {
        "score": -20.9701,
        "params": {
            "learning_rate": 0.19220036103865887,
            "min_child_weight": 40,
            "max_depth": 5,
            "subsample": 0.5,
            "colsample_bytree": 0.8,
            "reg_lambda": 0.0010307810128023646,
            "reg_alpha": 0.007332348382056162
        }
    },
    {
        "score": -20.9841,
        "params": {
            "learning_rate": 0.07804891172420975,
            "min_child_weight": 10,
            "max_depth": 15,
            "subsample": 0.8,
            "colsample_bytree": 0.5,
            "reg_lambda": 0.00014246287546874315,
            "reg_alpha": 0.03444262409555021
        }
    },
    {
        "score": -21.1447,
        "params": {
            "learning_rate": 0.05535696519566988,
            "min_child_weight": 20,
            "max_depth": 6,
            "subsample": 0.6,
            "colsample_bytree": 0.8,
            "reg_lambda": 0.004505708344259121,
            "reg_alpha": 0.021576691712583484
        }
    },
    {
        "score": -21.1594,
        "params": {
            "learning_rate": 0.1142745657461917,
            "min_child_weight": 10,
            "max_depth": 4,
            "subsample": 1.0,
            "colsample_bytree": 0.9000000000000001,
            "reg_lambda": 0.031207198770106425,
            "reg_alpha": 0.0034476790445206584
        }
    },
    {
        "score": -21.2169,
        "params": {
            "learning_rate": 0.1180024502850432,
            "min_child_weight": 10,
            "max_depth": 5,
            "subsample": 0.8,
            "colsample_bytree": 0.7,
            "reg_lambda": 0.02935864364395359,
            "reg_alpha": 0.5956516018710561
        }
    },
    {
        "score": -21.3403,
        "params": {
            "learning_rate": 0.16885496507210174,
            "min_child_weight": 26,
            "max_depth": 10,
            "subsample": 0.8,
            "colsample_bytree": 0.5,
            "reg_lambda": 0.673939072374977,
            "reg_alpha": 0.00036425298685704717
        }
    },
    {
        "score": -21.6074,
        "params": {
            "learning_rate": 0.016572803004423386,
            "min_child_weight": 12,
            "max_depth": 8,
            "subsample": 0.8,
            "colsample_bytree": 1.0,
            "reg_lambda": 0.0007272769351000202,
            "reg_alpha": 0.00042455767534667506
        }
    },
    {
        "score": -22.0227,
        "params": {
            "learning_rate": 0.025353428690990852,
            "min_child_weight": 32,
            "max_depth": 5,
            "subsample": 0.9,
            "colsample_bytree": 0.8,
            "reg_lambda": 0.00820924628402251,
            "reg_alpha": 0.06039887283198531
        }
    },
    {
        "score": -22.1085,
        "params": {
            "learning_rate": 0.13954585682966186,
            "min_child_weight": 12,
            "max_depth": 2,
            "subsample": 0.5,
            "colsample_bytree": 1.0,
            "reg_lambda": 0.04097888554188057,
            "reg_alpha": 0.00048265670146304085
        }
    },
    {
        "score": -23.9662,
        "params": {
            "learning_rate": 0.014037911794123732,
            "min_child_weight": 10,
            "max_depth": 6,
            "subsample": 0.5,
            "colsample_bytree": 0.7,
            "reg_lambda": 0.1497335135235687,
            "reg_alpha": 0.03860334697676919
        }
    },
    {
        "score": -24.6485,
        "params": {
            "learning_rate": 0.04736730394010993,
            "min_child_weight": 20,
            "max_depth": 2,
            "subsample": 0.7,
            "colsample_bytree": 1.0,
            "reg_lambda": 0.021022500975544405,
            "reg_alpha": 0.004399238502859712
        }
    }
]
