[32m[I 2021-01-04 16:48:56,200][0m Trial 114 finished with value: -25.5199 and parameters: {'learning_rate': 0.15069673322684976, 'min_child_weight': 23, 'max_depth': 1, 'subsample': 0.9249515409453263, 'colsample_bytree': 0.9101944475673913, 'reg_lambda': 0.0001509570852711058, 'reg_alpha': 0.0008663186301765207}. Best is trial 111 with value: -19.9193.[0m

8.62 sec -- {'mean_score': -20.2777, 'valid_scores': [-26.3866, -20.4359, -14.0105], 'train_scores': [-14.4119, -16.0993, -16.2881], 'params': {'n_estimators': 200, 'learning_rate': 0.09066566594281009, 'min_child_weight': 34, 'max_depth': 4, 'gamma': 0, 'subsample': 0.6962003261569012, 'colsample_bytree': 0.3459818054104124, 'reg_lambda': 0.030356179195143995, 'reg_alpha': 0.024781644807509606}}
[32m[I 2021-01-04 16:49:04,844][0m Trial 115 finished with value: -20.2777 and parameters: {'learning_rate': 0.09066566594281009, 'min_child_weight': 34, 'max_depth': 4, 'subsample': 0.6962003261569012, 'colsample_bytree': 0.3459818054104124, 'reg_lambda': 0.030356179195143995, 'reg_alpha': 0.024781644807509606}. Best is trial 111 with value: -19.9193.[0m

8.48 sec -- {'mean_score': -23.2382, 'valid_scores': [-30.454, -23.1072, -16.1533], 'train_scores': [-18.5635, -20.5882, -20.6125], 'params': {'n_estimators': 200, 'learning_rate': 0.03678102275871781, 'min_child_weight': 25, 'max_depth': 3, 'gamma': 0, 'subsample': 0.6686432038140276, 'colsample_bytree': 0.3529019244370114, 'reg_lambda': 0.00238835599712831, 'reg_alpha': 0.013981580252516173}}
[32m[I 2021-01-04 16:49:13,340][0m Trial 116 finished with value: -23.2382 and parameters: {'learning_rate': 0.03678102275871781, 'min_child_weight': 25, 'max_depth': 3, 'subsample': 0.6686432038140276, 'colsample_bytree': 0.3529019244370114, 'reg_lambda': 0.00238835599712831, 'reg_alpha': 0.013981580252516173}. Best is trial 111 with value: -19.9193.[0m

12.23 sec -- {'mean_score': -20.6509, 'valid_scores': [-27.4598, -20.4649, -14.0279], 'train_scores': [-14.1459, -15.8306, -16.257], 'params': {'n_estimators': 200, 'learning_rate': 0.029839714143664584, 'min_child_weight': 32, 'max_depth': 6, 'gamma': 0, 'subsample': 0.6664554793416924, 'colsample_bytree': 0.4995291366992015, 'reg_lambda': 0.032676054729995824, 'reg_alpha': 0.04868879343999845}}
[32m[I 2021-01-04 16:49:25,594][0m Trial 117 finished with value: -20.6509 and parameters: {'learning_rate': 0.029839714143664584, 'min_child_weight': 32, 'max_depth': 6, 'subsample': 0.6664554793416924, 'colsample_bytree': 0.4995291366992015, 'reg_lambda': 0.032676054729995824, 'reg_alpha': 0.04868879343999845}. Best is trial 111 with value: -19.9193.[0m

11.69 sec -- {'mean_score': -20.1523, 'valid_scores': [-25.8891, -19.5584, -15.0093], 'train_scores': [-11.3031, -12.809, -13.2625], 'params': {'n_estimators': 200, 'learning_rate': 0.12220167713935254, 'min_child_weight': 34, 'max_depth': 7, 'gamma': 0, 'subsample': 0.8397199410334247, 'colsample_bytree': 0.4437542671022433, 'reg_lambda': 0.2416102090489706, 'reg_alpha': 0.0037171511398806415}}
[32m[I 2021-01-04 16:49:37,313][0m Trial 118 finished with value: -20.1523 and parameters: {'learning_rate': 0.12220167713935254, 'min_child_weight': 34, 'max_depth': 7, 'subsample': 0.8397199410334247, 'colsample_bytree': 0.4437542671022433, 'reg_lambda': 0.2416102090489706, 'reg_alpha': 0.0037171511398806415}. Best is trial 111 with value: -19.9193.[0m

14.3 sec -- {'mean_score': -20.1285, 'valid_scores': [-26.711, -19.6872, -13.9873], 'train_scores': [-11.7086, -13.2154, -13.664], 'params': {'n_estimators': 200, 'learning_rate': 0.06868631605331248, 'min_child_weight': 47, 'max_depth': 8, 'gamma': 0, 'subsample': 0.5034796466167709, 'colsample_bytree': 0.5606811091485182, 'reg_lambda': 0.13166385295189634, 'reg_alpha': 0.00623629389920153}}
[32m[I 2021-01-04 16:49:51,634][0m Trial 119 finished with value: -20.1285 and parameters: {'learning_rate': 0.06868631605331248, 'min_child_weight': 47, 'max_depth': 8, 'subsample': 0.5034796466167709, 'colsample_bytree': 0.5606811091485182, 'reg_lambda': 0.13166385295189634, 'reg_alpha': 0.00623629389920153}. Best is trial 111 with value: -19.9193.[0m

26.88 sec -- {'mean_score': -21.4448, 'valid_scores': [-28.4881, -20.8786, -14.9677], 'train_scores': [-9.3915, -10.4413, -10.9277], 'params': {'n_estimators': 200, 'learning_rate': 0.18621658877670344, 'min_child_weight': 42, 'max_depth': 13, 'gamma': 0, 'subsample': 0.5870756973815817, 'colsample_bytree': 0.9583655937924551, 'reg_lambda': 0.0006260401030385662, 'reg_alpha': 0.0009237630254464816}}
[32m[I 2021-01-04 16:50:18,530][0m Trial 120 finished with value: -21.4448 and parameters: {'learning_rate': 0.18621658877670344, 'min_child_weight': 42, 'max_depth': 13, 'subsample': 0.5870756973815817, 'colsample_bytree': 0.9583655937924551, 'reg_lambda': 0.0006260401030385662, 'reg_alpha': 0.0009237630254464816}. Best is trial 111 with value: -19.9193.[0m

8.32 sec -- {'mean_score': -22.4916, 'valid_scores': [-29.6871, -22.0838, -15.704], 'train_scores': [-18.2582, -20.7582, -20.8434], 'params': {'n_estimators': 200, 'learning_rate': 0.08312702285836963, 'min_child_weight': 42, 'max_depth': 2, 'gamma': 0, 'subsample': 0.981178408844541, 'colsample_bytree': 0.40225345387443207, 'reg_lambda': 0.16835870818435844, 'reg_alpha': 0.00010880393802222377}}
[32m[I 2021-01-04 16:50:26,866][0m Trial 121 finished with value: -22.4916 and parameters: {'learning_rate': 0.08312702285836963, 'min_child_weight': 42, 'max_depth': 2, 'subsample': 0.981178408844541, 'colsample_bytree': 0.40225345387443207, 'reg_lambda': 0.16835870818435844, 'reg_alpha': 0.00010880393802222377}. Best is trial 111 with value: -19.9193.[0m

24.28 sec -- {'mean_score': -20.1819, 'valid_scores': [-26.5108, -20.0506, -13.9842], 'train_scores': [-10.641, -12.0185, -12.5247], 'params': {'n_estimators': 200, 'learning_rate': 0.051666733611791686, 'min_child_weight': 40, 'max_depth': 10, 'gamma': 0, 'subsample': 0.9281654971087835, 'colsample_bytree': 0.5985776930322118, 'reg_lambda': 0.5285718695767943, 'reg_alpha': 0.0004854486065863033}}
[32m[I 2021-01-04 16:50:51,166][0m Trial 122 finished with value: -20.1819 and parameters: {'learning_rate': 0.051666733611791686, 'min_child_weight': 40, 'max_depth': 10, 'subsample': 0.9281654971087835, 'colsample_bytree': 0.5985776930322118, 'reg_lambda': 0.5285718695767943, 'reg_alpha': 0.0004854486065863033}. Best is trial 111 with value: -19.9193.[0m

17.52 sec -- {'mean_score': -20.5223, 'valid_scores': [-26.6703, -19.8935, -15.0031], 'train_scores': [-10.3854, -11.6117, -12.0584], 'params': {'n_estimators': 200, 'learning_rate': 0.10136238535781711, 'min_child_weight': 22, 'max_depth': 10, 'gamma': 0, 'subsample': 0.5857555995260126, 'colsample_bytree': 0.32445503403568443, 'reg_lambda': 0.006061777445787486, 'reg_alpha': 0.14841434064162026}}
[32m[I 2021-01-04 16:51:08,703][0m Trial 123 finished with value: -20.5223 and parameters: {'learning_rate': 0.10136238535781711, 'min_child_weight': 22, 'max_depth': 10, 'subsample': 0.5857555995260126, 'colsample_bytree': 0.32445503403568443, 'reg_lambda': 0.006061777445787486, 'reg_alpha': 0.14841434064162026}. Best is trial 111 with value: -19.9193.[0m

19.78 sec -- {'mean_score': -20.1573, 'valid_scores': [-26.8168, -19.8389, -13.8163], 'train_scores': [-11.4574, -12.898, -13.4065], 'params': {'n_estimators': 200, 'learning_rate': 0.038326937051121425, 'min_child_weight': 39, 'max_depth': 9, 'gamma': 0, 'subsample': 0.9659921835005728, 'colsample_bytree': 0.4273948265597009, 'reg_lambda': 0.26447689712630146, 'reg_alpha': 0.0001981817848150531}}
[32m[I 2021-01-04 16:51:28,506][0m Trial 124 finished with value: -20.1573 and parameters: {'learning_rate': 0.038326937051121425, 'min_child_weight': 39, 'max_depth': 9, 'subsample': 0.9659921835005728, 'colsample_bytree': 0.4273948265597009, 'reg_lambda': 0.26447689712630146, 'reg_alpha': 0.0001981817848150531}. Best is trial 111 with value: -19.9193.[0m

13.07 sec -- {'mean_score': -20.0539, 'valid_scores': [-26.6642, -19.6192, -13.8783], 'train_scores': [-11.4528, -13.1004, -13.3748], 'params': {'n_estimators': 200, 'learning_rate': 0.10199875491915977, 'min_child_weight': 48, 'max_depth': 7, 'gamma': 0, 'subsample': 0.9949148712791931, 'colsample_bytree': 0.5479151624051385, 'reg_lambda': 0.013209564178587676, 'reg_alpha': 0.00021359760473991973}}
[32m[I 2021-01-04 16:51:41,603][0m Trial 125 finished with value: -20.0539 and parameters: {'learning_rate': 0.10199875491915977, 'min_child_weight': 48, 'max_depth': 7, 'subsample': 0.9949148712791931, 'colsample_bytree': 0.5479151624051385, 'reg_lambda': 0.013209564178587676, 'reg_alpha': 0.00021359760473991973}. Best is trial 111 with value: -19.9193.[0m

10.88 sec -- {'mean_score': -20.2191, 'valid_scores': [-26.6997, -19.994, -13.9637], 'train_scores': [-12.1956, -13.6131, -13.9936], 'params': {'n_estimators': 200, 'learning_rate': 0.11268767509742783, 'min_child_weight': 50, 'max_depth': 6, 'gamma': 0, 'subsample': 0.9199088405731551, 'colsample_bytree': 0.4778101784242927, 'reg_lambda': 0.0018342957240019024, 'reg_alpha': 0.00010038200832609696}}
[32m[I 2021-01-04 16:51:52,529][0m Trial 126 finished with value: -20.2191 and parameters: {'learning_rate': 0.11268767509742783, 'min_child_weight': 50, 'max_depth': 6, 'subsample': 0.9199088405731551, 'colsample_bytree': 0.4778101784242927, 'reg_lambda': 0.0018342957240019024, 'reg_alpha': 0.00010038200832609696}. Best is trial 111 with value: -19.9193.[0m

8.93 sec -- {'mean_score': -20.5692, 'valid_scores': [-26.5163, -20.7767, -14.4147], 'train_scores': [-13.665, -15.5283, -15.6825], 'params': {'n_estimators': 200, 'learning_rate': 0.12783702464931945, 'min_child_weight': 25, 'max_depth': 4, 'gamma': 0, 'subsample': 0.6602572199481659, 'colsample_bytree': 0.374596532499323, 'reg_lambda': 0.001225674332715459, 'reg_alpha': 0.03674859868660239}}
[32m[I 2021-01-04 16:52:01,472][0m Trial 127 finished with value: -20.5692 and parameters: {'learning_rate': 0.12783702464931945, 'min_child_weight': 25, 'max_depth': 4, 'subsample': 0.6602572199481659, 'colsample_bytree': 0.374596532499323, 'reg_lambda': 0.001225674332715459, 'reg_alpha': 0.03674859868660239}. Best is trial 111 with value: -19.9193.[0m

10.39 sec -- {'mean_score': -20.0011, 'valid_scores': [-26.3197, -19.8958, -13.7877], 'train_scores': [-13.3648, -15.0395, -15.4679], 'params': {'n_estimators': 200, 'learning_rate': 0.07226957054840169, 'min_child_weight': 50, 'max_depth': 5, 'gamma': 0, 'subsample': 0.9680236234168791, 'colsample_bytree': 0.5425464521954632, 'reg_lambda': 0.018293347752525908, 'reg_alpha': 0.00015733922021056112}}
[32m[I 2021-01-04 16:52:11,885][0m Trial 128 finished with value: -20.0011 and parameters: {'learning_rate': 0.07226957054840169, 'min_child_weight': 50, 'max_depth': 5, 'subsample': 0.9680236234168791, 'colsample_bytree': 0.5425464521954632, 'reg_lambda': 0.018293347752525908, 'reg_alpha': 0.00015733922021056112}. Best is trial 111 with value: -19.9193.[0m

9.9 sec -- {'mean_score': -20.3686, 'valid_scores': [-26.9212, -20.1464, -14.0383], 'train_scores': [-14.0868, -15.8621, -16.2916], 'params': {'n_estimators': 200, 'learning_rate': 0.04994091896260253, 'min_child_weight': 46, 'max_depth': 5, 'gamma': 0, 'subsample': 0.9261207507631776, 'colsample_bytree': 0.3164858315658539, 'reg_lambda': 0.16209775005553884, 'reg_alpha': 0.009057872572762669}}
[32m[I 2021-01-04 16:52:21,798][0m Trial 129 finished with value: -20.3686 and parameters: {'learning_rate': 0.04994091896260253, 'min_child_weight': 46, 'max_depth': 5, 'subsample': 0.9261207507631776, 'colsample_bytree': 0.3164858315658539, 'reg_lambda': 0.16209775005553884, 'reg_alpha': 0.009057872572762669}. Best is trial 111 with value: -19.9193.[0m

9.29 sec -- {'mean_score': -20.4814, 'valid_scores': [-26.9299, -20.5132, -14.0012], 'train_scores': [-14.3902, -16.0861, -16.5452], 'params': {'n_estimators': 200, 'learning_rate': 0.0781746389927621, 'min_child_weight': 42, 'max_depth': 4, 'gamma': 0, 'subsample': 0.9284027687065927, 'colsample_bytree': 0.5769842143065651, 'reg_lambda': 0.005376217116537331, 'reg_alpha': 0.00017479902905044904}}
[32m[I 2021-01-04 16:52:31,120][0m Trial 130 finished with value: -20.4814 and parameters: {'learning_rate': 0.0781746389927621, 'min_child_weight': 42, 'max_depth': 4, 'subsample': 0.9284027687065927, 'colsample_bytree': 0.5769842143065651, 'reg_lambda': 0.005376217116537331, 'reg_alpha': 0.00017479902905044904}. Best is trial 111 with value: -19.9193.[0m

10.6 sec -- {'mean_score': -20.0144, 'valid_scores': [-26.4325, -19.7622, -13.8486], 'train_scores': [-13.3824, -14.9554, -15.4397], 'params': {'n_estimators': 200, 'learning_rate': 0.050452957330688976, 'min_child_weight': 42, 'max_depth': 6, 'gamma': 0, 'subsample': 0.5063665564801143, 'colsample_bytree': 0.3663963188898669, 'reg_lambda': 0.9570907353310981, 'reg_alpha': 0.0648860706632768}}
[32m[I 2021-01-04 16:52:41,740][0m Trial 131 finished with value: -20.0144 and parameters: {'learning_rate': 0.050452957330688976, 'min_child_weight': 42, 'max_depth': 6, 'subsample': 0.5063665564801143, 'colsample_bytree': 0.3663963188898669, 'reg_lambda': 0.9570907353310981, 'reg_alpha': 0.0648860706632768}. Best is trial 111 with value: -19.9193.[0m

16.18 sec -- {'mean_score': -21.0862, 'valid_scores': [-27.8, -20.4029, -15.0558], 'train_scores': [-10.0382, -11.462, -12.0456], 'params': {'n_estimators': 200, 'learning_rate': 0.1627899830717104, 'min_child_weight': 48, 'max_depth': 9, 'gamma': 0, 'subsample': 0.9476231951909608, 'colsample_bytree': 0.75664835526046, 'reg_lambda': 0.020560502131174514, 'reg_alpha': 0.0002129020981150898}}
[32m[I 2021-01-04 16:52:57,943][0m Trial 132 finished with value: -21.0862 and parameters: {'learning_rate': 0.1627899830717104, 'min_child_weight': 48, 'max_depth': 9, 'subsample': 0.9476231951909608, 'colsample_bytree': 0.75664835526046, 'reg_lambda': 0.020560502131174514, 'reg_alpha': 0.0002129020981150898}. Best is trial 111 with value: -19.9193.[0m

12.03 sec -- {'mean_score': -19.9748, 'valid_scores': [-26.5442, -19.6181, -13.7622], 'train_scores': [-12.411, -14.0784, -14.4851], 'params': {'n_estimators': 200, 'learning_rate': 0.07726449316924962, 'min_child_weight': 46, 'max_depth': 6, 'gamma': 0, 'subsample': 0.8817546906575344, 'colsample_bytree': 0.6059550007273007, 'reg_lambda': 0.03216074101157938, 'reg_alpha': 0.00023891639761214174}}
[32m[I 2021-01-04 16:53:09,995][0m Trial 133 finished with value: -19.9748 and parameters: {'learning_rate': 0.07726449316924962, 'min_child_weight': 46, 'max_depth': 6, 'subsample': 0.8817546906575344, 'colsample_bytree': 0.6059550007273007, 'reg_lambda': 0.03216074101157938, 'reg_alpha': 0.00023891639761214174}. Best is trial 111 with value: -19.9193.[0m

21.72 sec -- {'mean_score': -20.4757, 'valid_scores': [-27.0429, -19.9637, -14.4206], 'train_scores': [-9.9792, -11.3208, -11.7873], 'params': {'n_estimators': 200, 'learning_rate': 0.09589317271062715, 'min_child_weight': 50, 'max_depth': 11, 'gamma': 0, 'subsample': 0.9772953327588472, 'colsample_bytree': 0.5373042930598105, 'reg_lambda': 0.0036254699836331837, 'reg_alpha': 0.0006014790512855552}}
[32m[I 2021-01-04 16:53:31,739][0m Trial 134 finished with value: -20.4757 and parameters: {'learning_rate': 0.09589317271062715, 'min_child_weight': 50, 'max_depth': 11, 'subsample': 0.9772953327588472, 'colsample_bytree': 0.5373042930598105, 'reg_lambda': 0.0036254699836331837, 'reg_alpha': 0.0006014790512855552}. Best is trial 111 with value: -19.9193.[0m

12.3 sec -- {'mean_score': -19.9931, 'valid_scores': [-26.35, -19.7085, -13.9209], 'train_scores': [-12.2958, -13.8883, -14.3922], 'params': {'n_estimators': 200, 'learning_rate': 0.05646265251785662, 'min_child_weight': 30, 'max_depth': 7, 'gamma': 0, 'subsample': 0.5465352890860852, 'colsample_bytree': 0.3415063031602927, 'reg_lambda': 0.6144147938148405, 'reg_alpha': 0.08002823003432401}}
[32m[I 2021-01-04 16:53:44,060][0m Trial 135 finished with value: -19.9931 and parameters: {'learning_rate': 0.05646265251785662, 'min_child_weight': 30, 'max_depth': 7, 'subsample': 0.5465352890860852, 'colsample_bytree': 0.3415063031602927, 'reg_lambda': 0.6144147938148405, 'reg_alpha': 0.08002823003432401}. Best is trial 111 with value: -19.9193.[0m

10.17 sec -- {'mean_score': -20.5871, 'valid_scores': [-27.283, -20.1924, -14.286], 'train_scores': [-14.9958, -16.6124, -17.037], 'params': {'n_estimators': 200, 'learning_rate': 0.038650611490031045, 'min_child_weight': 33, 'max_depth': 5, 'gamma': 0, 'subsample': 0.5436552905660887, 'colsample_bytree': 0.3256677242968903, 'reg_lambda': 0.5539490004615639, 'reg_alpha': 0.18260615499140503}}
[32m[I 2021-01-04 16:53:54,254][0m Trial 136 finished with value: -20.5871 and parameters: {'learning_rate': 0.038650611490031045, 'min_child_weight': 33, 'max_depth': 5, 'subsample': 0.5436552905660887, 'colsample_bytree': 0.3256677242968903, 'reg_lambda': 0.5539490004615639, 'reg_alpha': 0.18260615499140503}. Best is trial 111 with value: -19.9193.[0m

12.35 sec -- {'mean_score': -20.0713, 'valid_scores': [-26.3685, -19.784, -14.0614], 'train_scores': [-12.1638, -13.7439, -14.1195], 'params': {'n_estimators': 200, 'learning_rate': 0.06631702799233809, 'min_child_weight': 35, 'max_depth': 7, 'gamma': 0, 'subsample': 0.5219229994899003, 'colsample_bytree': 0.5165399030233951, 'reg_lambda': 0.4287585910141845, 'reg_alpha': 0.05832930131632259}}
[32m[I 2021-01-04 16:54:06,629][0m Trial 137 finished with value: -20.0713 and parameters: {'learning_rate': 0.06631702799233809, 'min_child_weight': 35, 'max_depth': 7, 'subsample': 0.5219229994899003, 'colsample_bytree': 0.5165399030233951, 'reg_lambda': 0.4287585910141845, 'reg_alpha': 0.05832930131632259}. Best is trial 111 with value: -19.9193.[0m

7.43 sec -- {'mean_score': -25.807, 'valid_scores': [-33.0746, -25.2899, -19.0566], 'train_scores': [-21.9162, -24.7505, -24.2222], 'params': {'n_estimators': 200, 'learning_rate': 0.13128285043024376, 'min_child_weight': 40, 'max_depth': 1, 'gamma': 0, 'subsample': 0.7844508476275893, 'colsample_bytree': 0.7835166197733161, 'reg_lambda': 0.010274165693383285, 'reg_alpha': 0.00010902300127720882}}
[32m[I 2021-01-04 16:54:14,082][0m Trial 138 finished with value: -25.807 and parameters: {'learning_rate': 0.13128285043024376, 'min_child_weight': 40, 'max_depth': 1, 'subsample': 0.7844508476275893, 'colsample_bytree': 0.7835166197733161, 'reg_lambda': 0.010274165693383285, 'reg_alpha': 0.00010902300127720882}. Best is trial 111 with value: -19.9193.[0m

13.82 sec -- {'mean_score': -19.9654, 'valid_scores': [-26.6361, -19.6536, -13.6064], 'train_scores': [-11.5329, -13.1139, -13.5573], 'params': {'n_estimators': 200, 'learning_rate': 0.09166565722970688, 'min_child_weight': 48, 'max_depth': 7, 'gamma': 0, 'subsample': 0.9312850973680494, 'colsample_bytree': 0.5771093147375613, 'reg_lambda': 0.03537470056431716, 'reg_alpha': 0.00012735754571047226}}
[32m[I 2021-01-04 16:54:27,925][0m Trial 139 finished with value: -19.9654 and parameters: {'learning_rate': 0.09166565722970688, 'min_child_weight': 48, 'max_depth': 7, 'subsample': 0.9312850973680494, 'colsample_bytree': 0.5771093147375613, 'reg_lambda': 0.03537470056431716, 'reg_alpha': 0.00012735754571047226}. Best is trial 111 with value: -19.9193.[0m

14.98 sec -- {'mean_score': -20.2242, 'valid_scores': [-26.2145, -19.9145, -14.5436], 'train_scores': [-11.2556, -12.8674, -13.249], 'params': {'n_estimators': 200, 'learning_rate': 0.07263184023398347, 'min_child_weight': 19, 'max_depth': 8, 'gamma': 0, 'subsample': 0.5131653917239188, 'colsample_bytree': 0.3867432429586378, 'reg_lambda': 0.7199395904885261, 'reg_alpha': 0.0017325307984317443}}
[32m[I 2021-01-04 16:54:42,936][0m Trial 140 finished with value: -20.2242 and parameters: {'learning_rate': 0.07263184023398347, 'min_child_weight': 19, 'max_depth': 8, 'subsample': 0.5131653917239188, 'colsample_bytree': 0.3867432429586378, 'reg_lambda': 0.7199395904885261, 'reg_alpha': 0.0017325307984317443}. Best is trial 111 with value: -19.9193.[0m

9.09 sec -- {'mean_score': -22.1197, 'valid_scores': [-28.9864, -22.5069, -14.8658], 'train_scores': [-17.0696, -19.0, -18.9634], 'params': {'n_estimators': 200, 'learning_rate': 0.05780589060838925, 'min_child_weight': 46, 'max_depth': 3, 'gamma': 0, 'subsample': 0.6478571127443371, 'colsample_bytree': 0.356403593120811, 'reg_lambda': 0.5668340667291223, 'reg_alpha': 0.0033916981520893176}}
[32m[I 2021-01-04 16:54:52,085][0m Trial 141 finished with value: -22.1197 and parameters: {'learning_rate': 0.05780589060838925, 'min_child_weight': 46, 'max_depth': 3, 'subsample': 0.6478571127443371, 'colsample_bytree': 0.356403593120811, 'reg_lambda': 0.5668340667291223, 'reg_alpha': 0.0033916981520893176}. Best is trial 111 with value: -19.9193.[0m

14.48 sec -- {'mean_score': -20.0596, 'valid_scores': [-26.1973, -19.9206, -14.0608], 'train_scores': [-11.1328, -12.5791, -13.0731], 'params': {'n_estimators': 200, 'learning_rate': 0.08819812862018686, 'min_child_weight': 45, 'max_depth': 8, 'gamma': 0, 'subsample': 0.9674462010236671, 'colsample_bytree': 0.49195242354832996, 'reg_lambda': 0.0448857912636463, 'reg_alpha': 0.001120535266398215}}
