[32m[I 2021-01-04 17:21:16,590][0m Trial 226 finished with value: -21.581 and parameters: {'learning_rate': 0.06891692013959086, 'min_child_weight': 50, 'max_depth': 3, 'subsample': 0.5614751936022394, 'colsample_bytree': 0.3452990526970144, 'reg_lambda': 0.7515503914911764, 'reg_alpha': 0.38004445400625697}. Best is trial 111 with value: -19.9193.[0m

12.78 sec -- {'mean_score': -19.7909, 'valid_scores': [-26.0007, -19.731, -13.6411], 'train_scores': [-12.2352, -13.8061, -14.2952], 'params': {'n_estimators': 200, 'learning_rate': 0.08009077215073504, 'min_child_weight': 15, 'max_depth': 6, 'gamma': 0, 'subsample': 0.7015616275540304, 'colsample_bytree': 0.5379892721239208, 'reg_lambda': 0.05813732826700655, 'reg_alpha': 0.00023770111707032036}}
[32m[I 2021-01-04 17:21:29,418][0m Trial 227 finished with value: -19.7909 and parameters: {'learning_rate': 0.08009077215073504, 'min_child_weight': 15, 'max_depth': 6, 'subsample': 0.7015616275540304, 'colsample_bytree': 0.5379892721239208, 'reg_lambda': 0.05813732826700655, 'reg_alpha': 0.00023770111707032036}. Best is trial 227 with value: -19.7909.[0m

12.48 sec -- {'mean_score': -20.3509, 'valid_scores': [-27.4264, -19.8408, -13.7854], 'train_scores': [-12.3542, -14.4375, -14.916], 'params': {'n_estimators': 200, 'learning_rate': 0.09092155647887132, 'min_child_weight': 3, 'max_depth': 5, 'gamma': 0, 'subsample': 0.566987406782894, 'colsample_bytree': 0.9429004582176401, 'reg_lambda': 0.0001443266951845384, 'reg_alpha': 0.03240567512850163}}
[32m[I 2021-01-04 17:21:41,943][0m Trial 228 finished with value: -20.3509 and parameters: {'learning_rate': 0.09092155647887132, 'min_child_weight': 3, 'max_depth': 5, 'subsample': 0.566987406782894, 'colsample_bytree': 0.9429004582176401, 'reg_lambda': 0.0001443266951845384, 'reg_alpha': 0.03240567512850163}. Best is trial 227 with value: -19.7909.[0m

10.61 sec -- {'mean_score': -20.2122, 'valid_scores': [-26.6904, -20.1627, -13.7834], 'train_scores': [-13.0263, -14.6156, -15.0064], 'params': {'n_estimators': 200, 'learning_rate': 0.10414632689700817, 'min_child_weight': 47, 'max_depth': 5, 'gamma': 0, 'subsample': 0.8889048254227123, 'colsample_bytree': 0.39917951946289487, 'reg_lambda': 0.014847577754310674, 'reg_alpha': 0.033741291592357184}}
[32m[I 2021-01-04 17:21:52,574][0m Trial 229 finished with value: -20.2122 and parameters: {'learning_rate': 0.10414632689700817, 'min_child_weight': 47, 'max_depth': 5, 'subsample': 0.8889048254227123, 'colsample_bytree': 0.39917951946289487, 'reg_lambda': 0.014847577754310674, 'reg_alpha': 0.033741291592357184}. Best is trial 227 with value: -19.7909.[0m

10.96 sec -- {'mean_score': -21.3127, 'valid_scores': [-28.3102, -21.0171, -14.6108], 'train_scores': [-15.4511, -17.1928, -17.5723], 'params': {'n_estimators': 200, 'learning_rate': 0.029853964865401664, 'min_child_weight': 11, 'max_depth': 5, 'gamma': 0, 'subsample': 0.8047915240580454, 'colsample_bytree': 0.41551886959196954, 'reg_lambda': 0.00647989561406755, 'reg_alpha': 0.00030813547329591897}}
[32m[I 2021-01-04 17:22:03,558][0m Trial 230 finished with value: -21.3127 and parameters: {'learning_rate': 0.029853964865401664, 'min_child_weight': 11, 'max_depth': 5, 'subsample': 0.8047915240580454, 'colsample_bytree': 0.41551886959196954, 'reg_lambda': 0.00647989561406755, 'reg_alpha': 0.00030813547329591897}. Best is trial 227 with value: -19.7909.[0m

15.25 sec -- {'mean_score': -20.2327, 'valid_scores': [-26.3499, -19.8487, -14.4994], 'train_scores': [-10.8386, -12.3101, -12.867], 'params': {'n_estimators': 200, 'learning_rate': 0.08849567163728612, 'min_child_weight': 17, 'max_depth': 8, 'gamma': 0, 'subsample': 0.6810583104288326, 'colsample_bytree': 0.4311466979084768, 'reg_lambda': 0.03942476413076407, 'reg_alpha': 0.0004301593265982489}}
[32m[I 2021-01-04 17:22:18,828][0m Trial 231 finished with value: -20.2327 and parameters: {'learning_rate': 0.08849567163728612, 'min_child_weight': 17, 'max_depth': 8, 'subsample': 0.6810583104288326, 'colsample_bytree': 0.4311466979084768, 'reg_lambda': 0.03942476413076407, 'reg_alpha': 0.0004301593265982489}. Best is trial 227 with value: -19.7909.[0m

12.56 sec -- {'mean_score': -20.0406, 'valid_scores': [-26.5415, -19.6693, -13.911], 'train_scores': [-12.0679, -13.7171, -14.3052], 'params': {'n_estimators': 200, 'learning_rate': 0.07276978349622339, 'min_child_weight': 6, 'max_depth': 6, 'gamma': 0, 'subsample': 0.7152841014236163, 'colsample_bytree': 0.5192492475738203, 'reg_lambda': 0.04854628403428139, 'reg_alpha': 0.0006424238422871396}}
[32m[I 2021-01-04 17:22:31,409][0m Trial 232 finished with value: -20.0406 and parameters: {'learning_rate': 0.07276978349622339, 'min_child_weight': 6, 'max_depth': 6, 'subsample': 0.7152841014236163, 'colsample_bytree': 0.5192492475738203, 'reg_lambda': 0.04854628403428139, 'reg_alpha': 0.0006424238422871396}. Best is trial 227 with value: -19.7909.[0m

18.55 sec -- {'mean_score': -19.9464, 'valid_scores': [-26.1664, -19.5461, -14.1266], 'train_scores': [-11.3776, -12.7358, -13.2383], 'params': {'n_estimators': 200, 'learning_rate': 0.050123345678520656, 'min_child_weight': 36, 'max_depth': 9, 'gamma': 0, 'subsample': 0.8629697347060251, 'colsample_bytree': 0.3205944349777437, 'reg_lambda': 0.035516091103860635, 'reg_alpha': 0.015387751728382288}}
[32m[I 2021-01-04 17:22:49,983][0m Trial 233 finished with value: -19.9464 and parameters: {'learning_rate': 0.050123345678520656, 'min_child_weight': 36, 'max_depth': 9, 'subsample': 0.8629697347060251, 'colsample_bytree': 0.3205944349777437, 'reg_lambda': 0.035516091103860635, 'reg_alpha': 0.015387751728382288}. Best is trial 227 with value: -19.7909.[0m

14.54 sec -- {'mean_score': -20.4235, 'valid_scores': [-26.582, -19.8362, -14.8522], 'train_scores': [-11.1224, -12.6024, -13.0133], 'params': {'n_estimators': 200, 'learning_rate': 0.09401902370570328, 'min_child_weight': 31, 'max_depth': 8, 'gamma': 0, 'subsample': 0.7233734868629151, 'colsample_bytree': 0.34566515704929524, 'reg_lambda': 0.0036249897951715474, 'reg_alpha': 0.006916684969897306}}
[32m[I 2021-01-04 17:23:04,590][0m Trial 234 finished with value: -20.4235 and parameters: {'learning_rate': 0.09401902370570328, 'min_child_weight': 31, 'max_depth': 8, 'subsample': 0.7233734868629151, 'colsample_bytree': 0.34566515704929524, 'reg_lambda': 0.0036249897951715474, 'reg_alpha': 0.006916684969897306}. Best is trial 227 with value: -19.7909.[0m

8.96 sec -- {'mean_score': -30.4083, 'valid_scores': [-38.3507, -29.2711, -23.6032], 'train_scores': [-25.4925, -28.7816, -28.4665], 'params': {'n_estimators': 200, 'learning_rate': 0.03991862117288956, 'min_child_weight': 9, 'max_depth': 1, 'gamma': 0, 'subsample': 0.6007762496807134, 'colsample_bytree': 0.6101759467826033, 'reg_lambda': 0.11289710618735203, 'reg_alpha': 0.00010194607373729438}}
[32m[I 2021-01-04 17:23:13,623][0m Trial 235 finished with value: -30.4083 and parameters: {'learning_rate': 0.03991862117288956, 'min_child_weight': 9, 'max_depth': 1, 'subsample': 0.6007762496807134, 'colsample_bytree': 0.6101759467826033, 'reg_lambda': 0.11289710618735203, 'reg_alpha': 0.00010194607373729438}. Best is trial 227 with value: -19.7909.[0m

77.82 sec -- {'mean_score': -22.9536, 'valid_scores': [-28.1553, -20.8958, -19.8097], 'train_scores': [-5.7892, -6.2863, -6.7507], 'params': {'n_estimators': 200, 'learning_rate': 0.18764234420282797, 'min_child_weight': 5, 'max_depth': 18, 'gamma': 0, 'subsample': 0.7567030477488316, 'colsample_bytree': 0.5243953756225805, 'reg_lambda': 0.6117096643123338, 'reg_alpha': 0.00021517207769883507}}
[32m[I 2021-01-04 17:24:31,500][0m Trial 236 finished with value: -22.9536 and parameters: {'learning_rate': 0.18764234420282797, 'min_child_weight': 5, 'max_depth': 18, 'subsample': 0.7567030477488316, 'colsample_bytree': 0.5243953756225805, 'reg_lambda': 0.6117096643123338, 'reg_alpha': 0.00021517207769883507}. Best is trial 227 with value: -19.7909.[0m

9.22 sec -- {'mean_score': -20.684, 'valid_scores': [-27.2677, -20.5972, -14.187], 'train_scores': [-15.2558, -16.9213, -17.3019], 'params': {'n_estimators': 200, 'learning_rate': 0.05594074695855368, 'min_child_weight': 38, 'max_depth': 4, 'gamma': 0, 'subsample': 0.7943254447601031, 'colsample_bytree': 0.31304925206776146, 'reg_lambda': 0.7424108928535618, 'reg_alpha': 0.05907035188129789}}
[32m[I 2021-01-04 17:24:40,740][0m Trial 237 finished with value: -20.684 and parameters: {'learning_rate': 0.05594074695855368, 'min_child_weight': 38, 'max_depth': 4, 'subsample': 0.7943254447601031, 'colsample_bytree': 0.31304925206776146, 'reg_lambda': 0.7424108928535618, 'reg_alpha': 0.05907035188129789}. Best is trial 227 with value: -19.7909.[0m

14.32 sec -- {'mean_score': -19.9766, 'valid_scores': [-26.2153, -19.7635, -13.951], 'train_scores': [-11.9313, -13.5921, -14.0157], 'params': {'n_estimators': 200, 'learning_rate': 0.0633583863901497, 'min_child_weight': 32, 'max_depth': 7, 'gamma': 0, 'subsample': 0.7850207514036355, 'colsample_bytree': 0.4711095910007375, 'reg_lambda': 0.030780483173835745, 'reg_alpha': 0.00014769785664856295}}
[32m[I 2021-01-04 17:24:55,097][0m Trial 238 finished with value: -19.9766 and parameters: {'learning_rate': 0.0633583863901497, 'min_child_weight': 32, 'max_depth': 7, 'subsample': 0.7850207514036355, 'colsample_bytree': 0.4711095910007375, 'reg_lambda': 0.030780483173835745, 'reg_alpha': 0.00014769785664856295}. Best is trial 227 with value: -19.7909.[0m

8.4 sec -- {'mean_score': -22.5218, 'valid_scores': [-29.0393, -22.5245, -16.0015], 'train_scores': [-17.8408, -19.9693, -20.0424], 'params': {'n_estimators': 200, 'learning_rate': 0.08929513086495468, 'min_child_weight': 39, 'max_depth': 2, 'gamma': 0, 'subsample': 0.5762083011141088, 'colsample_bytree': 0.5565694403348704, 'reg_lambda': 0.002310034546790377, 'reg_alpha': 0.11691089587051692}}
[32m[I 2021-01-04 17:25:03,520][0m Trial 239 finished with value: -22.5218 and parameters: {'learning_rate': 0.08929513086495468, 'min_child_weight': 39, 'max_depth': 2, 'subsample': 0.5762083011141088, 'colsample_bytree': 0.5565694403348704, 'reg_lambda': 0.002310034546790377, 'reg_alpha': 0.11691089587051692}. Best is trial 227 with value: -19.7909.[0m

16.49 sec -- {'mean_score': -20.1691, 'valid_scores': [-26.9254, -19.7261, -13.8559], 'train_scores': [-12.285, -13.8462, -14.3795], 'params': {'n_estimators': 200, 'learning_rate': 0.03523588620734795, 'min_child_weight': 45, 'max_depth': 8, 'gamma': 0, 'subsample': 0.9725516560914933, 'colsample_bytree': 0.36860829056285377, 'reg_lambda': 0.0159508511981395, 'reg_alpha': 0.031162158295642506}}
[32m[I 2021-01-04 17:25:20,044][0m Trial 240 finished with value: -20.1691 and parameters: {'learning_rate': 0.03523588620734795, 'min_child_weight': 45, 'max_depth': 8, 'subsample': 0.9725516560914933, 'colsample_bytree': 0.36860829056285377, 'reg_lambda': 0.0159508511981395, 'reg_alpha': 0.031162158295642506}. Best is trial 227 with value: -19.7909.[0m

10.07 sec -- {'mean_score': -20.7998, 'valid_scores': [-27.3877, -20.8256, -14.1862], 'train_scores': [-15.2907, -17.0216, -17.3313], 'params': {'n_estimators': 200, 'learning_rate': 0.05444823371311402, 'min_child_weight': 32, 'max_depth': 4, 'gamma': 0, 'subsample': 0.8308290679808025, 'colsample_bytree': 0.4009932783111882, 'reg_lambda': 0.03425826051120258, 'reg_alpha': 0.015269080025059072}}
[32m[I 2021-01-04 17:25:30,139][0m Trial 241 finished with value: -20.7998 and parameters: {'learning_rate': 0.05444823371311402, 'min_child_weight': 32, 'max_depth': 4, 'subsample': 0.8308290679808025, 'colsample_bytree': 0.4009932783111882, 'reg_lambda': 0.03425826051120258, 'reg_alpha': 0.015269080025059072}. Best is trial 227 with value: -19.7909.[0m

17.34 sec -- {'mean_score': -19.7454, 'valid_scores': [-25.9444, -19.659, -13.6328], 'train_scores': [-11.7233, -13.3307, -13.8336], 'params': {'n_estimators': 200, 'learning_rate': 0.057323060718144345, 'min_child_weight': 15, 'max_depth': 7, 'gamma': 0, 'subsample': 0.7856209223269154, 'colsample_bytree': 0.5719527938277251, 'reg_lambda': 0.0012486997879722656, 'reg_alpha': 0.0008608418342154867}}
[32m[I 2021-01-04 17:25:47,506][0m Trial 242 finished with value: -19.7454 and parameters: {'learning_rate': 0.057323060718144345, 'min_child_weight': 15, 'max_depth': 7, 'subsample': 0.7856209223269154, 'colsample_bytree': 0.5719527938277251, 'reg_lambda': 0.0012486997879722656, 'reg_alpha': 0.0008608418342154867}. Best is trial 242 with value: -19.7454.[0m

22.66 sec -- {'mean_score': -20.1831, 'valid_scores': [-26.7853, -19.7989, -13.965], 'train_scores': [-11.4785, -12.9532, -13.5124], 'params': {'n_estimators': 200, 'learning_rate': 0.035685886726833684, 'min_child_weight': 31, 'max_depth': 9, 'gamma': 0, 'subsample': 0.903617391495363, 'colsample_bytree': 0.41147227655804103, 'reg_lambda': 0.04026178695259683, 'reg_alpha': 0.04818908868930069}}
[32m[I 2021-01-04 17:26:10,197][0m Trial 243 finished with value: -20.1831 and parameters: {'learning_rate': 0.035685886726833684, 'min_child_weight': 31, 'max_depth': 9, 'subsample': 0.903617391495363, 'colsample_bytree': 0.41147227655804103, 'reg_lambda': 0.04026178695259683, 'reg_alpha': 0.04818908868930069}. Best is trial 242 with value: -19.7454.[0m

10.77 sec -- {'mean_score': -20.319, 'valid_scores': [-26.3949, -20.4368, -14.1253], 'train_scores': [-13.8749, -15.685, -15.9972], 'params': {'n_estimators': 200, 'learning_rate': 0.10009512351887322, 'min_child_weight': 20, 'max_depth': 4, 'gamma': 0, 'subsample': 0.8244084224413819, 'colsample_bytree': 0.47501151322061197, 'reg_lambda': 0.039463904256388585, 'reg_alpha': 0.00019053832661976953}}
[32m[I 2021-01-04 17:26:20,993][0m Trial 244 finished with value: -20.319 and parameters: {'learning_rate': 0.10009512351887322, 'min_child_weight': 20, 'max_depth': 4, 'subsample': 0.8244084224413819, 'colsample_bytree': 0.47501151322061197, 'reg_lambda': 0.039463904256388585, 'reg_alpha': 0.00019053832661976953}. Best is trial 242 with value: -19.7454.[0m

19.75 sec -- {'mean_score': -19.9491, 'valid_scores': [-26.3803, -19.8287, -13.6384], 'train_scores': [-11.402, -12.9785, -13.5468], 'params': {'n_estimators': 200, 'learning_rate': 0.0452129002664206, 'min_child_weight': 15, 'max_depth': 8, 'gamma': 0, 'subsample': 0.5748637353266465, 'colsample_bytree': 0.5977305607226431, 'reg_lambda': 0.07350889114382836, 'reg_alpha': 0.00010173342684914309}}
[32m[I 2021-01-04 17:26:40,766][0m Trial 245 finished with value: -19.9491 and parameters: {'learning_rate': 0.0452129002664206, 'min_child_weight': 15, 'max_depth': 8, 'subsample': 0.5748637353266465, 'colsample_bytree': 0.5977305607226431, 'reg_lambda': 0.07350889114382836, 'reg_alpha': 0.00010173342684914309}. Best is trial 242 with value: -19.7454.[0m

48.14 sec -- {'mean_score': -21.1618, 'valid_scores': [-28.5404, -20.7821, -14.1628], 'train_scores': [-11.4238, -12.7634, -13.348], 'params': {'n_estimators': 200, 'learning_rate': 0.019202497586909593, 'min_child_weight': 13, 'max_depth': 11, 'gamma': 0, 'subsample': 0.5448262858572879, 'colsample_bytree': 0.6020283472980659, 'reg_lambda': 0.18298912786228871, 'reg_alpha': 0.0002556148150464503}}
[32m[I 2021-01-04 17:27:28,937][0m Trial 246 finished with value: -21.1618 and parameters: {'learning_rate': 0.019202497586909593, 'min_child_weight': 13, 'max_depth': 11, 'subsample': 0.5448262858572879, 'colsample_bytree': 0.6020283472980659, 'reg_lambda': 0.18298912786228871, 'reg_alpha': 0.0002556148150464503}. Best is trial 242 with value: -19.7454.[0m

16.97 sec -- {'mean_score': -20.26, 'valid_scores': [-27.02, -20.0921, -13.668], 'train_scores': [-12.5634, -14.259, -14.8748], 'params': {'n_estimators': 200, 'learning_rate': 0.032509219464776286, 'min_child_weight': 15, 'max_depth': 7, 'gamma': 0, 'subsample': 0.8223625816771338, 'colsample_bytree': 0.596867797573651, 'reg_lambda': 0.001522885313663184, 'reg_alpha': 0.000296140784739098}}
[32m[I 2021-01-04 17:27:45,928][0m Trial 247 finished with value: -20.26 and parameters: {'learning_rate': 0.032509219464776286, 'min_child_weight': 15, 'max_depth': 7, 'subsample': 0.8223625816771338, 'colsample_bytree': 0.596867797573651, 'reg_lambda': 0.001522885313663184, 'reg_alpha': 0.000296140784739098}. Best is trial 242 with value: -19.7454.[0m

9.65 sec -- {'mean_score': -20.6743, 'valid_scores': [-27.0925, -20.7692, -14.1613], 'train_scores': [-15.2087, -17.0702, -17.3872], 'params': {'n_estimators': 200, 'learning_rate': 0.10437874816904139, 'min_child_weight': 14, 'max_depth': 3, 'gamma': 0, 'subsample': 0.6674653036861333, 'colsample_bytree': 0.6218081625820504, 'reg_lambda': 0.0460502059599829, 'reg_alpha': 0.00010946866864489877}}
[32m[I 2021-01-04 17:27:55,600][0m Trial 248 finished with value: -20.6743 and parameters: {'learning_rate': 0.10437874816904139, 'min_child_weight': 14, 'max_depth': 3, 'subsample': 0.6674653036861333, 'colsample_bytree': 0.6218081625820504, 'reg_lambda': 0.0460502059599829, 'reg_alpha': 0.00010946866864489877}. Best is trial 242 with value: -19.7454.[0m

26.64 sec -- {'mean_score': -21.6122, 'valid_scores': [-27.9065, -20.4506, -16.4796], 'train_scores': [-9.317, -10.3549, -10.7866], 'params': {'n_estimators': 200, 'learning_rate': 0.18007403318045292, 'min_child_weight': 47, 'max_depth': 14, 'gamma': 0, 'subsample': 0.699951831414354, 'colsample_bytree': 0.4446177906368004, 'reg_lambda': 0.6718202474525465, 'reg_alpha': 0.5537970668722458}}
[32m[I 2021-01-04 17:28:22,258][0m Trial 249 finished with value: -21.6122 and parameters: {'learning_rate': 0.18007403318045292, 'min_child_weight': 47, 'max_depth': 14, 'subsample': 0.699951831414354, 'colsample_bytree': 0.4446177906368004, 'reg_lambda': 0.6718202474525465, 'reg_alpha': 0.5537970668722458}. Best is trial 242 with value: -19.7454.[0m

27.71 sec -- {'mean_score': -20.302, 'valid_scores': [-27.0045, -19.6526, -14.249], 'train_scores': [-9.7145, -10.9813, -11.4809], 'params': {'n_estimators': 200, 'learning_rate': 0.06839001342955475, 'min_child_weight': 13, 'max_depth': 10, 'gamma': 0, 'subsample': 0.9300263379231808, 'colsample_bytree': 0.5329473838609315, 'reg_lambda': 0.0006475503936621179, 'reg_alpha': 0.0026769738313763307}}
[32m[I 2021-01-04 17:28:49,994][0m Trial 250 finished with value: -20.302 and parameters: {'learning_rate': 0.06839001342955475, 'min_child_weight': 13, 'max_depth': 10, 'subsample': 0.9300263379231808, 'colsample_bytree': 0.5329473838609315, 'reg_lambda': 0.0006475503936621179, 'reg_alpha': 0.0026769738313763307}. Best is trial 242 with value: -19.7454.[0m

12.72 sec -- {'mean_score': -20.2082, 'valid_scores': [-27.0754, -19.7612, -13.7879], 'train_scores': [-13.3177, -15.0979, -15.5614], 'params': {'n_estimators': 200, 'learning_rate': 0.06547522476728028, 'min_child_weight': 41, 'max_depth': 5, 'gamma': 0, 'subsample': 0.9307741750439229, 'colsample_bytree': 0.7213883102094817, 'reg_lambda': 0.03369493666485408, 'reg_alpha': 0.0004585446159942404}}
[32m[I 2021-01-04 17:29:02,732][0m Trial 251 finished with value: -20.2082 and parameters: {'learning_rate': 0.06547522476728028, 'min_child_weight': 41, 'max_depth': 5, 'subsample': 0.9307741750439229, 'colsample_bytree': 0.7213883102094817, 'reg_lambda': 0.03369493666485408, 'reg_alpha': 0.0004585446159942404}. Best is trial 242 with value: -19.7454.[0m

12.72 sec -- {'mean_score': -20.0234, 'valid_scores': [-26.1729, -19.9047, -13.9925], 'train_scores': [-12.6657, -14.4355, -14.7584], 'params': {'n_estimators': 200, 'learning_rate': 0.06263337181918245, 'min_child_weight': 27, 'max_depth': 6, 'gamma': 0, 'subsample': 0.7309570424103132, 'colsample_bytree': 0.46251214241013094, 'reg_lambda': 0.30889626849100343, 'reg_alpha': 0.0004701937918552739}}
[32m[I 2021-01-04 17:29:15,478][0m Trial 252 finished with value: -20.0234 and parameters: {'learning_rate': 0.06263337181918245, 'min_child_weight': 27, 'max_depth': 6, 'subsample': 0.7309570424103132, 'colsample_bytree': 0.46251214241013094, 'reg_lambda': 0.30889626849100343, 'reg_alpha': 0.0004701937918552739}. Best is trial 242 with value: -19.7454.[0m

13.45 sec -- {'mean_score': -20.2298, 'valid_scores': [-26.8487, -20.1289, -13.7119], 'train_scores': [-13.5694, -15.1782, -15.6658], 'params': {'n_estimators': 200, 'learning_rate': 0.03855223887793076, 'min_child_weight': 43, 'max_depth': 6, 'gamma': 0, 'subsample': 0.7087045034749989, 'colsample_bytree': 0.5286073429107999, 'reg_lambda': 0.07933366077252595, 'reg_alpha': 0.0001370359092905323}}
[32m[I 2021-01-04 17:29:28,948][0m Trial 253 finished with value: -20.2298 and parameters: {'learning_rate': 0.03855223887793076, 'min_child_weight': 43, 'max_depth': 6, 'subsample': 0.7087045034749989, 'colsample_bytree': 0.5286073429107999, 'reg_lambda': 0.07933366077252595, 'reg_alpha': 0.0001370359092905323}. Best is trial 242 with value: -19.7454.[0m

14.98 sec -- {'mean_score': -20.0907, 'valid_scores': [-26.2765, -19.7334, -14.2621], 'train_scores': [-11.3262, -12.7626, -13.2093], 'params': {'n_estimators': 200, 'learning_rate': 0.07281327204887052, 'min_child_weight': 24, 'max_depth': 8, 'gamma': 0, 'subsample': 0.5980478458956833, 'colsample_bytree': 0.36615371885807985, 'reg_lambda': 0.5556916939812292, 'reg_alpha': 0.00010743173578217657}}
