[32m[I 2021-01-04 18:05:27,022][0m Trial 338 finished with value: -27.168 and parameters: {'learning_rate': 0.013368294659951235, 'min_child_weight': 35, 'max_depth': 4, 'subsample': 0.6953363245082231, 'colsample_bytree': 0.38502818448601667, 'reg_lambda': 0.028650874157913744, 'reg_alpha': 0.0006942710412174794}. Best is trial 242 with value: -19.7454.[0m

83.23 sec -- {'mean_score': -20.5367, 'valid_scores': [-27.3922, -20.0561, -14.1619], 'train_scores': [-10.0995, -11.1036, -11.3459], 'params': {'n_estimators': 200, 'learning_rate': 0.027392509366784404, 'min_child_weight': 38, 'max_depth': 20, 'gamma': 0, 'subsample': 0.6380806965504325, 'colsample_bytree': 0.712575960229738, 'reg_lambda': 0.234834701429174, 'reg_alpha': 0.3059181580533494}}
[32m[I 2021-01-04 18:06:50,272][0m Trial 339 finished with value: -20.5367 and parameters: {'learning_rate': 0.027392509366784404, 'min_child_weight': 38, 'max_depth': 20, 'subsample': 0.6380806965504325, 'colsample_bytree': 0.712575960229738, 'reg_lambda': 0.234834701429174, 'reg_alpha': 0.3059181580533494}. Best is trial 242 with value: -19.7454.[0m

12.58 sec -- {'mean_score': -20.3593, 'valid_scores': [-26.6569, -19.9312, -14.4898], 'train_scores': [-11.2718, -12.7357, -13.1674], 'params': {'n_estimators': 200, 'learning_rate': 0.12396368649612988, 'min_child_weight': 23, 'max_depth': 7, 'gamma': 0, 'subsample': 0.8526081038610726, 'colsample_bytree': 0.3075489855115425, 'reg_lambda': 0.09259855923800164, 'reg_alpha': 0.2124466493621114}}
[32m[I 2021-01-04 18:07:02,870][0m Trial 340 finished with value: -20.3593 and parameters: {'learning_rate': 0.12396368649612988, 'min_child_weight': 23, 'max_depth': 7, 'subsample': 0.8526081038610726, 'colsample_bytree': 0.3075489855115425, 'reg_lambda': 0.09259855923800164, 'reg_alpha': 0.2124466493621114}. Best is trial 242 with value: -19.7454.[0m

30.65 sec -- {'mean_score': -20.2741, 'valid_scores': [-26.576, -19.7097, -14.5367], 'train_scores': [-9.7381, -10.8156, -11.3827], 'params': {'n_estimators': 200, 'learning_rate': 0.061263160488611364, 'min_child_weight': 16, 'max_depth': 11, 'gamma': 0, 'subsample': 0.8038814137684482, 'colsample_bytree': 0.5393755186916275, 'reg_lambda': 0.0011662167926269618, 'reg_alpha': 0.0005318772358246528}}
[32m[I 2021-01-04 18:07:33,545][0m Trial 341 finished with value: -20.2741 and parameters: {'learning_rate': 0.061263160488611364, 'min_child_weight': 16, 'max_depth': 11, 'subsample': 0.8038814137684482, 'colsample_bytree': 0.5393755186916275, 'reg_lambda': 0.0011662167926269618, 'reg_alpha': 0.0005318772358246528}. Best is trial 242 with value: -19.7454.[0m

15.47 sec -- {'mean_score': -20.234, 'valid_scores': [-26.4911, -19.7015, -14.5093], 'train_scores': [-10.6961, -12.0934, -12.6135], 'params': {'n_estimators': 200, 'learning_rate': 0.08470814304288402, 'min_child_weight': 31, 'max_depth': 9, 'gamma': 0, 'subsample': 0.8555247495825603, 'colsample_bytree': 0.37315693936651406, 'reg_lambda': 0.21876215852610437, 'reg_alpha': 0.013286444153095251}}
[32m[I 2021-01-04 18:07:49,039][0m Trial 342 finished with value: -20.234 and parameters: {'learning_rate': 0.08470814304288402, 'min_child_weight': 31, 'max_depth': 9, 'subsample': 0.8555247495825603, 'colsample_bytree': 0.37315693936651406, 'reg_lambda': 0.21876215852610437, 'reg_alpha': 0.013286444153095251}. Best is trial 242 with value: -19.7454.[0m

7.89 sec -- {'mean_score': -20.0852, 'valid_scores': [-26.272, -20.1376, -13.8459], 'train_scores': [-13.9128, -15.8379, -16.1201], 'params': {'n_estimators': 200, 'learning_rate': 0.09785048197764228, 'min_child_weight': 22, 'max_depth': 4, 'gamma': 0, 'subsample': 0.868475726985274, 'colsample_bytree': 0.33730568739559236, 'reg_lambda': 0.004709716468853137, 'reg_alpha': 0.06206699501306279}}
[32m[I 2021-01-04 18:07:56,953][0m Trial 343 finished with value: -20.0852 and parameters: {'learning_rate': 0.09785048197764228, 'min_child_weight': 22, 'max_depth': 4, 'subsample': 0.868475726985274, 'colsample_bytree': 0.33730568739559236, 'reg_lambda': 0.004709716468853137, 'reg_alpha': 0.06206699501306279}. Best is trial 242 with value: -19.7454.[0m

18.5 sec -- {'mean_score': -20.2945, 'valid_scores': [-26.8857, -19.7609, -14.2368], 'train_scores': [-11.7449, -13.0741, -13.5813], 'params': {'n_estimators': 200, 'learning_rate': 0.0422037782173351, 'min_child_weight': 43, 'max_depth': 10, 'gamma': 0, 'subsample': 0.5987384369095115, 'colsample_bytree': 0.3054733505252465, 'reg_lambda': 0.22746795820567897, 'reg_alpha': 0.0023685211757732746}}
[32m[I 2021-01-04 18:08:15,480][0m Trial 344 finished with value: -20.2945 and parameters: {'learning_rate': 0.0422037782173351, 'min_child_weight': 43, 'max_depth': 10, 'subsample': 0.5987384369095115, 'colsample_bytree': 0.3054733505252465, 'reg_lambda': 0.22746795820567897, 'reg_alpha': 0.0023685211757732746}. Best is trial 242 with value: -19.7454.[0m

8.23 sec -- {'mean_score': -26.4281, 'valid_scores': [-35.699, -25.3927, -18.1926], 'train_scores': [-20.1909, -22.3157, -22.4637], 'params': {'n_estimators': 200, 'learning_rate': 0.014354672210695557, 'min_child_weight': 11, 'max_depth': 4, 'gamma': 0, 'subsample': 0.5146081917173453, 'colsample_bytree': 0.5012731083723322, 'reg_lambda': 0.004754306049455241, 'reg_alpha': 0.00040089358435645335}}
[32m[I 2021-01-04 18:08:23,727][0m Trial 345 finished with value: -26.4281 and parameters: {'learning_rate': 0.014354672210695557, 'min_child_weight': 11, 'max_depth': 4, 'subsample': 0.5146081917173453, 'colsample_bytree': 0.5012731083723322, 'reg_lambda': 0.004754306049455241, 'reg_alpha': 0.00040089358435645335}. Best is trial 242 with value: -19.7454.[0m

45.9 sec -- {'mean_score': -20.4076, 'valid_scores': [-26.714, -20.0004, -14.5085], 'train_scores': [-9.8762, -10.9556, -11.3324], 'params': {'n_estimators': 200, 'learning_rate': 0.042474361885649056, 'min_child_weight': 29, 'max_depth': 15, 'gamma': 0, 'subsample': 0.6041640097035663, 'colsample_bytree': 0.503780296268488, 'reg_lambda': 0.08953793980230022, 'reg_alpha': 0.00019983831455656326}}
[32m[I 2021-01-04 18:09:09,658][0m Trial 346 finished with value: -20.4076 and parameters: {'learning_rate': 0.042474361885649056, 'min_child_weight': 29, 'max_depth': 15, 'subsample': 0.6041640097035663, 'colsample_bytree': 0.503780296268488, 'reg_lambda': 0.08953793980230022, 'reg_alpha': 0.00019983831455656326}. Best is trial 242 with value: -19.7454.[0m

7.67 sec -- {'mean_score': -24.5331, 'valid_scores': [-32.1698, -23.5904, -17.8391], 'train_scores': [-20.8444, -23.2714, -23.2191], 'params': {'n_estimators': 200, 'learning_rate': 0.045547095776043836, 'min_child_weight': 30, 'max_depth': 2, 'gamma': 0, 'subsample': 0.9840605273061684, 'colsample_bytree': 0.38924790122771125, 'reg_lambda': 0.06673663048945405, 'reg_alpha': 0.6089220800577628}}
[32m[I 2021-01-04 18:09:17,369][0m Trial 347 finished with value: -24.5331 and parameters: {'learning_rate': 0.045547095776043836, 'min_child_weight': 30, 'max_depth': 2, 'subsample': 0.9840605273061684, 'colsample_bytree': 0.38924790122771125, 'reg_lambda': 0.06673663048945405, 'reg_alpha': 0.6089220800577628}. Best is trial 242 with value: -19.7454.[0m

12.99 sec -- {'mean_score': -20.031, 'valid_scores': [-26.6546, -19.5615, -13.877], 'train_scores': [-12.0727, -13.6814, -14.1758], 'params': {'n_estimators': 200, 'learning_rate': 0.0536068247869578, 'min_child_weight': 38, 'max_depth': 7, 'gamma': 0, 'subsample': 0.942445926918422, 'colsample_bytree': 0.552791349616417, 'reg_lambda': 0.7925834389908651, 'reg_alpha': 0.007781367122223884}}
[32m[I 2021-01-04 18:09:30,396][0m Trial 348 finished with value: -20.031 and parameters: {'learning_rate': 0.0536068247869578, 'min_child_weight': 38, 'max_depth': 7, 'subsample': 0.942445926918422, 'colsample_bytree': 0.552791349616417, 'reg_lambda': 0.7925834389908651, 'reg_alpha': 0.007781367122223884}. Best is trial 242 with value: -19.7454.[0m

20.76 sec -- {'mean_score': -22.0462, 'valid_scores': [-29.6926, -21.7006, -14.7453], 'train_scores': [-13.7083, -15.3387, -15.867], 'params': {'n_estimators': 200, 'learning_rate': 0.017367919167995027, 'min_child_weight': 26, 'max_depth': 8, 'gamma': 0, 'subsample': 0.7495741114406502, 'colsample_bytree': 0.6400411959551326, 'reg_lambda': 0.0011775171058310604, 'reg_alpha': 0.004711910034866124}}
[32m[I 2021-01-04 18:09:51,178][0m Trial 349 finished with value: -22.0462 and parameters: {'learning_rate': 0.017367919167995027, 'min_child_weight': 26, 'max_depth': 8, 'subsample': 0.7495741114406502, 'colsample_bytree': 0.6400411959551326, 'reg_lambda': 0.0011775171058310604, 'reg_alpha': 0.004711910034866124}. Best is trial 242 with value: -19.7454.[0m

126.1 sec -- {'mean_score': -23.455, 'valid_scores': [-29.1302, -21.064, -20.1708], 'train_scores': [-5.0456, -5.3476, -5.8098], 'params': {'n_estimators': 200, 'learning_rate': 0.1413028282628428, 'min_child_weight': 3, 'max_depth': 19, 'gamma': 0, 'subsample': 0.7825029200106352, 'colsample_bytree': 0.46367427267376404, 'reg_lambda': 0.013835356937311952, 'reg_alpha': 0.014353646956364138}}
[32m[I 2021-01-04 18:11:57,308][0m Trial 350 finished with value: -23.455 and parameters: {'learning_rate': 0.1413028282628428, 'min_child_weight': 3, 'max_depth': 19, 'subsample': 0.7825029200106352, 'colsample_bytree': 0.46367427267376404, 'reg_lambda': 0.013835356937311952, 'reg_alpha': 0.014353646956364138}. Best is trial 242 with value: -19.7454.[0m

9.99 sec -- {'mean_score': -20.0224, 'valid_scores': [-26.1256, -19.9142, -14.0275], 'train_scores': [-11.8963, -13.6549, -14.0544], 'params': {'n_estimators': 200, 'learning_rate': 0.09938137431941321, 'min_child_weight': 16, 'max_depth': 6, 'gamma': 0, 'subsample': 0.8336760860061783, 'colsample_bytree': 0.40111183335952794, 'reg_lambda': 0.024787558281053453, 'reg_alpha': 0.0061504272320056595}}
[32m[I 2021-01-04 18:12:07,326][0m Trial 351 finished with value: -20.0224 and parameters: {'learning_rate': 0.09938137431941321, 'min_child_weight': 16, 'max_depth': 6, 'subsample': 0.8336760860061783, 'colsample_bytree': 0.40111183335952794, 'reg_lambda': 0.024787558281053453, 'reg_alpha': 0.0061504272320056595}. Best is trial 242 with value: -19.7454.[0m

20.78 sec -- {'mean_score': -20.8324, 'valid_scores': [-26.93, -19.8082, -15.759], 'train_scores': [-10.0725, -11.3101, -11.7363], 'params': {'n_estimators': 200, 'learning_rate': 0.0946296354885813, 'min_child_weight': 37, 'max_depth': 11, 'gamma': 0, 'subsample': 0.7893325886328159, 'colsample_bytree': 0.43052691715138, 'reg_lambda': 0.018465452580194844, 'reg_alpha': 0.16584458206626657}}
[32m[I 2021-01-04 18:12:28,136][0m Trial 352 finished with value: -20.8324 and parameters: {'learning_rate': 0.0946296354885813, 'min_child_weight': 37, 'max_depth': 11, 'subsample': 0.7893325886328159, 'colsample_bytree': 0.43052691715138, 'reg_lambda': 0.018465452580194844, 'reg_alpha': 0.16584458206626657}. Best is trial 242 with value: -19.7454.[0m

7.15 sec -- {'mean_score': -21.8842, 'valid_scores': [-28.84, -21.8348, -14.9779], 'train_scores': [-17.8778, -19.6024, -19.6826], 'params': {'n_estimators': 200, 'learning_rate': 0.11179659441930445, 'min_child_weight': 29, 'max_depth': 2, 'gamma': 0, 'subsample': 0.8649453173981118, 'colsample_bytree': 0.32505057319244934, 'reg_lambda': 0.10523042529755738, 'reg_alpha': 0.3610194579149915}}
[32m[I 2021-01-04 18:12:35,304][0m Trial 353 finished with value: -21.8842 and parameters: {'learning_rate': 0.11179659441930445, 'min_child_weight': 29, 'max_depth': 2, 'subsample': 0.8649453173981118, 'colsample_bytree': 0.32505057319244934, 'reg_lambda': 0.10523042529755738, 'reg_alpha': 0.3610194579149915}. Best is trial 242 with value: -19.7454.[0m

34.46 sec -- {'mean_score': -21.4177, 'valid_scores': [-27.6069, -20.7908, -15.8555], 'train_scores': [-9.4106, -10.273, -10.6226], 'params': {'n_estimators': 200, 'learning_rate': 0.15281059510275535, 'min_child_weight': 50, 'max_depth': 19, 'gamma': 0, 'subsample': 0.5619111072697118, 'colsample_bytree': 0.38775901222690873, 'reg_lambda': 0.032900373614270687, 'reg_alpha': 0.0023375486897370627}}
[32m[I 2021-01-04 18:13:09,788][0m Trial 354 finished with value: -21.4177 and parameters: {'learning_rate': 0.15281059510275535, 'min_child_weight': 50, 'max_depth': 19, 'subsample': 0.5619111072697118, 'colsample_bytree': 0.38775901222690873, 'reg_lambda': 0.032900373614270687, 'reg_alpha': 0.0023375486897370627}. Best is trial 242 with value: -19.7454.[0m

59.04 sec -- {'mean_score': -22.2701, 'valid_scores': [-29.2678, -21.3672, -16.1754], 'train_scores': [-7.0295, -7.5953, -8.2063], 'params': {'n_estimators': 200, 'learning_rate': 0.17486237453843934, 'min_child_weight': 6, 'max_depth': 16, 'gamma': 0, 'subsample': 0.5367882045255636, 'colsample_bytree': 0.8848184053609484, 'reg_lambda': 0.118654503294478, 'reg_alpha': 0.9882138767142792}}
[32m[I 2021-01-04 18:14:08,850][0m Trial 355 finished with value: -22.2701 and parameters: {'learning_rate': 0.17486237453843934, 'min_child_weight': 6, 'max_depth': 16, 'subsample': 0.5367882045255636, 'colsample_bytree': 0.8848184053609484, 'reg_lambda': 0.118654503294478, 'reg_alpha': 0.9882138767142792}. Best is trial 242 with value: -19.7454.[0m

13.05 sec -- {'mean_score': -20.3531, 'valid_scores': [-26.8282, -19.7833, -14.4479], 'train_scores': [-11.545, -13.0292, -13.5208], 'params': {'n_estimators': 200, 'learning_rate': 0.06920364702324719, 'min_child_weight': 40, 'max_depth': 8, 'gamma': 0, 'subsample': 0.6691857320737434, 'colsample_bytree': 0.312084924439106, 'reg_lambda': 0.05655368774568205, 'reg_alpha': 0.0007302266252468574}}
[32m[I 2021-01-04 18:14:21,933][0m Trial 356 finished with value: -20.3531 and parameters: {'learning_rate': 0.06920364702324719, 'min_child_weight': 40, 'max_depth': 8, 'subsample': 0.6691857320737434, 'colsample_bytree': 0.312084924439106, 'reg_lambda': 0.05655368774568205, 'reg_alpha': 0.0007302266252468574}. Best is trial 242 with value: -19.7454.[0m

7.43 sec -- {'mean_score': -20.6066, 'valid_scores': [-26.7282, -20.8624, -14.2291], 'train_scores': [-14.8767, -16.6488, -16.8871], 'params': {'n_estimators': 200, 'learning_rate': 0.1391328076417937, 'min_child_weight': 13, 'max_depth': 3, 'gamma': 0, 'subsample': 0.8378864991516648, 'colsample_bytree': 0.31557711636922037, 'reg_lambda': 0.006857074218022154, 'reg_alpha': 0.0038303607912832357}}
[32m[I 2021-01-04 18:14:29,384][0m Trial 357 finished with value: -20.6066 and parameters: {'learning_rate': 0.1391328076417937, 'min_child_weight': 13, 'max_depth': 3, 'subsample': 0.8378864991516648, 'colsample_bytree': 0.31557711636922037, 'reg_lambda': 0.006857074218022154, 'reg_alpha': 0.0038303607912832357}. Best is trial 242 with value: -19.7454.[0m

15.31 sec -- {'mean_score': -20.3992, 'valid_scores': [-26.7918, -19.7753, -14.6306], 'train_scores': [-10.9927, -12.4181, -12.8892], 'params': {'n_estimators': 200, 'learning_rate': 0.0712427062540298, 'min_child_weight': 19, 'max_depth': 8, 'gamma': 0, 'subsample': 0.9996952159593995, 'colsample_bytree': 0.31279332949530186, 'reg_lambda': 0.06541300060752207, 'reg_alpha': 0.11106166603687276}}
[32m[I 2021-01-04 18:14:44,727][0m Trial 358 finished with value: -20.3992 and parameters: {'learning_rate': 0.0712427062540298, 'min_child_weight': 19, 'max_depth': 8, 'subsample': 0.9996952159593995, 'colsample_bytree': 0.31279332949530186, 'reg_lambda': 0.06541300060752207, 'reg_alpha': 0.11106166603687276}. Best is trial 242 with value: -19.7454.[0m

20.1 sec -- {'mean_score': -20.0452, 'valid_scores': [-26.4368, -19.4191, -14.2797], 'train_scores': [-10.9431, -12.2049, -12.6873], 'params': {'n_estimators': 200, 'learning_rate': 0.05355451734800971, 'min_child_weight': 32, 'max_depth': 10, 'gamma': 0, 'subsample': 0.7844278993745425, 'colsample_bytree': 0.3239163111572982, 'reg_lambda': 0.04769272573848967, 'reg_alpha': 0.00042000434460183424}}
[32m[I 2021-01-04 18:15:04,861][0m Trial 359 finished with value: -20.0452 and parameters: {'learning_rate': 0.05355451734800971, 'min_child_weight': 32, 'max_depth': 10, 'subsample': 0.7844278993745425, 'colsample_bytree': 0.3239163111572982, 'reg_lambda': 0.04769272573848967, 'reg_alpha': 0.00042000434460183424}. Best is trial 242 with value: -19.7454.[0m

12.36 sec -- {'mean_score': -20.3843, 'valid_scores': [-26.9717, -19.6597, -14.5214], 'train_scores': [-11.1949, -12.6921, -13.1822], 'params': {'n_estimators': 200, 'learning_rate': 0.09365906461307082, 'min_child_weight': 46, 'max_depth': 8, 'gamma': 0, 'subsample': 0.6228720642082487, 'colsample_bytree': 0.5362960426653308, 'reg_lambda': 0.07289357058733617, 'reg_alpha': 0.21736893186889825}}
[32m[I 2021-01-04 18:15:17,241][0m Trial 360 finished with value: -20.3843 and parameters: {'learning_rate': 0.09365906461307082, 'min_child_weight': 46, 'max_depth': 8, 'subsample': 0.6228720642082487, 'colsample_bytree': 0.5362960426653308, 'reg_lambda': 0.07289357058733617, 'reg_alpha': 0.21736893186889825}. Best is trial 242 with value: -19.7454.[0m

13.29 sec -- {'mean_score': -20.2127, 'valid_scores': [-26.6406, -19.8619, -14.1356], 'train_scores': [-10.8885, -12.3873, -12.7431], 'params': {'n_estimators': 200, 'learning_rate': 0.1156951390933969, 'min_child_weight': 44, 'max_depth': 8, 'gamma': 0, 'subsample': 0.9046500669732882, 'colsample_bytree': 0.5998376851212995, 'reg_lambda': 0.10012396448430684, 'reg_alpha': 0.0005585779265486334}}
[32m[I 2021-01-04 18:15:30,552][0m Trial 361 finished with value: -20.2127 and parameters: {'learning_rate': 0.1156951390933969, 'min_child_weight': 44, 'max_depth': 8, 'subsample': 0.9046500669732882, 'colsample_bytree': 0.5998376851212995, 'reg_lambda': 0.10012396448430684, 'reg_alpha': 0.0005585779265486334}. Best is trial 242 with value: -19.7454.[0m

26.32 sec -- {'mean_score': -20.7698, 'valid_scores': [-27.0879, -19.8706, -15.3509], 'train_scores': [-9.9546, -11.1466, -11.5519], 'params': {'n_estimators': 200, 'learning_rate': 0.07232628924156385, 'min_child_weight': 24, 'max_depth': 12, 'gamma': 0, 'subsample': 0.6907496482382337, 'colsample_bytree': 0.3123002425288367, 'reg_lambda': 0.037205563849930574, 'reg_alpha': 0.0006120300215722855}}
[32m[I 2021-01-04 18:15:56,897][0m Trial 362 finished with value: -20.7698 and parameters: {'learning_rate': 0.07232628924156385, 'min_child_weight': 24, 'max_depth': 12, 'subsample': 0.6907496482382337, 'colsample_bytree': 0.3123002425288367, 'reg_lambda': 0.037205563849930574, 'reg_alpha': 0.0006120300215722855}. Best is trial 242 with value: -19.7454.[0m

16.08 sec -- {'mean_score': -20.5996, 'valid_scores': [-26.834, -19.5177, -15.4471], 'train_scores': [-10.5194, -11.988, -12.6515], 'params': {'n_estimators': 200, 'learning_rate': 0.07774845021372805, 'min_child_weight': 7, 'max_depth': 8, 'gamma': 0, 'subsample': 0.7547786184339509, 'colsample_bytree': 0.5247978193015306, 'reg_lambda': 0.0015274607980679913, 'reg_alpha': 0.0003702250561081308}}
[32m[I 2021-01-04 18:16:12,997][0m Trial 363 finished with value: -20.5996 and parameters: {'learning_rate': 0.07774845021372805, 'min_child_weight': 7, 'max_depth': 8, 'subsample': 0.7547786184339509, 'colsample_bytree': 0.5247978193015306, 'reg_lambda': 0.0015274607980679913, 'reg_alpha': 0.0003702250561081308}. Best is trial 242 with value: -19.7454.[0m

10.45 sec -- {'mean_score': -19.9354, 'valid_scores': [-26.2879, -19.7339, -13.7843], 'train_scores': [-12.4684, -14.347, -14.7375], 'params': {'n_estimators': 200, 'learning_rate': 0.06107200795293977, 'min_child_weight': 21, 'max_depth': 6, 'gamma': 0, 'subsample': 0.7444595906097818, 'colsample_bytree': 0.5042219692604311, 'reg_lambda': 0.0006582850213364947, 'reg_alpha': 0.0016087286705316222}}
[32m[I 2021-01-04 18:16:23,486][0m Trial 364 finished with value: -19.9354 and parameters: {'learning_rate': 0.06107200795293977, 'min_child_weight': 21, 'max_depth': 6, 'subsample': 0.7444595906097818, 'colsample_bytree': 0.5042219692604311, 'reg_lambda': 0.0006582850213364947, 'reg_alpha': 0.0016087286705316222}. Best is trial 242 with value: -19.7454.[0m

234.45 sec -- {'mean_score': -21.4459, 'valid_scores': [-28.9731, -20.891, -14.4737], 'train_scores': [-8.7413, -9.4994, -9.8255], 'params': {'n_estimators': 200, 'learning_rate': 0.01893045151448855, 'min_child_weight': 11, 'max_depth': 19, 'gamma': 0, 'subsample': 0.7201919027813044, 'colsample_bytree': 0.8186513707916322, 'reg_lambda': 0.2089101049779917, 'reg_alpha': 0.00287200694571662}}
[32m[I 2021-01-04 18:20:17,960][0m Trial 365 finished with value: -21.4459 and parameters: {'learning_rate': 0.01893045151448855, 'min_child_weight': 11, 'max_depth': 19, 'subsample': 0.7201919027813044, 'colsample_bytree': 0.8186513707916322, 'reg_lambda': 0.2089101049779917, 'reg_alpha': 0.00287200694571662}. Best is trial 242 with value: -19.7454.[0m

7.54 sec -- {'mean_score': -26.0913, 'valid_scores': [-33.4065, -25.5105, -19.3569], 'train_scores': [-22.0792, -24.9432, -24.3928], 'params': {'n_estimators': 200, 'learning_rate': 0.12835331244352563, 'min_child_weight': 29, 'max_depth': 1, 'gamma': 0, 'subsample': 0.8772748986327699, 'colsample_bytree': 0.40805291630705, 'reg_lambda': 0.029478038003646838, 'reg_alpha': 0.004928948151806273}}
