[32m[I 2021-01-04 18:27:57,278][0m Trial 394 finished with value: -20.409 and parameters: {'learning_rate': 0.06678969325542294, 'min_child_weight': 9, 'max_depth': 10, 'subsample': 0.5633933315948403, 'colsample_bytree': 0.6911248964744529, 'reg_lambda': 0.208761262230297, 'reg_alpha': 0.00018535246874196637}. Best is trial 242 with value: -19.7454.[0m

14.26 sec -- {'mean_score': -20.1253, 'valid_scores': [-26.5153, -19.6431, -14.2175], 'train_scores': [-11.6949, -13.1337, -13.6672], 'params': {'n_estimators': 200, 'learning_rate': 0.0577198227310291, 'min_child_weight': 28, 'max_depth': 8, 'gamma': 0, 'subsample': 0.621265959955289, 'colsample_bytree': 0.30848872811659617, 'reg_lambda': 0.021379402641078224, 'reg_alpha': 0.003397769640395035}}
[32m[I 2021-01-04 18:28:11,559][0m Trial 395 finished with value: -20.1253 and parameters: {'learning_rate': 0.0577198227310291, 'min_child_weight': 28, 'max_depth': 8, 'subsample': 0.621265959955289, 'colsample_bytree': 0.30848872811659617, 'reg_lambda': 0.021379402641078224, 'reg_alpha': 0.003397769640395035}. Best is trial 242 with value: -19.7454.[0m

8.88 sec -- {'mean_score': -20.4481, 'valid_scores': [-27.1388, -20.2688, -13.9368], 'train_scores': [-14.7457, -16.3563, -16.7759], 'params': {'n_estimators': 200, 'learning_rate': 0.07025016523313567, 'min_child_weight': 27, 'max_depth': 4, 'gamma': 0, 'subsample': 0.7837295407780405, 'colsample_bytree': 0.4334135589114412, 'reg_lambda': 0.0003936653509772813, 'reg_alpha': 0.001526022901332087}}
[32m[I 2021-01-04 18:28:20,458][0m Trial 396 finished with value: -20.4481 and parameters: {'learning_rate': 0.07025016523313567, 'min_child_weight': 27, 'max_depth': 4, 'subsample': 0.7837295407780405, 'colsample_bytree': 0.4334135589114412, 'reg_lambda': 0.0003936653509772813, 'reg_alpha': 0.001526022901332087}. Best is trial 242 with value: -19.7454.[0m

11.08 sec -- {'mean_score': -19.9604, 'valid_scores': [-26.0892, -19.9704, -13.8215], 'train_scores': [-12.5267, -14.1699, -14.6293], 'params': {'n_estimators': 200, 'learning_rate': 0.07112714570384202, 'min_child_weight': 29, 'max_depth': 6, 'gamma': 0, 'subsample': 0.7602100680415104, 'colsample_bytree': 0.37251817251927366, 'reg_lambda': 0.9635865418506961, 'reg_alpha': 0.01028129685811374}}
[32m[I 2021-01-04 18:28:31,559][0m Trial 397 finished with value: -19.9604 and parameters: {'learning_rate': 0.07112714570384202, 'min_child_weight': 29, 'max_depth': 6, 'subsample': 0.7602100680415104, 'colsample_bytree': 0.37251817251927366, 'reg_lambda': 0.9635865418506961, 'reg_alpha': 0.01028129685811374}. Best is trial 242 with value: -19.7454.[0m

17.03 sec -- {'mean_score': -20.8864, 'valid_scores': [-27.0993, -19.9702, -15.5898], 'train_scores': [-10.0148, -11.3255, -11.8267], 'params': {'n_estimators': 200, 'learning_rate': 0.13251840625300088, 'min_child_weight': 23, 'max_depth': 9, 'gamma': 0, 'subsample': 0.8824560534805721, 'colsample_bytree': 0.5214592101101466, 'reg_lambda': 0.16034367772217584, 'reg_alpha': 0.0011025763911237318}}
[32m[I 2021-01-04 18:28:48,614][0m Trial 398 finished with value: -20.8864 and parameters: {'learning_rate': 0.13251840625300088, 'min_child_weight': 23, 'max_depth': 9, 'subsample': 0.8824560534805721, 'colsample_bytree': 0.5214592101101466, 'reg_lambda': 0.16034367772217584, 'reg_alpha': 0.0011025763911237318}. Best is trial 242 with value: -19.7454.[0m

20.74 sec -- {'mean_score': -21.208, 'valid_scores': [-27.6097, -20.4436, -15.5706], 'train_scores': [-9.3105, -10.3504, -10.9286], 'params': {'n_estimators': 200, 'learning_rate': 0.1856311945711503, 'min_child_weight': 15, 'max_depth': 10, 'gamma': 0, 'subsample': 0.6675831989790132, 'colsample_bytree': 0.8228523287652771, 'reg_lambda': 0.0013440816123458923, 'reg_alpha': 0.0007075570827990833}}
[32m[I 2021-01-04 18:29:09,378][0m Trial 399 finished with value: -21.208 and parameters: {'learning_rate': 0.1856311945711503, 'min_child_weight': 15, 'max_depth': 10, 'subsample': 0.6675831989790132, 'colsample_bytree': 0.8228523287652771, 'reg_lambda': 0.0013440816123458923, 'reg_alpha': 0.0007075570827990833}. Best is trial 242 with value: -19.7454.[0m

39.32 sec -- {'mean_score': -21.222, 'valid_scores': [-27.2864, -20.3829, -15.9968], 'train_scores': [-8.2501, -9.1403, -9.63], 'params': {'n_estimators': 200, 'learning_rate': 0.13840182064850012, 'min_child_weight': 18, 'max_depth': 15, 'gamma': 0, 'subsample': 0.7010515232345087, 'colsample_bytree': 0.5498879780939308, 'reg_lambda': 0.9344059287331644, 'reg_alpha': 0.39281019692217173}}
[32m[I 2021-01-04 18:29:48,719][0m Trial 400 finished with value: -21.222 and parameters: {'learning_rate': 0.13840182064850012, 'min_child_weight': 18, 'max_depth': 15, 'subsample': 0.7010515232345087, 'colsample_bytree': 0.5498879780939308, 'reg_lambda': 0.9344059287331644, 'reg_alpha': 0.39281019692217173}. Best is trial 242 with value: -19.7454.[0m

7.08 sec -- {'mean_score': -24.8717, 'valid_scores': [-32.0354, -23.884, -18.6957], 'train_scores': [-20.8184, -23.3035, -23.2696], 'params': {'n_estimators': 200, 'learning_rate': 0.04463457504281708, 'min_child_weight': 30, 'max_depth': 2, 'gamma': 0, 'subsample': 0.693835058972391, 'colsample_bytree': 0.33430893548358787, 'reg_lambda': 0.521511639837187, 'reg_alpha': 0.0007854757252296307}}
[32m[I 2021-01-04 18:29:55,829][0m Trial 401 finished with value: -24.8717 and parameters: {'learning_rate': 0.04463457504281708, 'min_child_weight': 30, 'max_depth': 2, 'subsample': 0.693835058972391, 'colsample_bytree': 0.33430893548358787, 'reg_lambda': 0.521511639837187, 'reg_alpha': 0.0007854757252296307}. Best is trial 242 with value: -19.7454.[0m

6.87 sec -- {'mean_score': -23.2705, 'valid_scores': [-30.4596, -22.8975, -16.4545], 'train_scores': [-19.3066, -21.3483, -21.5667], 'params': {'n_estimators': 200, 'learning_rate': 0.06856806016123539, 'min_child_weight': 22, 'max_depth': 2, 'gamma': 0, 'subsample': 0.7291066890506626, 'colsample_bytree': 0.37664381724606005, 'reg_lambda': 0.8149183670908002, 'reg_alpha': 0.04437342308874285}}
[32m[I 2021-01-04 18:30:02,721][0m Trial 402 finished with value: -23.2705 and parameters: {'learning_rate': 0.06856806016123539, 'min_child_weight': 22, 'max_depth': 2, 'subsample': 0.7291066890506626, 'colsample_bytree': 0.37664381724606005, 'reg_lambda': 0.8149183670908002, 'reg_alpha': 0.04437342308874285}. Best is trial 242 with value: -19.7454.[0m

20.74 sec -- {'mean_score': -20.2398, 'valid_scores': [-26.7929, -19.9184, -14.008], 'train_scores': [-11.4083, -12.8004, -13.3686], 'params': {'n_estimators': 200, 'learning_rate': 0.03664894358371189, 'min_child_weight': 26, 'max_depth': 9, 'gamma': 0, 'subsample': 0.8105059722219651, 'colsample_bytree': 0.4584301029722379, 'reg_lambda': 0.2257578175205602, 'reg_alpha': 0.014699441031490202}}
[32m[I 2021-01-04 18:30:23,490][0m Trial 403 finished with value: -20.2398 and parameters: {'learning_rate': 0.03664894358371189, 'min_child_weight': 26, 'max_depth': 9, 'subsample': 0.8105059722219651, 'colsample_bytree': 0.4584301029722379, 'reg_lambda': 0.2257578175205602, 'reg_alpha': 0.014699441031490202}. Best is trial 242 with value: -19.7454.[0m

22.05 sec -- {'mean_score': -20.7054, 'valid_scores': [-26.8195, -19.5735, -15.7233], 'train_scores': [-9.7631, -10.9873, -11.5217], 'params': {'n_estimators': 200, 'learning_rate': 0.07741851647415955, 'min_child_weight': 11, 'max_depth': 10, 'gamma': 0, 'subsample': 0.8308028513458698, 'colsample_bytree': 0.36700505161007524, 'reg_lambda': 0.5860807876046609, 'reg_alpha': 0.08382967449956019}}
[32m[I 2021-01-04 18:30:45,566][0m Trial 404 finished with value: -20.7054 and parameters: {'learning_rate': 0.07741851647415955, 'min_child_weight': 11, 'max_depth': 10, 'subsample': 0.8308028513458698, 'colsample_bytree': 0.36700505161007524, 'reg_lambda': 0.5860807876046609, 'reg_alpha': 0.08382967449956019}. Best is trial 242 with value: -19.7454.[0m

28.96 sec -- {'mean_score': -20.1869, 'valid_scores': [-26.6032, -19.5346, -14.4228], 'train_scores': [-10.3923, -11.5324, -11.9663], 'params': {'n_estimators': 200, 'learning_rate': 0.05062118121529728, 'min_child_weight': 31, 'max_depth': 12, 'gamma': 0, 'subsample': 0.8240479384504481, 'colsample_bytree': 0.33251709310337546, 'reg_lambda': 0.0066262049331111406, 'reg_alpha': 0.08847407108038446}}
[32m[I 2021-01-04 18:31:14,557][0m Trial 405 finished with value: -20.1869 and parameters: {'learning_rate': 0.05062118121529728, 'min_child_weight': 31, 'max_depth': 12, 'subsample': 0.8240479384504481, 'colsample_bytree': 0.33251709310337546, 'reg_lambda': 0.0066262049331111406, 'reg_alpha': 0.08847407108038446}. Best is trial 242 with value: -19.7454.[0m

10.43 sec -- {'mean_score': -20.1574, 'valid_scores': [-26.4938, -19.9816, -13.9968], 'train_scores': [-13.2575, -14.9185, -15.4231], 'params': {'n_estimators': 200, 'learning_rate': 0.04862058215843085, 'min_child_weight': 22, 'max_depth': 6, 'gamma': 0, 'subsample': 0.5029821564935889, 'colsample_bytree': 0.3191306500036392, 'reg_lambda': 0.3659412028111977, 'reg_alpha': 0.01756091278244301}}
[32m[I 2021-01-04 18:31:25,012][0m Trial 406 finished with value: -20.1574 and parameters: {'learning_rate': 0.04862058215843085, 'min_child_weight': 22, 'max_depth': 6, 'subsample': 0.5029821564935889, 'colsample_bytree': 0.3191306500036392, 'reg_lambda': 0.3659412028111977, 'reg_alpha': 0.01756091278244301}. Best is trial 242 with value: -19.7454.[0m

9.43 sec -- {'mean_score': -19.9409, 'valid_scores': [-26.1623, -19.7773, -13.8831], 'train_scores': [-12.3896, -13.8548, -14.3289], 'params': {'n_estimators': 200, 'learning_rate': 0.0928945439715819, 'min_child_weight': 48, 'max_depth': 6, 'gamma': 0, 'subsample': 0.9253347170631241, 'colsample_bytree': 0.3340283642297945, 'reg_lambda': 0.2162756527352671, 'reg_alpha': 0.027748117282892233}}
[32m[I 2021-01-04 18:31:34,469][0m Trial 407 finished with value: -19.9409 and parameters: {'learning_rate': 0.0928945439715819, 'min_child_weight': 48, 'max_depth': 6, 'subsample': 0.9253347170631241, 'colsample_bytree': 0.3340283642297945, 'reg_lambda': 0.2162756527352671, 'reg_alpha': 0.027748117282892233}. Best is trial 242 with value: -19.7454.[0m

7.49 sec -- {'mean_score': -26.3019, 'valid_scores': [-33.7128, -25.5884, -19.6045], 'train_scores': [-22.3542, -25.1976, -24.6729], 'params': {'n_estimators': 200, 'learning_rate': 0.11445015424308565, 'min_child_weight': 43, 'max_depth': 1, 'gamma': 0, 'subsample': 0.8542380455743872, 'colsample_bytree': 0.4885475406861661, 'reg_lambda': 0.17158649414106314, 'reg_alpha': 0.014758068762590558}}
[32m[I 2021-01-04 18:31:41,984][0m Trial 408 finished with value: -26.3019 and parameters: {'learning_rate': 0.11445015424308565, 'min_child_weight': 43, 'max_depth': 1, 'subsample': 0.8542380455743872, 'colsample_bytree': 0.4885475406861661, 'reg_lambda': 0.17158649414106314, 'reg_alpha': 0.014758068762590558}. Best is trial 242 with value: -19.7454.[0m

6.82 sec -- {'mean_score': -27.1135, 'valid_scores': [-34.6588, -26.3608, -20.3209], 'train_scores': [-23.0419, -26.0305, -25.4806], 'params': {'n_estimators': 200, 'learning_rate': 0.08992837441778209, 'min_child_weight': 50, 'max_depth': 1, 'gamma': 0, 'subsample': 0.8434518944292119, 'colsample_bytree': 0.34869216402356235, 'reg_lambda': 0.23535513516677078, 'reg_alpha': 0.04260899983768316}}
[32m[I 2021-01-04 18:31:48,828][0m Trial 409 finished with value: -27.1135 and parameters: {'learning_rate': 0.08992837441778209, 'min_child_weight': 50, 'max_depth': 1, 'subsample': 0.8434518944292119, 'colsample_bytree': 0.34869216402356235, 'reg_lambda': 0.23535513516677078, 'reg_alpha': 0.04260899983768316}. Best is trial 242 with value: -19.7454.[0m

19.29 sec -- {'mean_score': -20.242, 'valid_scores': [-26.5254, -19.9402, -14.2605], 'train_scores': [-10.4573, -11.8155, -12.2613], 'params': {'n_estimators': 200, 'learning_rate': 0.06759733026415507, 'min_child_weight': 27, 'max_depth': 10, 'gamma': 0, 'subsample': 0.7412697293094168, 'colsample_bytree': 0.44117805026153434, 'reg_lambda': 0.6506483054212939, 'reg_alpha': 0.01732489620806191}}
[32m[I 2021-01-04 18:32:08,151][0m Trial 410 finished with value: -20.242 and parameters: {'learning_rate': 0.06759733026415507, 'min_child_weight': 27, 'max_depth': 10, 'subsample': 0.7412697293094168, 'colsample_bytree': 0.44117805026153434, 'reg_lambda': 0.6506483054212939, 'reg_alpha': 0.01732489620806191}. Best is trial 242 with value: -19.7454.[0m

17.76 sec -- {'mean_score': -20.7855, 'valid_scores': [-27.1121, -19.6738, -15.5705], 'train_scores': [-10.2144, -11.4803, -11.96], 'params': {'n_estimators': 200, 'learning_rate': 0.09799339597357538, 'min_child_weight': 22, 'max_depth': 10, 'gamma': 0, 'subsample': 0.6824531322219944, 'colsample_bytree': 0.311167401753165, 'reg_lambda': 0.8442179183025084, 'reg_alpha': 0.007401343539225462}}
[32m[I 2021-01-04 18:32:25,936][0m Trial 411 finished with value: -20.7855 and parameters: {'learning_rate': 0.09799339597357538, 'min_child_weight': 22, 'max_depth': 10, 'subsample': 0.6824531322219944, 'colsample_bytree': 0.311167401753165, 'reg_lambda': 0.8442179183025084, 'reg_alpha': 0.007401343539225462}. Best is trial 242 with value: -19.7454.[0m

12.08 sec -- {'mean_score': -19.894, 'valid_scores': [-26.1944, -19.7049, -13.7828], 'train_scores': [-12.5655, -14.0534, -14.5474], 'params': {'n_estimators': 200, 'learning_rate': 0.050414302604066194, 'min_child_weight': 50, 'max_depth': 7, 'gamma': 0, 'subsample': 0.8497924177222859, 'colsample_bytree': 0.3446453554995441, 'reg_lambda': 0.20051043943639113, 'reg_alpha': 0.025526190592377443}}
[32m[I 2021-01-04 18:32:38,035][0m Trial 412 finished with value: -19.894 and parameters: {'learning_rate': 0.050414302604066194, 'min_child_weight': 50, 'max_depth': 7, 'subsample': 0.8497924177222859, 'colsample_bytree': 0.3446453554995441, 'reg_lambda': 0.20051043943639113, 'reg_alpha': 0.025526190592377443}. Best is trial 242 with value: -19.7454.[0m

10.05 sec -- {'mean_score': -20.2285, 'valid_scores': [-25.8763, -19.9067, -14.9025], 'train_scores': [-12.1879, -13.8302, -14.2559], 'params': {'n_estimators': 200, 'learning_rate': 0.08453816647753665, 'min_child_weight': 16, 'max_depth': 6, 'gamma': 0, 'subsample': 0.5949524275881821, 'colsample_bytree': 0.5170030219374715, 'reg_lambda': 0.15435719647932342, 'reg_alpha': 0.00015064444374433077}}
[32m[I 2021-01-04 18:32:48,105][0m Trial 413 finished with value: -20.2285 and parameters: {'learning_rate': 0.08453816647753665, 'min_child_weight': 16, 'max_depth': 6, 'subsample': 0.5949524275881821, 'colsample_bytree': 0.5170030219374715, 'reg_lambda': 0.15435719647932342, 'reg_alpha': 0.00015064444374433077}. Best is trial 242 with value: -19.7454.[0m

16.38 sec -- {'mean_score': -20.118, 'valid_scores': [-26.6345, -19.6234, -14.096], 'train_scores': [-11.4101, -12.7307, -13.2062], 'params': {'n_estimators': 200, 'learning_rate': 0.056903636970237106, 'min_child_weight': 50, 'max_depth': 9, 'gamma': 0, 'subsample': 0.873285675207865, 'colsample_bytree': 0.37239235292751155, 'reg_lambda': 0.04269045590982577, 'reg_alpha': 0.015574265900941346}}
[32m[I 2021-01-04 18:33:04,518][0m Trial 414 finished with value: -20.118 and parameters: {'learning_rate': 0.056903636970237106, 'min_child_weight': 50, 'max_depth': 9, 'subsample': 0.873285675207865, 'colsample_bytree': 0.37239235292751155, 'reg_lambda': 0.04269045590982577, 'reg_alpha': 0.015574265900941346}. Best is trial 242 with value: -19.7454.[0m

14.37 sec -- {'mean_score': -20.1996, 'valid_scores': [-26.6811, -19.9556, -13.962], 'train_scores': [-12.2412, -13.8369, -14.332], 'params': {'n_estimators': 200, 'learning_rate': 0.04403711345567311, 'min_child_weight': 12, 'max_depth': 7, 'gamma': 0, 'subsample': 0.5001125061313023, 'colsample_bytree': 0.6557139649336075, 'reg_lambda': 0.053355809760623346, 'reg_alpha': 0.00010855495829545437}}
[32m[I 2021-01-04 18:33:18,908][0m Trial 415 finished with value: -20.1996 and parameters: {'learning_rate': 0.04403711345567311, 'min_child_weight': 12, 'max_depth': 7, 'subsample': 0.5001125061313023, 'colsample_bytree': 0.6557139649336075, 'reg_lambda': 0.053355809760623346, 'reg_alpha': 0.00010855495829545437}. Best is trial 242 with value: -19.7454.[0m

39.97 sec -- {'mean_score': -20.3452, 'valid_scores': [-27.0034, -19.7181, -14.3141], 'train_scores': [-9.9563, -11.0908, -11.5228], 'params': {'n_estimators': 200, 'learning_rate': 0.04449368563921076, 'min_child_weight': 30, 'max_depth': 13, 'gamma': 0, 'subsample': 0.9515654195383998, 'colsample_bytree': 0.36732143714215026, 'reg_lambda': 0.013817034458346004, 'reg_alpha': 0.015889462869768053}}
[32m[I 2021-01-04 18:33:58,901][0m Trial 416 finished with value: -20.3452 and parameters: {'learning_rate': 0.04449368563921076, 'min_child_weight': 30, 'max_depth': 13, 'subsample': 0.9515654195383998, 'colsample_bytree': 0.36732143714215026, 'reg_lambda': 0.013817034458346004, 'reg_alpha': 0.015889462869768053}. Best is trial 242 with value: -19.7454.[0m

14.76 sec -- {'mean_score': -20.0151, 'valid_scores': [-26.3621, -19.766, -13.9171], 'train_scores': [-11.5705, -13.043, -13.4492], 'params': {'n_estimators': 200, 'learning_rate': 0.06360047217580488, 'min_child_weight': 48, 'max_depth': 8, 'gamma': 0, 'subsample': 0.8413293475734404, 'colsample_bytree': 0.47690447545974823, 'reg_lambda': 0.22939107229990413, 'reg_alpha': 0.1806846753268769}}
[32m[I 2021-01-04 18:34:13,678][0m Trial 417 finished with value: -20.0151 and parameters: {'learning_rate': 0.06360047217580488, 'min_child_weight': 48, 'max_depth': 8, 'subsample': 0.8413293475734404, 'colsample_bytree': 0.47690447545974823, 'reg_lambda': 0.22939107229990413, 'reg_alpha': 0.1806846753268769}. Best is trial 242 with value: -19.7454.[0m

15.45 sec -- {'mean_score': -20.9155, 'valid_scores': [-27.7467, -20.4607, -14.5392], 'train_scores': [-10.5576, -12.3407, -12.4973], 'params': {'n_estimators': 200, 'learning_rate': 0.12526539908315854, 'min_child_weight': 40, 'max_depth': 8, 'gamma': 0, 'subsample': 0.9998834990793917, 'colsample_bytree': 0.9721604315101926, 'reg_lambda': 0.9194294334043459, 'reg_alpha': 0.32818312458793303}}
[32m[I 2021-01-04 18:34:29,151][0m Trial 418 finished with value: -20.9155 and parameters: {'learning_rate': 0.12526539908315854, 'min_child_weight': 40, 'max_depth': 8, 'subsample': 0.9998834990793917, 'colsample_bytree': 0.9721604315101926, 'reg_lambda': 0.9194294334043459, 'reg_alpha': 0.32818312458793303}. Best is trial 242 with value: -19.7454.[0m

7.98 sec -- {'mean_score': -26.1087, 'valid_scores': [-33.3779, -25.4225, -19.5256], 'train_scores': [-22.0924, -25.0231, -24.5403], 'params': {'n_estimators': 200, 'learning_rate': 0.12275561676575035, 'min_child_weight': 39, 'max_depth': 1, 'gamma': 0, 'subsample': 0.5005053970552432, 'colsample_bytree': 0.3141922674469081, 'reg_lambda': 0.8639776120356011, 'reg_alpha': 0.03831876170277312}}
[32m[I 2021-01-04 18:34:37,156][0m Trial 419 finished with value: -26.1087 and parameters: {'learning_rate': 0.12275561676575035, 'min_child_weight': 39, 'max_depth': 1, 'subsample': 0.5005053970552432, 'colsample_bytree': 0.3141922674469081, 'reg_lambda': 0.8639776120356011, 'reg_alpha': 0.03831876170277312}. Best is trial 242 with value: -19.7454.[0m

11.38 sec -- {'mean_score': -19.9789, 'valid_scores': [-26.2362, -19.8548, -13.8456], 'train_scores': [-12.4471, -14.1051, -14.4488], 'params': {'n_estimators': 200, 'learning_rate': 0.07614739370782628, 'min_child_weight': 41, 'max_depth': 6, 'gamma': 0, 'subsample': 0.886992359739581, 'colsample_bytree': 0.4215309935974023, 'reg_lambda': 0.07099419283486445, 'reg_alpha': 0.05001934040983766}}
[32m[I 2021-01-04 18:34:48,557][0m Trial 420 finished with value: -19.9789 and parameters: {'learning_rate': 0.07614739370782628, 'min_child_weight': 41, 'max_depth': 6, 'subsample': 0.886992359739581, 'colsample_bytree': 0.4215309935974023, 'reg_lambda': 0.07099419283486445, 'reg_alpha': 0.05001934040983766}. Best is trial 242 with value: -19.7454.[0m

14.67 sec -- {'mean_score': -20.0351, 'valid_scores': [-26.5653, -19.6942, -13.8457], 'train_scores': [-12.1252, -13.5648, -14.082], 'params': {'n_estimators': 200, 'learning_rate': 0.045723014520797675, 'min_child_weight': 50, 'max_depth': 8, 'gamma': 0, 'subsample': 0.8606368580074306, 'colsample_bytree': 0.33709677647392466, 'reg_lambda': 0.1081327293532941, 'reg_alpha': 0.07405771264194838}}
[32m[I 2021-01-04 18:35:03,249][0m Trial 421 finished with value: -20.0351 and parameters: {'learning_rate': 0.045723014520797675, 'min_child_weight': 50, 'max_depth': 8, 'subsample': 0.8606368580074306, 'colsample_bytree': 0.33709677647392466, 'reg_lambda': 0.1081327293532941, 'reg_alpha': 0.07405771264194838}. Best is trial 242 with value: -19.7454.[0m

9.01 sec -- {'mean_score': -20.9453, 'valid_scores': [-27.9292, -20.6683, -14.2384], 'train_scores': [-15.2906, -17.0341, -17.3089], 'params': {'n_estimators': 200, 'learning_rate': 0.050808942283788947, 'min_child_weight': 5, 'max_depth': 4, 'gamma': 0, 'subsample': 0.5535959185795161, 'colsample_bytree': 0.9651194503109992, 'reg_lambda': 0.011351607982568642, 'reg_alpha': 0.39524696750032684}}
