[32m[I 2021-01-04 17:56:12,883][0m Trial 310 finished with value: -19.9398 and parameters: {'learning_rate': 0.04725041454021053, 'min_child_weight': 32, 'max_depth': 7, 'subsample': 0.7731922798175099, 'colsample_bytree': 0.3512304159518912, 'reg_lambda': 0.048614069842494737, 'reg_alpha': 0.0008167338184087026}. Best is trial 242 with value: -19.7454.[0m

54.47 sec -- {'mean_score': -25.3878, 'valid_scores': [-34.7555, -24.5083, -16.8995], 'train_scores': [-14.8203, -16.3815, -16.7642], 'params': {'n_estimators': 200, 'learning_rate': 0.011374800014235235, 'min_child_weight': 14, 'max_depth': 11, 'gamma': 0, 'subsample': 0.5013852743880023, 'colsample_bytree': 0.6828800561579311, 'reg_lambda': 0.005396300536951694, 'reg_alpha': 0.00012885717574352817}}
[32m[I 2021-01-04 17:57:07,384][0m Trial 311 finished with value: -25.3878 and parameters: {'learning_rate': 0.011374800014235235, 'min_child_weight': 14, 'max_depth': 11, 'subsample': 0.5013852743880023, 'colsample_bytree': 0.6828800561579311, 'reg_lambda': 0.005396300536951694, 'reg_alpha': 0.00012885717574352817}. Best is trial 242 with value: -19.7454.[0m

14.73 sec -- {'mean_score': -20.1042, 'valid_scores': [-26.3235, -19.7891, -14.2], 'train_scores': [-11.7944, -13.2458, -13.7127], 'params': {'n_estimators': 200, 'learning_rate': 0.055292028801357834, 'min_child_weight': 34, 'max_depth': 8, 'gamma': 0, 'subsample': 0.7451140820655374, 'colsample_bytree': 0.31916945302961885, 'reg_lambda': 0.07166349773185993, 'reg_alpha': 0.0016052123124194464}}
[32m[I 2021-01-04 17:57:22,137][0m Trial 312 finished with value: -20.1042 and parameters: {'learning_rate': 0.055292028801357834, 'min_child_weight': 34, 'max_depth': 8, 'subsample': 0.7451140820655374, 'colsample_bytree': 0.31916945302961885, 'reg_lambda': 0.07166349773185993, 'reg_alpha': 0.0016052123124194464}. Best is trial 242 with value: -19.7454.[0m

16.15 sec -- {'mean_score': -20.3362, 'valid_scores': [-26.9318, -20.1203, -13.9566], 'train_scores': [-12.2999, -13.8553, -14.4118], 'params': {'n_estimators': 200, 'learning_rate': 0.031768835915728336, 'min_child_weight': 17, 'max_depth': 8, 'gamma': 0, 'subsample': 0.5270075554576572, 'colsample_bytree': 0.44785674703405176, 'reg_lambda': 0.04232396574161732, 'reg_alpha': 0.0008044411236389569}}
[32m[I 2021-01-04 17:57:38,312][0m Trial 313 finished with value: -20.3362 and parameters: {'learning_rate': 0.031768835915728336, 'min_child_weight': 17, 'max_depth': 8, 'subsample': 0.5270075554576572, 'colsample_bytree': 0.44785674703405176, 'reg_lambda': 0.04232396574161732, 'reg_alpha': 0.0008044411236389569}. Best is trial 242 with value: -19.7454.[0m

8.35 sec -- {'mean_score': -20.5599, 'valid_scores': [-27.2752, -20.426, -13.9784], 'train_scores': [-14.1425, -16.0066, -16.2845], 'params': {'n_estimators': 200, 'learning_rate': 0.07728154822709657, 'min_child_weight': 2, 'max_depth': 4, 'gamma': 0, 'subsample': 0.8272906880135816, 'colsample_bytree': 0.5258627319752013, 'reg_lambda': 0.000247898619250306, 'reg_alpha': 0.002144993795925226}}
[32m[I 2021-01-04 17:57:46,682][0m Trial 314 finished with value: -20.5599 and parameters: {'learning_rate': 0.07728154822709657, 'min_child_weight': 2, 'max_depth': 4, 'subsample': 0.8272906880135816, 'colsample_bytree': 0.5258627319752013, 'reg_lambda': 0.000247898619250306, 'reg_alpha': 0.002144993795925226}. Best is trial 242 with value: -19.7454.[0m

10.77 sec -- {'mean_score': -20.0947, 'valid_scores': [-26.4908, -19.946, -13.8474], 'train_scores': [-12.8828, -14.5684, -15.0747], 'params': {'n_estimators': 200, 'learning_rate': 0.053505569293471514, 'min_child_weight': 20, 'max_depth': 6, 'gamma': 0, 'subsample': 0.6048113849331415, 'colsample_bytree': 0.31030421883093384, 'reg_lambda': 0.009134778027900062, 'reg_alpha': 0.04892465906891133}}
[32m[I 2021-01-04 17:57:57,474][0m Trial 315 finished with value: -20.0947 and parameters: {'learning_rate': 0.053505569293471514, 'min_child_weight': 20, 'max_depth': 6, 'subsample': 0.6048113849331415, 'colsample_bytree': 0.31030421883093384, 'reg_lambda': 0.009134778027900062, 'reg_alpha': 0.04892465906891133}. Best is trial 242 with value: -19.7454.[0m

6.81 sec -- {'mean_score': -25.5292, 'valid_scores': [-32.775, -24.993, -18.8197], 'train_scores': [-21.4931, -24.2873, -23.7659], 'params': {'n_estimators': 200, 'learning_rate': 0.15282291862995662, 'min_child_weight': 3, 'max_depth': 1, 'gamma': 0, 'subsample': 0.6538363291548754, 'colsample_bytree': 0.9523821543253902, 'reg_lambda': 0.014958094793110693, 'reg_alpha': 0.0007900342991367095}}
[32m[I 2021-01-04 17:58:04,319][0m Trial 316 finished with value: -25.5292 and parameters: {'learning_rate': 0.15282291862995662, 'min_child_weight': 3, 'max_depth': 1, 'subsample': 0.6538363291548754, 'colsample_bytree': 0.9523821543253902, 'reg_lambda': 0.014958094793110693, 'reg_alpha': 0.0007900342991367095}. Best is trial 242 with value: -19.7454.[0m

9.46 sec -- {'mean_score': -20.2523, 'valid_scores': [-26.4141, -20.4533, -13.8894], 'train_scores': [-13.7898, -15.6817, -15.8681], 'params': {'n_estimators': 200, 'learning_rate': 0.10214566962963507, 'min_child_weight': 47, 'max_depth': 4, 'gamma': 0, 'subsample': 0.9611382152925592, 'colsample_bytree': 0.5946628248348858, 'reg_lambda': 0.30359387270734545, 'reg_alpha': 0.0001406931932240456}}
[32m[I 2021-01-04 17:58:13,800][0m Trial 317 finished with value: -20.2523 and parameters: {'learning_rate': 0.10214566962963507, 'min_child_weight': 47, 'max_depth': 4, 'subsample': 0.9611382152925592, 'colsample_bytree': 0.5946628248348858, 'reg_lambda': 0.30359387270734545, 'reg_alpha': 0.0001406931932240456}. Best is trial 242 with value: -19.7454.[0m

13.22 sec -- {'mean_score': -20.1518, 'valid_scores': [-26.5796, -19.7474, -14.1284], 'train_scores': [-11.7406, -13.176, -13.601], 'params': {'n_estimators': 200, 'learning_rate': 0.06353636776601737, 'min_child_weight': 39, 'max_depth': 8, 'gamma': 0, 'subsample': 0.7402876921102256, 'colsample_bytree': 0.3001653477065932, 'reg_lambda': 0.007534935479279379, 'reg_alpha': 0.0001075816125627185}}
[32m[I 2021-01-04 17:58:27,059][0m Trial 318 finished with value: -20.1518 and parameters: {'learning_rate': 0.06353636776601737, 'min_child_weight': 39, 'max_depth': 8, 'subsample': 0.7402876921102256, 'colsample_bytree': 0.3001653477065932, 'reg_lambda': 0.007534935479279379, 'reg_alpha': 0.0001075816125627185}. Best is trial 242 with value: -19.7454.[0m

24.13 sec -- {'mean_score': -20.6628, 'valid_scores': [-26.9823, -19.8512, -15.1549], 'train_scores': [-10.0472, -11.2123, -11.6035], 'params': {'n_estimators': 200, 'learning_rate': 0.08477248945284928, 'min_child_weight': 26, 'max_depth': 12, 'gamma': 0, 'subsample': 0.5247190490492047, 'colsample_bytree': 0.4323412397515754, 'reg_lambda': 0.8649197004108391, 'reg_alpha': 0.04959346032179844}}
[32m[I 2021-01-04 17:58:51,205][0m Trial 319 finished with value: -20.6628 and parameters: {'learning_rate': 0.08477248945284928, 'min_child_weight': 26, 'max_depth': 12, 'subsample': 0.5247190490492047, 'colsample_bytree': 0.4323412397515754, 'reg_lambda': 0.8649197004108391, 'reg_alpha': 0.04959346032179844}. Best is trial 242 with value: -19.7454.[0m

44.85 sec -- {'mean_score': -21.8206, 'valid_scores': [-27.6549, -20.9522, -16.8547], 'train_scores': [-8.2634, -9.0953, -9.5688], 'params': {'n_estimators': 200, 'learning_rate': 0.15511229611716357, 'min_child_weight': 18, 'max_depth': 17, 'gamma': 0, 'subsample': 0.5246278318963745, 'colsample_bytree': 0.5099574277808658, 'reg_lambda': 0.0014305277033555782, 'reg_alpha': 0.001146953134587774}}
[32m[I 2021-01-04 17:59:36,079][0m Trial 320 finished with value: -21.8206 and parameters: {'learning_rate': 0.15511229611716357, 'min_child_weight': 18, 'max_depth': 17, 'subsample': 0.5246278318963745, 'colsample_bytree': 0.5099574277808658, 'reg_lambda': 0.0014305277033555782, 'reg_alpha': 0.001146953134587774}. Best is trial 242 with value: -19.7454.[0m

11.01 sec -- {'mean_score': -19.9669, 'valid_scores': [-26.0003, -19.7999, -14.1005], 'train_scores': [-12.1714, -13.8233, -14.3352], 'params': {'n_estimators': 200, 'learning_rate': 0.08837724074508606, 'min_child_weight': 29, 'max_depth': 6, 'gamma': 0, 'subsample': 0.8474560889956411, 'colsample_bytree': 0.3096794377286401, 'reg_lambda': 0.12215433127004775, 'reg_alpha': 0.06733788905715121}}
[32m[I 2021-01-04 17:59:47,113][0m Trial 321 finished with value: -19.9669 and parameters: {'learning_rate': 0.08837724074508606, 'min_child_weight': 29, 'max_depth': 6, 'subsample': 0.8474560889956411, 'colsample_bytree': 0.3096794377286401, 'reg_lambda': 0.12215433127004775, 'reg_alpha': 0.06733788905715121}. Best is trial 242 with value: -19.7454.[0m

9.29 sec -- {'mean_score': -20.844, 'valid_scores': [-27.5868, -20.6839, -14.2612], 'train_scores': [-15.5498, -17.0384, -17.5626], 'params': {'n_estimators': 200, 'learning_rate': 0.05110218351385744, 'min_child_weight': 22, 'max_depth': 4, 'gamma': 0, 'subsample': 0.8003966751980482, 'colsample_bytree': 0.31033055588690284, 'reg_lambda': 0.14269613874473713, 'reg_alpha': 0.1410328019826794}}
[32m[I 2021-01-04 17:59:56,451][0m Trial 322 finished with value: -20.844 and parameters: {'learning_rate': 0.05110218351385744, 'min_child_weight': 22, 'max_depth': 4, 'subsample': 0.8003966751980482, 'colsample_bytree': 0.31033055588690284, 'reg_lambda': 0.14269613874473713, 'reg_alpha': 0.1410328019826794}. Best is trial 242 with value: -19.7454.[0m

10.18 sec -- {'mean_score': -19.8486, 'valid_scores': [-25.732, -19.8877, -13.926], 'train_scores': [-12.2862, -13.883, -14.3502], 'params': {'n_estimators': 200, 'learning_rate': 0.08516022367992544, 'min_child_weight': 27, 'max_depth': 6, 'gamma': 0, 'subsample': 0.8608638956975723, 'colsample_bytree': 0.3494699719010227, 'reg_lambda': 0.08976407348528688, 'reg_alpha': 0.09676899376516161}}
[32m[I 2021-01-04 18:00:06,665][0m Trial 323 finished with value: -19.8486 and parameters: {'learning_rate': 0.08516022367992544, 'min_child_weight': 27, 'max_depth': 6, 'subsample': 0.8608638956975723, 'colsample_bytree': 0.3494699719010227, 'reg_lambda': 0.08976407348528688, 'reg_alpha': 0.09676899376516161}. Best is trial 242 with value: -19.7454.[0m

30.18 sec -- {'mean_score': -20.2772, 'valid_scores': [-26.9509, -19.6685, -14.2121], 'train_scores': [-11.021, -12.2972, -12.7321], 'params': {'n_estimators': 200, 'learning_rate': 0.03551241004150766, 'min_child_weight': 34, 'max_depth': 12, 'gamma': 0, 'subsample': 0.7446131093012106, 'colsample_bytree': 0.33338797044062507, 'reg_lambda': 0.05533426490010811, 'reg_alpha': 0.011060243369449402}}
[32m[I 2021-01-04 18:00:36,868][0m Trial 324 finished with value: -20.2772 and parameters: {'learning_rate': 0.03551241004150766, 'min_child_weight': 34, 'max_depth': 12, 'subsample': 0.7446131093012106, 'colsample_bytree': 0.33338797044062507, 'reg_lambda': 0.05533426490010811, 'reg_alpha': 0.011060243369449402}. Best is trial 242 with value: -19.7454.[0m

17.54 sec -- {'mean_score': -20.1477, 'valid_scores': [-26.5513, -19.8968, -13.995], 'train_scores': [-10.6958, -12.0671, -12.4936], 'params': {'n_estimators': 200, 'learning_rate': 0.07598396567818501, 'min_child_weight': 32, 'max_depth': 9, 'gamma': 0, 'subsample': 0.8063327340036102, 'colsample_bytree': 0.5918222253152674, 'reg_lambda': 0.9780377458047735, 'reg_alpha': 0.03536153830342861}}
[32m[I 2021-01-04 18:00:54,444][0m Trial 325 finished with value: -20.1477 and parameters: {'learning_rate': 0.07598396567818501, 'min_child_weight': 32, 'max_depth': 9, 'subsample': 0.8063327340036102, 'colsample_bytree': 0.5918222253152674, 'reg_lambda': 0.9780377458047735, 'reg_alpha': 0.03536153830342861}. Best is trial 242 with value: -19.7454.[0m

13.18 sec -- {'mean_score': -20.2906, 'valid_scores': [-26.4574, -19.7467, -14.6678], 'train_scores': [-10.7845, -12.1813, -12.6656], 'params': {'n_estimators': 200, 'learning_rate': 0.10458516974719938, 'min_child_weight': 26, 'max_depth': 8, 'gamma': 0, 'subsample': 0.8468211244955496, 'colsample_bytree': 0.5279189923693359, 'reg_lambda': 0.136114939117875, 'reg_alpha': 0.0427227424710821}}
[32m[I 2021-01-04 18:01:07,661][0m Trial 326 finished with value: -20.2906 and parameters: {'learning_rate': 0.10458516974719938, 'min_child_weight': 26, 'max_depth': 8, 'subsample': 0.8468211244955496, 'colsample_bytree': 0.5279189923693359, 'reg_lambda': 0.136114939117875, 'reg_alpha': 0.0427227424710821}. Best is trial 242 with value: -19.7454.[0m

7.62 sec -- {'mean_score': -19.9457, 'valid_scores': [-25.8484, -19.7918, -14.1968], 'train_scores': [-13.6915, -15.2618, -15.6503], 'params': {'n_estimators': 200, 'learning_rate': 0.11985386123304895, 'min_child_weight': 12, 'max_depth': 4, 'gamma': 0, 'subsample': 0.8485465725038468, 'colsample_bytree': 0.33777393284700946, 'reg_lambda': 0.01797002895740907, 'reg_alpha': 0.03245948342522162}}
[32m[I 2021-01-04 18:01:15,299][0m Trial 327 finished with value: -19.9457 and parameters: {'learning_rate': 0.11985386123304895, 'min_child_weight': 12, 'max_depth': 4, 'subsample': 0.8485465725038468, 'colsample_bytree': 0.33777393284700946, 'reg_lambda': 0.01797002895740907, 'reg_alpha': 0.03245948342522162}. Best is trial 242 with value: -19.7454.[0m

36.62 sec -- {'mean_score': -21.5591, 'valid_scores': [-29.2108, -21.0765, -14.3899], 'train_scores': [-12.2112, -13.644, -14.0969], 'params': {'n_estimators': 200, 'learning_rate': 0.017975097463028885, 'min_child_weight': 33, 'max_depth': 11, 'gamma': 0, 'subsample': 0.6331556899601832, 'colsample_bytree': 0.5777471839729321, 'reg_lambda': 0.003965654405720733, 'reg_alpha': 0.000345831692464097}}
[32m[I 2021-01-04 18:01:51,950][0m Trial 328 finished with value: -21.5591 and parameters: {'learning_rate': 0.017975097463028885, 'min_child_weight': 33, 'max_depth': 11, 'subsample': 0.6331556899601832, 'colsample_bytree': 0.5777471839729321, 'reg_lambda': 0.003965654405720733, 'reg_alpha': 0.000345831692464097}. Best is trial 242 with value: -19.7454.[0m

12.36 sec -- {'mean_score': -20.0606, 'valid_scores': [-26.2839, -19.9186, -13.9792], 'train_scores': [-11.6145, -13.2176, -13.5795], 'params': {'n_estimators': 200, 'learning_rate': 0.0789597164460197, 'min_child_weight': 30, 'max_depth': 7, 'gamma': 0, 'subsample': 0.9394240053531328, 'colsample_bytree': 0.48754927283642946, 'reg_lambda': 0.40311844569966193, 'reg_alpha': 0.17185040642390603}}
[32m[I 2021-01-04 18:02:04,328][0m Trial 329 finished with value: -20.0606 and parameters: {'learning_rate': 0.0789597164460197, 'min_child_weight': 30, 'max_depth': 7, 'subsample': 0.9394240053531328, 'colsample_bytree': 0.48754927283642946, 'reg_lambda': 0.40311844569966193, 'reg_alpha': 0.17185040642390603}. Best is trial 242 with value: -19.7454.[0m

9.82 sec -- {'mean_score': -20.2803, 'valid_scores': [-26.6991, -19.9644, -14.1773], 'train_scores': [-11.6926, -13.2176, -13.8084], 'params': {'n_estimators': 200, 'learning_rate': 0.12904595806453203, 'min_child_weight': 13, 'max_depth': 6, 'gamma': 0, 'subsample': 0.8183823950145561, 'colsample_bytree': 0.3908916272052102, 'reg_lambda': 0.011585100709022857, 'reg_alpha': 0.10028122426351416}}
[32m[I 2021-01-04 18:02:14,164][0m Trial 330 finished with value: -20.2803 and parameters: {'learning_rate': 0.12904595806453203, 'min_child_weight': 13, 'max_depth': 6, 'subsample': 0.8183823950145561, 'colsample_bytree': 0.3908916272052102, 'reg_lambda': 0.011585100709022857, 'reg_alpha': 0.10028122426351416}. Best is trial 242 with value: -19.7454.[0m

7.15 sec -- {'mean_score': -25.4749, 'valid_scores': [-32.5364, -25.0315, -18.8567], 'train_scores': [-21.2785, -24.1608, -23.624], 'params': {'n_estimators': 200, 'learning_rate': 0.168533723042966, 'min_child_weight': 24, 'max_depth': 1, 'gamma': 0, 'subsample': 0.8515440533749014, 'colsample_bytree': 0.3126120124284591, 'reg_lambda': 0.03590237485790957, 'reg_alpha': 0.17973523921452708}}
[32m[I 2021-01-04 18:02:21,342][0m Trial 331 finished with value: -25.4749 and parameters: {'learning_rate': 0.168533723042966, 'min_child_weight': 24, 'max_depth': 1, 'subsample': 0.8515440533749014, 'colsample_bytree': 0.3126120124284591, 'reg_lambda': 0.03590237485790957, 'reg_alpha': 0.17973523921452708}. Best is trial 242 with value: -19.7454.[0m

9.72 sec -- {'mean_score': -20.0947, 'valid_scores': [-26.0361, -19.7478, -14.5001], 'train_scores': [-12.1054, -13.8038, -14.2478], 'params': {'n_estimators': 200, 'learning_rate': 0.10327661690610662, 'min_child_weight': 38, 'max_depth': 6, 'gamma': 0, 'subsample': 0.7977422166509248, 'colsample_bytree': 0.3321359845520703, 'reg_lambda': 0.05653689295172188, 'reg_alpha': 0.04508032170953289}}
[32m[I 2021-01-04 18:02:31,086][0m Trial 332 finished with value: -20.0947 and parameters: {'learning_rate': 0.10327661690610662, 'min_child_weight': 38, 'max_depth': 6, 'subsample': 0.7977422166509248, 'colsample_bytree': 0.3321359845520703, 'reg_lambda': 0.05653689295172188, 'reg_alpha': 0.04508032170953289}. Best is trial 242 with value: -19.7454.[0m

9.36 sec -- {'mean_score': -20.0467, 'valid_scores': [-25.4383, -20.02, -14.6819], 'train_scores': [-11.9114, -13.3845, -13.9267], 'params': {'n_estimators': 200, 'learning_rate': 0.12090876311771566, 'min_child_weight': 14, 'max_depth': 6, 'gamma': 0, 'subsample': 0.7043043169834848, 'colsample_bytree': 0.34169756511511346, 'reg_lambda': 0.2296418248064805, 'reg_alpha': 0.05501771006433781}}
[32m[I 2021-01-04 18:02:40,465][0m Trial 333 finished with value: -20.0467 and parameters: {'learning_rate': 0.12090876311771566, 'min_child_weight': 14, 'max_depth': 6, 'subsample': 0.7043043169834848, 'colsample_bytree': 0.34169756511511346, 'reg_lambda': 0.2296418248064805, 'reg_alpha': 0.05501771006433781}. Best is trial 242 with value: -19.7454.[0m

10.96 sec -- {'mean_score': -20.0767, 'valid_scores': [-25.8094, -19.8111, -14.6097], 'train_scores': [-11.5967, -13.0524, -13.5499], 'params': {'n_estimators': 200, 'learning_rate': 0.09068533081883537, 'min_child_weight': 26, 'max_depth': 7, 'gamma': 0, 'subsample': 0.7771487958916016, 'colsample_bytree': 0.32130092614748834, 'reg_lambda': 0.23402353024754388, 'reg_alpha': 0.7245324996196856}}
[32m[I 2021-01-04 18:02:51,441][0m Trial 334 finished with value: -20.0767 and parameters: {'learning_rate': 0.09068533081883537, 'min_child_weight': 26, 'max_depth': 7, 'subsample': 0.7771487958916016, 'colsample_bytree': 0.32130092614748834, 'reg_lambda': 0.23402353024754388, 'reg_alpha': 0.7245324996196856}. Best is trial 242 with value: -19.7454.[0m

116.31 sec -- {'mean_score': -21.913, 'valid_scores': [-27.8804, -20.3297, -17.5289], 'train_scores': [-6.587, -7.1612, -7.407], 'params': {'n_estimators': 200, 'learning_rate': 0.08082661077135485, 'min_child_weight': 9, 'max_depth': 20, 'gamma': 0, 'subsample': 0.9883389193669768, 'colsample_bytree': 0.33551122086624424, 'reg_lambda': 0.44819853301947604, 'reg_alpha': 0.0020030028983792367}}
[32m[I 2021-01-04 18:04:47,781][0m Trial 335 finished with value: -21.913 and parameters: {'learning_rate': 0.08082661077135485, 'min_child_weight': 9, 'max_depth': 20, 'subsample': 0.9883389193669768, 'colsample_bytree': 0.33551122086624424, 'reg_lambda': 0.44819853301947604, 'reg_alpha': 0.0020030028983792367}. Best is trial 242 with value: -19.7454.[0m

9.71 sec -- {'mean_score': -20.2698, 'valid_scores': [-26.6268, -19.6988, -14.4839], 'train_scores': [-13.3445, -15.2387, -15.6202], 'params': {'n_estimators': 200, 'learning_rate': 0.1313852502214238, 'min_child_weight': 4, 'max_depth': 4, 'gamma': 0, 'subsample': 0.9464063351652405, 'colsample_bytree': 0.34835039239559035, 'reg_lambda': 0.049539211774311094, 'reg_alpha': 0.020378164484149166}}
[32m[I 2021-01-04 18:04:57,523][0m Trial 336 finished with value: -20.2698 and parameters: {'learning_rate': 0.1313852502214238, 'min_child_weight': 4, 'max_depth': 4, 'subsample': 0.9464063351652405, 'colsample_bytree': 0.34835039239559035, 'reg_lambda': 0.049539211774311094, 'reg_alpha': 0.020378164484149166}. Best is trial 242 with value: -19.7454.[0m

20.16 sec -- {'mean_score': -20.0512, 'valid_scores': [-26.5445, -19.7112, -13.8979], 'train_scores': [-11.7305, -13.1243, -13.6671], 'params': {'n_estimators': 200, 'learning_rate': 0.03866568222816941, 'min_child_weight': 38, 'max_depth': 9, 'gamma': 0, 'subsample': 0.8313526084317392, 'colsample_bytree': 0.35552007176506095, 'reg_lambda': 0.006365276358730414, 'reg_alpha': 0.007905708518359115}}
[32m[I 2021-01-04 18:05:17,705][0m Trial 337 finished with value: -20.0512 and parameters: {'learning_rate': 0.03866568222816941, 'min_child_weight': 38, 'max_depth': 9, 'subsample': 0.8313526084317392, 'colsample_bytree': 0.35552007176506095, 'reg_lambda': 0.006365276358730414, 'reg_alpha': 0.007905708518359115}. Best is trial 242 with value: -19.7454.[0m

9.29 sec -- {'mean_score': -27.168, 'valid_scores': [-36.5595, -25.9787, -18.9658], 'train_scores': [-20.8609, -23.2542, -23.2906], 'params': {'n_estimators': 200, 'learning_rate': 0.013368294659951235, 'min_child_weight': 35, 'max_depth': 4, 'gamma': 0, 'subsample': 0.6953363245082231, 'colsample_bytree': 0.38502818448601667, 'reg_lambda': 0.028650874157913744, 'reg_alpha': 0.0006942710412174794}}
