[32m[I 2021-01-04 17:47:37,441][0m Trial 282 finished with value: -19.9841 and parameters: {'learning_rate': 0.09162288179250043, 'min_child_weight': 32, 'max_depth': 6, 'subsample': 0.5767300552227842, 'colsample_bytree': 0.365751756086504, 'reg_lambda': 0.023951210163070977, 'reg_alpha': 0.0013976937092874118}. Best is trial 242 with value: -19.7454.[0m

11.53 sec -- {'mean_score': -20.0924, 'valid_scores': [-26.7778, -19.7079, -13.7915], 'train_scores': [-12.4123, -14.2083, -14.6185], 'params': {'n_estimators': 200, 'learning_rate': 0.059618165011757346, 'min_child_weight': 8, 'max_depth': 6, 'gamma': 0, 'subsample': 0.5835850525771025, 'colsample_bytree': 0.6256288871873429, 'reg_lambda': 0.01510985358843613, 'reg_alpha': 0.0018001846268619478}}
[32m[I 2021-01-04 17:47:48,995][0m Trial 283 finished with value: -20.0924 and parameters: {'learning_rate': 0.059618165011757346, 'min_child_weight': 8, 'max_depth': 6, 'subsample': 0.5835850525771025, 'colsample_bytree': 0.6256288871873429, 'reg_lambda': 0.01510985358843613, 'reg_alpha': 0.0018001846268619478}. Best is trial 242 with value: -19.7454.[0m

12.13 sec -- {'mean_score': -20.4304, 'valid_scores': [-27.5097, -20.003, -13.7784], 'train_scores': [-13.3346, -15.1766, -15.5335], 'params': {'n_estimators': 200, 'learning_rate': 0.03595072336479337, 'min_child_weight': 12, 'max_depth': 6, 'gamma': 0, 'subsample': 0.7828935070204767, 'colsample_bytree': 0.775409978343635, 'reg_lambda': 0.000416670795297235, 'reg_alpha': 0.006554544634180742}}
[32m[I 2021-01-04 17:48:01,148][0m Trial 284 finished with value: -20.4304 and parameters: {'learning_rate': 0.03595072336479337, 'min_child_weight': 12, 'max_depth': 6, 'subsample': 0.7828935070204767, 'colsample_bytree': 0.775409978343635, 'reg_lambda': 0.000416670795297235, 'reg_alpha': 0.006554544634180742}. Best is trial 242 with value: -19.7454.[0m

10.78 sec -- {'mean_score': -19.9852, 'valid_scores': [-25.8669, -19.7733, -14.3153], 'train_scores': [-11.8967, -13.3441, -13.7846], 'params': {'n_estimators': 200, 'learning_rate': 0.0897448590376305, 'min_child_weight': 25, 'max_depth': 7, 'gamma': 0, 'subsample': 0.504994133362761, 'colsample_bytree': 0.3263291117968665, 'reg_lambda': 0.7495139712562185, 'reg_alpha': 0.2999826044671231}}
[32m[I 2021-01-04 17:48:11,958][0m Trial 285 finished with value: -19.9852 and parameters: {'learning_rate': 0.0897448590376305, 'min_child_weight': 25, 'max_depth': 7, 'subsample': 0.504994133362761, 'colsample_bytree': 0.3263291117968665, 'reg_lambda': 0.7495139712562185, 'reg_alpha': 0.2999826044671231}. Best is trial 242 with value: -19.7454.[0m

13.15 sec -- {'mean_score': -20.2779, 'valid_scores': [-26.5867, -19.6641, -14.5829], 'train_scores': [-10.9859, -12.4268, -12.928], 'params': {'n_estimators': 200, 'learning_rate': 0.10336237912263471, 'min_child_weight': 23, 'max_depth': 8, 'gamma': 0, 'subsample': 0.5416687317861751, 'colsample_bytree': 0.5738103161199442, 'reg_lambda': 0.6956211221541225, 'reg_alpha': 0.5633179029534144}}
[32m[I 2021-01-04 17:48:25,132][0m Trial 286 finished with value: -20.2779 and parameters: {'learning_rate': 0.10336237912263471, 'min_child_weight': 23, 'max_depth': 8, 'subsample': 0.5416687317861751, 'colsample_bytree': 0.5738103161199442, 'reg_lambda': 0.6956211221541225, 'reg_alpha': 0.5633179029534144}. Best is trial 242 with value: -19.7454.[0m

11.35 sec -- {'mean_score': -20.5032, 'valid_scores': [-26.4837, -20.1712, -14.8546], 'train_scores': [-11.4332, -12.9924, -13.4801], 'params': {'n_estimators': 200, 'learning_rate': 0.11905850470961762, 'min_child_weight': 18, 'max_depth': 7, 'gamma': 0, 'subsample': 0.5169951796469032, 'colsample_bytree': 0.3202352657634744, 'reg_lambda': 0.7443991453737132, 'reg_alpha': 0.6296234513535605}}
[32m[I 2021-01-04 17:48:36,506][0m Trial 287 finished with value: -20.5032 and parameters: {'learning_rate': 0.11905850470961762, 'min_child_weight': 18, 'max_depth': 7, 'subsample': 0.5169951796469032, 'colsample_bytree': 0.3202352657634744, 'reg_lambda': 0.7443991453737132, 'reg_alpha': 0.6296234513535605}. Best is trial 242 with value: -19.7454.[0m

158.69 sec -- {'mean_score': -26.1221, 'valid_scores': [-36.0612, -24.931, -17.3742], 'train_scores': [-13.2554, -14.6957, -15.3271], 'params': {'n_estimators': 200, 'learning_rate': 0.011043278163865286, 'min_child_weight': 1, 'max_depth': 12, 'gamma': 0, 'subsample': 0.7480357609205011, 'colsample_bytree': 0.7651680488676644, 'reg_lambda': 0.001798062902728365, 'reg_alpha': 0.9307310626694411}}
[32m[I 2021-01-04 17:51:15,226][0m Trial 288 finished with value: -26.1221 and parameters: {'learning_rate': 0.011043278163865286, 'min_child_weight': 1, 'max_depth': 12, 'subsample': 0.7480357609205011, 'colsample_bytree': 0.7651680488676644, 'reg_lambda': 0.001798062902728365, 'reg_alpha': 0.9307310626694411}. Best is trial 242 with value: -19.7454.[0m

9.12 sec -- {'mean_score': -20.4974, 'valid_scores': [-26.3227, -20.8438, -14.3258], 'train_scores': [-13.17, -14.9076, -15.1615], 'params': {'n_estimators': 200, 'learning_rate': 0.18469802131516574, 'min_child_weight': 38, 'max_depth': 4, 'gamma': 0, 'subsample': 0.7959512166602247, 'colsample_bytree': 0.8058598109355702, 'reg_lambda': 0.0021782086189040726, 'reg_alpha': 0.715775163799468}}
[32m[I 2021-01-04 17:51:24,364][0m Trial 289 finished with value: -20.4974 and parameters: {'learning_rate': 0.18469802131516574, 'min_child_weight': 38, 'max_depth': 4, 'subsample': 0.7959512166602247, 'colsample_bytree': 0.8058598109355702, 'reg_lambda': 0.0021782086189040726, 'reg_alpha': 0.715775163799468}. Best is trial 242 with value: -19.7454.[0m

16.5 sec -- {'mean_score': -20.6472, 'valid_scores': [-27.5759, -20.133, -14.2328], 'train_scores': [-13.06, -14.704, -15.3033], 'params': {'n_estimators': 200, 'learning_rate': 0.027971622606968602, 'min_child_weight': 31, 'max_depth': 8, 'gamma': 0, 'subsample': 0.6866326973283363, 'colsample_bytree': 0.3223178863371888, 'reg_lambda': 0.03858188579591764, 'reg_alpha': 0.0001583807267658036}}
[32m[I 2021-01-04 17:51:40,879][0m Trial 290 finished with value: -20.6472 and parameters: {'learning_rate': 0.027971622606968602, 'min_child_weight': 31, 'max_depth': 8, 'subsample': 0.6866326973283363, 'colsample_bytree': 0.3223178863371888, 'reg_lambda': 0.03858188579591764, 'reg_alpha': 0.0001583807267658036}. Best is trial 242 with value: -19.7454.[0m

10.37 sec -- {'mean_score': -20.055, 'valid_scores': [-26.3326, -20.0083, -13.824], 'train_scores': [-12.9456, -14.5844, -14.9838], 'params': {'n_estimators': 200, 'learning_rate': 0.05884168223401612, 'min_child_weight': 37, 'max_depth': 6, 'gamma': 0, 'subsample': 0.5766508234450821, 'colsample_bytree': 0.42533752758132104, 'reg_lambda': 0.012398455236022999, 'reg_alpha': 0.002766981759597577}}
[32m[I 2021-01-04 17:51:51,271][0m Trial 291 finished with value: -20.055 and parameters: {'learning_rate': 0.05884168223401612, 'min_child_weight': 37, 'max_depth': 6, 'subsample': 0.5766508234450821, 'colsample_bytree': 0.42533752758132104, 'reg_lambda': 0.012398455236022999, 'reg_alpha': 0.002766981759597577}. Best is trial 242 with value: -19.7454.[0m

9.67 sec -- {'mean_score': -20.0834, 'valid_scores': [-26.1456, -19.9937, -14.1109], 'train_scores': [-12.5344, -14.0077, -14.523], 'params': {'n_estimators': 200, 'learning_rate': 0.08989389508190705, 'min_child_weight': 32, 'max_depth': 6, 'gamma': 0, 'subsample': 0.5198274116212493, 'colsample_bytree': 0.3054263158002813, 'reg_lambda': 0.0761038922204758, 'reg_alpha': 0.30578382374522817}}
[32m[I 2021-01-04 17:52:00,960][0m Trial 292 finished with value: -20.0834 and parameters: {'learning_rate': 0.08989389508190705, 'min_child_weight': 32, 'max_depth': 6, 'subsample': 0.5198274116212493, 'colsample_bytree': 0.3054263158002813, 'reg_lambda': 0.0761038922204758, 'reg_alpha': 0.30578382374522817}. Best is trial 242 with value: -19.7454.[0m

10.92 sec -- {'mean_score': -19.9459, 'valid_scores': [-26.3198, -19.7444, -13.7735], 'train_scores': [-12.2585, -13.9106, -14.2659], 'params': {'n_estimators': 200, 'learning_rate': 0.08826877897438433, 'min_child_weight': 43, 'max_depth': 6, 'gamma': 0, 'subsample': 0.9169760123186044, 'colsample_bytree': 0.4773876093206067, 'reg_lambda': 0.5913405006938623, 'reg_alpha': 0.04806649427226089}}
[32m[I 2021-01-04 17:52:11,915][0m Trial 293 finished with value: -19.9459 and parameters: {'learning_rate': 0.08826877897438433, 'min_child_weight': 43, 'max_depth': 6, 'subsample': 0.9169760123186044, 'colsample_bytree': 0.4773876093206067, 'reg_lambda': 0.5913405006938623, 'reg_alpha': 0.04806649427226089}. Best is trial 242 with value: -19.7454.[0m

12.65 sec -- {'mean_score': -20.4783, 'valid_scores': [-26.7083, -19.9531, -14.7735], 'train_scores': [-11.419, -12.8623, -13.3544], 'params': {'n_estimators': 200, 'learning_rate': 0.10133844681466822, 'min_child_weight': 45, 'max_depth': 8, 'gamma': 0, 'subsample': 0.5230061788356842, 'colsample_bytree': 0.37374133228912726, 'reg_lambda': 0.020998687938027893, 'reg_alpha': 0.0004672596457423476}}
[32m[I 2021-01-04 17:52:24,607][0m Trial 294 finished with value: -20.4783 and parameters: {'learning_rate': 0.10133844681466822, 'min_child_weight': 45, 'max_depth': 8, 'subsample': 0.5230061788356842, 'colsample_bytree': 0.37374133228912726, 'reg_lambda': 0.020998687938027893, 'reg_alpha': 0.0004672596457423476}. Best is trial 242 with value: -19.7454.[0m

8.55 sec -- {'mean_score': -20.1424, 'valid_scores': [-26.398, -19.9322, -14.0971], 'train_scores': [-12.6991, -14.3429, -14.6241], 'params': {'n_estimators': 200, 'learning_rate': 0.11476805588250402, 'min_child_weight': 36, 'max_depth': 5, 'gamma': 0, 'subsample': 0.9120838299625904, 'colsample_bytree': 0.5659239674649792, 'reg_lambda': 0.38395337705989785, 'reg_alpha': 0.027918798778393476}}
[32m[I 2021-01-04 17:52:33,187][0m Trial 295 finished with value: -20.1424 and parameters: {'learning_rate': 0.11476805588250402, 'min_child_weight': 36, 'max_depth': 5, 'subsample': 0.9120838299625904, 'colsample_bytree': 0.5659239674649792, 'reg_lambda': 0.38395337705989785, 'reg_alpha': 0.027918798778393476}. Best is trial 242 with value: -19.7454.[0m

7.26 sec -- {'mean_score': -21.8541, 'valid_scores': [-28.5404, -22.0697, -14.9522], 'train_scores': [-16.9871, -18.8911, -18.9579], 'params': {'n_estimators': 200, 'learning_rate': 0.06086411194264692, 'min_child_weight': 36, 'max_depth': 3, 'gamma': 0, 'subsample': 0.7389345414901979, 'colsample_bytree': 0.4375598943682369, 'reg_lambda': 0.02286349610658535, 'reg_alpha': 0.00013712137285890955}}
[32m[I 2021-01-04 17:52:40,466][0m Trial 296 finished with value: -21.8541 and parameters: {'learning_rate': 0.06086411194264692, 'min_child_weight': 36, 'max_depth': 3, 'subsample': 0.7389345414901979, 'colsample_bytree': 0.4375598943682369, 'reg_lambda': 0.02286349610658535, 'reg_alpha': 0.00013712137285890955}. Best is trial 242 with value: -19.7454.[0m

9.51 sec -- {'mean_score': -20.4874, 'valid_scores': [-27.3435, -20.2351, -13.8836], 'train_scores': [-13.9928, -15.8169, -16.05], 'params': {'n_estimators': 200, 'learning_rate': 0.054750347650206345, 'min_child_weight': 29, 'max_depth': 5, 'gamma': 0, 'subsample': 0.505312738311957, 'colsample_bytree': 0.6617346962524111, 'reg_lambda': 0.1913281190087274, 'reg_alpha': 0.00024736954398915396}}
[32m[I 2021-01-04 17:52:50,004][0m Trial 297 finished with value: -20.4874 and parameters: {'learning_rate': 0.054750347650206345, 'min_child_weight': 29, 'max_depth': 5, 'subsample': 0.505312738311957, 'colsample_bytree': 0.6617346962524111, 'reg_lambda': 0.1913281190087274, 'reg_alpha': 0.00024736954398915396}. Best is trial 242 with value: -19.7454.[0m

7.68 sec -- {'mean_score': -21.0833, 'valid_scores': [-27.654, -21.4268, -14.1691], 'train_scores': [-15.7452, -17.5814, -17.654], 'params': {'n_estimators': 200, 'learning_rate': 0.09179566482198667, 'min_child_weight': 44, 'max_depth': 3, 'gamma': 0, 'subsample': 0.9375792161394827, 'colsample_bytree': 0.5530765895081148, 'reg_lambda': 0.6162072286931306, 'reg_alpha': 0.14719952556106597}}
[32m[I 2021-01-04 17:52:57,702][0m Trial 298 finished with value: -21.0833 and parameters: {'learning_rate': 0.09179566482198667, 'min_child_weight': 44, 'max_depth': 3, 'subsample': 0.9375792161394827, 'colsample_bytree': 0.5530765895081148, 'reg_lambda': 0.6162072286931306, 'reg_alpha': 0.14719952556106597}. Best is trial 242 with value: -19.7454.[0m

10.73 sec -- {'mean_score': -19.9539, 'valid_scores': [-26.0526, -19.8415, -13.9676], 'train_scores': [-12.0105, -13.6438, -14.1516], 'params': {'n_estimators': 200, 'learning_rate': 0.06824014149428857, 'min_child_weight': 42, 'max_depth': 7, 'gamma': 0, 'subsample': 0.675149773398551, 'colsample_bytree': 0.3459782972829593, 'reg_lambda': 0.058135608078656635, 'reg_alpha': 0.0008230983317602125}}
[32m[I 2021-01-04 17:53:08,456][0m Trial 299 finished with value: -19.9539 and parameters: {'learning_rate': 0.06824014149428857, 'min_child_weight': 42, 'max_depth': 7, 'subsample': 0.675149773398551, 'colsample_bytree': 0.3459782972829593, 'reg_lambda': 0.058135608078656635, 'reg_alpha': 0.0008230983317602125}. Best is trial 242 with value: -19.7454.[0m

15.96 sec -- {'mean_score': -20.0301, 'valid_scores': [-26.5011, -19.5453, -14.0438], 'train_scores': [-10.7319, -12.1108, -12.5462], 'params': {'n_estimators': 200, 'learning_rate': 0.08561315083596302, 'min_child_weight': 46, 'max_depth': 9, 'gamma': 0, 'subsample': 0.9560211302587828, 'colsample_bytree': 0.5352895803037087, 'reg_lambda': 0.10398146031958705, 'reg_alpha': 0.12741418361847368}}
[32m[I 2021-01-04 17:53:24,436][0m Trial 300 finished with value: -20.0301 and parameters: {'learning_rate': 0.08561315083596302, 'min_child_weight': 46, 'max_depth': 9, 'subsample': 0.9560211302587828, 'colsample_bytree': 0.5352895803037087, 'reg_lambda': 0.10398146031958705, 'reg_alpha': 0.12741418361847368}. Best is trial 242 with value: -19.7454.[0m

53.69 sec -- {'mean_score': -21.2663, 'valid_scores': [-27.6525, -20.4668, -15.6796], 'train_scores': [-8.3227, -9.1396, -9.5544], 'params': {'n_estimators': 200, 'learning_rate': 0.11822396847463604, 'min_child_weight': 30, 'max_depth': 18, 'gamma': 0, 'subsample': 0.7869661715632337, 'colsample_bytree': 0.7652621038363545, 'reg_lambda': 0.0001581432664228625, 'reg_alpha': 0.0011881683279694319}}
[32m[I 2021-01-04 17:54:18,145][0m Trial 301 finished with value: -21.2663 and parameters: {'learning_rate': 0.11822396847463604, 'min_child_weight': 30, 'max_depth': 18, 'subsample': 0.7869661715632337, 'colsample_bytree': 0.7652621038363545, 'reg_lambda': 0.0001581432664228625, 'reg_alpha': 0.0011881683279694319}. Best is trial 242 with value: -19.7454.[0m

16.76 sec -- {'mean_score': -20.9651, 'valid_scores': [-26.8352, -19.7883, -16.2718], 'train_scores': [-10.5062, -12.0846, -12.5505], 'params': {'n_estimators': 200, 'learning_rate': 0.08555743662887891, 'min_child_weight': 5, 'max_depth': 8, 'gamma': 0, 'subsample': 0.5319072768059299, 'colsample_bytree': 0.6780203758429516, 'reg_lambda': 0.1891007215686015, 'reg_alpha': 0.0011005478694856912}}
[32m[I 2021-01-04 17:54:34,924][0m Trial 302 finished with value: -20.9651 and parameters: {'learning_rate': 0.08555743662887891, 'min_child_weight': 5, 'max_depth': 8, 'subsample': 0.5319072768059299, 'colsample_bytree': 0.6780203758429516, 'reg_lambda': 0.1891007215686015, 'reg_alpha': 0.0011005478694856912}. Best is trial 242 with value: -19.7454.[0m

9.38 sec -- {'mean_score': -20.3306, 'valid_scores': [-26.7211, -20.2891, -13.9817], 'train_scores': [-13.4376, -15.2162, -15.3869], 'params': {'n_estimators': 200, 'learning_rate': 0.07337218165904488, 'min_child_weight': 16, 'max_depth': 5, 'gamma': 0, 'subsample': 0.5229562692625569, 'colsample_bytree': 0.6536055412817693, 'reg_lambda': 0.17549536710571853, 'reg_alpha': 0.00021692978123760587}}
[32m[I 2021-01-04 17:54:44,321][0m Trial 303 finished with value: -20.3306 and parameters: {'learning_rate': 0.07337218165904488, 'min_child_weight': 16, 'max_depth': 5, 'subsample': 0.5229562692625569, 'colsample_bytree': 0.6536055412817693, 'reg_lambda': 0.17549536710571853, 'reg_alpha': 0.00021692978123760587}. Best is trial 242 with value: -19.7454.[0m

11.61 sec -- {'mean_score': -20.1714, 'valid_scores': [-26.2766, -19.7351, -14.5026], 'train_scores': [-11.5087, -13.1331, -13.5568], 'params': {'n_estimators': 200, 'learning_rate': 0.09666397185902195, 'min_child_weight': 32, 'max_depth': 7, 'gamma': 0, 'subsample': 0.762580732705824, 'colsample_bytree': 0.4337071987325004, 'reg_lambda': 0.008975639191164016, 'reg_alpha': 0.0003302051966174857}}
[32m[I 2021-01-04 17:54:55,953][0m Trial 304 finished with value: -20.1714 and parameters: {'learning_rate': 0.09666397185902195, 'min_child_weight': 32, 'max_depth': 7, 'subsample': 0.762580732705824, 'colsample_bytree': 0.4337071987325004, 'reg_lambda': 0.008975639191164016, 'reg_alpha': 0.0003302051966174857}. Best is trial 242 with value: -19.7454.[0m

11.37 sec -- {'mean_score': -20.1644, 'valid_scores': [-26.3462, -19.777, -14.3701], 'train_scores': [-11.7756, -13.2738, -13.755], 'params': {'n_estimators': 200, 'learning_rate': 0.09471082587920876, 'min_child_weight': 48, 'max_depth': 7, 'gamma': 0, 'subsample': 0.6735418799775408, 'colsample_bytree': 0.3213588518160412, 'reg_lambda': 0.020235639065178394, 'reg_alpha': 0.0006835787596744823}}
[32m[I 2021-01-04 17:55:07,344][0m Trial 305 finished with value: -20.1644 and parameters: {'learning_rate': 0.09471082587920876, 'min_child_weight': 48, 'max_depth': 7, 'subsample': 0.6735418799775408, 'colsample_bytree': 0.3213588518160412, 'reg_lambda': 0.020235639065178394, 'reg_alpha': 0.0006835787596744823}. Best is trial 242 with value: -19.7454.[0m

11.05 sec -- {'mean_score': -20.1095, 'valid_scores': [-26.5358, -19.9709, -13.8219], 'train_scores': [-13.0912, -14.7397, -15.2255], 'params': {'n_estimators': 200, 'learning_rate': 0.054085279824371835, 'min_child_weight': 46, 'max_depth': 6, 'gamma': 0, 'subsample': 0.7224650561575552, 'colsample_bytree': 0.4597645029521855, 'reg_lambda': 0.12052985549245093, 'reg_alpha': 0.0025245932172228377}}
[32m[I 2021-01-04 17:55:18,411][0m Trial 306 finished with value: -20.1095 and parameters: {'learning_rate': 0.054085279824371835, 'min_child_weight': 46, 'max_depth': 6, 'subsample': 0.7224650561575552, 'colsample_bytree': 0.4597645029521855, 'reg_lambda': 0.12052985549245093, 'reg_alpha': 0.0025245932172228377}. Best is trial 242 with value: -19.7454.[0m

10.07 sec -- {'mean_score': -20.1339, 'valid_scores': [-26.4356, -19.8857, -14.0803], 'train_scores': [-12.1818, -13.7068, -14.2215], 'params': {'n_estimators': 200, 'learning_rate': 0.10760866497746988, 'min_child_weight': 46, 'max_depth': 6, 'gamma': 0, 'subsample': 0.8930041476867927, 'colsample_bytree': 0.46221101033793893, 'reg_lambda': 0.8372379101480121, 'reg_alpha': 0.01742333913712115}}
[32m[I 2021-01-04 17:55:28,507][0m Trial 307 finished with value: -20.1339 and parameters: {'learning_rate': 0.10760866497746988, 'min_child_weight': 46, 'max_depth': 6, 'subsample': 0.8930041476867927, 'colsample_bytree': 0.46221101033793893, 'reg_lambda': 0.8372379101480121, 'reg_alpha': 0.01742333913712115}. Best is trial 242 with value: -19.7454.[0m

13.4 sec -- {'mean_score': -19.9639, 'valid_scores': [-26.236, -19.7161, -13.9396], 'train_scores': [-11.576, -13.0865, -13.5331], 'params': {'n_estimators': 200, 'learning_rate': 0.06326742087317404, 'min_child_weight': 36, 'max_depth': 8, 'gamma': 0, 'subsample': 0.6896337987808094, 'colsample_bytree': 0.3487795557578657, 'reg_lambda': 0.026123962056148142, 'reg_alpha': 0.0004156192031593742}}
[32m[I 2021-01-04 17:55:41,931][0m Trial 308 finished with value: -19.9639 and parameters: {'learning_rate': 0.06326742087317404, 'min_child_weight': 36, 'max_depth': 8, 'subsample': 0.6896337987808094, 'colsample_bytree': 0.3487795557578657, 'reg_lambda': 0.026123962056148142, 'reg_alpha': 0.0004156192031593742}. Best is trial 242 with value: -19.7454.[0m

18.61 sec -- {'mean_score': -20.2223, 'valid_scores': [-26.695, -19.5823, -14.3895], 'train_scores': [-10.832, -12.2767, -12.6704], 'params': {'n_estimators': 200, 'learning_rate': 0.06339247645054215, 'min_child_weight': 41, 'max_depth': 10, 'gamma': 0, 'subsample': 0.7426310350596824, 'colsample_bytree': 0.38628517389225736, 'reg_lambda': 0.012395483409825117, 'reg_alpha': 0.00032045896480222517}}
[32m[I 2021-01-04 17:56:00,562][0m Trial 309 finished with value: -20.2223 and parameters: {'learning_rate': 0.06339247645054215, 'min_child_weight': 41, 'max_depth': 10, 'subsample': 0.7426310350596824, 'colsample_bytree': 0.38628517389225736, 'reg_lambda': 0.012395483409825117, 'reg_alpha': 0.00032045896480222517}. Best is trial 242 with value: -19.7454.[0m

12.29 sec -- {'mean_score': -19.9398, 'valid_scores': [-26.344, -19.8009, -13.6745], 'train_scores': [-12.3957, -14.0392, -14.5059], 'params': {'n_estimators': 200, 'learning_rate': 0.04725041454021053, 'min_child_weight': 32, 'max_depth': 7, 'gamma': 0, 'subsample': 0.7731922798175099, 'colsample_bytree': 0.3512304159518912, 'reg_lambda': 0.048614069842494737, 'reg_alpha': 0.0008167338184087026}}
