[32m[I 2021-01-04 18:50:02,417][0m Trial 479 finished with value: -21.4941 and parameters: {'learning_rate': 0.16252774390650998, 'min_child_weight': 25, 'max_depth': 17, 'subsample': 0.5905596722978202, 'colsample_bytree': 0.7330938804317392, 'reg_lambda': 0.28302650902628773, 'reg_alpha': 0.019210547404669424}. Best is trial 242 with value: -19.7454.[0m

9.59 sec -- {'mean_score': -20.0174, 'valid_scores': [-26.4434, -20.0132, -13.5955], 'train_scores': [-13.0471, -14.6713, -14.9904], 'params': {'n_estimators': 200, 'learning_rate': 0.09741703342830788, 'min_child_weight': 45, 'max_depth': 5, 'gamma': 0, 'subsample': 0.9464256569487483, 'colsample_bytree': 0.3827558310358185, 'reg_lambda': 0.3064788533408541, 'reg_alpha': 0.06123253883690467}}
[32m[I 2021-01-04 18:50:12,027][0m Trial 480 finished with value: -20.0174 and parameters: {'learning_rate': 0.09741703342830788, 'min_child_weight': 45, 'max_depth': 5, 'subsample': 0.9464256569487483, 'colsample_bytree': 0.3827558310358185, 'reg_lambda': 0.3064788533408541, 'reg_alpha': 0.06123253883690467}. Best is trial 242 with value: -19.7454.[0m

7.6 sec -- {'mean_score': -25.5699, 'valid_scores': [-32.8022, -25.0707, -18.8367], 'train_scores': [-21.6324, -24.4391, -23.8734], 'params': {'n_estimators': 200, 'learning_rate': 0.14341830722685153, 'min_child_weight': 38, 'max_depth': 1, 'gamma': 0, 'subsample': 0.5336053026377425, 'colsample_bytree': 0.9474829505303466, 'reg_lambda': 0.018187606472083152, 'reg_alpha': 0.9462117911440174}}
[32m[I 2021-01-04 18:50:19,669][0m Trial 481 finished with value: -25.5699 and parameters: {'learning_rate': 0.14341830722685153, 'min_child_weight': 38, 'max_depth': 1, 'subsample': 0.5336053026377425, 'colsample_bytree': 0.9474829505303466, 'reg_lambda': 0.018187606472083152, 'reg_alpha': 0.9462117911440174}. Best is trial 242 with value: -19.7454.[0m

58.38 sec -- {'mean_score': -22.8438, 'valid_scores': [-28.1816, -21.1432, -19.2065], 'train_scores': [-7.1394, -7.841, -8.3122], 'params': {'n_estimators': 200, 'learning_rate': 0.18441321740891703, 'min_child_weight': 13, 'max_depth': 18, 'gamma': 0, 'subsample': 0.6370374400736772, 'colsample_bytree': 0.4383646297519125, 'reg_lambda': 0.0005288181908754704, 'reg_alpha': 0.8622888986113945}}
[32m[I 2021-01-04 18:51:18,078][0m Trial 482 finished with value: -22.8438 and parameters: {'learning_rate': 0.18441321740891703, 'min_child_weight': 13, 'max_depth': 18, 'subsample': 0.6370374400736772, 'colsample_bytree': 0.4383646297519125, 'reg_lambda': 0.0005288181908754704, 'reg_alpha': 0.8622888986113945}. Best is trial 242 with value: -19.7454.[0m

11.74 sec -- {'mean_score': -20.0845, 'valid_scores': [-26.5994, -19.8725, -13.7815], 'train_scores': [-12.1293, -13.9685, -14.24], 'params': {'n_estimators': 200, 'learning_rate': 0.08661130956327542, 'min_child_weight': 44, 'max_depth': 6, 'gamma': 0, 'subsample': 0.9384067960238703, 'colsample_bytree': 0.6827814782343495, 'reg_lambda': 0.16508786822459734, 'reg_alpha': 0.02176934897830996}}
[32m[I 2021-01-04 18:51:29,845][0m Trial 483 finished with value: -20.0845 and parameters: {'learning_rate': 0.08661130956327542, 'min_child_weight': 44, 'max_depth': 6, 'subsample': 0.9384067960238703, 'colsample_bytree': 0.6827814782343495, 'reg_lambda': 0.16508786822459734, 'reg_alpha': 0.02176934897830996}. Best is trial 242 with value: -19.7454.[0m

9.05 sec -- {'mean_score': -20.5814, 'valid_scores': [-27.449, -20.3742, -13.921], 'train_scores': [-14.846, -16.5234, -16.77], 'params': {'n_estimators': 200, 'learning_rate': 0.06730357171353454, 'min_child_weight': 20, 'max_depth': 4, 'gamma': 0, 'subsample': 0.6569522965576711, 'colsample_bytree': 0.41565338716659367, 'reg_lambda': 0.000761947333638279, 'reg_alpha': 0.0004993282308639145}}
[32m[I 2021-01-04 18:51:38,921][0m Trial 484 finished with value: -20.5814 and parameters: {'learning_rate': 0.06730357171353454, 'min_child_weight': 20, 'max_depth': 4, 'subsample': 0.6569522965576711, 'colsample_bytree': 0.41565338716659367, 'reg_lambda': 0.000761947333638279, 'reg_alpha': 0.0004993282308639145}. Best is trial 242 with value: -19.7454.[0m

18.7 sec -- {'mean_score': -20.0085, 'valid_scores': [-26.3204, -19.6204, -14.0847], 'train_scores': [-11.2242, -12.5805, -13.0694], 'params': {'n_estimators': 200, 'learning_rate': 0.05325284594509567, 'min_child_weight': 35, 'max_depth': 9, 'gamma': 0, 'subsample': 0.9125312517565152, 'colsample_bytree': 0.33459873558325276, 'reg_lambda': 0.01522922069506226, 'reg_alpha': 0.006600845982304026}}
[32m[I 2021-01-04 18:51:57,652][0m Trial 485 finished with value: -20.0085 and parameters: {'learning_rate': 0.05325284594509567, 'min_child_weight': 35, 'max_depth': 9, 'subsample': 0.9125312517565152, 'colsample_bytree': 0.33459873558325276, 'reg_lambda': 0.01522922069506226, 'reg_alpha': 0.006600845982304026}. Best is trial 242 with value: -19.7454.[0m

11.9 sec -- {'mean_score': -20.2329, 'valid_scores': [-26.8197, -19.9552, -13.9237], 'train_scores': [-13.2037, -14.8878, -15.3831], 'params': {'n_estimators': 200, 'learning_rate': 0.04417699184487528, 'min_child_weight': 34, 'max_depth': 6, 'gamma': 0, 'subsample': 0.841787300063925, 'colsample_bytree': 0.4049195138399853, 'reg_lambda': 0.1267563606949596, 'reg_alpha': 0.005298089737211252}}
[32m[I 2021-01-04 18:52:09,624][0m Trial 486 finished with value: -20.2329 and parameters: {'learning_rate': 0.04417699184487528, 'min_child_weight': 34, 'max_depth': 6, 'subsample': 0.841787300063925, 'colsample_bytree': 0.4049195138399853, 'reg_lambda': 0.1267563606949596, 'reg_alpha': 0.005298089737211252}. Best is trial 242 with value: -19.7454.[0m

88.92 sec -- {'mean_score': -20.4407, 'valid_scores': [-26.9989, -19.9415, -14.3816], 'train_scores': [-9.3983, -10.399, -10.6568], 'params': {'n_estimators': 200, 'learning_rate': 0.03314318498221258, 'min_child_weight': 36, 'max_depth': 19, 'gamma': 0, 'subsample': 0.8996736115439933, 'colsample_bytree': 0.5807740478011777, 'reg_lambda': 0.00023702907892470597, 'reg_alpha': 0.5922058771032686}}
[32m[I 2021-01-04 18:53:38,569][0m Trial 487 finished with value: -20.4407 and parameters: {'learning_rate': 0.03314318498221258, 'min_child_weight': 36, 'max_depth': 19, 'subsample': 0.8996736115439933, 'colsample_bytree': 0.5807740478011777, 'reg_lambda': 0.00023702907892470597, 'reg_alpha': 0.5922058771032686}. Best is trial 242 with value: -19.7454.[0m

9.13 sec -- {'mean_score': -19.9897, 'valid_scores': [-26.4382, -19.8111, -13.7199], 'train_scores': [-13.2419, -15.0189, -15.5759], 'params': {'n_estimators': 200, 'learning_rate': 0.06986537914960726, 'min_child_weight': 15, 'max_depth': 5, 'gamma': 0, 'subsample': 0.880740693238125, 'colsample_bytree': 0.5138050092775979, 'reg_lambda': 0.16269070036508002, 'reg_alpha': 0.0239815529997074}}
[32m[I 2021-01-04 18:53:47,731][0m Trial 488 finished with value: -19.9897 and parameters: {'learning_rate': 0.06986537914960726, 'min_child_weight': 15, 'max_depth': 5, 'subsample': 0.880740693238125, 'colsample_bytree': 0.5138050092775979, 'reg_lambda': 0.16269070036508002, 'reg_alpha': 0.0239815529997074}. Best is trial 242 with value: -19.7454.[0m

29.47 sec -- {'mean_score': -20.1069, 'valid_scores': [-26.8432, -19.7222, -13.7553], 'train_scores': [-10.7334, -11.9919, -12.4833], 'params': {'n_estimators': 200, 'learning_rate': 0.03802795035692078, 'min_child_weight': 41, 'max_depth': 11, 'gamma': 0, 'subsample': 0.8908356776626367, 'colsample_bytree': 0.5217993194509559, 'reg_lambda': 0.1022165458709424, 'reg_alpha': 0.014057900268171861}}
[32m[I 2021-01-04 18:54:17,229][0m Trial 489 finished with value: -20.1069 and parameters: {'learning_rate': 0.03802795035692078, 'min_child_weight': 41, 'max_depth': 11, 'subsample': 0.8908356776626367, 'colsample_bytree': 0.5217993194509559, 'reg_lambda': 0.1022165458709424, 'reg_alpha': 0.014057900268171861}. Best is trial 242 with value: -19.7454.[0m

21.86 sec -- {'mean_score': -20.114, 'valid_scores': [-26.5863, -19.488, -14.2678], 'train_scores': [-10.5102, -11.7891, -12.3094], 'params': {'n_estimators': 200, 'learning_rate': 0.06036723576011796, 'min_child_weight': 24, 'max_depth': 10, 'gamma': 0, 'subsample': 0.833222907866976, 'colsample_bytree': 0.34497630800291884, 'reg_lambda': 0.017399606229254214, 'reg_alpha': 0.0069904420358359925}}
[32m[I 2021-01-04 18:54:39,122][0m Trial 490 finished with value: -20.114 and parameters: {'learning_rate': 0.06036723576011796, 'min_child_weight': 24, 'max_depth': 10, 'subsample': 0.833222907866976, 'colsample_bytree': 0.34497630800291884, 'reg_lambda': 0.017399606229254214, 'reg_alpha': 0.0069904420358359925}. Best is trial 242 with value: -19.7454.[0m

7.97 sec -- {'mean_score': -20.1325, 'valid_scores': [-26.2237, -20.1295, -14.0444], 'train_scores': [-13.8917, -15.3153, -15.595], 'params': {'n_estimators': 200, 'learning_rate': 0.11936370394763417, 'min_child_weight': 18, 'max_depth': 4, 'gamma': 0, 'subsample': 0.856233628229481, 'colsample_bytree': 0.31719124006458765, 'reg_lambda': 0.3984793408680318, 'reg_alpha': 0.01612111242490252}}
[32m[I 2021-01-04 18:54:47,114][0m Trial 491 finished with value: -20.1325 and parameters: {'learning_rate': 0.11936370394763417, 'min_child_weight': 18, 'max_depth': 4, 'subsample': 0.856233628229481, 'colsample_bytree': 0.31719124006458765, 'reg_lambda': 0.3984793408680318, 'reg_alpha': 0.01612111242490252}. Best is trial 242 with value: -19.7454.[0m

7.45 sec -- {'mean_score': -22.2672, 'valid_scores': [-29.3254, -21.6691, -15.8071], 'train_scores': [-18.2121, -20.7083, -20.628], 'params': {'n_estimators': 200, 'learning_rate': 0.0874240070346337, 'min_child_weight': 44, 'max_depth': 2, 'gamma': 0, 'subsample': 0.9912854758827353, 'colsample_bytree': 0.4545669253882223, 'reg_lambda': 0.7279915959234959, 'reg_alpha': 0.0035277483957588227}}
[32m[I 2021-01-04 18:54:54,585][0m Trial 492 finished with value: -22.2672 and parameters: {'learning_rate': 0.0874240070346337, 'min_child_weight': 44, 'max_depth': 2, 'subsample': 0.9912854758827353, 'colsample_bytree': 0.4545669253882223, 'reg_lambda': 0.7279915959234959, 'reg_alpha': 0.0035277483957588227}. Best is trial 242 with value: -19.7454.[0m

20.48 sec -- {'mean_score': -20.2427, 'valid_scores': [-26.3729, -19.6394, -14.7158], 'train_scores': [-10.3824, -11.6767, -12.177], 'params': {'n_estimators': 200, 'learning_rate': 0.06943289108283704, 'min_child_weight': 26, 'max_depth': 10, 'gamma': 0, 'subsample': 0.8431511507907531, 'colsample_bytree': 0.339713032556445, 'reg_lambda': 0.08306511662436328, 'reg_alpha': 0.024887409236463924}}
[32m[I 2021-01-04 18:55:15,088][0m Trial 493 finished with value: -20.2427 and parameters: {'learning_rate': 0.06943289108283704, 'min_child_weight': 26, 'max_depth': 10, 'subsample': 0.8431511507907531, 'colsample_bytree': 0.339713032556445, 'reg_lambda': 0.08306511662436328, 'reg_alpha': 0.024887409236463924}. Best is trial 242 with value: -19.7454.[0m

8.35 sec -- {'mean_score': -20.6602, 'valid_scores': [-26.8804, -20.9292, -14.1711], 'train_scores': [-14.88, -16.4893, -16.7547], 'params': {'n_estimators': 200, 'learning_rate': 0.0708458124082714, 'min_child_weight': 43, 'max_depth': 4, 'gamma': 0, 'subsample': 0.6529494625193235, 'colsample_bytree': 0.4376131968593572, 'reg_lambda': 0.040315371765252794, 'reg_alpha': 0.2445024185727168}}
[32m[I 2021-01-04 18:55:23,461][0m Trial 494 finished with value: -20.6602 and parameters: {'learning_rate': 0.0708458124082714, 'min_child_weight': 43, 'max_depth': 4, 'subsample': 0.6529494625193235, 'colsample_bytree': 0.4376131968593572, 'reg_lambda': 0.040315371765252794, 'reg_alpha': 0.2445024185727168}. Best is trial 242 with value: -19.7454.[0m

13.14 sec -- {'mean_score': -20.7002, 'valid_scores': [-27.3105, -19.6834, -15.1066], 'train_scores': [-10.3192, -11.6032, -12.2418], 'params': {'n_estimators': 200, 'learning_rate': 0.12980709069877638, 'min_child_weight': 9, 'max_depth': 8, 'gamma': 0, 'subsample': 0.9157851473688479, 'colsample_bytree': 0.3029443433387958, 'reg_lambda': 0.0027953305369782335, 'reg_alpha': 0.08931632749172003}}
[32m[I 2021-01-04 18:55:36,628][0m Trial 495 finished with value: -20.7002 and parameters: {'learning_rate': 0.12980709069877638, 'min_child_weight': 9, 'max_depth': 8, 'subsample': 0.9157851473688479, 'colsample_bytree': 0.3029443433387958, 'reg_lambda': 0.0027953305369782335, 'reg_alpha': 0.08931632749172003}. Best is trial 242 with value: -19.7454.[0m

18.29 sec -- {'mean_score': -20.4705, 'valid_scores': [-26.8036, -19.7649, -14.8429], 'train_scores': [-10.3352, -11.6809, -12.0911], 'params': {'n_estimators': 200, 'learning_rate': 0.09679706744055716, 'min_child_weight': 43, 'max_depth': 10, 'gamma': 0, 'subsample': 0.8958920001522176, 'colsample_bytree': 0.4328765077948537, 'reg_lambda': 0.09810912941251464, 'reg_alpha': 0.04682778501660605}}
[32m[I 2021-01-04 18:55:54,948][0m Trial 496 finished with value: -20.4705 and parameters: {'learning_rate': 0.09679706744055716, 'min_child_weight': 43, 'max_depth': 10, 'subsample': 0.8958920001522176, 'colsample_bytree': 0.4328765077948537, 'reg_lambda': 0.09810912941251464, 'reg_alpha': 0.04682778501660605}. Best is trial 242 with value: -19.7454.[0m

9.52 sec -- {'mean_score': -19.9568, 'valid_scores': [-26.0058, -19.8737, -13.991], 'train_scores': [-12.2689, -13.8477, -14.3703], 'params': {'n_estimators': 200, 'learning_rate': 0.10022311783705243, 'min_child_weight': 47, 'max_depth': 6, 'gamma': 0, 'subsample': 0.8716696741613014, 'colsample_bytree': 0.34837075817143465, 'reg_lambda': 0.400849392020139, 'reg_alpha': 0.05917737768714041}}
[32m[I 2021-01-04 18:56:04,497][0m Trial 497 finished with value: -19.9568 and parameters: {'learning_rate': 0.10022311783705243, 'min_child_weight': 47, 'max_depth': 6, 'subsample': 0.8716696741613014, 'colsample_bytree': 0.34837075817143465, 'reg_lambda': 0.400849392020139, 'reg_alpha': 0.05917737768714041}. Best is trial 242 with value: -19.7454.[0m

8.92 sec -- {'mean_score': -20.667, 'valid_scores': [-26.8657, -20.5238, -14.6115], 'train_scores': [-12.3664, -14.0141, -14.5893], 'params': {'n_estimators': 200, 'learning_rate': 0.1747020162208512, 'min_child_weight': 47, 'max_depth': 5, 'gamma': 0, 'subsample': 0.6747578800168968, 'colsample_bytree': 0.4414646162285432, 'reg_lambda': 0.00020207537879161422, 'reg_alpha': 0.293763756355881}}
[32m[I 2021-01-04 18:56:13,447][0m Trial 498 finished with value: -20.667 and parameters: {'learning_rate': 0.1747020162208512, 'min_child_weight': 47, 'max_depth': 5, 'subsample': 0.6747578800168968, 'colsample_bytree': 0.4414646162285432, 'reg_lambda': 0.00020207537879161422, 'reg_alpha': 0.293763756355881}. Best is trial 242 with value: -19.7454.[0m

15.19 sec -- {'mean_score': -20.3118, 'valid_scores': [-26.1567, -20.1377, -14.641], 'train_scores': [-10.6108, -12.0551, -12.5297], 'params': {'n_estimators': 200, 'learning_rate': 0.11410503402295534, 'min_child_weight': 22, 'max_depth': 8, 'gamma': 0, 'subsample': 0.7810931258163094, 'colsample_bytree': 0.6511025886974121, 'reg_lambda': 0.004269540094915954, 'reg_alpha': 0.00012927105706554684}}
