[32m[I 2021-01-04 17:12:43,336][0m Trial 198 finished with value: -20.3194 and parameters: {'learning_rate': 0.08026789731879821, 'min_child_weight': 18, 'max_depth': 6, 'subsample': 0.5597848642739377, 'colsample_bytree': 0.5678808824515671, 'reg_lambda': 0.010822828254988424, 'reg_alpha': 0.0018484294296259958}. Best is trial 111 with value: -19.9193.[0m

25.07 sec -- {'mean_score': -20.4558, 'valid_scores': [-27.0454, -19.8854, -14.4367], 'train_scores': [-10.1767, -11.5123, -12.0709], 'params': {'n_estimators': 200, 'learning_rate': 0.07006655019089642, 'min_child_weight': 24, 'max_depth': 10, 'gamma': 0, 'subsample': 0.7075403196640773, 'colsample_bytree': 0.7967887918117678, 'reg_lambda': 0.0009699687839065932, 'reg_alpha': 0.001758369490389669}}
[32m[I 2021-01-04 17:13:08,431][0m Trial 199 finished with value: -20.4558 and parameters: {'learning_rate': 0.07006655019089642, 'min_child_weight': 24, 'max_depth': 10, 'subsample': 0.7075403196640773, 'colsample_bytree': 0.7967887918117678, 'reg_lambda': 0.0009699687839065932, 'reg_alpha': 0.001758369490389669}. Best is trial 111 with value: -19.9193.[0m

13.3 sec -- {'mean_score': -20.3519, 'valid_scores': [-27.0396, -20.1021, -13.9141], 'train_scores': [-13.3904, -15.1311, -15.5801], 'params': {'n_estimators': 200, 'learning_rate': 0.03832933669174823, 'min_child_weight': 36, 'max_depth': 6, 'gamma': 0, 'subsample': 0.827444262211039, 'colsample_bytree': 0.5683386007925652, 'reg_lambda': 0.04200278053662171, 'reg_alpha': 0.02229711985119636}}
[32m[I 2021-01-04 17:13:21,754][0m Trial 200 finished with value: -20.3519 and parameters: {'learning_rate': 0.03832933669174823, 'min_child_weight': 36, 'max_depth': 6, 'subsample': 0.827444262211039, 'colsample_bytree': 0.5683386007925652, 'reg_lambda': 0.04200278053662171, 'reg_alpha': 0.02229711985119636}. Best is trial 111 with value: -19.9193.[0m

11.17 sec -- {'mean_score': -20.3148, 'valid_scores': [-26.1734, -20.1998, -14.5711], 'train_scores': [-12.6261, -14.355, -14.6478], 'params': {'n_estimators': 200, 'learning_rate': 0.12131076179591302, 'min_child_weight': 41, 'max_depth': 5, 'gamma': 0, 'subsample': 0.8600733366697375, 'colsample_bytree': 0.6293944968588057, 'reg_lambda': 0.025925697509670182, 'reg_alpha': 0.00012337017277140415}}
[32m[I 2021-01-04 17:13:32,944][0m Trial 201 finished with value: -20.3148 and parameters: {'learning_rate': 0.12131076179591302, 'min_child_weight': 41, 'max_depth': 5, 'subsample': 0.8600733366697375, 'colsample_bytree': 0.6293944968588057, 'reg_lambda': 0.025925697509670182, 'reg_alpha': 0.00012337017277140415}. Best is trial 111 with value: -19.9193.[0m

11.49 sec -- {'mean_score': -20.2934, 'valid_scores': [-26.9346, -20.01, -13.9357], 'train_scores': [-13.8012, -15.5892, -16.1449], 'params': {'n_estimators': 200, 'learning_rate': 0.051243575947474265, 'min_child_weight': 23, 'max_depth': 5, 'gamma': 0, 'subsample': 0.8039941688069796, 'colsample_bytree': 0.5124978726741336, 'reg_lambda': 0.008390413003916039, 'reg_alpha': 0.0022992706721397874}}
[32m[I 2021-01-04 17:13:44,451][0m Trial 202 finished with value: -20.2934 and parameters: {'learning_rate': 0.051243575947474265, 'min_child_weight': 23, 'max_depth': 5, 'subsample': 0.8039941688069796, 'colsample_bytree': 0.5124978726741336, 'reg_lambda': 0.008390413003916039, 'reg_alpha': 0.0022992706721397874}. Best is trial 111 with value: -19.9193.[0m

34.38 sec -- {'mean_score': -20.9297, 'valid_scores': [-28.1014, -20.1298, -14.5578], 'train_scores': [-8.9332, -9.8617, -10.3389], 'params': {'n_estimators': 200, 'learning_rate': 0.12381822020708806, 'min_child_weight': 20, 'max_depth': 12, 'gamma': 0, 'subsample': 0.8767913370756277, 'colsample_bytree': 0.9566059335075301, 'reg_lambda': 0.003528943028232837, 'reg_alpha': 0.075282219517245}}
[32m[I 2021-01-04 17:14:18,853][0m Trial 203 finished with value: -20.9297 and parameters: {'learning_rate': 0.12381822020708806, 'min_child_weight': 20, 'max_depth': 12, 'subsample': 0.8767913370756277, 'colsample_bytree': 0.9566059335075301, 'reg_lambda': 0.003528943028232837, 'reg_alpha': 0.075282219517245}. Best is trial 111 with value: -19.9193.[0m

17.25 sec -- {'mean_score': -20.5607, 'valid_scores': [-27.4202, -20.2443, -14.0176], 'train_scores': [-13.241, -14.9393, -15.5109], 'params': {'n_estimators': 200, 'learning_rate': 0.02650168616756992, 'min_child_weight': 20, 'max_depth': 7, 'gamma': 0, 'subsample': 0.7535175502317373, 'colsample_bytree': 0.5226767491070287, 'reg_lambda': 0.04361906915691709, 'reg_alpha': 0.00010662886153604531}}
[32m[I 2021-01-04 17:14:36,129][0m Trial 204 finished with value: -20.5607 and parameters: {'learning_rate': 0.02650168616756992, 'min_child_weight': 20, 'max_depth': 7, 'subsample': 0.7535175502317373, 'colsample_bytree': 0.5226767491070287, 'reg_lambda': 0.04361906915691709, 'reg_alpha': 0.00010662886153604531}. Best is trial 111 with value: -19.9193.[0m

25.89 sec -- {'mean_score': -20.4018, 'valid_scores': [-27.3459, -19.8678, -13.9916], 'train_scores': [-11.9136, -13.3759, -13.8883], 'params': {'n_estimators': 200, 'learning_rate': 0.029848992196459888, 'min_child_weight': 42, 'max_depth': 10, 'gamma': 0, 'subsample': 0.7846521406512716, 'colsample_bytree': 0.3516542333180249, 'reg_lambda': 0.012345772991669711, 'reg_alpha': 0.03583085685691626}}
[32m[I 2021-01-04 17:15:02,036][0m Trial 205 finished with value: -20.4018 and parameters: {'learning_rate': 0.029848992196459888, 'min_child_weight': 42, 'max_depth': 10, 'subsample': 0.7846521406512716, 'colsample_bytree': 0.3516542333180249, 'reg_lambda': 0.012345772991669711, 'reg_alpha': 0.03583085685691626}. Best is trial 111 with value: -19.9193.[0m

24.36 sec -- {'mean_score': -20.5948, 'valid_scores': [-27.1192, -19.9754, -14.6898], 'train_scores': [-10.1632, -11.3544, -11.8116], 'params': {'n_estimators': 200, 'learning_rate': 0.09655125933737368, 'min_child_weight': 49, 'max_depth': 11, 'gamma': 0, 'subsample': 0.7645422933645807, 'colsample_bytree': 0.6410125396854972, 'reg_lambda': 0.018312534624349012, 'reg_alpha': 0.00015971854424537085}}
[32m[I 2021-01-04 17:15:26,420][0m Trial 206 finished with value: -20.5948 and parameters: {'learning_rate': 0.09655125933737368, 'min_child_weight': 49, 'max_depth': 11, 'subsample': 0.7645422933645807, 'colsample_bytree': 0.6410125396854972, 'reg_lambda': 0.018312534624349012, 'reg_alpha': 0.00015971854424537085}. Best is trial 111 with value: -19.9193.[0m

10.77 sec -- {'mean_score': -20.6612, 'valid_scores': [-27.3755, -20.4475, -14.1606], 'train_scores': [-14.5849, -16.412, -16.7798], 'params': {'n_estimators': 200, 'learning_rate': 0.06828405797691472, 'min_child_weight': 21, 'max_depth': 4, 'gamma': 0, 'subsample': 0.8706075295333203, 'colsample_bytree': 0.6080808091321122, 'reg_lambda': 0.7745538970336379, 'reg_alpha': 0.00013327536645867932}}
[32m[I 2021-01-04 17:15:37,214][0m Trial 207 finished with value: -20.6612 and parameters: {'learning_rate': 0.06828405797691472, 'min_child_weight': 21, 'max_depth': 4, 'subsample': 0.8706075295333203, 'colsample_bytree': 0.6080808091321122, 'reg_lambda': 0.7745538970336379, 'reg_alpha': 0.00013327536645867932}. Best is trial 111 with value: -19.9193.[0m

13.2 sec -- {'mean_score': -19.9574, 'valid_scores': [-25.8943, -19.7315, -14.2465], 'train_scores': [-11.6889, -13.2887, -13.7219], 'params': {'n_estimators': 200, 'learning_rate': 0.0795975307758542, 'min_child_weight': 29, 'max_depth': 7, 'gamma': 0, 'subsample': 0.6283948267084537, 'colsample_bytree': 0.4872286174986189, 'reg_lambda': 0.06947639831218383, 'reg_alpha': 0.0001529467190104567}}
[32m[I 2021-01-04 17:15:50,436][0m Trial 208 finished with value: -19.9574 and parameters: {'learning_rate': 0.0795975307758542, 'min_child_weight': 29, 'max_depth': 7, 'subsample': 0.6283948267084537, 'colsample_bytree': 0.4872286174986189, 'reg_lambda': 0.06947639831218383, 'reg_alpha': 0.0001529467190104567}. Best is trial 111 with value: -19.9193.[0m

9.72 sec -- {'mean_score': -21.1668, 'valid_scores': [-28.0256, -21.0352, -14.4395], 'train_scores': [-15.9246, -17.5501, -17.8381], 'params': {'n_estimators': 200, 'learning_rate': 0.08807415875014409, 'min_child_weight': 20, 'max_depth': 3, 'gamma': 0, 'subsample': 0.6512215165411607, 'colsample_bytree': 0.4081043307802755, 'reg_lambda': 0.0714016134217226, 'reg_alpha': 0.0017172082117723514}}
[32m[I 2021-01-04 17:16:00,216][0m Trial 209 finished with value: -21.1668 and parameters: {'learning_rate': 0.08807415875014409, 'min_child_weight': 20, 'max_depth': 3, 'subsample': 0.6512215165411607, 'colsample_bytree': 0.4081043307802755, 'reg_lambda': 0.0714016134217226, 'reg_alpha': 0.0017172082117723514}. Best is trial 111 with value: -19.9193.[0m

10.44 sec -- {'mean_score': -20.3993, 'valid_scores': [-26.9809, -20.1202, -14.0969], 'train_scores': [-14.0298, -15.6371, -16.0157], 'params': {'n_estimators': 200, 'learning_rate': 0.0524242490465522, 'min_child_weight': 29, 'max_depth': 5, 'gamma': 0, 'subsample': 0.5924909348877984, 'colsample_bytree': 0.5042600524942586, 'reg_lambda': 0.00533515637572584, 'reg_alpha': 0.000181512070302677}}
[32m[I 2021-01-04 17:16:10,675][0m Trial 210 finished with value: -20.3993 and parameters: {'learning_rate': 0.0524242490465522, 'min_child_weight': 29, 'max_depth': 5, 'subsample': 0.5924909348877984, 'colsample_bytree': 0.5042600524942586, 'reg_lambda': 0.00533515637572584, 'reg_alpha': 0.000181512070302677}. Best is trial 111 with value: -19.9193.[0m

11.32 sec -- {'mean_score': -20.2855, 'valid_scores': [-26.8504, -19.862, -14.1441], 'train_scores': [-11.9168, -13.6142, -13.9603], 'params': {'n_estimators': 200, 'learning_rate': 0.13180326949036208, 'min_child_weight': 35, 'max_depth': 6, 'gamma': 0, 'subsample': 0.5729865655868935, 'colsample_bytree': 0.5585191750022037, 'reg_lambda': 0.12789334811444047, 'reg_alpha': 0.00015476801631670998}}
[32m[I 2021-01-04 17:16:22,019][0m Trial 211 finished with value: -20.2855 and parameters: {'learning_rate': 0.13180326949036208, 'min_child_weight': 35, 'max_depth': 6, 'subsample': 0.5729865655868935, 'colsample_bytree': 0.5585191750022037, 'reg_lambda': 0.12789334811444047, 'reg_alpha': 0.00015476801631670998}. Best is trial 111 with value: -19.9193.[0m

15.61 sec -- {'mean_score': -20.2086, 'valid_scores': [-26.772, -19.7141, -14.1398], 'train_scores': [-11.2678, -12.8679, -13.2265], 'params': {'n_estimators': 200, 'learning_rate': 0.06974199562708323, 'min_child_weight': 31, 'max_depth': 8, 'gamma': 0, 'subsample': 0.6269771568177919, 'colsample_bytree': 0.5369170194095646, 'reg_lambda': 0.04003093933110888, 'reg_alpha': 0.0005270744941621876}}
[32m[I 2021-01-04 17:16:37,659][0m Trial 212 finished with value: -20.2086 and parameters: {'learning_rate': 0.06974199562708323, 'min_child_weight': 31, 'max_depth': 8, 'subsample': 0.6269771568177919, 'colsample_bytree': 0.5369170194095646, 'reg_lambda': 0.04003093933110888, 'reg_alpha': 0.0005270744941621876}. Best is trial 111 with value: -19.9193.[0m

21.91 sec -- {'mean_score': -20.2453, 'valid_scores': [-26.4879, -19.6024, -14.6456], 'train_scores': [-10.5203, -11.9136, -12.3186], 'params': {'n_estimators': 200, 'learning_rate': 0.06203659101321078, 'min_child_weight': 26, 'max_depth': 10, 'gamma': 0, 'subsample': 0.7110108988730173, 'colsample_bytree': 0.4147045293045986, 'reg_lambda': 0.0037216258662111515, 'reg_alpha': 0.00017419047630893707}}
[32m[I 2021-01-04 17:16:59,604][0m Trial 213 finished with value: -20.2453 and parameters: {'learning_rate': 0.06203659101321078, 'min_child_weight': 26, 'max_depth': 10, 'subsample': 0.7110108988730173, 'colsample_bytree': 0.4147045293045986, 'reg_lambda': 0.0037216258662111515, 'reg_alpha': 0.00017419047630893707}. Best is trial 111 with value: -19.9193.[0m

11.08 sec -- {'mean_score': -20.1591, 'valid_scores': [-26.4245, -20.2648, -13.788], 'train_scores': [-13.3509, -14.9297, -15.1683], 'params': {'n_estimators': 200, 'learning_rate': 0.08189079141662846, 'min_child_weight': 31, 'max_depth': 5, 'gamma': 0, 'subsample': 0.6264646040908031, 'colsample_bytree': 0.5737759490793574, 'reg_lambda': 0.3891965806714774, 'reg_alpha': 0.00015685040284493343}}
[32m[I 2021-01-04 17:17:10,699][0m Trial 214 finished with value: -20.1591 and parameters: {'learning_rate': 0.08189079141662846, 'min_child_weight': 31, 'max_depth': 5, 'subsample': 0.6264646040908031, 'colsample_bytree': 0.5737759490793574, 'reg_lambda': 0.3891965806714774, 'reg_alpha': 0.00015685040284493343}. Best is trial 111 with value: -19.9193.[0m

21.62 sec -- {'mean_score': -20.7447, 'valid_scores': [-26.7911, -20.0306, -15.4124], 'train_scores': [-10.0974, -11.3521, -11.8819], 'params': {'n_estimators': 200, 'learning_rate': 0.09121336303403184, 'min_child_weight': 25, 'max_depth': 10, 'gamma': 0, 'subsample': 0.6687595180892274, 'colsample_bytree': 0.6946695956012868, 'reg_lambda': 0.026726782203407618, 'reg_alpha': 0.00012863753722759468}}
[32m[I 2021-01-04 17:17:32,342][0m Trial 215 finished with value: -20.7447 and parameters: {'learning_rate': 0.09121336303403184, 'min_child_weight': 25, 'max_depth': 10, 'subsample': 0.6687595180892274, 'colsample_bytree': 0.6946695956012868, 'reg_lambda': 0.026726782203407618, 'reg_alpha': 0.00012863753722759468}. Best is trial 111 with value: -19.9193.[0m

16.11 sec -- {'mean_score': -20.2684, 'valid_scores': [-26.4023, -19.9958, -14.4072], 'train_scores': [-10.7799, -12.4002, -12.736], 'params': {'n_estimators': 200, 'learning_rate': 0.09967335197360508, 'min_child_weight': 32, 'max_depth': 8, 'gamma': 0, 'subsample': 0.8562965897124681, 'colsample_bytree': 0.6763179808549271, 'reg_lambda': 0.4232647697090986, 'reg_alpha': 0.00014949359088550738}}
[32m[I 2021-01-04 17:17:48,469][0m Trial 216 finished with value: -20.2684 and parameters: {'learning_rate': 0.09967335197360508, 'min_child_weight': 32, 'max_depth': 8, 'subsample': 0.8562965897124681, 'colsample_bytree': 0.6763179808549271, 'reg_lambda': 0.4232647697090986, 'reg_alpha': 0.00014949359088550738}. Best is trial 111 with value: -19.9193.[0m

68.12 sec -- {'mean_score': -22.4164, 'valid_scores': [-29.5113, -20.9449, -16.7929], 'train_scores': [-6.5157, -7.1444, -7.7706], 'params': {'n_estimators': 200, 'learning_rate': 0.17343586600175498, 'min_child_weight': 14, 'max_depth': 18, 'gamma': 0, 'subsample': 0.968685379619501, 'colsample_bytree': 0.5644321755257564, 'reg_lambda': 0.0001063558657195697, 'reg_alpha': 0.0020747611602899836}}
[32m[I 2021-01-04 17:18:56,608][0m Trial 217 finished with value: -22.4164 and parameters: {'learning_rate': 0.17343586600175498, 'min_child_weight': 14, 'max_depth': 18, 'subsample': 0.968685379619501, 'colsample_bytree': 0.5644321755257564, 'reg_lambda': 0.0001063558657195697, 'reg_alpha': 0.0020747611602899836}. Best is trial 111 with value: -19.9193.[0m

9.47 sec -- {'mean_score': -20.6205, 'valid_scores': [-27.514, -20.2205, -14.127], 'train_scores': [-14.8541, -16.6073, -16.7852], 'params': {'n_estimators': 200, 'learning_rate': 0.060357620476335, 'min_child_weight': 9, 'max_depth': 4, 'gamma': 0, 'subsample': 0.8380844578169543, 'colsample_bytree': 0.586032518079825, 'reg_lambda': 0.02192648743711584, 'reg_alpha': 0.0001599584473908538}}
[32m[I 2021-01-04 17:19:06,116][0m Trial 218 finished with value: -20.6205 and parameters: {'learning_rate': 0.060357620476335, 'min_child_weight': 9, 'max_depth': 4, 'subsample': 0.8380844578169543, 'colsample_bytree': 0.586032518079825, 'reg_lambda': 0.02192648743711584, 'reg_alpha': 0.0001599584473908538}. Best is trial 111 with value: -19.9193.[0m

17.07 sec -- {'mean_score': -20.0584, 'valid_scores': [-26.4497, -19.9757, -13.7498], 'train_scores': [-11.5178, -12.9608, -13.394], 'params': {'n_estimators': 200, 'learning_rate': 0.060697034390893, 'min_child_weight': 50, 'max_depth': 8, 'gamma': 0, 'subsample': 0.8931088010735387, 'colsample_bytree': 0.6244531415486236, 'reg_lambda': 0.00641387637575976, 'reg_alpha': 0.00011110081724641367}}
[32m[I 2021-01-04 17:19:23,250][0m Trial 219 finished with value: -20.0584 and parameters: {'learning_rate': 0.060697034390893, 'min_child_weight': 50, 'max_depth': 8, 'subsample': 0.8931088010735387, 'colsample_bytree': 0.6244531415486236, 'reg_lambda': 0.00641387637575976, 'reg_alpha': 0.00011110081724641367}. Best is trial 111 with value: -19.9193.[0m

10.91 sec -- {'mean_score': -20.8622, 'valid_scores': [-27.3036, -20.8718, -14.4111], 'train_scores': [-15.6068, -17.314, -17.7947], 'params': {'n_estimators': 200, 'learning_rate': 0.05047768431273467, 'min_child_weight': 33, 'max_depth': 4, 'gamma': 0, 'subsample': 0.9403012808904012, 'colsample_bytree': 0.3036711512061035, 'reg_lambda': 0.5597733033464438, 'reg_alpha': 0.01526790001489908}}
[32m[I 2021-01-04 17:19:34,189][0m Trial 220 finished with value: -20.8622 and parameters: {'learning_rate': 0.05047768431273467, 'min_child_weight': 33, 'max_depth': 4, 'subsample': 0.9403012808904012, 'colsample_bytree': 0.3036711512061035, 'reg_lambda': 0.5597733033464438, 'reg_alpha': 0.01526790001489908}. Best is trial 111 with value: -19.9193.[0m

16.09 sec -- {'mean_score': -20.282, 'valid_scores': [-26.702, -19.903, -14.2411], 'train_scores': [-10.846, -12.4063, -12.8115], 'params': {'n_estimators': 200, 'learning_rate': 0.09244396698551195, 'min_child_weight': 26, 'max_depth': 8, 'gamma': 0, 'subsample': 0.7367124980143658, 'colsample_bytree': 0.6021620980285312, 'reg_lambda': 0.004642795535975227, 'reg_alpha': 0.0001614949679784771}}
[32m[I 2021-01-04 17:19:50,301][0m Trial 221 finished with value: -20.282 and parameters: {'learning_rate': 0.09244396698551195, 'min_child_weight': 26, 'max_depth': 8, 'subsample': 0.7367124980143658, 'colsample_bytree': 0.6021620980285312, 'reg_lambda': 0.004642795535975227, 'reg_alpha': 0.0001614949679784771}. Best is trial 111 with value: -19.9193.[0m

23.52 sec -- {'mean_score': -21.7873, 'valid_scores': [-29.5179, -21.1903, -14.6537], 'train_scores': [-13.3434, -14.926, -15.4475], 'params': {'n_estimators': 200, 'learning_rate': 0.018350405286962426, 'min_child_weight': 42, 'max_depth': 9, 'gamma': 0, 'subsample': 0.6734812326611063, 'colsample_bytree': 0.492644582352462, 'reg_lambda': 0.006862315018963676, 'reg_alpha': 0.0007975113446149639}}
[32m[I 2021-01-04 17:20:13,845][0m Trial 222 finished with value: -21.7873 and parameters: {'learning_rate': 0.018350405286962426, 'min_child_weight': 42, 'max_depth': 9, 'subsample': 0.6734812326611063, 'colsample_bytree': 0.492644582352462, 'reg_lambda': 0.006862315018963676, 'reg_alpha': 0.0007975113446149639}. Best is trial 111 with value: -19.9193.[0m

12.65 sec -- {'mean_score': -20.7673, 'valid_scores': [-27.1672, -20.3031, -14.8316], 'train_scores': [-11.7415, -13.3103, -13.7416], 'params': {'n_estimators': 200, 'learning_rate': 0.17215788658362513, 'min_child_weight': 29, 'max_depth': 6, 'gamma': 0, 'subsample': 0.5602221969108111, 'colsample_bytree': 0.8346088624210946, 'reg_lambda': 0.00827070340626028, 'reg_alpha': 0.03358375857119637}}
[32m[I 2021-01-04 17:20:26,514][0m Trial 223 finished with value: -20.7673 and parameters: {'learning_rate': 0.17215788658362513, 'min_child_weight': 29, 'max_depth': 6, 'subsample': 0.5602221969108111, 'colsample_bytree': 0.8346088624210946, 'reg_lambda': 0.00827070340626028, 'reg_alpha': 0.03358375857119637}. Best is trial 111 with value: -19.9193.[0m

14.26 sec -- {'mean_score': -20.1017, 'valid_scores': [-26.1792, -19.9255, -14.2005], 'train_scores': [-11.7695, -13.3518, -13.7575], 'params': {'n_estimators': 200, 'learning_rate': 0.07388666488090752, 'min_child_weight': 25, 'max_depth': 7, 'gamma': 0, 'subsample': 0.7306120113531523, 'colsample_bytree': 0.33035405333219203, 'reg_lambda': 0.00502687955890974, 'reg_alpha': 0.264457247026607}}
[32m[I 2021-01-04 17:20:40,798][0m Trial 224 finished with value: -20.1017 and parameters: {'learning_rate': 0.07388666488090752, 'min_child_weight': 25, 'max_depth': 7, 'subsample': 0.7306120113531523, 'colsample_bytree': 0.33035405333219203, 'reg_lambda': 0.00502687955890974, 'reg_alpha': 0.264457247026607}. Best is trial 111 with value: -19.9193.[0m

26.09 sec -- {'mean_score': -20.7471, 'valid_scores': [-27.1604, -20.3, -14.781], 'train_scores': [-9.8841, -11.1883, -11.5626], 'params': {'n_estimators': 200, 'learning_rate': 0.08721385902835624, 'min_child_weight': 37, 'max_depth': 11, 'gamma': 0, 'subsample': 0.8833153115496603, 'colsample_bytree': 0.6072635199300397, 'reg_lambda': 0.016144732795082484, 'reg_alpha': 0.0002443471420980342}}
[32m[I 2021-01-04 17:21:06,921][0m Trial 225 finished with value: -20.7471 and parameters: {'learning_rate': 0.08721385902835624, 'min_child_weight': 37, 'max_depth': 11, 'subsample': 0.8833153115496603, 'colsample_bytree': 0.6072635199300397, 'reg_lambda': 0.016144732795082484, 'reg_alpha': 0.0002443471420980342}. Best is trial 111 with value: -19.9193.[0m

9.64 sec -- {'mean_score': -21.581, 'valid_scores': [-28.3102, -21.7632, -14.6697], 'train_scores': [-16.7816, -18.3707, -18.6363], 'params': {'n_estimators': 200, 'learning_rate': 0.06891692013959086, 'min_child_weight': 50, 'max_depth': 3, 'gamma': 0, 'subsample': 0.5614751936022394, 'colsample_bytree': 0.3452990526970144, 'reg_lambda': 0.7515503914911764, 'reg_alpha': 0.38004445400625697}}
