[32m[I 2021-01-04 18:41:35,973][0m Trial 450 finished with value: -20.1074 and parameters: {'learning_rate': 0.05720706570449148, 'min_child_weight': 22, 'max_depth': 6, 'subsample': 0.6666540405908514, 'colsample_bytree': 0.44338867571883656, 'reg_lambda': 0.0007006756465588474, 'reg_alpha': 0.007355246806907036}. Best is trial 242 with value: -19.7454.[0m

11.65 sec -- {'mean_score': -19.9216, 'valid_scores': [-25.8049, -19.969, -13.9908], 'train_scores': [-11.8887, -13.3933, -13.7831], 'params': {'n_estimators': 200, 'learning_rate': 0.07749628645348952, 'min_child_weight': 39, 'max_depth': 7, 'gamma': 0, 'subsample': 0.9087414571779477, 'colsample_bytree': 0.3962127286131376, 'reg_lambda': 0.6843656693527664, 'reg_alpha': 0.040609642383844104}}
[32m[I 2021-01-04 18:41:47,653][0m Trial 451 finished with value: -19.9216 and parameters: {'learning_rate': 0.07749628645348952, 'min_child_weight': 39, 'max_depth': 7, 'subsample': 0.9087414571779477, 'colsample_bytree': 0.3962127286131376, 'reg_lambda': 0.6843656693527664, 'reg_alpha': 0.040609642383844104}. Best is trial 242 with value: -19.7454.[0m

11.48 sec -- {'mean_score': -20.1291, 'valid_scores': [-26.3881, -19.8941, -14.1051], 'train_scores': [-11.913, -13.4994, -13.8193], 'params': {'n_estimators': 200, 'learning_rate': 0.07930785795285628, 'min_child_weight': 33, 'max_depth': 7, 'gamma': 0, 'subsample': 0.6041273183075765, 'colsample_bytree': 0.3703088588223817, 'reg_lambda': 0.0007645516447315321, 'reg_alpha': 0.017940324665731866}}
[32m[I 2021-01-04 18:41:59,158][0m Trial 452 finished with value: -20.1291 and parameters: {'learning_rate': 0.07930785795285628, 'min_child_weight': 33, 'max_depth': 7, 'subsample': 0.6041273183075765, 'colsample_bytree': 0.3703088588223817, 'reg_lambda': 0.0007645516447315321, 'reg_alpha': 0.017940324665731866}. Best is trial 242 with value: -19.7454.[0m

27.22 sec -- {'mean_score': -20.5147, 'valid_scores': [-27.0063, -19.9667, -14.571], 'train_scores': [-9.8791, -11.1517, -11.5621], 'params': {'n_estimators': 200, 'learning_rate': 0.06981335530802882, 'min_child_weight': 39, 'max_depth': 12, 'gamma': 0, 'subsample': 0.9339039549912755, 'colsample_bytree': 0.4661841765077798, 'reg_lambda': 0.4973457136661264, 'reg_alpha': 0.03440068342398343}}
[32m[I 2021-01-04 18:42:26,403][0m Trial 453 finished with value: -20.5147 and parameters: {'learning_rate': 0.06981335530802882, 'min_child_weight': 39, 'max_depth': 12, 'subsample': 0.9339039549912755, 'colsample_bytree': 0.4661841765077798, 'reg_lambda': 0.4973457136661264, 'reg_alpha': 0.03440068342398343}. Best is trial 242 with value: -19.7454.[0m

8.67 sec -- {'mean_score': -20.0203, 'valid_scores': [-26.4372, -19.8384, -13.7852], 'train_scores': [-13.9681, -15.5672, -15.9143], 'params': {'n_estimators': 200, 'learning_rate': 0.0976139052556643, 'min_child_weight': 11, 'max_depth': 4, 'gamma': 0, 'subsample': 0.779062590677976, 'colsample_bytree': 0.31727143201238667, 'reg_lambda': 0.013021888137013394, 'reg_alpha': 0.14539002615390004}}
[32m[I 2021-01-04 18:42:35,106][0m Trial 454 finished with value: -20.0203 and parameters: {'learning_rate': 0.0976139052556643, 'min_child_weight': 11, 'max_depth': 4, 'subsample': 0.779062590677976, 'colsample_bytree': 0.31727143201238667, 'reg_lambda': 0.013021888137013394, 'reg_alpha': 0.14539002615390004}. Best is trial 242 with value: -19.7454.[0m

9.29 sec -- {'mean_score': -19.9837, 'valid_scores': [-26.1578, -19.9911, -13.8023], 'train_scores': [-13.7193, -15.3327, -15.6587], 'params': {'n_estimators': 200, 'learning_rate': 0.06645372297176766, 'min_child_weight': 48, 'max_depth': 5, 'gamma': 0, 'subsample': 0.853896979984114, 'colsample_bytree': 0.33616923488478934, 'reg_lambda': 0.7413004718099865, 'reg_alpha': 0.012213506045492279}}
[32m[I 2021-01-04 18:42:44,413][0m Trial 455 finished with value: -19.9837 and parameters: {'learning_rate': 0.06645372297176766, 'min_child_weight': 48, 'max_depth': 5, 'subsample': 0.853896979984114, 'colsample_bytree': 0.33616923488478934, 'reg_lambda': 0.7413004718099865, 'reg_alpha': 0.012213506045492279}. Best is trial 242 with value: -19.7454.[0m

7.88 sec -- {'mean_score': -21.1516, 'valid_scores': [-27.6698, -21.4123, -14.3727], 'train_scores': [-16.2641, -18.2889, -18.349], 'params': {'n_estimators': 200, 'learning_rate': 0.070354667638597, 'min_child_weight': 39, 'max_depth': 3, 'gamma': 0, 'subsample': 0.9712539256509357, 'colsample_bytree': 0.47478292757939444, 'reg_lambda': 0.1411560181758481, 'reg_alpha': 0.04192447526086605}}
[32m[I 2021-01-04 18:42:52,321][0m Trial 456 finished with value: -21.1516 and parameters: {'learning_rate': 0.070354667638597, 'min_child_weight': 39, 'max_depth': 3, 'subsample': 0.9712539256509357, 'colsample_bytree': 0.47478292757939444, 'reg_lambda': 0.1411560181758481, 'reg_alpha': 0.04192447526086605}. Best is trial 242 with value: -19.7454.[0m

27.73 sec -- {'mean_score': -21.1844, 'valid_scores': [-28.1177, -20.5927, -14.8428], 'train_scores': [-9.3413, -10.4249, -10.9782], 'params': {'n_estimators': 200, 'learning_rate': 0.14618380464263397, 'min_child_weight': 44, 'max_depth': 13, 'gamma': 0, 'subsample': 0.700201465958204, 'colsample_bytree': 0.9372411585971187, 'reg_lambda': 0.08965256549812524, 'reg_alpha': 0.07327586737041628}}
[32m[I 2021-01-04 18:43:20,075][0m Trial 457 finished with value: -21.1844 and parameters: {'learning_rate': 0.14618380464263397, 'min_child_weight': 44, 'max_depth': 13, 'subsample': 0.700201465958204, 'colsample_bytree': 0.9372411585971187, 'reg_lambda': 0.08965256549812524, 'reg_alpha': 0.07327586737041628}. Best is trial 242 with value: -19.7454.[0m

7.46 sec -- {'mean_score': -26.1626, 'valid_scores': [-33.5056, -25.595, -19.3871], 'train_scores': [-22.2454, -25.0989, -24.5494], 'params': {'n_estimators': 200, 'learning_rate': 0.11954584380414121, 'min_child_weight': 36, 'max_depth': 1, 'gamma': 0, 'subsample': 0.9977867210428484, 'colsample_bytree': 0.5152130380312716, 'reg_lambda': 0.0002192863786467465, 'reg_alpha': 0.2656059007888246}}
[32m[I 2021-01-04 18:43:27,560][0m Trial 458 finished with value: -26.1626 and parameters: {'learning_rate': 0.11954584380414121, 'min_child_weight': 36, 'max_depth': 1, 'subsample': 0.9977867210428484, 'colsample_bytree': 0.5152130380312716, 'reg_lambda': 0.0002192863786467465, 'reg_alpha': 0.2656059007888246}. Best is trial 242 with value: -19.7454.[0m

7.69 sec -- {'mean_score': -21.2587, 'valid_scores': [-27.653, -21.6501, -14.473], 'train_scores': [-15.87, -17.9594, -18.0826], 'params': {'n_estimators': 200, 'learning_rate': 0.08160013749862625, 'min_child_weight': 28, 'max_depth': 3, 'gamma': 0, 'subsample': 0.9436956165827478, 'colsample_bytree': 0.431523696773878, 'reg_lambda': 0.8303615960886132, 'reg_alpha': 0.0627877923413489}}
[32m[I 2021-01-04 18:43:35,291][0m Trial 459 finished with value: -21.2587 and parameters: {'learning_rate': 0.08160013749862625, 'min_child_weight': 28, 'max_depth': 3, 'subsample': 0.9436956165827478, 'colsample_bytree': 0.431523696773878, 'reg_lambda': 0.8303615960886132, 'reg_alpha': 0.0627877923413489}. Best is trial 242 with value: -19.7454.[0m

7.2 sec -- {'mean_score': -26.9097, 'valid_scores': [-34.5233, -26.1299, -20.0759], 'train_scores': [-22.8484, -25.7865, -25.2171], 'params': {'n_estimators': 200, 'learning_rate': 0.0964691598399265, 'min_child_weight': 4, 'max_depth': 1, 'gamma': 0, 'subsample': 0.8836834020068647, 'colsample_bytree': 0.397000409829447, 'reg_lambda': 0.01734984566319829, 'reg_alpha': 0.09267421949669152}}
[32m[I 2021-01-04 18:43:42,517][0m Trial 460 finished with value: -26.9097 and parameters: {'learning_rate': 0.0964691598399265, 'min_child_weight': 4, 'max_depth': 1, 'subsample': 0.8836834020068647, 'colsample_bytree': 0.397000409829447, 'reg_lambda': 0.01734984566319829, 'reg_alpha': 0.09267421949669152}. Best is trial 242 with value: -19.7454.[0m

16.99 sec -- {'mean_score': -20.3842, 'valid_scores': [-26.7008, -19.702, -14.7498], 'train_scores': [-10.7373, -12.055, -12.5542], 'params': {'n_estimators': 200, 'learning_rate': 0.07778850238900326, 'min_child_weight': 33, 'max_depth': 9, 'gamma': 0, 'subsample': 0.981501088961099, 'colsample_bytree': 0.3088726435047604, 'reg_lambda': 0.11376173407446276, 'reg_alpha': 0.09104730113895042}}
[32m[I 2021-01-04 18:43:59,550][0m Trial 461 finished with value: -20.3842 and parameters: {'learning_rate': 0.07778850238900326, 'min_child_weight': 33, 'max_depth': 9, 'subsample': 0.981501088961099, 'colsample_bytree': 0.3088726435047604, 'reg_lambda': 0.11376173407446276, 'reg_alpha': 0.09104730113895042}. Best is trial 242 with value: -19.7454.[0m

18.75 sec -- {'mean_score': -23.7375, 'valid_scores': [-32.3661, -23.0738, -15.7727], 'train_scores': [-15.5961, -17.468, -17.8319], 'params': {'n_estimators': 200, 'learning_rate': 0.014102741561962687, 'min_child_weight': 23, 'max_depth': 7, 'gamma': 0, 'subsample': 0.7171716408325801, 'colsample_bytree': 0.9159175380135003, 'reg_lambda': 0.01017462144258756, 'reg_alpha': 0.1514098961966381}}
[32m[I 2021-01-04 18:44:18,319][0m Trial 462 finished with value: -23.7375 and parameters: {'learning_rate': 0.014102741561962687, 'min_child_weight': 23, 'max_depth': 7, 'subsample': 0.7171716408325801, 'colsample_bytree': 0.9159175380135003, 'reg_lambda': 0.01017462144258756, 'reg_alpha': 0.1514098961966381}. Best is trial 242 with value: -19.7454.[0m

14.84 sec -- {'mean_score': -28.2724, 'valid_scores': [-38.9128, -26.8893, -19.0151], 'train_scores': [-20.224, -22.5876, -22.7966], 'params': {'n_estimators': 200, 'learning_rate': 0.010200696562446591, 'min_child_weight': 28, 'max_depth': 7, 'gamma': 0, 'subsample': 0.857720207834538, 'colsample_bytree': 0.3190248813081804, 'reg_lambda': 0.012927220699020756, 'reg_alpha': 0.00021031752765205309}}
[32m[I 2021-01-04 18:44:33,187][0m Trial 463 finished with value: -28.2724 and parameters: {'learning_rate': 0.010200696562446591, 'min_child_weight': 28, 'max_depth': 7, 'subsample': 0.857720207834538, 'colsample_bytree': 0.3190248813081804, 'reg_lambda': 0.012927220699020756, 'reg_alpha': 0.00021031752765205309}. Best is trial 242 with value: -19.7454.[0m

11.21 sec -- {'mean_score': -20.0028, 'valid_scores': [-26.0183, -19.8421, -14.1481], 'train_scores': [-12.1847, -13.6, -14.0302], 'params': {'n_estimators': 200, 'learning_rate': 0.11298640293320089, 'min_child_weight': 37, 'max_depth': 6, 'gamma': 0, 'subsample': 0.7532336802057078, 'colsample_bytree': 0.4945264567216176, 'reg_lambda': 0.8246068846814987, 'reg_alpha': 0.23061901855081166}}
[32m[I 2021-01-04 18:44:44,425][0m Trial 464 finished with value: -20.0028 and parameters: {'learning_rate': 0.11298640293320089, 'min_child_weight': 37, 'max_depth': 6, 'subsample': 0.7532336802057078, 'colsample_bytree': 0.4945264567216176, 'reg_lambda': 0.8246068846814987, 'reg_alpha': 0.23061901855081166}. Best is trial 242 with value: -19.7454.[0m

13.19 sec -- {'mean_score': -19.9481, 'valid_scores': [-26.43, -19.5228, -13.8915], 'train_scores': [-11.7215, -13.3375, -13.8549], 'params': {'n_estimators': 200, 'learning_rate': 0.07441777239859707, 'min_child_weight': 44, 'max_depth': 7, 'gamma': 0, 'subsample': 0.9483118402091253, 'colsample_bytree': 0.5023048704153764, 'reg_lambda': 0.2790064460997361, 'reg_alpha': 0.03740965530118248}}
[32m[I 2021-01-04 18:44:57,640][0m Trial 465 finished with value: -19.9481 and parameters: {'learning_rate': 0.07441777239859707, 'min_child_weight': 44, 'max_depth': 7, 'subsample': 0.9483118402091253, 'colsample_bytree': 0.5023048704153764, 'reg_lambda': 0.2790064460997361, 'reg_alpha': 0.03740965530118248}. Best is trial 242 with value: -19.7454.[0m

10.01 sec -- {'mean_score': -19.9977, 'valid_scores': [-25.9807, -20.0239, -13.9884], 'train_scores': [-13.289, -14.9561, -15.3824], 'params': {'n_estimators': 200, 'learning_rate': 0.07949331399440905, 'min_child_weight': 41, 'max_depth': 5, 'gamma': 0, 'subsample': 0.9374320196509802, 'colsample_bytree': 0.36809101771124575, 'reg_lambda': 0.694340919765356, 'reg_alpha': 0.024438430110793455}}
[32m[I 2021-01-04 18:45:07,680][0m Trial 466 finished with value: -19.9977 and parameters: {'learning_rate': 0.07949331399440905, 'min_child_weight': 41, 'max_depth': 5, 'subsample': 0.9374320196509802, 'colsample_bytree': 0.36809101771124575, 'reg_lambda': 0.694340919765356, 'reg_alpha': 0.024438430110793455}. Best is trial 242 with value: -19.7454.[0m

12.78 sec -- {'mean_score': -20.191, 'valid_scores': [-26.7663, -20.1058, -13.701], 'train_scores': [-12.0769, -13.7867, -14.2244], 'params': {'n_estimators': 200, 'learning_rate': 0.08180067347086148, 'min_child_weight': 17, 'max_depth': 6, 'gamma': 0, 'subsample': 0.7545432735806189, 'colsample_bytree': 0.7355667738839932, 'reg_lambda': 0.00031838169944628075, 'reg_alpha': 0.0011617914498317028}}
[32m[I 2021-01-04 18:45:20,479][0m Trial 467 finished with value: -20.191 and parameters: {'learning_rate': 0.08180067347086148, 'min_child_weight': 17, 'max_depth': 6, 'subsample': 0.7545432735806189, 'colsample_bytree': 0.7355667738839932, 'reg_lambda': 0.00031838169944628075, 'reg_alpha': 0.0011617914498317028}. Best is trial 242 with value: -19.7454.[0m

18.46 sec -- {'mean_score': -20.0371, 'valid_scores': [-26.4029, -19.8029, -13.9055], 'train_scores': [-11.3654, -12.9331, -13.3858], 'params': {'n_estimators': 200, 'learning_rate': 0.05301417097666074, 'min_child_weight': 37, 'max_depth': 8, 'gamma': 0, 'subsample': 0.9903297698512966, 'colsample_bytree': 0.6196961551706811, 'reg_lambda': 0.39038585963126915, 'reg_alpha': 0.12452971115330642}}
[32m[I 2021-01-04 18:45:38,974][0m Trial 468 finished with value: -20.0371 and parameters: {'learning_rate': 0.05301417097666074, 'min_child_weight': 37, 'max_depth': 8, 'subsample': 0.9903297698512966, 'colsample_bytree': 0.6196961551706811, 'reg_lambda': 0.39038585963126915, 'reg_alpha': 0.12452971115330642}. Best is trial 242 with value: -19.7454.[0m

23.85 sec -- {'mean_score': -20.0736, 'valid_scores': [-26.6316, -19.7362, -13.8531], 'train_scores': [-10.996, -12.3098, -12.7943], 'params': {'n_estimators': 200, 'learning_rate': 0.04414859690818536, 'min_child_weight': 30, 'max_depth': 10, 'gamma': 0, 'subsample': 0.6215757665532752, 'colsample_bytree': 0.4719577693982053, 'reg_lambda': 0.0012220933076217456, 'reg_alpha': 0.0010454401369535897}}
[32m[I 2021-01-04 18:46:02,869][0m Trial 469 finished with value: -20.0736 and parameters: {'learning_rate': 0.04414859690818536, 'min_child_weight': 30, 'max_depth': 10, 'subsample': 0.6215757665532752, 'colsample_bytree': 0.4719577693982053, 'reg_lambda': 0.0012220933076217456, 'reg_alpha': 0.0010454401369535897}. Best is trial 242 with value: -19.7454.[0m

14.15 sec -- {'mean_score': -19.9865, 'valid_scores': [-26.4354, -19.6229, -13.9012], 'train_scores': [-11.803, -13.3684, -13.8104], 'params': {'n_estimators': 200, 'learning_rate': 0.07705577135009987, 'min_child_weight': 43, 'max_depth': 7, 'gamma': 0, 'subsample': 0.9527797933088556, 'colsample_bytree': 0.4543778190718209, 'reg_lambda': 0.15955834042810396, 'reg_alpha': 0.024440989722590175}}
[32m[I 2021-01-04 18:46:17,067][0m Trial 470 finished with value: -19.9865 and parameters: {'learning_rate': 0.07705577135009987, 'min_child_weight': 43, 'max_depth': 7, 'subsample': 0.9527797933088556, 'colsample_bytree': 0.4543778190718209, 'reg_lambda': 0.15955834042810396, 'reg_alpha': 0.024440989722590175}. Best is trial 242 with value: -19.7454.[0m

9.35 sec -- {'mean_score': -21.7346, 'valid_scores': [-28.9589, -21.2608, -14.9842], 'train_scores': [-16.6736, -18.4341, -18.7072], 'params': {'n_estimators': 200, 'learning_rate': 0.0341860196298472, 'min_child_weight': 37, 'max_depth': 4, 'gamma': 0, 'subsample': 0.82958622995227, 'colsample_bytree': 0.3978117556905621, 'reg_lambda': 0.00611088510024396, 'reg_alpha': 0.08307816790475397}}
[32m[I 2021-01-04 18:46:26,510][0m Trial 471 finished with value: -21.7346 and parameters: {'learning_rate': 0.0341860196298472, 'min_child_weight': 37, 'max_depth': 4, 'subsample': 0.82958622995227, 'colsample_bytree': 0.3978117556905621, 'reg_lambda': 0.00611088510024396, 'reg_alpha': 0.08307816790475397}. Best is trial 242 with value: -19.7454.[0m

16.62 sec -- {'mean_score': -20.7262, 'valid_scores': [-27.2562, -19.7683, -15.1542], 'train_scores': [-10.1262, -11.5562, -12.0942], 'params': {'n_estimators': 200, 'learning_rate': 0.11053338399298868, 'min_child_weight': 23, 'max_depth': 9, 'gamma': 0, 'subsample': 0.9481603265571636, 'colsample_bytree': 0.4335383078935727, 'reg_lambda': 0.013993130714863513, 'reg_alpha': 0.03459813250550125}}
[32m[I 2021-01-04 18:46:43,153][0m Trial 472 finished with value: -20.7262 and parameters: {'learning_rate': 0.11053338399298868, 'min_child_weight': 23, 'max_depth': 9, 'subsample': 0.9481603265571636, 'colsample_bytree': 0.4335383078935727, 'reg_lambda': 0.013993130714863513, 'reg_alpha': 0.03459813250550125}. Best is trial 242 with value: -19.7454.[0m

14.9 sec -- {'mean_score': -19.9363, 'valid_scores': [-26.2424, -19.6208, -13.9456], 'train_scores': [-11.4543, -12.9436, -13.5082], 'params': {'n_estimators': 200, 'learning_rate': 0.056027598324494346, 'min_child_weight': 25, 'max_depth': 8, 'gamma': 0, 'subsample': 0.8883096181109308, 'colsample_bytree': 0.30732801781783986, 'reg_lambda': 0.052607555479780695, 'reg_alpha': 0.0189911565417475}}
[32m[I 2021-01-04 18:46:58,164][0m Trial 473 finished with value: -19.9363 and parameters: {'learning_rate': 0.056027598324494346, 'min_child_weight': 25, 'max_depth': 8, 'subsample': 0.8883096181109308, 'colsample_bytree': 0.30732801781783986, 'reg_lambda': 0.052607555479780695, 'reg_alpha': 0.0189911565417475}. Best is trial 242 with value: -19.7454.[0m

9.37 sec -- {'mean_score': -23.271, 'valid_scores': [-30.7781, -22.5988, -16.4361], 'train_scores': [-18.6972, -20.8835, -20.8625], 'params': {'n_estimators': 200, 'learning_rate': 0.034396765720878186, 'min_child_weight': 9, 'max_depth': 3, 'gamma': 0, 'subsample': 0.7408066052523663, 'colsample_bytree': 0.510681741614613, 'reg_lambda': 0.28074959052836107, 'reg_alpha': 0.002146374941179735}}
[32m[I 2021-01-04 18:47:07,565][0m Trial 474 finished with value: -23.271 and parameters: {'learning_rate': 0.034396765720878186, 'min_child_weight': 9, 'max_depth': 3, 'subsample': 0.7408066052523663, 'colsample_bytree': 0.510681741614613, 'reg_lambda': 0.28074959052836107, 'reg_alpha': 0.002146374941179735}. Best is trial 242 with value: -19.7454.[0m

18.18 sec -- {'mean_score': -20.1538, 'valid_scores': [-26.7342, -19.7972, -13.93], 'train_scores': [-11.7084, -13.1967, -13.7816], 'params': {'n_estimators': 200, 'learning_rate': 0.042582624847359675, 'min_child_weight': 26, 'max_depth': 8, 'gamma': 0, 'subsample': 0.8935192457790907, 'colsample_bytree': 0.386210159868292, 'reg_lambda': 0.016712449507930306, 'reg_alpha': 0.0313384891931511}}
[32m[I 2021-01-04 18:47:25,831][0m Trial 475 finished with value: -20.1538 and parameters: {'learning_rate': 0.042582624847359675, 'min_child_weight': 26, 'max_depth': 8, 'subsample': 0.8935192457790907, 'colsample_bytree': 0.386210159868292, 'reg_lambda': 0.016712449507930306, 'reg_alpha': 0.0313384891931511}. Best is trial 242 with value: -19.7454.[0m

20.83 sec -- {'mean_score': -19.9673, 'valid_scores': [-26.4536, -19.5668, -13.8814], 'train_scores': [-10.8099, -12.1222, -12.6622], 'params': {'n_estimators': 200, 'learning_rate': 0.05060629893671781, 'min_child_weight': 18, 'max_depth': 9, 'gamma': 0, 'subsample': 0.755429029178421, 'colsample_bytree': 0.5327867615477545, 'reg_lambda': 0.004838537222030257, 'reg_alpha': 0.00211525164376595}}
[32m[I 2021-01-04 18:47:46,703][0m Trial 476 finished with value: -19.9673 and parameters: {'learning_rate': 0.05060629893671781, 'min_child_weight': 18, 'max_depth': 9, 'subsample': 0.755429029178421, 'colsample_bytree': 0.5327867615477545, 'reg_lambda': 0.004838537222030257, 'reg_alpha': 0.00211525164376595}. Best is trial 242 with value: -19.7454.[0m

63.16 sec -- {'mean_score': -21.0578, 'valid_scores': [-27.4224, -20.358, -15.3931], 'train_scores': [-7.9393, -8.6478, -8.9809], 'params': {'n_estimators': 200, 'learning_rate': 0.11135672658900721, 'min_child_weight': 22, 'max_depth': 18, 'gamma': 0, 'subsample': 0.8368622436897453, 'colsample_bytree': 0.6663531000855871, 'reg_lambda': 0.07712484753134985, 'reg_alpha': 0.011487132954886256}}
[32m[I 2021-01-04 18:48:49,890][0m Trial 477 finished with value: -21.0578 and parameters: {'learning_rate': 0.11135672658900721, 'min_child_weight': 22, 'max_depth': 18, 'subsample': 0.8368622436897453, 'colsample_bytree': 0.6663531000855871, 'reg_lambda': 0.07712484753134985, 'reg_alpha': 0.011487132954886256}. Best is trial 242 with value: -19.7454.[0m

28.43 sec -- {'mean_score': -20.2009, 'valid_scores': [-26.796, -19.6771, -14.1296], 'train_scores': [-10.2324, -11.4851, -11.9336], 'params': {'n_estimators': 200, 'learning_rate': 0.05136949482110309, 'min_child_weight': 27, 'max_depth': 11, 'gamma': 0, 'subsample': 0.8111933215803016, 'colsample_bytree': 0.49765868737679353, 'reg_lambda': 0.00016647006053310815, 'reg_alpha': 0.003222497272099589}}
[32m[I 2021-01-04 18:49:18,350][0m Trial 478 finished with value: -20.2009 and parameters: {'learning_rate': 0.05136949482110309, 'min_child_weight': 27, 'max_depth': 11, 'subsample': 0.8111933215803016, 'colsample_bytree': 0.49765868737679353, 'reg_lambda': 0.00016647006053310815, 'reg_alpha': 0.003222497272099589}. Best is trial 242 with value: -19.7454.[0m

44.04 sec -- {'mean_score': -21.4941, 'valid_scores': [-27.4769, -20.7332, -16.2722], 'train_scores': [-8.3015, -9.18, -9.5888], 'params': {'n_estimators': 200, 'learning_rate': 0.16252774390650998, 'min_child_weight': 25, 'max_depth': 17, 'gamma': 0, 'subsample': 0.5905596722978202, 'colsample_bytree': 0.7330938804317392, 'reg_lambda': 0.28302650902628773, 'reg_alpha': 0.019210547404669424}}
