[32m[I 2021-01-04 18:56:28,675][0m Trial 499 finished with value: -20.3118 and parameters: {'learning_rate': 0.11410503402295534, 'min_child_weight': 22, 'max_depth': 8, 'subsample': 0.7810931258163094, 'colsample_bytree': 0.6511025886974121, 'reg_lambda': 0.004269540094915954, 'reg_alpha': 0.00012927105706554684}. Best is trial 242 with value: -19.7454.[0m

[
    {
        "score": -19.7454,
        "params": {
            "learning_rate": 0.057323060718144345,
            "min_child_weight": 15,
            "max_depth": 7,
            "subsample": 0.7856209223269154,
            "colsample_bytree": 0.5719527938277251,
            "reg_lambda": 0.0012486997879722656,
            "reg_alpha": 0.0008608418342154867
        }
    },
    {
        "score": -19.7865,
        "params": {
            "learning_rate": 0.05442611588268358,
            "min_child_weight": 17,
            "max_depth": 7,
            "subsample": 0.511067079549047,
            "colsample_bytree": 0.5442045620131329,
            "reg_lambda": 0.05360563880281221,
            "reg_alpha": 0.00032319461481725376
        }
    },
    {
        "score": -19.7909,
        "params": {
            "learning_rate": 0.08009077215073504,
            "min_child_weight": 15,
            "max_depth": 6,
            "subsample": 0.7015616275540304,
            "colsample_bytree": 0.5379892721239208,
            "reg_lambda": 0.05813732826700655,
            "reg_alpha": 0.00023770111707032036
        }
    },
    {
        "score": -19.8486,
        "params": {
            "learning_rate": 0.08516022367992544,
            "min_child_weight": 27,
            "max_depth": 6,
            "subsample": 0.8608638956975723,
            "colsample_bytree": 0.3494699719010227,
            "reg_lambda": 0.08976407348528688,
            "reg_alpha": 0.09676899376516161
        }
    },
    {
        "score": -19.8662,
        "params": {
            "learning_rate": 0.07709830791728982,
            "min_child_weight": 28,
            "max_depth": 7,
            "subsample": 0.8169778939838871,
            "colsample_bytree": 0.34269889624056177,
            "reg_lambda": 0.7904799442189027,
            "reg_alpha": 0.07335802465182795
        }
    },
    {
        "score": -19.8857,
        "params": {
            "learning_rate": 0.048528092271625634,
            "min_child_weight": 34,
            "max_depth": 8,
            "subsample": 0.7083380180828132,
            "colsample_bytree": 0.3427928694940453,
            "reg_lambda": 0.03354653186879539,
            "reg_alpha": 0.00023562089335707646
        }
    },
    {
        "score": -19.894,
        "params": {
            "learning_rate": 0.050414302604066194,
            "min_child_weight": 50,
            "max_depth": 7,
            "subsample": 0.8497924177222859,
            "colsample_bytree": 0.3446453554995441,
            "reg_lambda": 0.20051043943639113,
            "reg_alpha": 0.025526190592377443
        }
    },
    {
        "score": -19.9168,
        "params": {
            "learning_rate": 0.08436685240084577,
            "min_child_weight": 47,
            "max_depth": 6,
            "subsample": 0.9270644642693014,
            "colsample_bytree": 0.4117452296918252,
            "reg_lambda": 0.22463197564535473,
            "reg_alpha": 0.04699711735525118
        }
    },
    {
        "score": -19.9193,
        "params": {
            "learning_rate": 0.07586936996589164,
            "min_child_weight": 30,
            "max_depth": 5,
            "subsample": 0.653304543019841,
            "colsample_bytree": 0.3418997437555328,
            "reg_lambda": 0.00809584362128316,
            "reg_alpha": 0.03235508525206194
        }
    },
    {
        "score": -19.9216,
        "params": {
            "learning_rate": 0.07749628645348952,
            "min_child_weight": 39,
            "max_depth": 7,
            "subsample": 0.9087414571779477,
            "colsample_bytree": 0.3962127286131376,
            "reg_lambda": 0.6843656693527664,
            "reg_alpha": 0.040609642383844104
        }
    },
    {
        "score": -19.9264,
        "params": {
            "learning_rate": 0.08486943901474249,
            "min_child_weight": 36,
            "max_depth": 6,
            "subsample": 0.8667595849919836,
            "colsample_bytree": 0.3833650262506767,
            "reg_lambda": 0.6442448902734575,
            "reg_alpha": 0.022306622725206955
        }
    },
    {
        "score": -19.9271,
        "params": {
            "learning_rate": 0.06732413860703987,
            "min_child_weight": 15,
            "max_depth": 8,
            "subsample": 0.5423972517065445,
            "colsample_bytree": 0.5950094520868531,
            "reg_lambda": 0.28242611744643337,
            "reg_alpha": 0.00012350479520919152
        }
    },
    {
        "score": -19.9279,
        "params": {
            "learning_rate": 0.09080169886458468,
            "min_child_weight": 47,
            "max_depth": 6,
            "subsample": 0.8670574714132999,
            "colsample_bytree": 0.47586049574217376,
            "reg_lambda": 0.13774365653387324,
            "reg_alpha": 0.019992135669220777
        }
    },
    {
        "score": -19.9354,
        "params": {
            "learning_rate": 0.06107200795293977,
            "min_child_weight": 21,
            "max_depth": 6,
            "subsample": 0.7444595906097818,
            "colsample_bytree": 0.5042219692604311,
            "reg_lambda": 0.0006582850213364947,
            "reg_alpha": 0.0016087286705316222
        }
    },
    {
        "score": -19.9363,
        "params": {
            "learning_rate": 0.056027598324494346,
            "min_child_weight": 25,
            "max_depth": 8,
            "subsample": 0.8883096181109308,
            "colsample_bytree": 0.30732801781783986,
            "reg_lambda": 0.052607555479780695,
            "reg_alpha": 0.0189911565417475
        }
    },
    {
        "score": -19.938,
        "params": {
            "learning_rate": 0.08133746770787398,
            "min_child_weight": 45,
            "max_depth": 7,
            "subsample": 0.6347971899222881,
            "colsample_bytree": 0.3563961964692804,
            "reg_lambda": 0.15886241244944532,
            "reg_alpha": 0.05829518656202425
        }
    },
    {
        "score": -19.9381,
        "params": {
            "learning_rate": 0.09033511576975187,
            "min_child_weight": 25,
            "max_depth": 7,
            "subsample": 0.7232442713408578,
            "colsample_bytree": 0.603982438794437,
            "reg_lambda": 0.007430118319455948,
            "reg_alpha": 0.00012014488021174168
        }
    },
    {
        "score": -19.9398,
        "params": {
            "learning_rate": 0.04725041454021053,
            "min_child_weight": 32,
            "max_depth": 7,
            "subsample": 0.7731922798175099,
            "colsample_bytree": 0.3512304159518912,
            "reg_lambda": 0.048614069842494737,
            "reg_alpha": 0.0008167338184087026
        }
    },
    {
        "score": -19.9409,
        "params": {
            "learning_rate": 0.0928945439715819,
            "min_child_weight": 48,
            "max_depth": 6,
            "subsample": 0.9253347170631241,
            "colsample_bytree": 0.3340283642297945,
            "reg_lambda": 0.2162756527352671,
            "reg_alpha": 0.027748117282892233
        }
    },
    {
        "score": -19.9415,
        "params": {
            "learning_rate": 0.03714626547842807,
            "min_child_weight": 31,
            "max_depth": 10,
            "subsample": 0.6868623768753989,
            "colsample_bytree": 0.5095602374015377,
            "reg_lambda": 0.0016855105552076217,
            "reg_alpha": 0.0002758113839399419
        }
    },
    {
        "score": -19.9457,
        "params": {
            "learning_rate": 0.11985386123304895,
            "min_child_weight": 12,
            "max_depth": 4,
            "subsample": 0.8485465725038468,
            "colsample_bytree": 0.33777393284700946,
            "reg_lambda": 0.01797002895740907,
            "reg_alpha": 0.03245948342522162
        }
    },
    {
        "score": -19.9459,
        "params": {
            "learning_rate": 0.08826877897438433,
            "min_child_weight": 43,
            "max_depth": 6,
            "subsample": 0.9169760123186044,
            "colsample_bytree": 0.4773876093206067,
            "reg_lambda": 0.5913405006938623,
            "reg_alpha": 0.04806649427226089
        }
    },
    {
        "score": -19.9464,
        "params": {
            "learning_rate": 0.050123345678520656,
            "min_child_weight": 36,
            "max_depth": 9,
            "subsample": 0.8629697347060251,
            "colsample_bytree": 0.3205944349777437,
            "reg_lambda": 0.035516091103860635,
            "reg_alpha": 0.015387751728382288
        }
    },
    {
        "score": -19.9474,
        "params": {
            "learning_rate": 0.051233852283051544,
            "min_child_weight": 38,
            "max_depth": 9,
            "subsample": 0.8348366728117108,
            "colsample_bytree": 0.3543945238041653,
            "reg_lambda": 0.036712776736259514,
            "reg_alpha": 0.024907092844170642
        }
    },
    {
        "score": -19.9481,
        "params": {
            "learning_rate": 0.07441777239859707,
            "min_child_weight": 44,
            "max_depth": 7,
            "subsample": 0.9483118402091253,
            "colsample_bytree": 0.5023048704153764,
            "reg_lambda": 0.2790064460997361,
            "reg_alpha": 0.03740965530118248
        }
    },
    {
        "score": -19.9491,
        "params": {
            "learning_rate": 0.0452129002664206,
            "min_child_weight": 15,
            "max_depth": 8,
            "subsample": 0.5748637353266465,
            "colsample_bytree": 0.5977305607226431,
            "reg_lambda": 0.07350889114382836,
            "reg_alpha": 0.00010173342684914309
        }
    },
    {
        "score": -19.9497,
        "params": {
            "learning_rate": 0.08198733248543323,
            "min_child_weight": 27,
            "max_depth": 7,
            "subsample": 0.5080038365370328,
            "colsample_bytree": 0.3361734577606435,
            "reg_lambda": 0.8417718872138683,
            "reg_alpha": 0.13526541426998465
        }
    },
    {
        "score": -19.9517,
        "params": {
            "learning_rate": 0.0892249876185096,
            "min_child_weight": 28,
            "max_depth": 6,
            "subsample": 0.8883924726309806,
            "colsample_bytree": 0.5617390806177858,
            "reg_lambda": 0.17537997466601715,
            "reg_alpha": 0.00021769699799665198
        }
    },
    {
        "score": -19.9539,
        "params": {
            "learning_rate": 0.06824014149428857,
            "min_child_weight": 42,
            "max_depth": 7,
            "subsample": 0.675149773398551,
            "colsample_bytree": 0.3459782972829593,
            "reg_lambda": 0.058135608078656635,
            "reg_alpha": 0.0008230983317602125
        }
    },
    {
        "score": -19.9568,
        "params": {
            "learning_rate": 0.10022311783705243,
            "min_child_weight": 47,
            "max_depth": 6,
            "subsample": 0.8716696741613014,
            "colsample_bytree": 0.34837075817143465,
            "reg_lambda": 0.400849392020139,
            "reg_alpha": 0.05917737768714041
        }
    },
    {
        "score": -19.9574,
        "params": {
            "learning_rate": 0.0795975307758542,
            "min_child_weight": 29,
            "max_depth": 7,
            "subsample": 0.6283948267084537,
            "colsample_bytree": 0.4872286174986189,
            "reg_lambda": 0.06947639831218383,
            "reg_alpha": 0.0001529467190104567
        }
    },
    {
        "score": -19.9604,
        "params": {
            "learning_rate": 0.07112714570384202,
            "min_child_weight": 29,
            "max_depth": 6,
            "subsample": 0.7602100680415104,
            "colsample_bytree": 0.37251817251927366,
            "reg_lambda": 0.9635865418506961,
            "reg_alpha": 0.01028129685811374
        }
    },
    {
        "score": -19.9639,
        "params": {
            "learning_rate": 0.06326742087317404,
            "min_child_weight": 36,
            "max_depth": 8,
            "subsample": 0.6896337987808094,
            "colsample_bytree": 0.3487795557578657,
            "reg_lambda": 0.026123962056148142,
            "reg_alpha": 0.0004156192031593742
        }
    },
    {
        "score": -19.9654,
        "params": {
            "learning_rate": 0.09166565722970688,
            "min_child_weight": 48,
            "max_depth": 7,
            "subsample": 0.9312850973680494,
            "colsample_bytree": 0.5771093147375613,
            "reg_lambda": 0.03537470056431716,
            "reg_alpha": 0.00012735754571047226
        }
    },
    {
        "score": -19.9669,
        "params": {
            "learning_rate": 0.08837724074508606,
            "min_child_weight": 29,
            "max_depth": 6,
            "subsample": 0.8474560889956411,
            "colsample_bytree": 0.3096794377286401,
            "reg_lambda": 0.12215433127004775,
            "reg_alpha": 0.06733788905715121
        }
    },
    {
        "score": -19.9671,
        "params": {
            "learning_rate": 0.09993996520001569,
            "min_child_weight": 47,
            "max_depth": 7,
            "subsample": 0.927504532905847,
            "colsample_bytree": 0.5068071393714082,
            "reg_lambda": 0.3550575239527692,
            "reg_alpha": 0.1156540490175597
        }
    },
    {
        "score": -19.9673,
        "params": {
            "learning_rate": 0.05060629893671781,
            "min_child_weight": 18,
            "max_depth": 9,
            "subsample": 0.755429029178421,
            "colsample_bytree": 0.5327867615477545,
            "reg_lambda": 0.004838537222030257,
            "reg_alpha": 0.00211525164376595
        }
    },
    {
        "score": -19.9748,
        "params": {
            "learning_rate": 0.07726449316924962,
            "min_child_weight": 46,
            "max_depth": 6,
            "subsample": 0.8817546906575344,
            "colsample_bytree": 0.6059550007273007,
            "reg_lambda": 0.03216074101157938,
            "reg_alpha": 0.00023891639761214174
        }
    },
    {
        "score": -19.9758,
        "params": {
            "learning_rate": 0.06586299557045266,
            "min_child_weight": 22,
            "max_depth": 6,
            "subsample": 0.7428748481321483,
            "colsample_bytree": 0.562554245766639,
            "reg_lambda": 0.01837347210736887,
            "reg_alpha": 0.00025533216113819815
        }
    },
    {
        "score": -19.9766,
        "params": {
            "learning_rate": 0.0633583863901497,
            "min_child_weight": 32,
            "max_depth": 7,
            "subsample": 0.7850207514036355,
            "colsample_bytree": 0.4711095910007375,
            "reg_lambda": 0.030780483173835745,
            "reg_alpha": 0.00014769785664856295
        }
    },
    {
        "score": -19.9789,
        "params": {
            "learning_rate": 0.07614739370782628,
            "min_child_weight": 41,
            "max_depth": 6,
            "subsample": 0.886992359739581,
            "colsample_bytree": 0.4215309935974023,
            "reg_lambda": 0.07099419283486445,
            "reg_alpha": 0.05001934040983766
        }
    },
    {
        "score": -19.9819,
        "params": {
            "learning_rate": 0.09301698638366901,
            "min_child_weight": 30,
            "max_depth": 6,
            "subsample": 0.8731895789252818,
            "colsample_bytree": 0.6050563011225396,
            "reg_lambda": 0.06198691106131586,
            "reg_alpha": 0.00023642851193593758
        }
    },
    {
        "score": -19.9826,
        "params": {
            "learning_rate": 0.07895190001695734,
            "min_child_weight": 19,
            "max_depth": 7,
            "subsample": 0.5858207452248183,
            "colsample_bytree": 0.5565256433934956,
            "reg_lambda": 0.01831607921351776,
            "reg_alpha": 0.00032113408918410774
        }
    },
    {
        "score": -19.9826,
        "params": {
            "learning_rate": 0.06879939241403696,
            "min_child_weight": 50,
            "max_depth": 7,
            "subsample": 0.6860813474941941,
            "colsample_bytree": 0.36091418265306796,
            "reg_lambda": 0.2826309169674416,
            "reg_alpha": 0.025885096158447172
        }
    },
    {
        "score": -19.9837,
        "params": {
            "learning_rate": 0.06645372297176766,
            "min_child_weight": 48,
            "max_depth": 5,
            "subsample": 0.853896979984114,
            "colsample_bytree": 0.33616923488478934,
            "reg_lambda": 0.7413004718099865,
            "reg_alpha": 0.012213506045492279
        }
    },
    {
        "score": -19.9841,
        "params": {
            "learning_rate": 0.09162288179250043,
            "min_child_weight": 32,
            "max_depth": 6,
            "subsample": 0.5767300552227842,
            "colsample_bytree": 0.365751756086504,
            "reg_lambda": 0.023951210163070977,
            "reg_alpha": 0.0013976937092874118
        }
    },
    {
        "score": -19.9852,
        "params": {
            "learning_rate": 0.0897448590376305,
            "min_child_weight": 25,
            "max_depth": 7,
            "subsample": 0.504994133362761,
            "colsample_bytree": 0.3263291117968665,
            "reg_lambda": 0.7495139712562185,
            "reg_alpha": 0.2999826044671231
        }
    },
    {
        "score": -19.9865,
        "params": {
            "learning_rate": 0.07705577135009987,
            "min_child_weight": 43,
            "max_depth": 7,
            "subsample": 0.9527797933088556,
            "colsample_bytree": 0.4543778190718209,
            "reg_lambda": 0.15955834042810396,
            "reg_alpha": 0.024440989722590175
        }
    },
    {
        "score": -19.9869,
        "params": {
            "learning_rate": 0.07874989803842941,
            "min_child_weight": 37,
            "max_depth": 7,
            "subsample": 0.8013141084195413,
            "colsample_bytree": 0.9003680761760953,
            "reg_lambda": 0.0029559356311178106,
            "reg_alpha": 0.08768569227548396
        }
    },
    {
        "score": -19.9877,
        "params": {
            "learning_rate": 0.04145291993961282,
            "min_child_weight": 14,
            "max_depth": 7,
            "subsample": 0.7925261967079462,
            "colsample_bytree": 0.5305212255693105,
            "reg_lambda": 0.015875182360598143,
            "reg_alpha": 0.00033509272718726754
        }
    },
    {
        "score": -19.9897,
        "params": {
            "learning_rate": 0.06986537914960726,
            "min_child_weight": 15,
            "max_depth": 5,
            "subsample": 0.880740693238125,
            "colsample_bytree": 0.5138050092775979,
            "reg_lambda": 0.16269070036508002,
            "reg_alpha": 0.0239815529997074
        }
    },
    {
        "score": -19.99,
        "params": {
            "learning_rate": 0.06063482884021912,
            "min_child_weight": 30,
            "max_depth": 8,
            "subsample": 0.6978660264172727,
            "colsample_bytree": 0.49985974531214034,
            "reg_lambda": 0.012788742240377215,
            "reg_alpha": 0.01705686618960287
        }
    },
    {
        "score": -19.9931,
        "params": {
            "learning_rate": 0.05646265251785662,
            "min_child_weight": 30,
            "max_depth": 7,
            "subsample": 0.5465352890860852,
            "colsample_bytree": 0.3415063031602927,
            "reg_lambda": 0.6144147938148405,
            "reg_alpha": 0.08002823003432401
        }
    },
    {
        "score": -19.9933,
        "params": {
            "learning_rate": 0.05369360881522743,
            "min_child_weight": 38,
            "max_depth": 7,
            "subsample": 0.8330246691695243,
            "colsample_bytree": 0.30764497681123404,
            "reg_lambda": 0.10588228847240908,
            "reg_alpha": 0.020578846521186137
        }
    },
    {
        "score": -19.9962,
        "params": {
            "learning_rate": 0.047380552560111144,
            "min_child_weight": 46,
            "max_depth": 6,
            "subsample": 0.9504688924220568,
            "colsample_bytree": 0.3611740789152808,
            "reg_lambda": 0.7620470391837378,
            "reg_alpha": 0.08450219807773944
        }
    },
    {
        "score": -19.9977,
        "params": {
            "learning_rate": 0.07949331399440905,
            "min_child_weight": 41,
            "max_depth": 5,
            "subsample": 0.9374320196509802,
            "colsample_bytree": 0.36809101771124575,
            "reg_lambda": 0.694340919765356,
            "reg_alpha": 0.024438430110793455
        }
    },
    {
        "score": -19.9993,
        "params": {
            "learning_rate": 0.08439626546193178,
            "min_child_weight": 38,
            "max_depth": 7,
            "subsample": 0.890196399083945,
            "colsample_bytree": 0.6504934079521476,
            "reg_lambda": 0.025759781701889774,
            "reg_alpha": 0.00017667835471050356
        }
    },
    {
        "score": -20.0011,
        "params": {
            "learning_rate": 0.07226957054840169,
            "min_child_weight": 50,
            "max_depth": 5,
            "subsample": 0.9680236234168791,
            "colsample_bytree": 0.5425464521954632,
            "reg_lambda": 0.0182933477525