[32m[I 2021-01-04 17:29:43,951][0m Trial 254 finished with value: -20.0907 and parameters: {'learning_rate': 0.07281327204887052, 'min_child_weight': 24, 'max_depth': 8, 'subsample': 0.5980478458956833, 'colsample_bytree': 0.36615371885807985, 'reg_lambda': 0.5556916939812292, 'reg_alpha': 0.00010743173578217657}. Best is trial 242 with value: -19.7454.[0m

53.12 sec -- {'mean_score': -21.0564, 'valid_scores': [-27.6593, -20.3744, -15.1354], 'train_scores': [-8.8316, -9.6808, -10.0972], 'params': {'n_estimators': 200, 'learning_rate': 0.10685090423507475, 'min_child_weight': 47, 'max_depth': 19, 'gamma': 0, 'subsample': 0.7960422266436691, 'colsample_bytree': 0.5983017709914152, 'reg_lambda': 0.11604108922828685, 'reg_alpha': 0.0070099659530274165}}
[32m[I 2021-01-04 17:30:37,098][0m Trial 255 finished with value: -21.0564 and parameters: {'learning_rate': 0.10685090423507475, 'min_child_weight': 47, 'max_depth': 19, 'subsample': 0.7960422266436691, 'colsample_bytree': 0.5983017709914152, 'reg_lambda': 0.11604108922828685, 'reg_alpha': 0.0070099659530274165}. Best is trial 242 with value: -19.7454.[0m

12.54 sec -- {'mean_score': -20.6809, 'valid_scores': [-26.9763, -20.0625, -15.0038], 'train_scores': [-11.821, -13.4214, -13.8242], 'params': {'n_estimators': 200, 'learning_rate': 0.13107015187398202, 'min_child_weight': 17, 'max_depth': 6, 'gamma': 0, 'subsample': 0.5036367920380208, 'colsample_bytree': 0.5735738000826557, 'reg_lambda': 0.03043237161532952, 'reg_alpha': 0.00013943834129538757}}
[32m[I 2021-01-04 17:30:49,667][0m Trial 256 finished with value: -20.6809 and parameters: {'learning_rate': 0.13107015187398202, 'min_child_weight': 17, 'max_depth': 6, 'subsample': 0.5036367920380208, 'colsample_bytree': 0.5735738000826557, 'reg_lambda': 0.03043237161532952, 'reg_alpha': 0.00013943834129538757}. Best is trial 242 with value: -19.7454.[0m

23.01 sec -- {'mean_score': -20.5216, 'valid_scores': [-26.9538, -19.7061, -14.9048], 'train_scores': [-10.0032, -11.3322, -11.778], 'params': {'n_estimators': 200, 'learning_rate': 0.09579587164844786, 'min_child_weight': 38, 'max_depth': 11, 'gamma': 0, 'subsample': 0.9173646835650112, 'colsample_bytree': 0.34731050881993686, 'reg_lambda': 0.03663941429237313, 'reg_alpha': 0.022284608147426634}}
[32m[I 2021-01-04 17:31:12,705][0m Trial 257 finished with value: -20.5216 and parameters: {'learning_rate': 0.09579587164844786, 'min_child_weight': 38, 'max_depth': 11, 'subsample': 0.9173646835650112, 'colsample_bytree': 0.34731050881993686, 'reg_lambda': 0.03663941429237313, 'reg_alpha': 0.022284608147426634}. Best is trial 242 with value: -19.7454.[0m

17.82 sec -- {'mean_score': -19.9271, 'valid_scores': [-26.339, -19.5495, -13.8928], 'train_scores': [-11.0623, -12.6047, -13.1137], 'params': {'n_estimators': 200, 'learning_rate': 0.06732413860703987, 'min_child_weight': 15, 'max_depth': 8, 'gamma': 0, 'subsample': 0.5423972517065445, 'colsample_bytree': 0.5950094520868531, 'reg_lambda': 0.28242611744643337, 'reg_alpha': 0.00012350479520919152}}
[32m[I 2021-01-04 17:31:30,550][0m Trial 258 finished with value: -19.9271 and parameters: {'learning_rate': 0.06732413860703987, 'min_child_weight': 15, 'max_depth': 8, 'subsample': 0.5423972517065445, 'colsample_bytree': 0.5950094520868531, 'reg_lambda': 0.28242611744643337, 'reg_alpha': 0.00012350479520919152}. Best is trial 242 with value: -19.7454.[0m

12.52 sec -- {'mean_score': -21.2274, 'valid_scores': [-28.1979, -20.854, -14.6304], 'train_scores': [-15.6615, -17.2999, -17.7206], 'params': {'n_estimators': 200, 'learning_rate': 0.03002248570499979, 'min_child_weight': 32, 'max_depth': 5, 'gamma': 0, 'subsample': 0.5353314066983429, 'colsample_bytree': 0.3636277442369751, 'reg_lambda': 0.0015886112874390762, 'reg_alpha': 0.12254575573617546}}
[32m[I 2021-01-04 17:31:43,100][0m Trial 259 finished with value: -21.2274 and parameters: {'learning_rate': 0.03002248570499979, 'min_child_weight': 32, 'max_depth': 5, 'subsample': 0.5353314066983429, 'colsample_bytree': 0.3636277442369751, 'reg_lambda': 0.0015886112874390762, 'reg_alpha': 0.12254575573617546}. Best is trial 242 with value: -19.7454.[0m

16.39 sec -- {'mean_score': -19.7865, 'valid_scores': [-25.9773, -19.7321, -13.65], 'train_scores': [-12.0382, -13.6416, -14.1204], 'params': {'n_estimators': 200, 'learning_rate': 0.05442611588268358, 'min_child_weight': 17, 'max_depth': 7, 'gamma': 0, 'subsample': 0.511067079549047, 'colsample_bytree': 0.5442045620131329, 'reg_lambda': 0.05360563880281221, 'reg_alpha': 0.00032319461481725376}}
[32m[I 2021-01-04 17:31:59,517][0m Trial 260 finished with value: -19.7865 and parameters: {'learning_rate': 0.05442611588268358, 'min_child_weight': 17, 'max_depth': 7, 'subsample': 0.511067079549047, 'colsample_bytree': 0.5442045620131329, 'reg_lambda': 0.05360563880281221, 'reg_alpha': 0.00032319461481725376}. Best is trial 242 with value: -19.7454.[0m

17.7 sec -- {'mean_score': -20.3536, 'valid_scores': [-26.0852, -19.8911, -15.0846], 'train_scores': [-11.06, -12.5882, -13.0748], 'params': {'n_estimators': 200, 'learning_rate': 0.0717074276353755, 'min_child_weight': 14, 'max_depth': 8, 'gamma': 0, 'subsample': 0.5595332277992724, 'colsample_bytree': 0.40380389026015684, 'reg_lambda': 0.054229967134614226, 'reg_alpha': 0.00015032194002117838}}
[32m[I 2021-01-04 17:32:17,237][0m Trial 261 finished with value: -20.3536 and parameters: {'learning_rate': 0.0717074276353755, 'min_child_weight': 14, 'max_depth': 8, 'subsample': 0.5595332277992724, 'colsample_bytree': 0.40380389026015684, 'reg_lambda': 0.054229967134614226, 'reg_alpha': 0.00015032194002117838}. Best is trial 242 with value: -19.7454.[0m

13.33 sec -- {'mean_score': -19.9497, 'valid_scores': [-26.1173, -19.7903, -13.9415], 'train_scores': [-11.9398, -13.5356, -13.856], 'params': {'n_estimators': 200, 'learning_rate': 0.08198733248543323, 'min_child_weight': 27, 'max_depth': 7, 'gamma': 0, 'subsample': 0.5080038365370328, 'colsample_bytree': 0.3361734577606435, 'reg_lambda': 0.8417718872138683, 'reg_alpha': 0.13526541426998465}}
[32m[I 2021-01-04 17:32:30,590][0m Trial 262 finished with value: -19.9497 and parameters: {'learning_rate': 0.08198733248543323, 'min_child_weight': 27, 'max_depth': 7, 'subsample': 0.5080038365370328, 'colsample_bytree': 0.3361734577606435, 'reg_lambda': 0.8417718872138683, 'reg_alpha': 0.13526541426998465}. Best is trial 242 with value: -19.7454.[0m

17.68 sec -- {'mean_score': -20.1445, 'valid_scores': [-26.4777, -19.7634, -14.1924], 'train_scores': [-11.2088, -12.8008, -13.2661], 'params': {'n_estimators': 200, 'learning_rate': 0.06358397611495956, 'min_child_weight': 27, 'max_depth': 8, 'gamma': 0, 'subsample': 0.8411000212956972, 'colsample_bytree': 0.44688153457115243, 'reg_lambda': 0.02249839708348848, 'reg_alpha': 0.0011697606517253021}}
[32m[I 2021-01-04 17:32:48,301][0m Trial 263 finished with value: -20.1445 and parameters: {'learning_rate': 0.06358397611495956, 'min_child_weight': 27, 'max_depth': 8, 'subsample': 0.8411000212956972, 'colsample_bytree': 0.44688153457115243, 'reg_lambda': 0.02249839708348848, 'reg_alpha': 0.0011697606517253021}. Best is trial 242 with value: -19.7454.[0m

24.68 sec -- {'mean_score': -20.3153, 'valid_scores': [-26.7168, -19.7571, -14.4721], 'train_scores': [-10.4144, -11.7502, -12.2183], 'params': {'n_estimators': 200, 'learning_rate': 0.060878136489139055, 'min_child_weight': 18, 'max_depth': 10, 'gamma': 0, 'subsample': 0.5201728261894862, 'colsample_bytree': 0.5836892013137976, 'reg_lambda': 0.04661370589810057, 'reg_alpha': 0.00011039669224311173}}
[32m[I 2021-01-04 17:33:13,010][0m Trial 264 finished with value: -20.3153 and parameters: {'learning_rate': 0.060878136489139055, 'min_child_weight': 18, 'max_depth': 10, 'subsample': 0.5201728261894862, 'colsample_bytree': 0.5836892013137976, 'reg_lambda': 0.04661370589810057, 'reg_alpha': 0.00011039669224311173}. Best is trial 242 with value: -19.7454.[0m

19.74 sec -- {'mean_score': -20.6401, 'valid_scores': [-27.9548, -19.5062, -14.4592], 'train_scores': [-9.6751, -11.2013, -11.821], 'params': {'n_estimators': 200, 'learning_rate': 0.12803802832841144, 'min_child_weight': 5, 'max_depth': 8, 'gamma': 0, 'subsample': 0.8172644907520822, 'colsample_bytree': 0.7712100494709114, 'reg_lambda': 0.0013356087164796866, 'reg_alpha': 0.0036172470020803694}}
[32m[I 2021-01-04 17:33:32,771][0m Trial 265 finished with value: -20.6401 and parameters: {'learning_rate': 0.12803802832841144, 'min_child_weight': 5, 'max_depth': 8, 'subsample': 0.8172644907520822, 'colsample_bytree': 0.7712100494709114, 'reg_lambda': 0.0013356087164796866, 'reg_alpha': 0.0036172470020803694}. Best is trial 242 with value: -19.7454.[0m

15.99 sec -- {'mean_score': -20.1312, 'valid_scores': [-26.7762, -19.9308, -13.6867], 'train_scores': [-12.6344, -14.2182, -14.8058], 'params': {'n_estimators': 200, 'learning_rate': 0.03642970046699792, 'min_child_weight': 17, 'max_depth': 7, 'gamma': 0, 'subsample': 0.540694939252553, 'colsample_bytree': 0.5974364304957912, 'reg_lambda': 0.4251329297869479, 'reg_alpha': 0.0006686589832507546}}
[32m[I 2021-01-04 17:33:48,787][0m Trial 266 finished with value: -20.1312 and parameters: {'learning_rate': 0.03642970046699792, 'min_child_weight': 17, 'max_depth': 7, 'subsample': 0.540694939252553, 'colsample_bytree': 0.5974364304957912, 'reg_lambda': 0.4251329297869479, 'reg_alpha': 0.0006686589832507546}. Best is trial 242 with value: -19.7454.[0m

43.29 sec -- {'mean_score': -21.7911, 'valid_scores': [-27.3332, -20.3108, -17.7292], 'train_scores': [-8.1891, -9.0196, -9.5521], 'params': {'n_estimators': 200, 'learning_rate': 0.10646313638078131, 'min_child_weight': 7, 'max_depth': 13, 'gamma': 0, 'subsample': 0.6350383768884582, 'colsample_bytree': 0.7277314442445554, 'reg_lambda': 0.1676313606613865, 'reg_alpha': 0.00040257343207335483}}
[32m[I 2021-01-04 17:34:32,100][0m Trial 267 finished with value: -21.7911 and parameters: {'learning_rate': 0.10646313638078131, 'min_child_weight': 7, 'max_depth': 13, 'subsample': 0.6350383768884582, 'colsample_bytree': 0.7277314442445554, 'reg_lambda': 0.1676313606613865, 'reg_alpha': 0.00040257343207335483}. Best is trial 242 with value: -19.7454.[0m

10.28 sec -- {'mean_score': -20.5353, 'valid_scores': [-27.1628, -20.3713, -14.0718], 'train_scores': [-14.2369, -15.9214, -16.2632], 'params': {'n_estimators': 200, 'learning_rate': 0.04684294175741851, 'min_child_weight': 23, 'max_depth': 5, 'gamma': 0, 'subsample': 0.5776142907574263, 'colsample_bytree': 0.46334582384663947, 'reg_lambda': 0.05126083835514609, 'reg_alpha': 0.000282455932542634}}
[32m[I 2021-01-04 17:34:42,405][0m Trial 268 finished with value: -20.5353 and parameters: {'learning_rate': 0.04684294175741851, 'min_child_weight': 23, 'max_depth': 5, 'subsample': 0.5776142907574263, 'colsample_bytree': 0.46334582384663947, 'reg_lambda': 0.05126083835514609, 'reg_alpha': 0.000282455932542634}. Best is trial 242 with value: -19.7454.[0m

15.36 sec -- {'mean_score': -20.6795, 'valid_scores': [-27.1304, -19.7749, -15.1331], 'train_scores': [-10.7845, -12.1999, -12.6176], 'params': {'n_estimators': 200, 'learning_rate': 0.1309902314229737, 'min_child_weight': 30, 'max_depth': 9, 'gamma': 0, 'subsample': 0.5318886424884458, 'colsample_bytree': 0.3411787910081261, 'reg_lambda': 0.9385284582226027, 'reg_alpha': 0.3703741715515196}}
[32m[I 2021-01-04 17:34:57,787][0m Trial 269 finished with value: -20.6795 and parameters: {'learning_rate': 0.1309902314229737, 'min_child_weight': 30, 'max_depth': 9, 'subsample': 0.5318886424884458, 'colsample_bytree': 0.3411787910081261, 'reg_lambda': 0.9385284582226027, 'reg_alpha': 0.3703741715515196}. Best is trial 242 with value: -19.7454.[0m

18.22 sec -- {'mean_score': -20.7668, 'valid_scores': [-27.7592, -20.531, -14.0102], 'train_scores': [-13.2698, -14.9607, -15.4878], 'params': {'n_estimators': 200, 'learning_rate': 0.024872233268791677, 'min_child_weight': 15, 'max_depth': 7, 'gamma': 0, 'subsample': 0.6000940229374002, 'colsample_bytree': 0.6887230097010248, 'reg_lambda': 0.07330694994220983, 'reg_alpha': 0.00035158915875234815}}
[32m[I 2021-01-04 17:35:16,031][0m Trial 270 finished with value: -20.7668 and parameters: {'learning_rate': 0.024872233268791677, 'min_child_weight': 15, 'max_depth': 7, 'subsample': 0.6000940229374002, 'colsample_bytree': 0.6887230097010248, 'reg_lambda': 0.07330694994220983, 'reg_alpha': 0.00035158915875234815}. Best is trial 242 with value: -19.7454.[0m

11.89 sec -- {'mean_score': -20.1064, 'valid_scores': [-26.1322, -20.0021, -14.1848], 'train_scores': [-12.2882, -13.9923, -14.3851], 'params': {'n_estimators': 200, 'learning_rate': 0.0917774874840743, 'min_child_weight': 30, 'max_depth': 6, 'gamma': 0, 'subsample': 0.5317672494487106, 'colsample_bytree': 0.41768953804023207, 'reg_lambda': 0.4863930618310315, 'reg_alpha': 0.071128222333435}}
[32m[I 2021-01-04 17:35:27,944][0m Trial 271 finished with value: -20.1064 and parameters: {'learning_rate': 0.0917774874840743, 'min_child_weight': 30, 'max_depth': 6, 'subsample': 0.5317672494487106, 'colsample_bytree': 0.41768953804023207, 'reg_lambda': 0.4863930618310315, 'reg_alpha': 0.071128222333435}. Best is trial 242 with value: -19.7454.[0m

8.54 sec -- {'mean_score': -20.1026, 'valid_scores': [-26.1023, -20.2942, -13.9113], 'train_scores': [-14.0572, -15.6527, -16.0749], 'params': {'n_estimators': 200, 'learning_rate': 0.10494206756548119, 'min_child_weight': 48, 'max_depth': 4, 'gamma': 0, 'subsample': 0.6897515064566527, 'colsample_bytree': 0.3542098862065514, 'reg_lambda': 0.2667070991790081, 'reg_alpha': 0.05680416517694552}}
[32m[I 2021-01-04 17:35:36,501][0m Trial 272 finished with value: -20.1026 and parameters: {'learning_rate': 0.10494206756548119, 'min_child_weight': 48, 'max_depth': 4, 'subsample': 0.6897515064566527, 'colsample_bytree': 0.3542098862065514, 'reg_lambda': 0.2667070991790081, 'reg_alpha': 0.05680416517694552}. Best is trial 242 with value: -19.7454.[0m

15.75 sec -- {'mean_score': -19.8857, 'valid_scores': [-26.1753, -19.721, -13.7608], 'train_scores': [-11.8589, -13.3658, -13.8543], 'params': {'n_estimators': 200, 'learning_rate': 0.048528092271625634, 'min_child_weight': 34, 'max_depth': 8, 'gamma': 0, 'subsample': 0.7083380180828132, 'colsample_bytree': 0.3427928694940453, 'reg_lambda': 0.03354653186879539, 'reg_alpha': 0.00023562089335707646}}
[32m[I 2021-01-04 17:35:52,276][0m Trial 273 finished with value: -19.8857 and parameters: {'learning_rate': 0.048528092271625634, 'min_child_weight': 34, 'max_depth': 8, 'subsample': 0.7083380180828132, 'colsample_bytree': 0.3427928694940453, 'reg_lambda': 0.03354653186879539, 'reg_alpha': 0.00023562089335707646}. Best is trial 242 with value: -19.7454.[0m

18.06 sec -- {'mean_score': -20.0338, 'valid_scores': [-26.5178, -19.5967, -13.9869], 'train_scores': [-11.4515, -12.9539, -13.5195], 'params': {'n_estimators': 200, 'learning_rate': 0.048454977956343966, 'min_child_weight': 12, 'max_depth': 8, 'gamma': 0, 'subsample': 0.5213540592870499, 'colsample_bytree': 0.5490863438236678, 'reg_lambda': 0.5862041554641602, 'reg_alpha': 0.00015626340768578944}}
[32m[I 2021-01-04 17:36:10,366][0m Trial 274 finished with value: -20.0338 and parameters: {'learning_rate': 0.048454977956343966, 'min_child_weight': 12, 'max_depth': 8, 'subsample': 0.5213540592870499, 'colsample_bytree': 0.5490863438236678, 'reg_lambda': 0.5862041554641602, 'reg_alpha': 0.00015626340768578944}. Best is trial 242 with value: -19.7454.[0m

38.68 sec -- {'mean_score': -20.4429, 'valid_scores': [-26.9506, -19.9199, -14.4581], 'train_scores': [-9.9772, -11.0382, -11.4363], 'params': {'n_estimators': 200, 'learning_rate': 0.05894951051560855, 'min_child_weight': 46, 'max_depth': 15, 'gamma': 0, 'subsample': 0.6928277332806978, 'colsample_bytree': 0.5401956795338696, 'reg_lambda': 0.0012911787371229946, 'reg_alpha': 0.00032752795698836516}}
[32m[I 2021-01-04 17:36:49,101][0m Trial 275 finished with value: -20.4429 and parameters: {'learning_rate': 0.05894951051560855, 'min_child_weight': 46, 'max_depth': 15, 'subsample': 0.6928277332806978, 'colsample_bytree': 0.5401956795338696, 'reg_lambda': 0.0012911787371229946, 'reg_alpha': 0.00032752795698836516}. Best is trial 242 with value: -19.7454.[0m

20.04 sec -- {'mean_score': -20.691, 'valid_scores': [-27.0324, -19.6568, -15.3838], 'train_scores': [-10.0273, -11.5148, -11.9956], 'params': {'n_estimators': 200, 'learning_rate': 0.09449449758601557, 'min_child_weight': 12, 'max_depth': 9, 'gamma': 0, 'subsample': 0.6461893526086295, 'colsample_bytree': 0.5911939801899834, 'reg_lambda': 0.6141407366826933, 'reg_alpha': 0.00011686536193570039}}
[32m[I 2021-01-04 17:37:09,175][0m Trial 276 finished with value: -20.691 and parameters: {'learning_rate': 0.09449449758601557, 'min_child_weight': 12, 'max_depth': 9, 'subsample': 0.6461893526086295, 'colsample_bytree': 0.5911939801899834, 'reg_lambda': 0.6141407366826933, 'reg_alpha': 0.00011686536193570039}. Best is trial 242 with value: -19.7454.[0m

558.94 sec -- {'mean_score': -21.6022, 'valid_scores': [-29.2463, -20.8884, -14.6719], 'train_scores': [-6.041, -6.2118, -6.6265], 'params': {'n_estimators': 200, 'learning_rate': 0.024900108508518315, 'min_child_weight': 4, 'max_depth': 20, 'gamma': 0, 'subsample': 0.7645812746018447, 'colsample_bytree': 0.9651040803500416, 'reg_lambda': 0.01901322296877065, 'reg_alpha': 0.1286336033200473}}
[32m[I 2021-01-04 17:46:28,137][0m Trial 277 finished with value: -21.6022 and parameters: {'learning_rate': 0.024900108508518315, 'min_child_weight': 4, 'max_depth': 20, 'subsample': 0.7645812746018447, 'colsample_bytree': 0.9651040803500416, 'reg_lambda': 0.01901322296877065, 'reg_alpha': 0.1286336033200473}. Best is trial 242 with value: -19.7454.[0m

9.27 sec -- {'mean_score': -20.154, 'valid_scores': [-26.7148, -19.9441, -13.803], 'train_scores': [-13.4508, -15.0933, -15.715], 'params': {'n_estimators': 200, 'learning_rate': 0.06394292174273515, 'min_child_weight': 20, 'max_depth': 5, 'gamma': 0, 'subsample': 0.6811948304189592, 'colsample_bytree': 0.5556064735910203, 'reg_lambda': 0.02252188183650041, 'reg_alpha': 0.00020198662694986423}}
[32m[I 2021-01-04 17:46:37,427][0m Trial 278 finished with value: -20.154 and parameters: {'learning_rate': 0.06394292174273515, 'min_child_weight': 20, 'max_depth': 5, 'subsample': 0.6811948304189592, 'colsample_bytree': 0.5556064735910203, 'reg_lambda': 0.02252188183650041, 'reg_alpha': 0.00020198662694986423}. Best is trial 242 with value: -19.7454.[0m

12.52 sec -- {'mean_score': -20.4322, 'valid_scores': [-26.2861, -19.8348, -15.1756], 'train_scores': [-10.7101, -12.0204, -12.5824], 'params': {'n_estimators': 200, 'learning_rate': 0.1289056719445464, 'min_child_weight': 25, 'max_depth': 8, 'gamma': 0, 'subsample': 0.9034524633507827, 'colsample_bytree': 0.3361401024254213, 'reg_lambda': 0.6676650797772541, 'reg_alpha': 0.09260365507143126}}
[32m[I 2021-01-04 17:46:49,973][0m Trial 279 finished with value: -20.4322 and parameters: {'learning_rate': 0.1289056719445464, 'min_child_weight': 25, 'max_depth': 8, 'subsample': 0.9034524633507827, 'colsample_bytree': 0.3361401024254213, 'reg_lambda': 0.6676650797772541, 'reg_alpha': 0.09260365507143126}. Best is trial 242 with value: -19.7454.[0m

14.86 sec -- {'mean_score': -20.0398, 'valid_scores': [-26.4381, -19.5998, -14.0814], 'train_scores': [-11.1354, -12.6048, -13.1547], 'params': {'n_estimators': 200, 'learning_rate': 0.07281982898419885, 'min_child_weight': 27, 'max_depth': 8, 'gamma': 0, 'subsample': 0.7449483364693225, 'colsample_bytree': 0.536764268613022, 'reg_lambda': 0.04843430321728203, 'reg_alpha': 0.00014987120466806143}}
[32m[I 2021-01-04 17:47:04,852][0m Trial 280 finished with value: -20.0398 and parameters: {'learning_rate': 0.07281982898419885, 'min_child_weight': 27, 'max_depth': 8, 'subsample': 0.7449483364693225, 'colsample_bytree': 0.536764268613022, 'reg_lambda': 0.04843430321728203, 'reg_alpha': 0.00014987120466806143}. Best is trial 242 with value: -19.7454.[0m

22.93 sec -- {'mean_score': -20.2379, 'valid_scores': [-26.6992, -19.7203, -14.2941], 'train_scores': [-10.6215, -11.9146, -12.363], 'params': {'n_estimators': 200, 'learning_rate': 0.05833805301209713, 'min_child_weight': 39, 'max_depth': 11, 'gamma': 0, 'subsample': 0.712463971352444, 'colsample_bytree': 0.3983958804440933, 'reg_lambda': 0.17489654025142154, 'reg_alpha': 0.00023481208145784192}}
[32m[I 2021-01-04 17:47:27,803][0m Trial 281 finished with value: -20.2379 and parameters: {'learning_rate': 0.05833805301209713, 'min_child_weight': 39, 'max_depth': 11, 'subsample': 0.712463971352444, 'colsample_bytree': 0.3983958804440933, 'reg_lambda': 0.17489654025142154, 'reg_alpha': 0.00023481208145784192}. Best is trial 242 with value: -19.7454.[0m

9.62 sec -- {'mean_score': -19.9841, 'valid_scores': [-26.0032, -19.7981, -14.151], 'train_scores': [-12.3145, -13.9893, -14.3499], 'params': {'n_estimators': 200, 'learning_rate': 0.09162288179250043, 'min_child_weight': 32, 'max_depth': 6, 'gamma': 0, 'subsample': 0.5767300552227842, 'colsample_bytree': 0.365751756086504, 'reg_lambda': 0.023951210163070977, 'reg_alpha': 0.0013976937092874118}}
