nohup: å¿½ç•¥è¼¸å…¥
/home/student/06/b06902125/.local/lib/python3.9/site-packages/optuna/samplers/_tpe/sampler.py:188: ExperimentalWarning: ``multivariate`` option is an experimental feature. The interface can change in the future.
  warnings.warn(
[32m[I 2021-01-04 16:12:16,086][0m A new study created in memory with name: no-name-e738a1d7-fea1-4981-ab8d-827e841c5cae[0m
(91531, 542)

9.32 sec -- {'mean_score': -20.5629, 'valid_scores': [-27.6502, -19.8032, -14.2354], 'train_scores': [-12.9469, -15.0408, -15.486], 'params': {'n_estimators': 200, 'learning_rate': 0.1142745657461917, 'min_child_weight': 1, 'max_depth': 4, 'gamma': 0, 'subsample': 0.9289728088113784, 'colsample_bytree': 0.8930762171488877, 'reg_lambda': 0.031207198770106425, 'reg_alpha': 0.0034476790445206584}}
[32m[I 2021-01-04 16:12:25,415][0m Trial 0 finished with value: -20.5629 and parameters: {'learning_rate': 0.1142745657461917, 'min_child_weight': 1, 'max_depth': 4, 'subsample': 0.9289728088113784, 'colsample_bytree': 0.8930762171488877, 'reg_lambda': 0.031207198770106425, 'reg_alpha': 0.0034476790445206584}. Best is trial 0 with value: -20.5629.[0m

39.56 sec -- {'mean_score': -20.5899, 'valid_scores': [-27.1941, -19.9904, -14.5853], 'train_scores': [-9.4499, -10.5847, -11.0568], 'params': {'n_estimators': 200, 'learning_rate': 0.06653157524344973, 'min_child_weight': 25, 'max_depth': 13, 'gamma': 0, 'subsample': 0.6917207594128889, 'colsample_bytree': 0.8542075266578653, 'reg_lambda': 0.013049073550362394, 'reg_alpha': 0.018714500686240674}}
[32m[I 2021-01-04 16:13:04,979][0m Trial 1 finished with value: -20.5899 and parameters: {'learning_rate': 0.06653157524344973, 'min_child_weight': 25, 'max_depth': 13, 'subsample': 0.6917207594128889, 'colsample_bytree': 0.8542075266578653, 'reg_lambda': 0.013049073550362394, 'reg_alpha': 0.018714500686240674}. Best is trial 0 with value: -20.5629.[0m

13.79 sec -- {'mean_score': -21.564, 'valid_scores': [-28.0637, -20.6837, -15.9445], 'train_scores': [-10.3134, -11.5557, -11.9961], 'params': {'n_estimators': 200, 'learning_rate': 0.1858633612756056, 'min_child_weight': 14, 'max_depth': 9, 'gamma': 0, 'subsample': 0.5435646498507704, 'colsample_bytree': 0.314152878208228, 'reg_lambda': 0.2140323314098606, 'reg_alpha': 0.1296065659727972}}
[32m[I 2021-01-04 16:13:18,772][0m Trial 2 finished with value: -21.564 and parameters: {'learning_rate': 0.1858633612756056, 'min_child_weight': 14, 'max_depth': 9, 'subsample': 0.5435646498507704, 'colsample_bytree': 0.314152878208228, 'reg_lambda': 0.2140323314098606, 'reg_alpha': 0.1296065659727972}. Best is trial 0 with value: -20.5629.[0m

8.58 sec -- {'mean_score': -20.2209, 'valid_scores': [-26.0124, -20.3722, -14.2782], 'train_scores': [-13.0724, -14.8616, -15.093], 'params': {'n_estimators': 200, 'learning_rate': 0.17530230816689565, 'min_child_weight': 19, 'max_depth': 4, 'gamma': 0, 'subsample': 0.8995792821083618, 'colsample_bytree': 0.6230355535770522, 'reg_lambda': 0.13246974647468437, 'reg_alpha': 0.0002972334644335657}}
[32m[I 2021-01-04 16:13:27,358][0m Trial 3 finished with value: -20.2209 and parameters: {'learning_rate': 0.17530230816689565, 'min_child_weight': 19, 'max_depth': 4, 'subsample': 0.8995792821083618, 'colsample_bytree': 0.6230355535770522, 'reg_lambda': 0.13246974647468437, 'reg_alpha': 0.0002972334644335657}. Best is trial 3 with value: -20.2209.[0m

7.11 sec -- {'mean_score': -25.8477, 'valid_scores': [-33.2965, -25.1929, -19.0538], 'train_scores': [-21.9229, -24.7642, -24.2214], 'params': {'n_estimators': 200, 'learning_rate': 0.13158499405222954, 'min_child_weight': 10, 'max_depth': 1, 'gamma': 0, 'subsample': 0.7609241608750359, 'colsample_bytree': 0.5902633579933665, 'reg_lambda': 0.0011434638743472194, 'reg_alpha': 0.12500712230836253}}
[32m[I 2021-01-04 16:13:34,467][0m Trial 4 finished with value: -25.8477 and parameters: {'learning_rate': 0.13158499405222954, 'min_child_weight': 10, 'max_depth': 1, 'subsample': 0.7609241608750359, 'colsample_bytree': 0.5902633579933665, 'reg_lambda': 0.0011434638743472194, 'reg_alpha': 0.12500712230836253}. Best is trial 3 with value: -20.2209.[0m

7.02 sec -- {'mean_score': -26.6972, 'valid_scores': [-34.1913, -25.983, -19.9174], 'train_scores': [-22.7612, -25.6504, -25.1246], 'params': {'n_estimators': 200, 'learning_rate': 0.09666856312114422, 'min_child_weight': 35, 'max_depth': 1, 'gamma': 0, 'subsample': 0.5093949002181776, 'colsample_bytree': 0.7323448479531138, 'reg_lambda': 0.028079081078857277, 'reg_alpha': 0.02935864364395359}}
[32m[I 2021-01-04 16:13:41,492][0m Trial 5 finished with value: -26.6972 and parameters: {'learning_rate': 0.09666856312114422, 'min_child_weight': 35, 'max_depth': 1, 'subsample': 0.5093949002181776, 'colsample_bytree': 0.7323448479531138, 'reg_lambda': 0.028079081078857277, 'reg_alpha': 0.02935864364395359}. Best is trial 3 with value: -20.2209.[0m

18.98 sec -- {'mean_score': -21.2094, 'valid_scores': [-27.2395, -20.7154, -15.6732], 'train_scores': [-9.6429, -10.844, -11.3432], 'params': {'n_estimators': 200, 'learning_rate': 0.1893121349177786, 'min_child_weight': 42, 'max_depth': 11, 'gamma': 0, 'subsample': 0.679753950286893, 'colsample_bytree': 0.605922367659539, 'reg_lambda': 0.06173405204074312, 'reg_alpha': 0.00017414134181586213}}
[32m[I 2021-01-04 16:14:00,478][0m Trial 6 finished with value: -21.2094 and parameters: {'learning_rate': 0.1893121349177786, 'min_child_weight': 42, 'max_depth': 11, 'subsample': 0.679753950286893, 'colsample_bytree': 0.605922367659539, 'reg_lambda': 0.06173405204074312, 'reg_alpha': 0.00017414134181586213}. Best is trial 3 with value: -20.2209.[0m

48.68 sec -- {'mean_score': -21.1645, 'valid_scores': [-27.5914, -20.491, -15.4111], 'train_scores': [-7.7585, -8.5152, -9.1004], 'params': {'n_estimators': 200, 'learning_rate': 0.13668567593467687, 'min_child_weight': 12, 'max_depth': 15, 'gamma': 0, 'subsample': 0.6790760834847624, 'colsample_bytree': 0.8254802988529193, 'reg_lambda': 0.02699744560755792, 'reg_alpha': 0.001996130433383147}}
[32m[I 2021-01-04 16:14:49,163][0m Trial 7 finished with value: -21.1645 and parameters: {'learning_rate': 0.13668567593467687, 'min_child_weight': 12, 'max_depth': 15, 'subsample': 0.6790760834847624, 'colsample_bytree': 0.8254802988529193, 'reg_lambda': 0.02699744560755792, 'reg_alpha': 0.001996130433383147}. Best is trial 3 with value: -20.2209.[0m

10.82 sec -- {'mean_score': -23.6544, 'valid_scores': [-32.1011, -22.6534, -16.2087], 'train_scores': [-17.2259, -19.1818, -19.3934], 'params': {'n_estimators': 200, 'learning_rate': 0.017300831029819597, 'min_child_weight': 12, 'max_depth': 5, 'gamma': 0, 'subsample': 0.9794746343122602, 'colsample_bytree': 0.7569532219038435, 'reg_lambda': 0.0346924918082535, 'reg_alpha': 0.9576311638335356}}
[32m[I 2021-01-04 16:14:59,984][0m Trial 8 finished with value: -23.6544 and parameters: {'learning_rate': 0.017300831029819597, 'min_child_weight': 12, 'max_depth': 5, 'subsample': 0.9794746343122602, 'colsample_bytree': 0.7569532219038435, 'reg_lambda': 0.0346924918082535, 'reg_alpha': 0.9576311638335356}. Best is trial 3 with value: -20.2209.[0m

53.52 sec -- {'mean_score': -21.2524, 'valid_scores': [-27.82, -20.4868, -15.4504], 'train_scores': [-7.9049, -8.653, -9.1227], 'params': {'n_estimators': 200, 'learning_rate': 0.12055156259332152, 'min_child_weight': 15, 'max_depth': 16, 'gamma': 0, 'subsample': 0.7373487511442065, 'colsample_bytree': 0.7364570707923077, 'reg_lambda': 0.002249212349392606, 'reg_alpha': 0.05000452302280253}}
[32m[I 2021-01-04 16:15:53,509][0m Trial 9 finished with value: -21.2524 and parameters: {'learning_rate': 0.12055156259332152, 'min_child_weight': 15, 'max_depth': 16, 'subsample': 0.7373487511442065, 'colsample_bytree': 0.7364570707923077, 'reg_lambda': 0.002249212349392606, 'reg_alpha': 0.05000452302280253}. Best is trial 3 with value: -20.2209.[0m

8.01 sec -- {'mean_score': -20.3652, 'valid_scores': [-26.2714, -20.3812, -14.443], 'train_scores': [-14.8728, -16.4212, -16.5441], 'params': {'n_estimators': 200, 'learning_rate': 0.15560440219322877, 'min_child_weight': 9, 'max_depth': 3, 'gamma': 0, 'subsample': 0.9796400931385559, 'colsample_bytree': 0.515862630324998, 'reg_lambda': 0.2780697429121131, 'reg_alpha': 0.0008458948044477734}}
[32m[I 2021-01-04 16:16:01,532][0m Trial 10 finished with value: -20.3652 and parameters: {'learning_rate': 0.15560440219322877, 'min_child_weight': 9, 'max_depth': 3, 'subsample': 0.9796400931385559, 'colsample_bytree': 0.515862630324998, 'reg_lambda': 0.2780697429121131, 'reg_alpha': 0.0008458948044477734}. Best is trial 3 with value: -20.2209.[0m

7.98 sec -- {'mean_score': -20.4908, 'valid_scores': [-26.7782, -20.5938, -14.1003], 'train_scores': [-14.2766, -16.1342, -16.4678], 'params': {'n_estimators': 200, 'learning_rate': 0.16368330861491426, 'min_child_weight': 9, 'max_depth': 3, 'gamma': 0, 'subsample': 0.995159160933084, 'colsample_bytree': 0.340310516292751, 'reg_lambda': 0.1286802534121135, 'reg_alpha': 0.0040564723220108635}}
[32m[I 2021-01-04 16:16:09,531][0m Trial 11 finished with value: -20.4908 and parameters: {'learning_rate': 0.16368330861491426, 'min_child_weight': 9, 'max_depth': 3, 'subsample': 0.995159160933084, 'colsample_bytree': 0.340310516292751, 'reg_lambda': 0.1286802534121135, 'reg_alpha': 0.0040564723220108635}. Best is trial 3 with value: -20.2209.[0m

10.76 sec -- {'mean_score': -20.4019, 'valid_scores': [-26.6342, -20.0014, -14.57], 'train_scores': [-11.5465, -13.2479, -13.5601], 'params': {'n_estimators': 200, 'learning_rate': 0.14843904924466192, 'min_child_weight': 31, 'max_depth': 6, 'gamma': 0, 'subsample': 0.8794288176460384, 'colsample_bytree': 0.7030221616319223, 'reg_lambda': 0.12266143712502509, 'reg_alpha': 0.0009138180161899464}}
[32m[I 2021-01-04 16:16:20,302][0m Trial 12 finished with value: -20.4019 and parameters: {'learning_rate': 0.14843904924466192, 'min_child_weight': 31, 'max_depth': 6, 'subsample': 0.8794288176460384, 'colsample_bytree': 0.7030221616319223, 'reg_lambda': 0.12266143712502509, 'reg_alpha': 0.0009138180161899464}. Best is trial 3 with value: -20.2209.[0m

8.81 sec -- {'mean_score': -20.2571, 'valid_scores': [-26.5709, -20.0006, -14.1998], 'train_scores': [-11.9771, -13.5412, -14.0877], 'params': {'n_estimators': 200, 'learning_rate': 0.19723281870839557, 'min_child_weight': 7, 'max_depth': 5, 'gamma': 0, 'subsample': 0.7298450124085598, 'colsample_bytree': 0.3935841597973491, 'reg_lambda': 0.0386014276524526, 'reg_alpha': 0.0004503873634401154}}
[32m[I 2021-01-04 16:16:29,125][0m Trial 13 finished with value: -20.2571 and parameters: {'learning_rate': 0.19723281870839557, 'min_child_weight': 7, 'max_depth': 5, 'subsample': 0.7298450124085598, 'colsample_bytree': 0.3935841597973491, 'reg_lambda': 0.0386014276524526, 'reg_alpha': 0.0004503873634401154}. Best is trial 3 with value: -20.2209.[0m

30.0 sec -- {'mean_score': -22.0168, 'valid_scores': [-27.9261, -20.5838, -17.5404], 'train_scores': [-7.406, -8.2559, -8.862], 'params': {'n_estimators': 200, 'learning_rate': 0.1886637333511984, 'min_child_weight': 4, 'max_depth': 12, 'gamma': 0, 'subsample': 0.823856991672657, 'colsample_bytree': 0.4361504442141811, 'reg_lambda': 0.005341599511835769, 'reg_alpha': 0.0008398807769526291}}
[32m[I 2021-01-04 16:16:59,146][0m Trial 14 finished with value: -22.0168 and parameters: {'learning_rate': 0.1886637333511984, 'min_child_weight': 4, 'max_depth': 12, 'subsample': 0.823856991672657, 'colsample_bytree': 0.4361504442141811, 'reg_lambda': 0.005341599511835769, 'reg_alpha': 0.0008398807769526291}. Best is trial 3 with value: -20.2209.[0m

10.16 sec -- {'mean_score': -20.5194, 'valid_scores': [-25.967, -20.6759, -14.9154], 'train_scores': [-11.7871, -13.1366, -13.6661], 'params': {'n_estimators': 200, 'learning_rate': 0.17371060916632428, 'min_child_weight': 20, 'max_depth': 6, 'gamma': 0, 'subsample': 0.6635220431699113, 'colsample_bytree': 0.30601815588471554, 'reg_lambda': 0.04118501155872576, 'reg_alpha': 0.0001664878598222676}}
[32m[I 2021-01-04 16:17:09,321][0m Trial 15 finished with value: -20.5194 and parameters: {'learning_rate': 0.17371060916632428, 'min_child_weight': 20, 'max_depth': 6, 'subsample': 0.6635220431699113, 'colsample_bytree': 0.30601815588471554, 'reg_lambda': 0.04118501155872576, 'reg_alpha': 0.0001664878598222676}. Best is trial 3 with value: -20.2209.[0m

8.06 sec -- {'mean_score': -21.2059, 'valid_scores': [-27.1821, -21.7047, -14.7308], 'train_scores': [-16.209, -18.3251, -18.0126], 'params': {'n_estimators': 200, 'learning_rate': 0.1713983933545727, 'min_child_weight': 13, 'max_depth': 2, 'gamma': 0, 'subsample': 0.6899237819522573, 'colsample_bytree': 0.7047873568581589, 'reg_lambda': 0.09189624134722643, 'reg_alpha': 0.0003537731412317692}}
[32m[I 2021-01-04 16:17:17,412][0m Trial 16 finished with value: -21.2059 and parameters: {'learning_rate': 0.1713983933545727, 'min_child_weight': 13, 'max_depth': 2, 'subsample': 0.6899237819522573, 'colsample_bytree': 0.7047873568581589, 'reg_lambda': 0.09189624134722643, 'reg_alpha': 0.0003537731412317692}. Best is trial 3 with value: -20.2209.[0m

8.34 sec -- {'mean_score': -20.2566, 'valid_scores': [-26.4464, -20.2351, -14.0883], 'train_scores': [-13.5632, -15.2431, -15.6356], 'params': {'n_estimators': 200, 'learning_rate': 0.11613395698651782, 'min_child_weight': 8, 'max_depth': 4, 'gamma': 0, 'subsample': 0.7675462987397873, 'colsample_bytree': 0.4415039156848877, 'reg_lambda': 0.004785107889480622, 'reg_alpha': 0.0019716805127674747}}
[32m[I 2021-01-04 16:17:25,774][0m Trial 17 finished with value: -20.2566 and parameters: {'learning_rate': 0.11613395698651782, 'min_child_weight': 8, 'max_depth': 4, 'subsample': 0.7675462987397873, 'colsample_bytree': 0.4415039156848877, 'reg_lambda': 0.004785107889480622, 'reg_alpha': 0.0019716805127674747}. Best is trial 3 with value: -20.2209.[0m

7.49 sec -- {'mean_score': -21.4745, 'valid_scores': [-28.0471, -21.6381, -14.7384], 'train_scores': [-16.4484, -18.6872, -18.858], 'params': {'n_estimators': 200, 'learning_rate': 0.14076277767927187, 'min_child_weight': 19, 'max_depth': 2, 'gamma': 0, 'subsample': 0.7507166100695948, 'colsample_bytree': 0.5643429505957642, 'reg_lambda': 0.0005937198351670887, 'reg_alpha': 0.0005194408130432985}}
[32m[I 2021-01-04 16:17:33,275][0m Trial 18 finished with value: -21.4745 and parameters: {'learning_rate': 0.14076277767927187, 'min_child_weight': 19, 'max_depth': 2, 'subsample': 0.7507166100695948, 'colsample_bytree': 0.5643429505957642, 'reg_lambda': 0.0005937198351670887, 'reg_alpha': 0.0005194408130432985}. Best is trial 3 with value: -20.2209.[0m

21.4 sec -- {'mean_score': -20.5388, 'valid_scores': [-27.1935, -19.3964, -15.0265], 'train_scores': [-9.9276, -11.3362, -11.9794], 'params': {'n_estimators': 200, 'learning_rate': 0.07175791132149353, 'min_child_weight': 7, 'max_depth': 9, 'gamma': 0, 'subsample': 0.7981832084227489, 'colsample_bytree': 0.5281685646153353, 'reg_lambda': 0.007321089614656686, 'reg_alpha': 0.0003186805722900969}}
[32m[I 2021-01-04 16:17:54,701][0m Trial 19 finished with value: -20.5388 and parameters: {'learning_rate': 0.07175791132149353, 'min_child_weight': 7, 'max_depth': 9, 'subsample': 0.7981832084227489, 'colsample_bytree': 0.5281685646153353, 'reg_lambda': 0.007321089614656686, 'reg_alpha': 0.0003186805722900969}. Best is trial 3 with value: -20.2209.[0m

10.1 sec -- {'mean_score': -20.228, 'valid_scores': [-26.7735, -20.068, -13.8426], 'train_scores': [-13.9309, -15.6052, -16.0757], 'params': {'n_estimators': 200, 'learning_rate': 0.051522870984140615, 'min_child_weight': 38, 'max_depth': 5, 'gamma': 0, 'subsample': 0.8597806861137283, 'colsample_bytree': 0.5888710563141483, 'reg_lambda': 0.044570538183116404, 'reg_alpha': 0.0004949385414554436}}
[32m[I 2021-01-04 16:18:04,828][0m Trial 20 finished with value: -20.228 and parameters: {'learning_rate': 0.051522870984140615, 'min_child_weight': 38, 'max_depth': 5, 'subsample': 0.8597806861137283, 'colsample_bytree': 0.5888710563141483, 'reg_lambda': 0.044570538183116404, 'reg_alpha': 0.0004949385414554436}. Best is trial 3 with value: -20.2209.[0m

8.17 sec -- {'mean_score': -24.2216, 'valid_scores': [-31.482, -23.2713, -17.9116], 'train_scores': [-20.1539, -22.5839, -22.7757], 'params': {'n_estimators': 200, 'learning_rate': 0.052157736650772224, 'min_child_weight': 42, 'max_depth': 2, 'gamma': 0, 'subsample': 0.9796390100695092, 'colsample_bytree': 0.553000274657869, 'reg_lambda': 0.3106799096432761, 'reg_alpha': 0.0005787356017325451}}
[32m[I 2021-01-04 16:18:13,019][0m Trial 21 finished with value: -24.2216 and parameters: {'learning_rate': 0.052157736650772224, 'min_child_weight': 42, 'max_depth': 2, 'subsample': 0.9796390100695092, 'colsample_bytree': 0.553000274657869, 'reg_lambda': 0.3106799096432761, 'reg_alpha': 0.0005787356017325451}. Best is trial 3 with value: -20.2209.[0m

10.3 sec -- {'mean_score': -21.2539, 'valid_scores': [-28.2392, -21.0689, -14.4537], 'train_scores': [-15.4179, -17.2172, -17.4783], 'params': {'n_estimators': 200, 'learning_rate': 0.029377409015048664, 'min_child_weight': 38, 'max_depth': 5, 'gamma': 0, 'subsample': 0.6686894869932232, 'colsample_bytree': 0.5606625838669648, 'reg_lambda': 0.05952502305249735, 'reg_alpha': 0.0009553821710357669}}
[32m[I 2021-01-04 16:18:23,335][0m Trial 22 finished with value: -21.2539 and parameters: {'learning_rate': 0.029377409015048664, 'min_child_weight': 38, 'max_depth': 5, 'subsample': 0.6686894869932232, 'colsample_bytree': 0.5606625838669648, 'reg_lambda': 0.05952502305249735, 'reg_alpha': 0.0009553821710357669}. Best is trial 3 with value: -20.2209.[0m

29.85 sec -- {'mean_score': -20.8454, 'valid_scores': [-27.5243, -20.03, -14.9818], 'train_scores': [-9.3813, -10.5961, -10.9453], 'params': {'n_estimators': 200, 'learning_rate': 0.09575609426966734, 'min_child_weight': 37, 'max_depth': 13, 'gamma': 0, 'subsample': 0.8379549638522751, 'colsample_bytree': 0.5742171290532896, 'reg_lambda': 0.024456345476521948, 'reg_alpha': 0.00048243933525409703}}
[32m[I 2021-01-04 16:18:53,208][0m Trial 23 finished with value: -20.8454 and parameters: {'learning_rate': 0.09575609426966734, 'min_child_weight': 37, 'max_depth': 13, 'subsample': 0.8379549638522751, 'colsample_bytree': 0.5742171290532896, 'reg_lambda': 0.024456345476521948, 'reg_alpha': 0.00048243933525409703}. Best is trial 3 with value: -20.2209.[0m

9.15 sec -- {'mean_score': -23.8509, 'valid_scores': [-31.7738, -23.1253, -16.6536], 'train_scores': [-18.2447, -20.3714, -20.4387], 'params': {'n_estimators': 200, 'learning_rate': 0.02026980154623966, 'min_child_weight': 24, 'max_depth': 4, 'gamma': 0, 'subsample': 0.943071809092539, 'colsample_bytree': 0.6942266157767802, 'reg_lambda': 0.004353691350549064, 'reg_alpha': 0.0001447191701268538}}
[32m[I 2021-01-04 16:19:02,385][0m Trial 24 finished with value: -23.8509 and parameters: {'learning_rate': 0.02026980154623966, 'min_child_weight': 24, 'max_depth': 4, 'subsample': 0.943071809092539, 'colsample_bytree': 0.6942266157767802, 'reg_lambda': 0.004353691350549064, 'reg_alpha': 0.0001447191701268538}. Best is trial 3 with value: -20.2209.[0m

8.1 sec -- {'mean_score': -22.9256, 'valid_scores': [-30.3061, -22.497, -15.9737], 'train_scores': [-19.0117, -21.4567, -21.3844], 'params': {'n_estimators': 200, 'learning_rate': 0.06822094554048135, 'min_child_weight': 44, 'max_depth': 2, 'gamma': 0, 'subsample': 0.8636353472003628, 'colsample_bytree': 0.5677004963033179, 'reg_lambda': 0.0024463333854784406, 'reg_alpha': 0.0021455997540625773}}
[32m[I 2021-01-04 16:19:10,498][0m Trial 25 finished with value: -22.9256 and parameters: {'learning_rate': 0.06822094554048135, 'min_child_weight': 44, 'max_depth': 2, 'subsample': 0.8636353472003628, 'colsample_bytree': 0.5677004963033179, 'reg_lambda': 0.0024463333854784406, 'reg_alpha': 0.0021455997540625773}. Best is trial 3 with value: -20.2209.[0m

18.94 sec -- {'mean_score': -21.299, 'valid_scores': [-27.0708, -19.9563, -16.8699], 'train_scores': [-9.7948, -11.1529, -11.7838], 'params': {'n_estimators': 200, 'learning_rate': 0.09307078093012505, 'min_child_weight': 5, 'max_depth': 9, 'gamma': 0, 'subsample': 0.6972250261754083, 'colsample_bytree': 0.4820590359423652, 'reg_lambda': 0.02501182539855796, 'reg_alpha': 0.12183033395910273}}
[32m[I 2021-01-04 16:19:29,460][0m Trial 26 finished with value: -21.299 and parameters: {'learning_rate': 0.09307078093012505, 'min_child_weight': 5, 'max_depth': 9, 'subsample': 0.6972250261754083, 'colsample_bytree': 0.4820590359423652, 'reg_lambda': 0.02501182539855796, 'reg_alpha': 0.12183033395910273}. Best is trial 3 with value: -20.2209.[0m

8.15 sec -- {'mean_score': -20.6089, 'valid_scores': [-26.9427, -20.5595, -14.3244], 'train_scores': [-15.5083, -17.2191, -17.3602], 'params': {'n_estimators': 200, 'learning_rate': 0.1013277297551479, 'min_child_weight': 6, 'max_depth': 3, 'gamma': 0, 'subsample': 0.9269198606859167, 'colsample_bytree': 0.3977507018086079, 'reg_lambda': 0.0020551841644623385, 'reg_alpha': 0.008455272563103591}}
[32m[I 2021-01-04 16:19:37,625][0m Trial 27 finished with value: -20.6089 and parameters: {'learning_rate': 0.1013277297551479, 'min_child_weight': 6, 'max_depth': 3, 'subsample': 0.9269198606859167, 'colsample_bytree': 0.3977507018086079, 'reg_lambda': 0.0020551841644623385, 'reg_alpha': 0.008455272563103591}. Best is trial 3 with value: -20.2209.[0m

8.76 sec -- {'mean_score': -20.5039, 'valid_scores': [-26.7523, -20.3372, -14.4222], 'train_scores': [-12.7342, -14.5604, -14.9424], 'params': {'n_estimators': 200, 'learning_rate': 0.19791780090963623, 'min_child_weight': 23, 'max_depth': 4, 'gamma': 0, 'subsample': 0.9214606770813104, 'colsample_bytree': 0.6834508612128135, 'reg_lambda': 0.032425756283483875, 'reg_alpha': 0.002526300227635409}}
