[32m[I 2021-01-04 16:38:14,086][0m Trial 85 finished with value: -21.2827 and parameters: {'learning_rate': 0.07483375911764972, 'min_child_weight': 9, 'max_depth': 19, 'subsample': 0.6695214092621037, 'colsample_bytree': 0.5360763633746372, 'reg_lambda': 0.0004271826742318993, 'reg_alpha': 0.6711469988837057}. Best is trial 47 with value: -19.9264.[0m

14.83 sec -- {'mean_score': -20.2206, 'valid_scores': [-26.5565, -19.6819, -14.4234], 'train_scores': [-11.2443, -12.7437, -13.2429], 'params': {'n_estimators': 200, 'learning_rate': 0.07949566274787837, 'min_child_weight': 40, 'max_depth': 8, 'gamma': 0, 'subsample': 0.640328560220977, 'colsample_bytree': 0.6443314505523934, 'reg_lambda': 0.019541824429412376, 'reg_alpha': 0.0044891318137927905}}
[32m[I 2021-01-04 16:38:28,934][0m Trial 86 finished with value: -20.2206 and parameters: {'learning_rate': 0.07949566274787837, 'min_child_weight': 40, 'max_depth': 8, 'subsample': 0.640328560220977, 'colsample_bytree': 0.6443314505523934, 'reg_lambda': 0.019541824429412376, 'reg_alpha': 0.0044891318137927905}. Best is trial 47 with value: -19.9264.[0m

11.98 sec -- {'mean_score': -20.1256, 'valid_scores': [-26.2879, -19.8706, -14.2184], 'train_scores': [-11.6664, -13.1541, -13.6811], 'params': {'n_estimators': 200, 'learning_rate': 0.09958586378414691, 'min_child_weight': 47, 'max_depth': 7, 'gamma': 0, 'subsample': 0.7668963752863879, 'colsample_bytree': 0.46895687975139755, 'reg_lambda': 0.00086918361304581, 'reg_alpha': 0.11358541707722317}}
[32m[I 2021-01-04 16:38:40,937][0m Trial 87 finished with value: -20.1256 and parameters: {'learning_rate': 0.09958586378414691, 'min_child_weight': 47, 'max_depth': 7, 'subsample': 0.7668963752863879, 'colsample_bytree': 0.46895687975139755, 'reg_lambda': 0.00086918361304581, 'reg_alpha': 0.11358541707722317}. Best is trial 47 with value: -19.9264.[0m

10.96 sec -- {'mean_score': -20.0415, 'valid_scores': [-26.4482, -19.8266, -13.8498], 'train_scores': [-13.0506, -14.7462, -15.1106], 'params': {'n_estimators': 200, 'learning_rate': 0.0583259692937499, 'min_child_weight': 39, 'max_depth': 6, 'gamma': 0, 'subsample': 0.5578742802317194, 'colsample_bytree': 0.3664482383793549, 'reg_lambda': 0.8744554716929637, 'reg_alpha': 0.06512895697180318}}
[32m[I 2021-01-04 16:38:51,920][0m Trial 88 finished with value: -20.0415 and parameters: {'learning_rate': 0.0583259692937499, 'min_child_weight': 39, 'max_depth': 6, 'subsample': 0.5578742802317194, 'colsample_bytree': 0.3664482383793549, 'reg_lambda': 0.8744554716929637, 'reg_alpha': 0.06512895697180318}. Best is trial 47 with value: -19.9264.[0m

8.71 sec -- {'mean_score': -24.2201, 'valid_scores': [-32.0229, -23.3584, -17.2789], 'train_scores': [-19.7399, -21.7202, -21.7326], 'params': {'n_estimators': 200, 'learning_rate': 0.027888127052124657, 'min_child_weight': 41, 'max_depth': 3, 'gamma': 0, 'subsample': 0.6102108697424201, 'colsample_bytree': 0.3890236504110258, 'reg_lambda': 0.2691692964334829, 'reg_alpha': 0.9565296595401359}}
[32m[I 2021-01-04 16:39:00,642][0m Trial 89 finished with value: -24.2201 and parameters: {'learning_rate': 0.027888127052124657, 'min_child_weight': 41, 'max_depth': 3, 'subsample': 0.6102108697424201, 'colsample_bytree': 0.3890236504110258, 'reg_lambda': 0.2691692964334829, 'reg_alpha': 0.9565296595401359}. Best is trial 47 with value: -19.9264.[0m

16.03 sec -- {'mean_score': -20.5584, 'valid_scores': [-27.1716, -19.8785, -14.625], 'train_scores': [-11.2234, -12.5626, -13.076], 'params': {'n_estimators': 200, 'learning_rate': 0.0811734381176442, 'min_child_weight': 38, 'max_depth': 9, 'gamma': 0, 'subsample': 0.5439252475920344, 'colsample_bytree': 0.32019359658414215, 'reg_lambda': 0.43078257382491153, 'reg_alpha': 0.03145267590422213}}
[32m[I 2021-01-04 16:39:16,689][0m Trial 90 finished with value: -20.5584 and parameters: {'learning_rate': 0.0811734381176442, 'min_child_weight': 38, 'max_depth': 9, 'subsample': 0.5439252475920344, 'colsample_bytree': 0.32019359658414215, 'reg_lambda': 0.43078257382491153, 'reg_alpha': 0.03145267590422213}. Best is trial 47 with value: -19.9264.[0m

13.0 sec -- {'mean_score': -20.0048, 'valid_scores': [-26.3266, -19.9704, -13.7173], 'train_scores': [-11.905, -13.5435, -14.0345], 'params': {'n_estimators': 200, 'learning_rate': 0.07320471039779305, 'min_child_weight': 43, 'max_depth': 7, 'gamma': 0, 'subsample': 0.5924698429555088, 'colsample_bytree': 0.6007831925994243, 'reg_lambda': 0.7370810133736733, 'reg_alpha': 0.014338341634879046}}
[32m[I 2021-01-04 16:39:29,703][0m Trial 91 finished with value: -20.0048 and parameters: {'learning_rate': 0.07320471039779305, 'min_child_weight': 43, 'max_depth': 7, 'subsample': 0.5924698429555088, 'colsample_bytree': 0.6007831925994243, 'reg_lambda': 0.7370810133736733, 'reg_alpha': 0.014338341634879046}. Best is trial 47 with value: -19.9264.[0m

9.69 sec -- {'mean_score': -20.3748, 'valid_scores': [-26.4384, -20.2602, -14.4259], 'train_scores': [-12.9981, -14.902, -15.2733], 'params': {'n_estimators': 200, 'learning_rate': 0.09321594531389675, 'min_child_weight': 38, 'max_depth': 5, 'gamma': 0, 'subsample': 0.5570299344266417, 'colsample_bytree': 0.6835676985207267, 'reg_lambda': 0.24359183477779486, 'reg_alpha': 0.008600497434580773}}
[32m[I 2021-01-04 16:39:39,407][0m Trial 92 finished with value: -20.3748 and parameters: {'learning_rate': 0.09321594531389675, 'min_child_weight': 38, 'max_depth': 5, 'subsample': 0.5570299344266417, 'colsample_bytree': 0.6835676985207267, 'reg_lambda': 0.24359183477779486, 'reg_alpha': 0.008600497434580773}. Best is trial 47 with value: -19.9264.[0m

21.74 sec -- {'mean_score': -20.1706, 'valid_scores': [-26.5573, -19.9275, -14.027], 'train_scores': [-10.9046, -12.2821, -12.7965], 'params': {'n_estimators': 200, 'learning_rate': 0.05049652810528582, 'min_child_weight': 35, 'max_depth': 10, 'gamma': 0, 'subsample': 0.5959892410323555, 'colsample_bytree': 0.695457734099634, 'reg_lambda': 0.7568720630431629, 'reg_alpha': 0.01041283376520945}}
[32m[I 2021-01-04 16:40:01,163][0m Trial 93 finished with value: -20.1706 and parameters: {'learning_rate': 0.05049652810528582, 'min_child_weight': 35, 'max_depth': 10, 'subsample': 0.5959892410323555, 'colsample_bytree': 0.695457734099634, 'reg_lambda': 0.7568720630431629, 'reg_alpha': 0.01041283376520945}. Best is trial 47 with value: -19.9264.[0m

11.22 sec -- {'mean_score': -20.2841, 'valid_scores': [-26.6445, -20.0643, -14.1435], 'train_scores': [-12.046, -13.7505, -14.1909], 'params': {'n_estimators': 200, 'learning_rate': 0.10118838830320301, 'min_child_weight': 46, 'max_depth': 6, 'gamma': 0, 'subsample': 0.6978003197015369, 'colsample_bytree': 0.6711927881107105, 'reg_lambda': 0.3097231767334587, 'reg_alpha': 0.014999095583282586}}
[32m[I 2021-01-04 16:40:12,403][0m Trial 94 finished with value: -20.2841 and parameters: {'learning_rate': 0.10118838830320301, 'min_child_weight': 46, 'max_depth': 6, 'subsample': 0.6978003197015369, 'colsample_bytree': 0.6711927881107105, 'reg_lambda': 0.3097231767334587, 'reg_alpha': 0.014999095583282586}. Best is trial 47 with value: -19.9264.[0m

20.37 sec -- {'mean_score': -24.4049, 'valid_scores': [-33.5851, -23.3428, -16.2868], 'train_scores': [-15.8879, -17.6901, -18.0803], 'params': {'n_estimators': 200, 'learning_rate': 0.013295731322375048, 'min_child_weight': 39, 'max_depth': 9, 'gamma': 0, 'subsample': 0.5550094280372898, 'colsample_bytree': 0.3848564513724615, 'reg_lambda': 0.38548304566659713, 'reg_alpha': 0.06817121084724645}}
[32m[I 2021-01-04 16:40:32,798][0m Trial 95 finished with value: -24.4049 and parameters: {'learning_rate': 0.013295731322375048, 'min_child_weight': 39, 'max_depth': 9, 'subsample': 0.5550094280372898, 'colsample_bytree': 0.3848564513724615, 'reg_lambda': 0.38548304566659713, 'reg_alpha': 0.06817121084724645}. Best is trial 47 with value: -19.9264.[0m

24.48 sec -- {'mean_score': -20.1362, 'valid_scores': [-26.5025, -19.5335, -14.3725], 'train_scores': [-10.7232, -11.943, -12.4304], 'params': {'n_estimators': 200, 'learning_rate': 0.04881739892786194, 'min_child_weight': 35, 'max_depth': 11, 'gamma': 0, 'subsample': 0.8916630647203607, 'colsample_bytree': 0.3225309265973709, 'reg_lambda': 0.08407547576103525, 'reg_alpha': 0.006750311963354725}}
[32m[I 2021-01-04 16:40:57,297][0m Trial 96 finished with value: -20.1362 and parameters: {'learning_rate': 0.04881739892786194, 'min_child_weight': 35, 'max_depth': 11, 'subsample': 0.8916630647203607, 'colsample_bytree': 0.3225309265973709, 'reg_lambda': 0.08407547576103525, 'reg_alpha': 0.006750311963354725}. Best is trial 47 with value: -19.9264.[0m

46.31 sec -- {'mean_score': -21.378, 'valid_scores': [-27.7083, -20.9338, -15.4919], 'train_scores': [-8.6226, -9.5428, -9.9084], 'params': {'n_estimators': 200, 'learning_rate': 0.14117553946735362, 'min_child_weight': 37, 'max_depth': 19, 'gamma': 0, 'subsample': 0.584661913561721, 'colsample_bytree': 0.6031874157450353, 'reg_lambda': 0.0010015608324502802, 'reg_alpha': 0.039329977534081725}}
[32m[I 2021-01-04 16:41:43,629][0m Trial 97 finished with value: -21.378 and parameters: {'learning_rate': 0.14117553946735362, 'min_child_weight': 37, 'max_depth': 19, 'subsample': 0.584661913561721, 'colsample_bytree': 0.6031874157450353, 'reg_lambda': 0.0010015608324502802, 'reg_alpha': 0.039329977534081725}. Best is trial 47 with value: -19.9264.[0m

7.85 sec -- {'mean_score': -30.024, 'valid_scores': [-37.982, -28.862, -23.228], 'train_scores': [-25.2045, -28.4543, -28.1292], 'params': {'n_estimators': 200, 'learning_rate': 0.043664557392613865, 'min_child_weight': 28, 'max_depth': 1, 'gamma': 0, 'subsample': 0.738053674079106, 'colsample_bytree': 0.5779015501769258, 'reg_lambda': 0.0020358357336184717, 'reg_alpha': 0.029286610260434148}}
[32m[I 2021-01-04 16:41:51,500][0m Trial 98 finished with value: -30.024 and parameters: {'learning_rate': 0.043664557392613865, 'min_child_weight': 28, 'max_depth': 1, 'subsample': 0.738053674079106, 'colsample_bytree': 0.5779015501769258, 'reg_lambda': 0.0020358357336184717, 'reg_alpha': 0.029286610260434148}. Best is trial 47 with value: -19.9264.[0m

7.53 sec -- {'mean_score': -22.6208, 'valid_scores': [-29.6617, -22.2625, -15.9382], 'train_scores': [-18.6033, -21.1014, -20.7103], 'params': {'n_estimators': 200, 'learning_rate': 0.07921985825787108, 'min_child_weight': 34, 'max_depth': 2, 'gamma': 0, 'subsample': 0.5964913622993563, 'colsample_bytree': 0.4153425701945557, 'reg_lambda': 0.5613635393911101, 'reg_alpha': 0.08893089457817369}}
[32m[I 2021-01-04 16:41:59,053][0m Trial 99 finished with value: -22.6208 and parameters: {'learning_rate': 0.07921985825787108, 'min_child_weight': 34, 'max_depth': 2, 'subsample': 0.5964913622993563, 'colsample_bytree': 0.4153425701945557, 'reg_lambda': 0.5613635393911101, 'reg_alpha': 0.08893089457817369}. Best is trial 47 with value: -19.9264.[0m

21.21 sec -- {'mean_score': -20.5051, 'valid_scores': [-26.6967, -19.7002, -15.1184], 'train_scores': [-10.3078, -11.5821, -12.0082], 'params': {'n_estimators': 200, 'learning_rate': 0.08839520984634153, 'min_child_weight': 48, 'max_depth': 11, 'gamma': 0, 'subsample': 0.8226532230423358, 'colsample_bytree': 0.40521896733303703, 'reg_lambda': 0.8870854149448767, 'reg_alpha': 0.07834152390845446}}
[32m[I 2021-01-04 16:42:20,290][0m Trial 100 finished with value: -20.5051 and parameters: {'learning_rate': 0.08839520984634153, 'min_child_weight': 48, 'max_depth': 11, 'subsample': 0.8226532230423358, 'colsample_bytree': 0.40521896733303703, 'reg_lambda': 0.8870854149448767, 'reg_alpha': 0.07834152390845446}. Best is trial 47 with value: -19.9264.[0m

7.75 sec -- {'mean_score': -26.1517, 'valid_scores': [-33.5736, -25.4927, -19.3888], 'train_scores': [-22.28, -25.0844, -24.5496], 'params': {'n_estimators': 200, 'learning_rate': 0.11678833336205525, 'min_child_weight': 11, 'max_depth': 1, 'gamma': 0, 'subsample': 0.6884897856672392, 'colsample_bytree': 0.9426302885246367, 'reg_lambda': 0.7413495574848111, 'reg_alpha': 0.11054254095361028}}
[32m[I 2021-01-04 16:42:28,057][0m Trial 101 finished with value: -26.1517 and parameters: {'learning_rate': 0.11678833336205525, 'min_child_weight': 11, 'max_depth': 1, 'subsample': 0.6884897856672392, 'colsample_bytree': 0.9426302885246367, 'reg_lambda': 0.7413495574848111, 'reg_alpha': 0.11054254095361028}. Best is trial 47 with value: -19.9264.[0m

9.08 sec -- {'mean_score': -20.2291, 'valid_scores': [-26.7182, -20.0689, -13.9003], 'train_scores': [-13.9378, -15.9559, -16.1913], 'params': {'n_estimators': 200, 'learning_rate': 0.08345611684616142, 'min_child_weight': 48, 'max_depth': 4, 'gamma': 0, 'subsample': 0.9664876189069779, 'colsample_bytree': 0.8096574029157229, 'reg_lambda': 0.0196041915332801, 'reg_alpha': 0.0009270238187894199}}
[32m[I 2021-01-04 16:42:37,157][0m Trial 102 finished with value: -20.2291 and parameters: {'learning_rate': 0.08345611684616142, 'min_child_weight': 48, 'max_depth': 4, 'subsample': 0.9664876189069779, 'colsample_bytree': 0.8096574029157229, 'reg_lambda': 0.0196041915332801, 'reg_alpha': 0.0009270238187894199}. Best is trial 47 with value: -19.9264.[0m

18.58 sec -- {'mean_score': -20.3922, 'valid_scores': [-26.8411, -19.6544, -14.6812], 'train_scores': [-10.7283, -12.0075, -12.5508], 'params': {'n_estimators': 200, 'learning_rate': 0.07506025747064689, 'min_child_weight': 37, 'max_depth': 10, 'gamma': 0, 'subsample': 0.6653965080639064, 'colsample_bytree': 0.35951601557069424, 'reg_lambda': 0.838889491369975, 'reg_alpha': 0.5616510848801415}}
[32m[I 2021-01-04 16:42:55,755][0m Trial 103 finished with value: -20.3922 and parameters: {'learning_rate': 0.07506025747064689, 'min_child_weight': 37, 'max_depth': 10, 'subsample': 0.6653965080639064, 'colsample_bytree': 0.35951601557069424, 'reg_lambda': 0.838889491369975, 'reg_alpha': 0.5616510848801415}. Best is trial 47 with value: -19.9264.[0m

21.79 sec -- {'mean_score': -20.1676, 'valid_scores': [-26.4062, -19.9786, -14.1179], 'train_scores': [-10.3067, -11.5644, -12.1186], 'params': {'n_estimators': 200, 'learning_rate': 0.07445500823167629, 'min_child_weight': 29, 'max_depth': 10, 'gamma': 0, 'subsample': 0.7845106892521797, 'colsample_bytree': 0.5932885586120487, 'reg_lambda': 0.017426407050828926, 'reg_alpha': 0.01936001951930933}}
[32m[I 2021-01-04 16:43:17,561][0m Trial 104 finished with value: -20.1676 and parameters: {'learning_rate': 0.07445500823167629, 'min_child_weight': 29, 'max_depth': 10, 'subsample': 0.7845106892521797, 'colsample_bytree': 0.5932885586120487, 'reg_lambda': 0.017426407050828926, 'reg_alpha': 0.01936001951930933}. Best is trial 47 with value: -19.9264.[0m

7.81 sec -- {'mean_score': -22.1026, 'valid_scores': [-28.5747, -22.2222, -15.5108], 'train_scores': [-17.6413, -19.305, -19.6065], 'params': {'n_estimators': 200, 'learning_rate': 0.10975977573492694, 'min_child_weight': 46, 'max_depth': 2, 'gamma': 0, 'subsample': 0.5559876995433253, 'colsample_bytree': 0.5598252996219539, 'reg_lambda': 0.8361530385323346, 'reg_alpha': 0.009854746687539905}}
[32m[I 2021-01-04 16:43:25,393][0m Trial 105 finished with value: -22.1026 and parameters: {'learning_rate': 0.10975977573492694, 'min_child_weight': 46, 'max_depth': 2, 'subsample': 0.5559876995433253, 'colsample_bytree': 0.5598252996219539, 'reg_lambda': 0.8361530385323346, 'reg_alpha': 0.009854746687539905}. Best is trial 47 with value: -19.9264.[0m

19.84 sec -- {'mean_score': -20.6089, 'valid_scores': [-27.3456, -19.9627, -14.5184], 'train_scores': [-10.5216, -11.8101, -12.1794], 'params': {'n_estimators': 200, 'learning_rate': 0.09637841458197999, 'min_child_weight': 50, 'max_depth': 11, 'gamma': 0, 'subsample': 0.5380739632953787, 'colsample_bytree': 0.5619388902918768, 'reg_lambda': 0.9392842699449304, 'reg_alpha': 0.4265790401103466}}
[32m[I 2021-01-04 16:43:45,254][0m Trial 106 finished with value: -20.6089 and parameters: {'learning_rate': 0.09637841458197999, 'min_child_weight': 50, 'max_depth': 11, 'subsample': 0.5380739632953787, 'colsample_bytree': 0.5619388902918768, 'reg_lambda': 0.9392842699449304, 'reg_alpha': 0.4265790401103466}. Best is trial 47 with value: -19.9264.[0m

11.14 sec -- {'mean_score': -20.086, 'valid_scores': [-26.5017, -19.7353, -14.021], 'train_scores': [-12.6254, -14.3007, -14.7037], 'params': {'n_estimators': 200, 'learning_rate': 0.06858663926944278, 'min_child_weight': 43, 'max_depth': 6, 'gamma': 0, 'subsample': 0.9095611968831678, 'colsample_bytree': 0.3099032341699297, 'reg_lambda': 0.229847640653851, 'reg_alpha': 0.1543195737199191}}
[32m[I 2021-01-04 16:43:56,417][0m Trial 107 finished with value: -20.086 and parameters: {'learning_rate': 0.06858663926944278, 'min_child_weight': 43, 'max_depth': 6, 'subsample': 0.9095611968831678, 'colsample_bytree': 0.3099032341699297, 'reg_lambda': 0.229847640653851, 'reg_alpha': 0.1543195737199191}. Best is trial 47 with value: -19.9264.[0m

40.91 sec -- {'mean_score': -25.332, 'valid_scores': [-34.805, -24.2765, -16.9146], 'train_scores': [-15.2782, -16.8905, -17.1415], 'params': {'n_estimators': 200, 'learning_rate': 0.011617117168162733, 'min_child_weight': 48, 'max_depth': 10, 'gamma': 0, 'subsample': 0.9619080907337776, 'colsample_bytree': 0.8087518955758924, 'reg_lambda': 0.004709353228926857, 'reg_alpha': 0.016179202143585824}}
[32m[I 2021-01-04 16:44:37,342][0m Trial 108 finished with value: -25.332 and parameters: {'learning_rate': 0.011617117168162733, 'min_child_weight': 48, 'max_depth': 10, 'subsample': 0.9619080907337776, 'colsample_bytree': 0.8087518955758924, 'reg_lambda': 0.004709353228926857, 'reg_alpha': 0.016179202143585824}. Best is trial 47 with value: -19.9264.[0m

186.53 sec -- {'mean_score': -24.3004, 'valid_scores': [-32.9526, -23.6357, -16.313], 'train_scores': [-11.9306, -13.2088, -13.4068], 'params': {'n_estimators': 200, 'learning_rate': 0.012472418508950575, 'min_child_weight': 18, 'max_depth': 19, 'gamma': 0, 'subsample': 0.9625944128995726, 'colsample_bytree': 0.6886928568450428, 'reg_lambda': 0.5444583868417338, 'reg_alpha': 0.04624164376962782}}
[32m[I 2021-01-04 16:47:43,897][0m Trial 109 finished with value: -24.3004 and parameters: {'learning_rate': 0.012472418508950575, 'min_child_weight': 18, 'max_depth': 19, 'subsample': 0.9625944128995726, 'colsample_bytree': 0.6886928568450428, 'reg_lambda': 0.5444583868417338, 'reg_alpha': 0.04624164376962782}. Best is trial 47 with value: -19.9264.[0m

26.45 sec -- {'mean_score': -20.4318, 'valid_scores': [-27.114, -20.0948, -14.0865], 'train_scores': [-10.1852, -11.4831, -11.8697], 'params': {'n_estimators': 200, 'learning_rate': 0.0672686479573596, 'min_child_weight': 43, 'max_depth': 11, 'gamma': 0, 'subsample': 0.9683560711740661, 'colsample_bytree': 0.6140404328693665, 'reg_lambda': 0.04006434175356724, 'reg_alpha': 0.004453690459160426}}
[32m[I 2021-01-04 16:48:10,366][0m Trial 110 finished with value: -20.4318 and parameters: {'learning_rate': 0.0672686479573596, 'min_child_weight': 43, 'max_depth': 11, 'subsample': 0.9683560711740661, 'colsample_bytree': 0.6140404328693665, 'reg_lambda': 0.04006434175356724, 'reg_alpha': 0.004453690459160426}. Best is trial 47 with value: -19.9264.[0m

10.54 sec -- {'mean_score': -19.9193, 'valid_scores': [-25.5851, -20.0609, -14.1119], 'train_scores': [-13.2304, -15.1087, -15.4711], 'params': {'n_estimators': 200, 'learning_rate': 0.07586936996589164, 'min_child_weight': 30, 'max_depth': 5, 'gamma': 0, 'subsample': 0.653304543019841, 'colsample_bytree': 0.3418997437555328, 'reg_lambda': 0.00809584362128316, 'reg_alpha': 0.03235508525206194}}
[32m[I 2021-01-04 16:48:20,930][0m Trial 111 finished with value: -19.9193 and parameters: {'learning_rate': 0.07586936996589164, 'min_child_weight': 30, 'max_depth': 5, 'subsample': 0.653304543019841, 'colsample_bytree': 0.3418997437555328, 'reg_lambda': 0.00809584362128316, 'reg_alpha': 0.03235508525206194}. Best is trial 111 with value: -19.9193.[0m

19.65 sec -- {'mean_score': -20.3269, 'valid_scores': [-26.6308, -19.4541, -14.8957], 'train_scores': [-10.8188, -12.1227, -12.5892], 'params': {'n_estimators': 200, 'learning_rate': 0.06631271881807133, 'min_child_weight': 34, 'max_depth': 10, 'gamma': 0, 'subsample': 0.6866106958645624, 'colsample_bytree': 0.3095202321461276, 'reg_lambda': 0.027707806312546854, 'reg_alpha': 0.01340400527270804}}
[32m[I 2021-01-04 16:48:40,602][0m Trial 112 finished with value: -20.3269 and parameters: {'learning_rate': 0.06631271881807133, 'min_child_weight': 34, 'max_depth': 10, 'subsample': 0.6866106958645624, 'colsample_bytree': 0.3095202321461276, 'reg_lambda': 0.027707806312546854, 'reg_alpha': 0.01340400527270804}. Best is trial 111 with value: -19.9193.[0m

8.06 sec -- {'mean_score': -34.1484, 'valid_scores': [-45.8728, -32.1305, -24.4419], 'train_scores': [-27.1521, -30.5614, -30.5806], 'params': {'n_estimators': 200, 'learning_rate': 0.010522484139654467, 'min_child_weight': 43, 'max_depth': 2, 'gamma': 0, 'subsample': 0.5125477660450488, 'colsample_bytree': 0.3822937241430366, 'reg_lambda': 0.11669255592731928, 'reg_alpha': 0.014694773209426158}}
[32m[I 2021-01-04 16:48:48,687][0m Trial 113 finished with value: -34.1484 and parameters: {'learning_rate': 0.010522484139654467, 'min_child_weight': 43, 'max_depth': 2, 'subsample': 0.5125477660450488, 'colsample_bytree': 0.3822937241430366, 'reg_lambda': 0.11669255592731928, 'reg_alpha': 0.014694773209426158}. Best is trial 111 with value: -19.9193.[0m

7.49 sec -- {'mean_score': -25.5199, 'valid_scores': [-32.667, -24.9913, -18.9015], 'train_scores': [-21.6022, -24.3821, -23.8654], 'params': {'n_estimators': 200, 'learning_rate': 0.15069673322684976, 'min_child_weight': 23, 'max_depth': 1, 'gamma': 0, 'subsample': 0.9249515409453263, 'colsample_bytree': 0.9101944475673913, 'reg_lambda': 0.0001509570852711058, 'reg_alpha': 0.0008663186301765207}}
