[32m[I 2021-01-05 01:55:43,299][0m Trial 31 finished with value: -21.1447 and parameters: {'learning_rate': 0.05535696519566988, 'min_child_weight': 20, 'max_depth': 6, 'subsample': 0.6, 'colsample_bytree': 0.8, 'reg_lambda': 0.004505708344259121, 'reg_alpha': 0.021576691712583484}. Best is trial 23 with value: -19.5071.[0m

40.37 sec -- {'mean_score': -19.779, 'valid_scores': [-26.2372, -18.8918, -14.208], 'train_scores': [-9.1861, -9.8318, -10.16], 'params': {'learning_rate': 0.07847927399531347, 'min_child_weight': 10, 'max_depth': 12, 'subsample': 0.5, 'colsample_bytree': 0.9000000000000001, 'reg_lambda': 0.00023898168442012423, 'reg_alpha': 0.014072925163340834}}
[32m[I 2021-01-05 01:56:23,693][0m Trial 32 finished with value: -19.779 and parameters: {'learning_rate': 0.07847927399531347, 'min_child_weight': 10, 'max_depth': 12, 'subsample': 0.5, 'colsample_bytree': 0.9000000000000001, 'reg_lambda': 0.00023898168442012423, 'reg_alpha': 0.014072925163340834}. Best is trial 23 with value: -19.5071.[0m

76.73 sec -- {'mean_score': -19.7617, 'valid_scores': [-26.2873, -18.9609, -14.0368], 'train_scores': [-9.8961, -10.399, -10.7049], 'params': {'learning_rate': 0.030003626580550766, 'min_child_weight': 20, 'max_depth': 13, 'subsample': 0.7, 'colsample_bytree': 1.0, 'reg_lambda': 0.03302342426228836, 'reg_alpha': 0.009295640268139725}}
[32m[I 2021-01-05 01:57:40,475][0m Trial 33 finished with value: -19.7617 and parameters: {'learning_rate': 0.030003626580550766, 'min_child_weight': 20, 'max_depth': 13, 'subsample': 0.7, 'colsample_bytree': 1.0, 'reg_lambda': 0.03302342426228836, 'reg_alpha': 0.009295640268139725}. Best is trial 23 with value: -19.5071.[0m

16.56 sec -- {'mean_score': -20.4401, 'valid_scores': [-25.7113, -21.802, -13.8069], 'train_scores': [-11.8795, -12.7456, -12.9648], 'params': {'learning_rate': 0.07149425706701332, 'min_child_weight': 26, 'max_depth': 7, 'subsample': 0.7, 'colsample_bytree': 0.8, 'reg_lambda': 0.003949016805387436, 'reg_alpha': 0.00025903676549343603}}
[32m[I 2021-01-05 01:57:57,063][0m Trial 34 finished with value: -20.4401 and parameters: {'learning_rate': 0.07149425706701332, 'min_child_weight': 26, 'max_depth': 7, 'subsample': 0.7, 'colsample_bytree': 0.8, 'reg_lambda': 0.003949016805387436, 'reg_alpha': 0.00025903676549343603}. Best is trial 23 with value: -19.5071.[0m

28.23 sec -- {'mean_score': -19.6439, 'valid_scores': [-25.7078, -19.1046, -14.1194], 'train_scores': [-10.5646, -11.1992, -11.5874], 'params': {'learning_rate': 0.058138109065192865, 'min_child_weight': 44, 'max_depth': 11, 'subsample': 0.7, 'colsample_bytree': 0.8, 'reg_lambda': 0.0003064399754970898, 'reg_alpha': 0.025042712446185347}}
[32m[I 2021-01-05 01:58:25,330][0m Trial 35 finished with value: -19.6439 and parameters: {'learning_rate': 0.058138109065192865, 'min_child_weight': 44, 'max_depth': 11, 'subsample': 0.7, 'colsample_bytree': 0.8, 'reg_lambda': 0.0003064399754970898, 'reg_alpha': 0.025042712446185347}. Best is trial 23 with value: -19.5071.[0m

58.57 sec -- {'mean_score': -19.6639, 'valid_scores': [-26.1932, -18.8779, -13.9207], 'train_scores': [-10.1068, -10.722, -10.908], 'params': {'learning_rate': 0.03165463988708657, 'min_child_weight': 26, 'max_depth': 13, 'subsample': 0.7, 'colsample_bytree': 0.8, 'reg_lambda': 0.0007907598055692625, 'reg_alpha': 0.013329505431199849}}
[32m[I 2021-01-05 01:59:23,948][0m Trial 36 finished with value: -19.6639 and parameters: {'learning_rate': 0.03165463988708657, 'min_child_weight': 26, 'max_depth': 13, 'subsample': 0.7, 'colsample_bytree': 0.8, 'reg_lambda': 0.0007907598055692625, 'reg_alpha': 0.013329505431199849}. Best is trial 23 with value: -19.5071.[0m

32.86 sec -- {'mean_score': -20.4969, 'valid_scores': [-26.4447, -18.963, -16.0831], 'train_scores': [-9.2228, -9.8365, -10.2134], 'params': {'learning_rate': 0.15054213875130634, 'min_child_weight': 44, 'max_depth': 13, 'subsample': 0.9, 'colsample_bytree': 1.0, 'reg_lambda': 0.0076972951975139755, 'reg_alpha': 0.006241882142380524}}
[32m[I 2021-01-05 01:59:56,852][0m Trial 37 finished with value: -20.4969 and parameters: {'learning_rate': 0.15054213875130634, 'min_child_weight': 44, 'max_depth': 13, 'subsample': 0.9, 'colsample_bytree': 1.0, 'reg_lambda': 0.0076972951975139755, 'reg_alpha': 0.006241882142380524}. Best is trial 23 with value: -19.5071.[0m

15.25 sec -- {'mean_score': -20.1722, 'valid_scores': [-25.9586, -20.0613, -14.4966], 'train_scores': [-11.8019, -12.4906, -13.0344], 'params': {'learning_rate': 0.06046991004341051, 'min_child_weight': 10, 'max_depth': 7, 'subsample': 1.0, 'colsample_bytree': 0.3, 'reg_lambda': 0.019737431325450472, 'reg_alpha': 0.004093893762397995}}
[32m[I 2021-01-05 02:00:12,134][0m Trial 38 finished with value: -20.1722 and parameters: {'learning_rate': 0.06046991004341051, 'min_child_weight': 10, 'max_depth': 7, 'subsample': 1.0, 'colsample_bytree': 0.3, 'reg_lambda': 0.019737431325450472, 'reg_alpha': 0.004093893762397995}. Best is trial 23 with value: -19.5071.[0m

19.25 sec -- {'mean_score': -20.9377, 'valid_scores': [-27.4522, -20.8872, -14.4736], 'train_scores': [-13.7552, -14.8917, -15.3524], 'params': {'learning_rate': 0.02244792586592982, 'min_child_weight': 20, 'max_depth': 7, 'subsample': 1.0, 'colsample_bytree': 0.6000000000000001, 'reg_lambda': 0.00010734883546746054, 'reg_alpha': 0.007852352891591717}}
[32m[I 2021-01-05 02:00:31,408][0m Trial 39 finished with value: -20.9377 and parameters: {'learning_rate': 0.02244792586592982, 'min_child_weight': 20, 'max_depth': 7, 'subsample': 1.0, 'colsample_bytree': 0.6000000000000001, 'reg_lambda': 0.00010734883546746054, 'reg_alpha': 0.007852352891591717}. Best is trial 23 with value: -19.5071.[0m

30.23 sec -- {'mean_score': -20.3623, 'valid_scores': [-25.6018, -19.9013, -15.5839], 'train_scores': [-10.4622, -11.0325, -11.469], 'params': {'learning_rate': 0.11178311947043937, 'min_child_weight': 12, 'max_depth': 9, 'subsample': 0.5, 'colsample_bytree': 0.6000000000000001, 'reg_lambda': 0.0035331742545079295, 'reg_alpha': 0.021798194272701188}}
[32m[I 2021-01-05 02:01:01,661][0m Trial 40 finished with value: -20.3623 and parameters: {'learning_rate': 0.11178311947043937, 'min_child_weight': 12, 'max_depth': 9, 'subsample': 0.5, 'colsample_bytree': 0.6000000000000001, 'reg_lambda': 0.0035331742545079295, 'reg_alpha': 0.021798194272701188}. Best is trial 23 with value: -19.5071.[0m

42.08 sec -- {'mean_score': -19.7795, 'valid_scores': [-26.2434, -19.054, -14.041], 'train_scores': [-10.3619, -11.0532, -11.2933], 'params': {'learning_rate': 0.05543135946434807, 'min_child_weight': 42, 'max_depth': 12, 'subsample': 0.7, 'colsample_bytree': 0.9000000000000001, 'reg_lambda': 0.0005814131534275079, 'reg_alpha': 0.0021241541695486547}}
[32m[I 2021-01-05 02:01:43,781][0m Trial 41 finished with value: -19.7795 and parameters: {'learning_rate': 0.05543135946434807, 'min_child_weight': 42, 'max_depth': 12, 'subsample': 0.7, 'colsample_bytree': 0.9000000000000001, 'reg_lambda': 0.0005814131534275079, 'reg_alpha': 0.0021241541695486547}. Best is trial 23 with value: -19.5071.[0m

53.06 sec -- {'mean_score': -19.719, 'valid_scores': [-26.0162, -18.7145, -14.4264], 'train_scores': [-10.5183, -11.0984, -11.3354], 'params': {'learning_rate': 0.035938427172326315, 'min_child_weight': 46, 'max_depth': 13, 'subsample': 0.8, 'colsample_bytree': 1.0, 'reg_lambda': 0.00035601864384960177, 'reg_alpha': 0.12054133610799683}}
[32m[I 2021-01-05 02:02:36,905][0m Trial 42 finished with value: -19.719 and parameters: {'learning_rate': 0.035938427172326315, 'min_child_weight': 46, 'max_depth': 13, 'subsample': 0.8, 'colsample_bytree': 1.0, 'reg_lambda': 0.00035601864384960177, 'reg_alpha': 0.12054133610799683}. Best is trial 23 with value: -19.5071.[0m

39.17 sec -- {'mean_score': -19.4446, 'valid_scores': [-25.6396, -18.6292, -14.065], 'train_scores': [-10.1116, -10.6826, -10.9871], 'params': {'learning_rate': 0.06698229694207196, 'min_child_weight': 40, 'max_depth': 14, 'subsample': 0.5, 'colsample_bytree': 0.8, 'reg_lambda': 0.00015725580017884237, 'reg_alpha': 0.040226222215051906}}
[32m[I 2021-01-05 02:03:16,145][0m Trial 43 finished with value: -19.4446 and parameters: {'learning_rate': 0.06698229694207196, 'min_child_weight': 40, 'max_depth': 14, 'subsample': 0.5, 'colsample_bytree': 0.8, 'reg_lambda': 0.00015725580017884237, 'reg_alpha': 0.040226222215051906}. Best is trial 43 with value: -19.4446.[0m

35.0 sec -- {'mean_score': -19.3823, 'valid_scores': [-25.6797, -18.4878, -13.9793], 'train_scores': [-10.7696, -11.4384, -11.7621], 'params': {'learning_rate': 0.06444379812211481, 'min_child_weight': 42, 'max_depth': 11, 'subsample': 0.5, 'colsample_bytree': 0.9000000000000001, 'reg_lambda': 0.0002899135336982327, 'reg_alpha': 0.08771306134093919}}
[32m[I 2021-01-05 02:03:51,177][0m Trial 44 finished with value: -19.3823 and parameters: {'learning_rate': 0.06444379812211481, 'min_child_weight': 42, 'max_depth': 11, 'subsample': 0.5, 'colsample_bytree': 0.9000000000000001, 'reg_lambda': 0.0002899135336982327, 'reg_alpha': 0.08771306134093919}. Best is trial 44 with value: -19.3823.[0m

28.89 sec -- {'mean_score': -19.6334, 'valid_scores': [-25.309, -19.1551, -14.4361], 'train_scores': [-10.7582, -11.3543, -11.6909], 'params': {'learning_rate': 0.08849895181921252, 'min_child_weight': 36, 'max_depth': 10, 'subsample': 0.5, 'colsample_bytree': 1.0, 'reg_lambda': 0.00010085588123300242, 'reg_alpha': 0.007163005193610627}}
[32m[I 2021-01-05 02:04:20,093][0m Trial 45 finished with value: -19.6334 and parameters: {'learning_rate': 0.08849895181921252, 'min_child_weight': 36, 'max_depth': 10, 'subsample': 0.5, 'colsample_bytree': 1.0, 'reg_lambda': 0.00010085588123300242, 'reg_alpha': 0.007163005193610627}. Best is trial 44 with value: -19.3823.[0m

36.85 sec -- {'mean_score': -19.6739, 'valid_scores': [-26.0828, -18.7218, -14.217], 'train_scores': [-10.3152, -10.8012, -11.0403], 'params': {'learning_rate': 0.06536694900468461, 'min_child_weight': 44, 'max_depth': 14, 'subsample': 0.5, 'colsample_bytree': 0.7, 'reg_lambda': 0.00026088067899409295, 'reg_alpha': 0.08979844602354255}}
[32m[I 2021-01-05 02:04:56,975][0m Trial 46 finished with value: -19.6739 and parameters: {'learning_rate': 0.06536694900468461, 'min_child_weight': 44, 'max_depth': 14, 'subsample': 0.5, 'colsample_bytree': 0.7, 'reg_lambda': 0.00026088067899409295, 'reg_alpha': 0.08979844602354255}. Best is trial 44 with value: -19.3823.[0m

25.63 sec -- {'mean_score': -19.7897, 'valid_scores': [-25.9445, -19.0134, -14.4111], 'train_scores': [-10.7118, -11.2942, -11.6881], 'params': {'learning_rate': 0.08178718484267618, 'min_child_weight': 36, 'max_depth': 10, 'subsample': 0.5, 'colsample_bytree': 0.8, 'reg_lambda': 0.0002877162574342612, 'reg_alpha': 0.3695955001897007}}
[32m[I 2021-01-05 02:05:22,635][0m Trial 47 finished with value: -19.7897 and parameters: {'learning_rate': 0.08178718484267618, 'min_child_weight': 36, 'max_depth': 10, 'subsample': 0.5, 'colsample_bytree': 0.8, 'reg_lambda': 0.0002877162574342612, 'reg_alpha': 0.3695955001897007}. Best is trial 44 with value: -19.3823.[0m

54.54 sec -- {'mean_score': -19.5774, 'valid_scores': [-25.7933, -18.513, -14.426], 'train_scores': [-9.3736, -9.9344, -10.2349], 'params': {'learning_rate': 0.08639490265186511, 'min_child_weight': 32, 'max_depth': 15, 'subsample': 0.6, 'colsample_bytree': 0.9000000000000001, 'reg_lambda': 0.005527651443324529, 'reg_alpha': 0.37654914761809566}}
[32m[I 2021-01-05 02:06:17,240][0m Trial 48 finished with value: -19.5774 and parameters: {'learning_rate': 0.08639490265186511, 'min_child_weight': 32, 'max_depth': 15, 'subsample': 0.6, 'colsample_bytree': 0.9000000000000001, 'reg_lambda': 0.005527651443324529, 'reg_alpha': 0.37654914761809566}. Best is trial 44 with value: -19.3823.[0m

45.68 sec -- {'mean_score': -20.1089, 'valid_scores': [-26.4542, -19.0462, -14.8262], 'train_scores': [-8.8246, -9.4114, -9.7305], 'params': {'learning_rate': 0.1414479337443347, 'min_child_weight': 28, 'max_depth': 15, 'subsample': 0.6, 'colsample_bytree': 1.0, 'reg_lambda': 0.021532292887617027, 'reg_alpha': 0.030267884041033602}}
