[32m[I 2021-01-04 16:55:06,579][0m Trial 142 finished with value: -20.0596 and parameters: {'learning_rate': 0.08819812862018686, 'min_child_weight': 45, 'max_depth': 8, 'subsample': 0.9674462010236671, 'colsample_bytree': 0.49195242354832996, 'reg_lambda': 0.0448857912636463, 'reg_alpha': 0.001120535266398215}. Best is trial 111 with value: -19.9193.[0m

22.37 sec -- {'mean_score': -20.5022, 'valid_scores': [-26.8625, -20.5606, -14.0835], 'train_scores': [-13.5873, -15.4817, -15.8938], 'params': {'n_estimators': 200, 'learning_rate': 0.11827715994768423, 'min_child_weight': 50, 'max_depth': 4, 'gamma': 0, 'subsample': 0.9643354600429928, 'colsample_bytree': 0.491081129817633, 'reg_lambda': 0.03599136722375254, 'reg_alpha': 0.00014528550618291559}}
[32m[I 2021-01-04 16:55:28,984][0m Trial 143 finished with value: -20.5022 and parameters: {'learning_rate': 0.11827715994768423, 'min_child_weight': 50, 'max_depth': 4, 'subsample': 0.9643354600429928, 'colsample_bytree': 0.491081129817633, 'reg_lambda': 0.03599136722375254, 'reg_alpha': 0.00014528550618291559}. Best is trial 111 with value: -19.9193.[0m

16.61 sec -- {'mean_score': -21.5427, 'valid_scores': [-28.4922, -21.3917, -14.7442], 'train_scores': [-16.0524, -18.1944, -18.5117], 'params': {'n_estimators': 200, 'learning_rate': 0.06920597368161067, 'min_child_weight': 48, 'max_depth': 3, 'gamma': 0, 'subsample': 0.9974878572497444, 'colsample_bytree': 0.5515825525498835, 'reg_lambda': 0.025056995801684964, 'reg_alpha': 0.0001236255507712114}}
[32m[I 2021-01-04 16:55:45,627][0m Trial 144 finished with value: -21.5427 and parameters: {'learning_rate': 0.06920597368161067, 'min_child_weight': 48, 'max_depth': 3, 'subsample': 0.9974878572497444, 'colsample_bytree': 0.5515825525498835, 'reg_lambda': 0.025056995801684964, 'reg_alpha': 0.0001236255507712114}. Best is trial 111 with value: -19.9193.[0m

18.62 sec -- {'mean_score': -19.9993, 'valid_scores': [-26.0346, -19.944, -14.0192], 'train_scores': [-11.5399, -13.178, -13.5512], 'params': {'n_estimators': 200, 'learning_rate': 0.08439626546193178, 'min_child_weight': 38, 'max_depth': 7, 'gamma': 0, 'subsample': 0.890196399083945, 'colsample_bytree': 0.6504934079521476, 'reg_lambda': 0.025759781701889774, 'reg_alpha': 0.00017667835471050356}}
[32m[I 2021-01-04 16:56:04,274][0m Trial 145 finished with value: -19.9993 and parameters: {'learning_rate': 0.08439626546193178, 'min_child_weight': 38, 'max_depth': 7, 'subsample': 0.890196399083945, 'colsample_bytree': 0.6504934079521476, 'reg_lambda': 0.025759781701889774, 'reg_alpha': 0.00017667835471050356}. Best is trial 111 with value: -19.9193.[0m

27.16 sec -- {'mean_score': -20.1989, 'valid_scores': [-26.6688, -19.8315, -14.0963], 'train_scores': [-11.6166, -13.0668, -13.6108], 'params': {'n_estimators': 200, 'learning_rate': 0.03872377010033022, 'min_child_weight': 20, 'max_depth': 9, 'gamma': 0, 'subsample': 0.5737165260925414, 'colsample_bytree': 0.3436722219228325, 'reg_lambda': 0.2670438102492182, 'reg_alpha': 0.14449427095436948}}
[32m[I 2021-01-04 16:56:31,471][0m Trial 146 finished with value: -20.1989 and parameters: {'learning_rate': 0.03872377010033022, 'min_child_weight': 20, 'max_depth': 9, 'subsample': 0.5737165260925414, 'colsample_bytree': 0.3436722219228325, 'reg_lambda': 0.2670438102492182, 'reg_alpha': 0.14449427095436948}. Best is trial 111 with value: -19.9193.[0m

24.21 sec -- {'mean_score': -20.121, 'valid_scores': [-26.5251, -20.0618, -13.7762], 'train_scores': [-12.2218, -13.8469, -14.2567], 'params': {'n_estimators': 200, 'learning_rate': 0.06282916200623465, 'min_child_weight': 50, 'max_depth': 7, 'gamma': 0, 'subsample': 0.5797034560115394, 'colsample_bytree': 0.6873175442824655, 'reg_lambda': 0.33235813898119365, 'reg_alpha': 0.03945257141821071}}
[32m[I 2021-01-04 16:56:55,716][0m Trial 147 finished with value: -20.121 and parameters: {'learning_rate': 0.06282916200623465, 'min_child_weight': 50, 'max_depth': 7, 'subsample': 0.5797034560115394, 'colsample_bytree': 0.6873175442824655, 'reg_lambda': 0.33235813898119365, 'reg_alpha': 0.03945257141821071}. Best is trial 111 with value: -19.9193.[0m

30.69 sec -- {'mean_score': -20.2475, 'valid_scores': [-26.6279, -19.587, -14.5277], 'train_scores': [-10.5334, -11.9985, -12.5212], 'params': {'n_estimators': 200, 'learning_rate': 0.07507738871191126, 'min_child_weight': 22, 'max_depth': 9, 'gamma': 0, 'subsample': 0.6828759266783402, 'colsample_bytree': 0.5532436095679928, 'reg_lambda': 0.004486196463273644, 'reg_alpha': 0.047672986609472584}}
[32m[I 2021-01-04 16:57:26,439][0m Trial 148 finished with value: -20.2475 and parameters: {'learning_rate': 0.07507738871191126, 'min_child_weight': 22, 'max_depth': 9, 'subsample': 0.6828759266783402, 'colsample_bytree': 0.5532436095679928, 'reg_lambda': 0.004486196463273644, 'reg_alpha': 0.047672986609472584}. Best is trial 111 with value: -19.9193.[0m

33.85 sec -- {'mean_score': -20.494, 'valid_scores': [-26.8901, -19.9141, -14.6779], 'train_scores': [-10.1353, -11.5417, -11.8849], 'params': {'n_estimators': 200, 'learning_rate': 0.08184411098020339, 'min_child_weight': 33, 'max_depth': 10, 'gamma': 0, 'subsample': 0.8988821086250766, 'colsample_bytree': 0.7433753128170646, 'reg_lambda': 0.03354632976499713, 'reg_alpha': 0.0005598032891063623}}
[32m[I 2021-01-04 16:58:00,318][0m Trial 149 finished with value: -20.494 and parameters: {'learning_rate': 0.08184411098020339, 'min_child_weight': 33, 'max_depth': 10, 'subsample': 0.8988821086250766, 'colsample_bytree': 0.7433753128170646, 'reg_lambda': 0.03354632976499713, 'reg_alpha': 0.0005598032891063623}. Best is trial 111 with value: -19.9193.[0m

19.23 sec -- {'mean_score': -20.2264, 'valid_scores': [-26.9758, -19.9467, -13.7568], 'train_scores': [-11.7075, -13.3497, -13.7005], 'params': {'n_estimators': 200, 'learning_rate': 0.0771706261252567, 'min_child_weight': 45, 'max_depth': 7, 'gamma': 0, 'subsample': 0.8466362530629462, 'colsample_bytree': 0.6771309089934213, 'reg_lambda': 0.10444127084391244, 'reg_alpha': 0.00013855490161618873}}
[32m[I 2021-01-04 16:58:19,601][0m Trial 150 finished with value: -20.2264 and parameters: {'learning_rate': 0.0771706261252567, 'min_child_weight': 45, 'max_depth': 7, 'subsample': 0.8466362530629462, 'colsample_bytree': 0.6771309089934213, 'reg_lambda': 0.10444127084391244, 'reg_alpha': 0.00013855490161618873}. Best is trial 111 with value: -19.9193.[0m

20.44 sec -- {'mean_score': -19.938, 'valid_scores': [-26.1725, -19.697, -13.9446], 'train_scores': [-12.0283, -13.5081, -13.9888], 'params': {'n_estimators': 200, 'learning_rate': 0.08133746770787398, 'min_child_weight': 45, 'max_depth': 7, 'gamma': 0, 'subsample': 0.6347971899222881, 'colsample_bytree': 0.3563961964692804, 'reg_lambda': 0.15886241244944532, 'reg_alpha': 0.05829518656202425}}
[32m[I 2021-01-04 16:58:40,090][0m Trial 151 finished with value: -19.938 and parameters: {'learning_rate': 0.08133746770787398, 'min_child_weight': 45, 'max_depth': 7, 'subsample': 0.6347971899222881, 'colsample_bytree': 0.3563961964692804, 'reg_lambda': 0.15886241244944532, 'reg_alpha': 0.05829518656202425}. Best is trial 111 with value: -19.9193.[0m

24.28 sec -- {'mean_score': -20.0974, 'valid_scores': [-26.4088, -19.6342, -14.2491], 'train_scores': [-11.0709, -12.4523, -12.819], 'params': {'n_estimators': 200, 'learning_rate': 0.07089785018358441, 'min_child_weight': 39, 'max_depth': 9, 'gamma': 0, 'subsample': 0.8004894360901669, 'colsample_bytree': 0.36298103082735456, 'reg_lambda': 0.3192475684761225, 'reg_alpha': 0.021195766858448425}}
[32m[I 2021-01-04 16:59:04,405][0m Trial 152 finished with value: -20.0974 and parameters: {'learning_rate': 0.07089785018358441, 'min_child_weight': 39, 'max_depth': 9, 'subsample': 0.8004894360901669, 'colsample_bytree': 0.36298103082735456, 'reg_lambda': 0.3192475684761225, 'reg_alpha': 0.021195766858448425}. Best is trial 111 with value: -19.9193.[0m

18.41 sec -- {'mean_score': -20.2467, 'valid_scores': [-26.8874, -19.7995, -14.0531], 'train_scores': [-11.7681, -13.1853, -13.6242], 'params': {'n_estimators': 200, 'learning_rate': 0.04983362867691442, 'min_child_weight': 49, 'max_depth': 9, 'gamma': 0, 'subsample': 0.5086334735448037, 'colsample_bytree': 0.4878975625914995, 'reg_lambda': 0.9286293114263322, 'reg_alpha': 0.0825624571668051}}
[32m[I 2021-01-04 16:59:22,841][0m Trial 153 finished with value: -20.2467 and parameters: {'learning_rate': 0.04983362867691442, 'min_child_weight': 49, 'max_depth': 9, 'subsample': 0.5086334735448037, 'colsample_bytree': 0.4878975625914995, 'reg_lambda': 0.9286293114263322, 'reg_alpha': 0.0825624571668051}. Best is trial 111 with value: -19.9193.[0m

14.73 sec -- {'mean_score': -19.9819, 'valid_scores': [-26.1269, -19.9486, -13.8701], 'train_scores': [-12.0308, -13.6768, -14.1246], 'params': {'n_estimators': 200, 'learning_rate': 0.09301698638366901, 'min_child_weight': 30, 'max_depth': 6, 'gamma': 0, 'subsample': 0.8731895789252818, 'colsample_bytree': 0.6050563011225396, 'reg_lambda': 0.06198691106131586, 'reg_alpha': 0.00023642851193593758}}
[32m[I 2021-01-04 16:59:37,593][0m Trial 154 finished with value: -19.9819 and parameters: {'learning_rate': 0.09301698638366901, 'min_child_weight': 30, 'max_depth': 6, 'subsample': 0.8731895789252818, 'colsample_bytree': 0.6050563011225396, 'reg_lambda': 0.06198691106131586, 'reg_alpha': 0.00023642851193593758}. Best is trial 111 with value: -19.9193.[0m

18.72 sec -- {'mean_score': -20.1405, 'valid_scores': [-26.5768, -19.6568, -14.1878], 'train_scores': [-11.7875, -13.2856, -13.7111], 'params': {'n_estimators': 200, 'learning_rate': 0.06325291403509029, 'min_child_weight': 49, 'max_depth': 8, 'gamma': 0, 'subsample': 0.6660643103371822, 'colsample_bytree': 0.31222377067059814, 'reg_lambda': 0.10661128709910046, 'reg_alpha': 0.5256665511436317}}
[32m[I 2021-01-04 16:59:56,337][0m Trial 155 finished with value: -20.1405 and parameters: {'learning_rate': 0.06325291403509029, 'min_child_weight': 49, 'max_depth': 8, 'subsample': 0.6660643103371822, 'colsample_bytree': 0.31222377067059814, 'reg_lambda': 0.10661128709910046, 'reg_alpha': 0.5256665511436317}. Best is trial 111 with value: -19.9193.[0m

15.37 sec -- {'mean_score': -20.6821, 'valid_scores': [-26.8793, -20.9787, -14.1882], 'train_scores': [-15.0903, -17.2571, -17.5308], 'params': {'n_estimators': 200, 'learning_rate': 0.10063663695574483, 'min_child_weight': 24, 'max_depth': 3, 'gamma': 0, 'subsample': 0.8682631340292645, 'colsample_bytree': 0.7178537204899699, 'reg_lambda': 0.07404820622319681, 'reg_alpha': 0.00029422590489396906}}
[32m[I 2021-01-04 17:00:11,737][0m Trial 156 finished with value: -20.6821 and parameters: {'learning_rate': 0.10063663695574483, 'min_child_weight': 24, 'max_depth': 3, 'subsample': 0.8682631340292645, 'colsample_bytree': 0.7178537204899699, 'reg_lambda': 0.07404820622319681, 'reg_alpha': 0.00029422590489396906}. Best is trial 111 with value: -19.9193.[0m

20.03 sec -- {'mean_score': -20.6341, 'valid_scores': [-26.654, -19.9436, -15.3047], 'train_scores': [-10.8692, -12.2586, -12.8033], 'params': {'n_estimators': 200, 'learning_rate': 0.11317292696551656, 'min_child_weight': 32, 'max_depth': 8, 'gamma': 0, 'subsample': 0.8853183600845617, 'colsample_bytree': 0.45603359180449976, 'reg_lambda': 0.03331885073907437, 'reg_alpha': 0.000160332174468245}}
[32m[I 2021-01-04 17:00:31,794][0m Trial 157 finished with value: -20.6341 and parameters: {'learning_rate': 0.11317292696551656, 'min_child_weight': 32, 'max_depth': 8, 'subsample': 0.8853183600845617, 'colsample_bytree': 0.45603359180449976, 'reg_lambda': 0.03331885073907437, 'reg_alpha': 0.000160332174468245}. Best is trial 111 with value: -19.9193.[0m

15.04 sec -- {'mean_score': -19.9517, 'valid_scores': [-26.0833, -20.0067, -13.7652], 'train_scores': [-12.135, -13.7454, -14.1998], 'params': {'n_estimators': 200, 'learning_rate': 0.0892249876185096, 'min_child_weight': 28, 'max_depth': 6, 'gamma': 0, 'subsample': 0.8883924726309806, 'colsample_bytree': 0.5617390806177858, 'reg_lambda': 0.17537997466601715, 'reg_alpha': 0.00021769699799665198}}
[32m[I 2021-01-04 17:00:46,868][0m Trial 158 finished with value: -19.9517 and parameters: {'learning_rate': 0.0892249876185096, 'min_child_weight': 28, 'max_depth': 6, 'subsample': 0.8883924726309806, 'colsample_bytree': 0.5617390806177858, 'reg_lambda': 0.17537997466601715, 'reg_alpha': 0.00021769699799665198}. Best is trial 111 with value: -19.9193.[0m

14.31 sec -- {'mean_score': -20.0392, 'valid_scores': [-26.2425, -20.0207, -13.8545], 'train_scores': [-12.4134, -14.2054, -14.5061], 'params': {'n_estimators': 200, 'learning_rate': 0.09532447699119757, 'min_child_weight': 47, 'max_depth': 6, 'gamma': 0, 'subsample': 0.5471220439003474, 'colsample_bytree': 0.3436962763957954, 'reg_lambda': 0.033393422096984836, 'reg_alpha': 0.04891864056363932}}
[32m[I 2021-01-04 17:01:01,220][0m Trial 159 finished with value: -20.0392 and parameters: {'learning_rate': 0.09532447699119757, 'min_child_weight': 47, 'max_depth': 6, 'subsample': 0.5471220439003474, 'colsample_bytree': 0.3436962763957954, 'reg_lambda': 0.033393422096984836, 'reg_alpha': 0.04891864056363932}. Best is trial 111 with value: -19.9193.[0m

15.13 sec -- {'mean_score': -20.0277, 'valid_scores': [-26.2183, -19.9295, -13.9352], 'train_scores': [-12.9159, -14.5789, -14.8605], 'params': {'n_estimators': 200, 'learning_rate': 0.09352985031281276, 'min_child_weight': 28, 'max_depth': 5, 'gamma': 0, 'subsample': 0.8400828239414723, 'colsample_bytree': 0.5644473320827881, 'reg_lambda': 0.005997630794024141, 'reg_alpha': 0.0001931678420183255}}
[32m[I 2021-01-04 17:01:16,387][0m Trial 160 finished with value: -20.0277 and parameters: {'learning_rate': 0.09352985031281276, 'min_child_weight': 28, 'max_depth': 5, 'subsample': 0.8400828239414723, 'colsample_bytree': 0.5644473320827881, 'reg_lambda': 0.005997630794024141, 'reg_alpha': 0.0001931678420183255}. Best is trial 111 with value: -19.9193.[0m

12.62 sec -- {'mean_score': -20.2828, 'valid_scores': [-26.7077, -20.2154, -13.9253], 'train_scores': [-14.2135, -15.8659, -16.2515], 'params': {'n_estimators': 200, 'learning_rate': 0.0877335527224775, 'min_child_weight': 22, 'max_depth': 4, 'gamma': 0, 'subsample': 0.9668311890369448, 'colsample_bytree': 0.5165709345700138, 'reg_lambda': 0.0013365579936593214, 'reg_alpha': 0.00011698722494880226}}
[32m[I 2021-01-04 17:01:29,029][0m Trial 161 finished with value: -20.2828 and parameters: {'learning_rate': 0.0877335527224775, 'min_child_weight': 22, 'max_depth': 4, 'subsample': 0.9668311890369448, 'colsample_bytree': 0.5165709345700138, 'reg_lambda': 0.0013365579936593214, 'reg_alpha': 0.00011698722494880226}. Best is trial 111 with value: -19.9193.[0m

28.38 sec -- {'mean_score': -20.8166, 'valid_scores': [-27.3667, -20.3668, -14.7164], 'train_scores': [-9.596, -10.9628, -11.3815], 'params': {'n_estimators': 200, 'learning_rate': 0.10034301889381785, 'min_child_weight': 20, 'max_depth': 10, 'gamma': 0, 'subsample': 0.9963739651504515, 'colsample_bytree': 0.6856187332628565, 'reg_lambda': 0.1451560848722536, 'reg_alpha': 0.0003100145231843007}}
[32m[I 2021-01-04 17:01:57,447][0m Trial 162 finished with value: -20.8166 and parameters: {'learning_rate': 0.10034301889381785, 'min_child_weight': 20, 'max_depth': 10, 'subsample': 0.9963739651504515, 'colsample_bytree': 0.6856187332628565, 'reg_lambda': 0.1451560848722536, 'reg_alpha': 0.0003100145231843007}. Best is trial 111 with value: -19.9193.[0m

20.5 sec -- {'mean_score': -19.9381, 'valid_scores': [-25.7163, -19.8335, -14.2646], 'train_scores': [-11.482, -12.9717, -13.3995], 'params': {'n_estimators': 200, 'learning_rate': 0.09033511576975187, 'min_child_weight': 25, 'max_depth': 7, 'gamma': 0, 'subsample': 0.7232442713408578, 'colsample_bytree': 0.603982438794437, 'reg_lambda': 0.007430118319455948, 'reg_alpha': 0.00012014488021174168}}
[32m[I 2021-01-04 17:02:17,989][0m Trial 163 finished with value: -19.9381 and parameters: {'learning_rate': 0.09033511576975187, 'min_child_weight': 25, 'max_depth': 7, 'subsample': 0.7232442713408578, 'colsample_bytree': 0.603982438794437, 'reg_lambda': 0.007430118319455948, 'reg_alpha': 0.00012014488021174168}. Best is trial 111 with value: -19.9193.[0m

19.08 sec -- {'mean_score': -20.5639, 'valid_scores': [-26.8811, -20.3825, -14.428], 'train_scores': [-10.6388, -12.0587, -12.5174], 'params': {'n_estimators': 200, 'learning_rate': 0.13946963311677565, 'min_child_weight': 31, 'max_depth': 8, 'gamma': 0, 'subsample': 0.6826453646446249, 'colsample_bytree': 0.7345317093368406, 'reg_lambda': 0.011641432497936942, 'reg_alpha': 0.00015093385884508355}}
[32m[I 2021-01-04 17:02:37,102][0m Trial 164 finished with value: -20.5639 and parameters: {'learning_rate': 0.13946963311677565, 'min_child_weight': 31, 'max_depth': 8, 'subsample': 0.6826453646446249, 'colsample_bytree': 0.7345317093368406, 'reg_lambda': 0.011641432497936942, 'reg_alpha': 0.00015093385884508355}. Best is trial 111 with value: -19.9193.[0m

16.09 sec -- {'mean_score': -20.5045, 'valid_scores': [-26.9314, -19.9564, -14.6257], 'train_scores': [-10.963, -12.5109, -13.005], 'params': {'n_estimators': 200, 'learning_rate': 0.1483948048288245, 'min_child_weight': 31, 'max_depth': 7, 'gamma': 0, 'subsample': 0.9679866341245186, 'colsample_bytree': 0.5975409827654053, 'reg_lambda': 0.4079224795926377, 'reg_alpha': 0.00010445372680290798}}
[32m[I 2021-01-04 17:02:53,220][0m Trial 165 finished with value: -20.5045 and parameters: {'learning_rate': 0.1483948048288245, 'min_child_weight': 31, 'max_depth': 7, 'subsample': 0.9679866341245186, 'colsample_bytree': 0.5975409827654053, 'reg_lambda': 0.4079224795926377, 'reg_alpha': 0.00010445372680290798}. Best is trial 111 with value: -19.9193.[0m

8.77 sec -- {'mean_score': -26.3733, 'valid_scores': [-33.7862, -25.6638, -19.6699], 'train_scores': [-22.4204, -25.2937, -24.7379], 'params': {'n_estimators': 200, 'learning_rate': 0.1103748855282102, 'min_child_weight': 25, 'max_depth': 1, 'gamma': 0, 'subsample': 0.6809117132427523, 'colsample_bytree': 0.45912098890710906, 'reg_lambda': 0.005157517149332462, 'reg_alpha': 0.00010198627533315567}}
[32m[I 2021-01-04 17:03:02,010][0m Trial 166 finished with value: -26.3733 and parameters: {'learning_rate': 0.1103748855282102, 'min_child_weight': 25, 'max_depth': 1, 'subsample': 0.6809117132427523, 'colsample_bytree': 0.45912098890710906, 'reg_lambda': 0.005157517149332462, 'reg_alpha': 0.00010198627533315567}. Best is trial 111 with value: -19.9193.[0m

14.21 sec -- {'mean_score': -20.1894, 'valid_scores': [-26.3548, -19.7504, -14.463], 'train_scores': [-11.2611, -12.8212, -13.1962], 'params': {'n_estimators': 200, 'learning_rate': 0.10075550091290603, 'min_child_weight': 24, 'max_depth': 7, 'gamma': 0, 'subsample': 0.8324995166188035, 'colsample_bytree': 0.627198383116308, 'reg_lambda': 0.016448249328630926, 'reg_alpha': 0.00033697150431115077}}
[32m[I 2021-01-04 17:03:16,241][0m Trial 167 finished with value: -20.1894 and parameters: {'learning_rate': 0.10075550091290603, 'min_child_weight': 24, 'max_depth': 7, 'subsample': 0.8324995166188035, 'colsample_bytree': 0.627198383116308, 'reg_lambda': 0.016448249328630926, 'reg_alpha': 0.00033697150431115077}. Best is trial 111 with value: -19.9193.[0m

8.54 sec -- {'mean_score': -21.053, 'valid_scores': [-27.4099, -21.4794, -14.2696], 'train_scores': [-15.5769, -17.5312, -17.8001], 'params': {'n_estimators': 200, 'learning_rate': 0.08812341058699683, 'min_child_weight': 30, 'max_depth': 3, 'gamma': 0, 'subsample': 0.9156310875133987, 'colsample_bytree': 0.5272332253579223, 'reg_lambda': 0.07914972680090133, 'reg_alpha': 0.00039784288485135026}}
[32m[I 2021-01-04 17:03:24,817][0m Trial 168 finished with value: -21.053 and parameters: {'learning_rate': 0.08812341058699683, 'min_child_weight': 30, 'max_depth': 3, 'subsample': 0.9156310875133987, 'colsample_bytree': 0.5272332253579223, 'reg_lambda': 0.07914972680090133, 'reg_alpha': 0.00039784288485135026}. Best is trial 111 with value: -19.9193.[0m

9.45 sec -- {'mean_score': -20.2411, 'valid_scores': [-26.3995, -20.3154, -14.0084], 'train_scores': [-13.8179, -15.4769, -15.9624], 'params': {'n_estimators': 200, 'learning_rate': 0.10574249663901511, 'min_child_weight': 46, 'max_depth': 4, 'gamma': 0, 'subsample': 0.853748896626624, 'colsample_bytree': 0.5520242203855332, 'reg_lambda': 0.041382773341462877, 'reg_alpha': 0.0014129779066816655}}
[32m[I 2021-01-04 17:03:34,306][0m Trial 169 finished with value: -20.2411 and parameters: {'learning_rate': 0.10574249663901511, 'min_child_weight': 46, 'max_depth': 4, 'subsample': 0.853748896626624, 'colsample_bytree': 0.5520242203855332, 'reg_lambda': 0.041382773341462877, 'reg_alpha': 0.0014129779066816655}. Best is trial 111 with value: -19.9193.[0m

8.29 sec -- {'mean_score': -23.494, 'valid_scores': [-30.4989, -22.7184, -17.2647], 'train_scores': [-19.0963, -21.7261, -21.61], 'params': {'n_estimators': 200, 'learning_rate': 0.0632253566858163, 'min_child_weight': 33, 'max_depth': 2, 'gamma': 0, 'subsample': 0.7857028357342191, 'colsample_bytree': 0.6041193112633277, 'reg_lambda': 0.02389679371916845, 'reg_alpha': 0.00017966133068045238}}
