[32m[I 2021-01-04 16:27:18,758][0m Trial 57 finished with value: -20.2604 and parameters: {'learning_rate': 0.11215029453384374, 'min_child_weight': 36, 'max_depth': 4, 'subsample': 0.5115059154999909, 'colsample_bytree': 0.3637146502470941, 'reg_lambda': 0.013492092156421921, 'reg_alpha': 0.02003079682213373}. Best is trial 47 with value: -19.9264.[0m

11.44 sec -- {'mean_score': -20.6803, 'valid_scores': [-26.6022, -20.6728, -14.766], 'train_scores': [-11.2866, -12.8367, -13.2447], 'params': {'n_estimators': 200, 'learning_rate': 0.15258984082380167, 'min_child_weight': 49, 'max_depth': 7, 'gamma': 0, 'subsample': 0.6579757318535365, 'colsample_bytree': 0.4975567524939369, 'reg_lambda': 0.09085327575636662, 'reg_alpha': 0.004614510110613258}}
[32m[I 2021-01-04 16:27:30,213][0m Trial 58 finished with value: -20.6803 and parameters: {'learning_rate': 0.15258984082380167, 'min_child_weight': 49, 'max_depth': 7, 'subsample': 0.6579757318535365, 'colsample_bytree': 0.4975567524939369, 'reg_lambda': 0.09085327575636662, 'reg_alpha': 0.004614510110613258}. Best is trial 47 with value: -19.9264.[0m

10.72 sec -- {'mean_score': -20.2232, 'valid_scores': [-26.4359, -19.8706, -14.3631], 'train_scores': [-12.1978, -13.7854, -14.2629], 'params': {'n_estimators': 200, 'learning_rate': 0.09062274508400205, 'min_child_weight': 35, 'max_depth': 6, 'gamma': 0, 'subsample': 0.8431850899192636, 'colsample_bytree': 0.49086768918115786, 'reg_lambda': 0.145014334103394, 'reg_alpha': 0.1789535796817741}}
[32m[I 2021-01-04 16:27:40,970][0m Trial 59 finished with value: -20.2232 and parameters: {'learning_rate': 0.09062274508400205, 'min_child_weight': 35, 'max_depth': 6, 'subsample': 0.8431850899192636, 'colsample_bytree': 0.49086768918115786, 'reg_lambda': 0.145014334103394, 'reg_alpha': 0.1789535796817741}. Best is trial 47 with value: -19.9264.[0m

18.68 sec -- {'mean_score': -20.6976, 'valid_scores': [-26.7575, -19.8296, -15.5056], 'train_scores': [-10.0742, -11.4473, -11.9303], 'params': {'n_estimators': 200, 'learning_rate': 0.09730585310992708, 'min_child_weight': 34, 'max_depth': 10, 'gamma': 0, 'subsample': 0.9940891393323626, 'colsample_bytree': 0.38857834871342645, 'reg_lambda': 0.9785509115438791, 'reg_alpha': 0.02136474413270125}}
[32m[I 2021-01-04 16:27:59,673][0m Trial 60 finished with value: -20.6976 and parameters: {'learning_rate': 0.09730585310992708, 'min_child_weight': 34, 'max_depth': 10, 'subsample': 0.9940891393323626, 'colsample_bytree': 0.38857834871342645, 'reg_lambda': 0.9785509115438791, 'reg_alpha': 0.02136474413270125}. Best is trial 47 with value: -19.9264.[0m

13.51 sec -- {'mean_score': -20.2355, 'valid_scores': [-26.4041, -19.9333, -14.369], 'train_scores': [-11.3471, -12.9028, -13.3143], 'params': {'n_estimators': 200, 'learning_rate': 0.07152424052852245, 'min_child_weight': 34, 'max_depth': 8, 'gamma': 0, 'subsample': 0.7220706800648301, 'colsample_bytree': 0.4302957602852425, 'reg_lambda': 0.6945141137113869, 'reg_alpha': 0.007217891990122646}}
[32m[I 2021-01-04 16:28:13,207][0m Trial 61 finished with value: -20.2355 and parameters: {'learning_rate': 0.07152424052852245, 'min_child_weight': 34, 'max_depth': 8, 'subsample': 0.7220706800648301, 'colsample_bytree': 0.4302957602852425, 'reg_lambda': 0.6945141137113869, 'reg_alpha': 0.007217891990122646}. Best is trial 47 with value: -19.9264.[0m

14.35 sec -- {'mean_score': -20.0386, 'valid_scores': [-26.4656, -19.7123, -13.9378], 'train_scores': [-11.8358, -13.2928, -13.783], 'params': {'n_estimators': 200, 'learning_rate': 0.056255684814137244, 'min_child_weight': 50, 'max_depth': 8, 'gamma': 0, 'subsample': 0.8456087309765012, 'colsample_bytree': 0.35874886651795956, 'reg_lambda': 0.03939068475935775, 'reg_alpha': 0.0006898163113776205}}
[32m[I 2021-01-04 16:28:27,574][0m Trial 62 finished with value: -20.0386 and parameters: {'learning_rate': 0.056255684814137244, 'min_child_weight': 50, 'max_depth': 8, 'subsample': 0.8456087309765012, 'colsample_bytree': 0.35874886651795956, 'reg_lambda': 0.03939068475935775, 'reg_alpha': 0.0006898163113776205}. Best is trial 47 with value: -19.9264.[0m

24.78 sec -- {'mean_score': -20.3242, 'valid_scores': [-27.1224, -19.7652, -14.085], 'train_scores': [-10.7876, -12.0392, -12.4552], 'params': {'n_estimators': 200, 'learning_rate': 0.04943913012602392, 'min_child_weight': 47, 'max_depth': 12, 'gamma': 0, 'subsample': 0.7115205373418572, 'colsample_bytree': 0.3813178006121476, 'reg_lambda': 0.2969560948596241, 'reg_alpha': 0.0007324361439930988}}
[32m[I 2021-01-04 16:28:52,376][0m Trial 63 finished with value: -20.3242 and parameters: {'learning_rate': 0.04943913012602392, 'min_child_weight': 47, 'max_depth': 12, 'subsample': 0.7115205373418572, 'colsample_bytree': 0.3813178006121476, 'reg_lambda': 0.2969560948596241, 'reg_alpha': 0.0007324361439930988}. Best is trial 47 with value: -19.9264.[0m

21.25 sec -- {'mean_score': -20.0702, 'valid_scores': [-26.78, -19.7314, -13.6993], 'train_scores': [-11.2695, -12.7472, -13.1667], 'params': {'n_estimators': 200, 'learning_rate': 0.04223224844187794, 'min_child_weight': 49, 'max_depth': 9, 'gamma': 0, 'subsample': 0.9266568214446731, 'colsample_bytree': 0.7719064154609022, 'reg_lambda': 0.013325838377049905, 'reg_alpha': 0.0011428816989770619}}
[32m[I 2021-01-04 16:29:13,640][0m Trial 64 finished with value: -20.0702 and parameters: {'learning_rate': 0.04223224844187794, 'min_child_weight': 49, 'max_depth': 9, 'subsample': 0.9266568214446731, 'colsample_bytree': 0.7719064154609022, 'reg_lambda': 0.013325838377049905, 'reg_alpha': 0.0011428816989770619}. Best is trial 47 with value: -19.9264.[0m

18.78 sec -- {'mean_score': -20.1596, 'valid_scores': [-26.7184, -19.9121, -13.8482], 'train_scores': [-11.0334, -12.4866, -12.8359], 'params': {'n_estimators': 200, 'learning_rate': 0.05894561511639375, 'min_child_weight': 45, 'max_depth': 9, 'gamma': 0, 'subsample': 0.8327662898966027, 'colsample_bytree': 0.6946166558556823, 'reg_lambda': 0.02103015567417427, 'reg_alpha': 0.007448247127112673}}
[32m[I 2021-01-04 16:29:32,441][0m Trial 65 finished with value: -20.1596 and parameters: {'learning_rate': 0.05894561511639375, 'min_child_weight': 45, 'max_depth': 9, 'subsample': 0.8327662898966027, 'colsample_bytree': 0.6946166558556823, 'reg_lambda': 0.02103015567417427, 'reg_alpha': 0.007448247127112673}. Best is trial 47 with value: -19.9264.[0m

36.95 sec -- {'mean_score': -20.934, 'valid_scores': [-27.2219, -20.1394, -15.4408], 'train_scores': [-9.3004, -10.2856, -10.6594], 'params': {'n_estimators': 200, 'learning_rate': 0.08261839971730293, 'min_child_weight': 22, 'max_depth': 15, 'gamma': 0, 'subsample': 0.6260851842945843, 'colsample_bytree': 0.3356539542365385, 'reg_lambda': 0.04750777690694304, 'reg_alpha': 0.011902934569686219}}
[32m[I 2021-01-04 16:30:09,414][0m Trial 66 finished with value: -20.934 and parameters: {'learning_rate': 0.08261839971730293, 'min_child_weight': 22, 'max_depth': 15, 'subsample': 0.6260851842945843, 'colsample_bytree': 0.3356539542365385, 'reg_lambda': 0.04750777690694304, 'reg_alpha': 0.011902934569686219}. Best is trial 47 with value: -19.9264.[0m

31.73 sec -- {'mean_score': -20.4139, 'valid_scores': [-27.278, -20.0355, -13.9281], 'train_scores': [-10.29, -11.6824, -12.0584], 'params': {'n_estimators': 200, 'learning_rate': 0.05039480632110688, 'min_child_weight': 43, 'max_depth': 11, 'gamma': 0, 'subsample': 0.9653854790197699, 'colsample_bytree': 0.8940242589295077, 'reg_lambda': 0.024428499800271578, 'reg_alpha': 0.00203783148036932}}
[32m[I 2021-01-04 16:30:41,166][0m Trial 67 finished with value: -20.4139 and parameters: {'learning_rate': 0.05039480632110688, 'min_child_weight': 43, 'max_depth': 11, 'subsample': 0.9653854790197699, 'colsample_bytree': 0.8940242589295077, 'reg_lambda': 0.024428499800271578, 'reg_alpha': 0.00203783148036932}. Best is trial 47 with value: -19.9264.[0m

24.44 sec -- {'mean_score': -20.1917, 'valid_scores': [-26.9902, -19.9098, -13.6751], 'train_scores': [-11.5201, -13.0212, -13.433], 'params': {'n_estimators': 200, 'learning_rate': 0.03226299941717815, 'min_child_weight': 45, 'max_depth': 9, 'gamma': 0, 'subsample': 0.9554994931625691, 'colsample_bytree': 0.8425497369904157, 'reg_lambda': 0.0018119688067000594, 'reg_alpha': 0.00037085919614824816}}
[32m[I 2021-01-04 16:31:05,630][0m Trial 68 finished with value: -20.1917 and parameters: {'learning_rate': 0.03226299941717815, 'min_child_weight': 45, 'max_depth': 9, 'subsample': 0.9554994931625691, 'colsample_bytree': 0.8425497369904157, 'reg_lambda': 0.0018119688067000594, 'reg_alpha': 0.00037085919614824816}. Best is trial 47 with value: -19.9264.[0m

19.61 sec -- {'mean_score': -20.3137, 'valid_scores': [-27.2839, -20.0014, -13.6559], 'train_scores': [-12.1986, -13.7196, -14.181], 'params': {'n_estimators': 200, 'learning_rate': 0.03158007638339841, 'min_child_weight': 46, 'max_depth': 8, 'gamma': 0, 'subsample': 0.9018428059116403, 'colsample_bytree': 0.8071333743451816, 'reg_lambda': 0.056393905858136396, 'reg_alpha': 0.0002346790304378774}}
[32m[I 2021-01-04 16:31:25,260][0m Trial 69 finished with value: -20.3137 and parameters: {'learning_rate': 0.03158007638339841, 'min_child_weight': 46, 'max_depth': 8, 'subsample': 0.9018428059116403, 'colsample_bytree': 0.8071333743451816, 'reg_lambda': 0.056393905858136396, 'reg_alpha': 0.0002346790304378774}. Best is trial 47 with value: -19.9264.[0m

11.88 sec -- {'mean_score': -19.9933, 'valid_scores': [-26.2041, -19.8062, -13.9697], 'train_scores': [-12.3758, -13.9195, -14.398], 'params': {'n_estimators': 200, 'learning_rate': 0.05369360881522743, 'min_child_weight': 38, 'max_depth': 7, 'gamma': 0, 'subsample': 0.8330246691695243, 'colsample_bytree': 0.30764497681123404, 'reg_lambda': 0.10588228847240908, 'reg_alpha': 0.020578846521186137}}
[32m[I 2021-01-04 16:31:37,153][0m Trial 70 finished with value: -19.9933 and parameters: {'learning_rate': 0.05369360881522743, 'min_child_weight': 38, 'max_depth': 7, 'subsample': 0.8330246691695243, 'colsample_bytree': 0.30764497681123404, 'reg_lambda': 0.10588228847240908, 'reg_alpha': 0.020578846521186137}. Best is trial 47 with value: -19.9264.[0m

20.7 sec -- {'mean_score': -20.3049, 'valid_scores': [-26.94, -19.8971, -14.0777], 'train_scores': [-10.3317, -11.7085, -12.1703], 'params': {'n_estimators': 200, 'learning_rate': 0.07367829941506517, 'min_child_weight': 39, 'max_depth': 10, 'gamma': 0, 'subsample': 0.9365984148167635, 'colsample_bytree': 0.5763687970715394, 'reg_lambda': 0.001961734383573271, 'reg_alpha': 0.00028604319210143636}}
[32m[I 2021-01-04 16:31:57,873][0m Trial 71 finished with value: -20.3049 and parameters: {'learning_rate': 0.07367829941506517, 'min_child_weight': 39, 'max_depth': 10, 'subsample': 0.9365984148167635, 'colsample_bytree': 0.5763687970715394, 'reg_lambda': 0.001961734383573271, 'reg_alpha': 0.00028604319210143636}. Best is trial 47 with value: -19.9264.[0m

8.68 sec -- {'mean_score': -27.3427, 'valid_scores': [-35.9241, -26.5109, -19.593], 'train_scores': [-21.9198, -24.1509, -24.1758], 'params': {'n_estimators': 200, 'learning_rate': 0.016861106276472707, 'min_child_weight': 31, 'max_depth': 3, 'gamma': 0, 'subsample': 0.9534782647565475, 'colsample_bytree': 0.36463546221893384, 'reg_lambda': 0.028477285629050966, 'reg_alpha': 0.002679791002004557}}
[32m[I 2021-01-04 16:32:06,571][0m Trial 72 finished with value: -27.3427 and parameters: {'learning_rate': 0.016861106276472707, 'min_child_weight': 31, 'max_depth': 3, 'subsample': 0.9534782647565475, 'colsample_bytree': 0.36463546221893384, 'reg_lambda': 0.028477285629050966, 'reg_alpha': 0.002679791002004557}. Best is trial 47 with value: -19.9264.[0m

15.35 sec -- {'mean_score': -20.082, 'valid_scores': [-26.5764, -19.7253, -13.9444], 'train_scores': [-11.4308, -12.9723, -13.4215], 'params': {'n_estimators': 200, 'learning_rate': 0.06629574353113157, 'min_child_weight': 45, 'max_depth': 8, 'gamma': 0, 'subsample': 0.9301520960869691, 'colsample_bytree': 0.4657089116730383, 'reg_lambda': 0.15100342086965513, 'reg_alpha': 0.0002456033843860405}}
[32m[I 2021-01-04 16:32:21,941][0m Trial 73 finished with value: -20.082 and parameters: {'learning_rate': 0.06629574353113157, 'min_child_weight': 45, 'max_depth': 8, 'subsample': 0.9301520960869691, 'colsample_bytree': 0.4657089116730383, 'reg_lambda': 0.15100342086965513, 'reg_alpha': 0.0002456033843860405}. Best is trial 47 with value: -19.9264.[0m

15.18 sec -- {'mean_score': -19.99, 'valid_scores': [-26.4235, -19.4803, -14.0663], 'train_scores': [-11.4432, -12.9953, -13.4498], 'params': {'n_estimators': 200, 'learning_rate': 0.06063482884021912, 'min_child_weight': 30, 'max_depth': 8, 'gamma': 0, 'subsample': 0.6978660264172727, 'colsample_bytree': 0.49985974531214034, 'reg_lambda': 0.012788742240377215, 'reg_alpha': 0.01705686618960287}}
[32m[I 2021-01-04 16:32:37,140][0m Trial 74 finished with value: -19.99 and parameters: {'learning_rate': 0.06063482884021912, 'min_child_weight': 30, 'max_depth': 8, 'subsample': 0.6978660264172727, 'colsample_bytree': 0.49985974531214034, 'reg_lambda': 0.012788742240377215, 'reg_alpha': 0.01705686618960287}. Best is trial 47 with value: -19.9264.[0m

12.25 sec -- {'mean_score': -20.1206, 'valid_scores': [-26.0802, -19.9249, -14.3566], 'train_scores': [-11.6252, -13.2208, -13.6116], 'params': {'n_estimators': 200, 'learning_rate': 0.08678661074437516, 'min_child_weight': 31, 'max_depth': 7, 'gamma': 0, 'subsample': 0.849839933019368, 'colsample_bytree': 0.34954672205958875, 'reg_lambda': 0.016028879557298897, 'reg_alpha': 0.03166620124302342}}
[32m[I 2021-01-04 16:32:49,410][0m Trial 75 finished with value: -20.1206 and parameters: {'learning_rate': 0.08678661074437516, 'min_child_weight': 31, 'max_depth': 7, 'subsample': 0.849839933019368, 'colsample_bytree': 0.34954672205958875, 'reg_lambda': 0.016028879557298897, 'reg_alpha': 0.03166620124302342}. Best is trial 47 with value: -19.9264.[0m

19.3 sec -- {'mean_score': -20.8059, 'valid_scores': [-26.8627, -19.8727, -15.6822], 'train_scores': [-10.0911, -11.386, -11.8627], 'params': {'n_estimators': 200, 'learning_rate': 0.11021322238447571, 'min_child_weight': 29, 'max_depth': 10, 'gamma': 0, 'subsample': 0.7022591936994579, 'colsample_bytree': 0.47465484645159084, 'reg_lambda': 0.022029984595967347, 'reg_alpha': 0.0024730197154056175}}
[32m[I 2021-01-04 16:33:08,725][0m Trial 76 finished with value: -20.8059 and parameters: {'learning_rate': 0.11021322238447571, 'min_child_weight': 29, 'max_depth': 10, 'subsample': 0.7022591936994579, 'colsample_bytree': 0.47465484645159084, 'reg_lambda': 0.022029984595967347, 'reg_alpha': 0.0024730197154056175}. Best is trial 47 with value: -19.9264.[0m

22.08 sec -- {'mean_score': -20.1937, 'valid_scores': [-26.5941, -19.6454, -14.3416], 'train_scores': [-10.7981, -12.0082, -12.4862], 'params': {'n_estimators': 200, 'learning_rate': 0.06251521644931526, 'min_child_weight': 50, 'max_depth': 11, 'gamma': 0, 'subsample': 0.8209337350051831, 'colsample_bytree': 0.35515192909352983, 'reg_lambda': 0.01617055932062202, 'reg_alpha': 0.0001171462482756708}}
[32m[I 2021-01-04 16:33:30,822][0m Trial 77 finished with value: -20.1937 and parameters: {'learning_rate': 0.06251521644931526, 'min_child_weight': 50, 'max_depth': 11, 'subsample': 0.8209337350051831, 'colsample_bytree': 0.35515192909352983, 'reg_lambda': 0.01617055932062202, 'reg_alpha': 0.0001171462482756708}. Best is trial 47 with value: -19.9264.[0m

16.86 sec -- {'mean_score': -22.6202, 'valid_scores': [-30.6619, -21.7931, -15.4055], 'train_scores': [-15.0625, -16.923, -17.3497], 'params': {'n_estimators': 200, 'learning_rate': 0.01709711382975626, 'min_child_weight': 37, 'max_depth': 8, 'gamma': 0, 'subsample': 0.8088337361810902, 'colsample_bytree': 0.3309663395973954, 'reg_lambda': 0.240394017489999, 'reg_alpha': 0.014570785528910307}}
[32m[I 2021-01-04 16:33:47,704][0m Trial 78 finished with value: -22.6202 and parameters: {'learning_rate': 0.01709711382975626, 'min_child_weight': 37, 'max_depth': 8, 'subsample': 0.8088337361810902, 'colsample_bytree': 0.3309663395973954, 'reg_lambda': 0.240394017489999, 'reg_alpha': 0.014570785528910307}. Best is trial 47 with value: -19.9264.[0m

18.49 sec -- {'mean_score': -20.1193, 'valid_scores': [-26.4175, -19.7096, -14.2307], 'train_scores': [-11.2233, -12.5572, -13.0819], 'params': {'n_estimators': 200, 'learning_rate': 0.05373181395117005, 'min_child_weight': 34, 'max_depth': 9, 'gamma': 0, 'subsample': 0.6299982824372639, 'colsample_bytree': 0.5041710437894367, 'reg_lambda': 0.0021113139177953515, 'reg_alpha': 0.03181762963240771}}
[32m[I 2021-01-04 16:34:06,214][0m Trial 79 finished with value: -20.1193 and parameters: {'learning_rate': 0.05373181395117005, 'min_child_weight': 34, 'max_depth': 9, 'subsample': 0.6299982824372639, 'colsample_bytree': 0.5041710437894367, 'reg_lambda': 0.0021113139177953515, 'reg_alpha': 0.03181762963240771}. Best is trial 47 with value: -19.9264.[0m

24.85 sec -- {'mean_score': -20.1697, 'valid_scores': [-26.6593, -19.7206, -14.1291], 'train_scores': [-10.6988, -11.9658, -12.4199], 'params': {'n_estimators': 200, 'learning_rate': 0.0497415753686183, 'min_child_weight': 33, 'max_depth': 11, 'gamma': 0, 'subsample': 0.6898847729060482, 'colsample_bytree': 0.38745899981782883, 'reg_lambda': 0.03381502690154753, 'reg_alpha': 0.1470531275626662}}
[32m[I 2021-01-04 16:34:31,081][0m Trial 80 finished with value: -20.1697 and parameters: {'learning_rate': 0.0497415753686183, 'min_child_weight': 33, 'max_depth': 11, 'subsample': 0.6898847729060482, 'colsample_bytree': 0.38745899981782883, 'reg_lambda': 0.03381502690154753, 'reg_alpha': 0.1470531275626662}. Best is trial 47 with value: -19.9264.[0m

15.67 sec -- {'mean_score': -22.4719, 'valid_scores': [-30.3285, -21.7445, -15.3426], 'train_scores': [-15.1893, -16.8748, -17.429], 'params': {'n_estimators': 200, 'learning_rate': 0.017618762520112758, 'min_child_weight': 47, 'max_depth': 7, 'gamma': 0, 'subsample': 0.8876492056134695, 'colsample_bytree': 0.41805279382319477, 'reg_lambda': 0.012472752203482953, 'reg_alpha': 0.000525300078323321}}
[32m[I 2021-01-04 16:34:46,769][0m Trial 81 finished with value: -22.4719 and parameters: {'learning_rate': 0.017618762520112758, 'min_child_weight': 47, 'max_depth': 7, 'subsample': 0.8876492056134695, 'colsample_bytree': 0.41805279382319477, 'reg_lambda': 0.012472752203482953, 'reg_alpha': 0.000525300078323321}. Best is trial 47 with value: -19.9264.[0m

14.36 sec -- {'mean_score': -20.2064, 'valid_scores': [-26.7992, -19.8416, -13.9785], 'train_scores': [-11.7209, -13.3682, -13.8295], 'params': {'n_estimators': 200, 'learning_rate': 0.06936292143243525, 'min_child_weight': 26, 'max_depth': 7, 'gamma': 0, 'subsample': 0.6415124315282782, 'colsample_bytree': 0.7397046791070204, 'reg_lambda': 0.045029425128314184, 'reg_alpha': 0.008412825576203715}}
[32m[I 2021-01-04 16:35:01,146][0m Trial 82 finished with value: -20.2064 and parameters: {'learning_rate': 0.06936292143243525, 'min_child_weight': 26, 'max_depth': 7, 'subsample': 0.6415124315282782, 'colsample_bytree': 0.7397046791070204, 'reg_lambda': 0.045029425128314184, 'reg_alpha': 0.008412825576203715}. Best is trial 47 with value: -19.9264.[0m

70.34 sec -- {'mean_score': -20.554, 'valid_scores': [-27.4848, -20.0408, -14.1365], 'train_scores': [-10.0388, -11.1085, -11.4187], 'params': {'n_estimators': 200, 'learning_rate': 0.03159103325922159, 'min_child_weight': 47, 'max_depth': 17, 'gamma': 0, 'subsample': 0.8265340785477961, 'colsample_bytree': 0.8020007476735247, 'reg_lambda': 0.0006769487811113697, 'reg_alpha': 0.017855265373404428}}
[32m[I 2021-01-04 16:36:11,503][0m Trial 83 finished with value: -20.554 and parameters: {'learning_rate': 0.03159103325922159, 'min_child_weight': 47, 'max_depth': 17, 'subsample': 0.8265340785477961, 'colsample_bytree': 0.8020007476735247, 'reg_lambda': 0.0006769487811113697, 'reg_alpha': 0.017855265373404428}. Best is trial 47 with value: -19.9264.[0m

18.33 sec -- {'mean_score': -20.7802, 'valid_scores': [-27.7511, -20.5046, -14.0848], 'train_scores': [-12.9129, -14.562, -15.1548], 'params': {'n_estimators': 200, 'learning_rate': 0.024417498547693657, 'min_child_weight': 26, 'max_depth': 8, 'gamma': 0, 'subsample': 0.6739853729579243, 'colsample_bytree': 0.4447632162207692, 'reg_lambda': 0.02234222545496141, 'reg_alpha': 0.0038063563814943768}}
[32m[I 2021-01-04 16:36:29,853][0m Trial 84 finished with value: -20.7802 and parameters: {'learning_rate': 0.024417498547693657, 'min_child_weight': 26, 'max_depth': 8, 'subsample': 0.6739853729579243, 'colsample_bytree': 0.4447632162207692, 'reg_lambda': 0.02234222545496141, 'reg_alpha': 0.0038063563814943768}. Best is trial 47 with value: -19.9264.[0m

104.21 sec -- {'mean_score': -21.2827, 'valid_scores': [-27.2049, -20.3026, -16.3406], 'train_scores': [-7.1386, -7.7397, -8.1557], 'params': {'n_estimators': 200, 'learning_rate': 0.07483375911764972, 'min_child_weight': 9, 'max_depth': 19, 'gamma': 0, 'subsample': 0.6695214092621037, 'colsample_bytree': 0.5360763633746372, 'reg_lambda': 0.0004271826742318993, 'reg_alpha': 0.6711469988837057}}
