[32m[I 2021-01-04 16:37:33,032][0m Trial 115 finished with value: 0.8181 and parameters: {'learning_rate': 0.17788711817254, 'min_child_weight': 100, 'max_depth': 2, 'subsample': 0.5902622956068956, 'colsample_bytree': 0.8713977322745801, 'reg_lambda': 0.006837426200450448, 'reg_alpha': 0.0072373628173909195}. Best is trial 115 with value: 0.8181.[0m

13.48 sec -- {'mean_score': 0.8111, 'valid_scores': [0.8165, 0.7962, 0.8205], 'train_scores': [0.9078, 0.8969, 0.8895], 'params': {'n_estimators': 500, 'learning_rate': 0.19363914481741326, 'min_child_weight': 88, 'max_depth': 3, 'gamma': 0, 'subsample': 0.5258083962058031, 'colsample_bytree': 0.8550265324789648, 'reg_lambda': 0.012888535142802087, 'reg_alpha': 0.007043095620998521}}
[32m[I 2021-01-04 16:37:46,531][0m Trial 116 finished with value: 0.8111 and parameters: {'learning_rate': 0.19363914481741326, 'min_child_weight': 88, 'max_depth': 3, 'subsample': 0.5258083962058031, 'colsample_bytree': 0.8550265324789648, 'reg_lambda': 0.012888535142802087, 'reg_alpha': 0.007043095620998521}. Best is trial 115 with value: 0.8181.[0m

10.69 sec -- {'mean_score': 0.7933, 'valid_scores': [0.7919, 0.7808, 0.8072], 'train_scores': [0.882, 0.8656, 0.86], 'params': {'n_estimators': 500, 'learning_rate': 0.18295329798335766, 'min_child_weight': 6, 'max_depth': 1, 'gamma': 0, 'subsample': 0.6902533698643412, 'colsample_bytree': 0.9095652596009347, 'reg_lambda': 0.013991572805080173, 'reg_alpha': 0.02242675303404812}}
[32m[I 2021-01-04 16:37:57,253][0m Trial 117 finished with value: 0.7933 and parameters: {'learning_rate': 0.18295329798335766, 'min_child_weight': 6, 'max_depth': 1, 'subsample': 0.6902533698643412, 'colsample_bytree': 0.9095652596009347, 'reg_lambda': 0.013991572805080173, 'reg_alpha': 0.02242675303404812}. Best is trial 115 with value: 0.8181.[0m

11.28 sec -- {'mean_score': 0.8148, 'valid_scores': [0.8321, 0.7964, 0.8159], 'train_scores': [0.9021, 0.8883, 0.8805], 'params': {'n_estimators': 500, 'learning_rate': 0.18712016310986337, 'min_child_weight': 97, 'max_depth': 2, 'gamma': 0, 'subsample': 0.6619779525057441, 'colsample_bytree': 0.731385583618658, 'reg_lambda': 0.02228849456794113, 'reg_alpha': 0.015791110096620084}}
[32m[I 2021-01-04 16:38:08,553][0m Trial 118 finished with value: 0.8148 and parameters: {'learning_rate': 0.18712016310986337, 'min_child_weight': 97, 'max_depth': 2, 'subsample': 0.6619779525057441, 'colsample_bytree': 0.731385583618658, 'reg_lambda': 0.02228849456794113, 'reg_alpha': 0.015791110096620084}. Best is trial 115 with value: 0.8181.[0m

15.63 sec -- {'mean_score': 0.8171, 'valid_scores': [0.8348, 0.7987, 0.8177], 'train_scores': [0.8999, 0.8881, 0.8811], 'params': {'n_estimators': 500, 'learning_rate': 0.15974027040584723, 'min_child_weight': 88, 'max_depth': 2, 'gamma': 0, 'subsample': 0.5230013726859442, 'colsample_bytree': 0.8732916831931681, 'reg_lambda': 0.001033824111065459, 'reg_alpha': 0.013174547354924493}}
[32m[I 2021-01-04 16:38:24,205][0m Trial 119 finished with value: 0.8171 and parameters: {'learning_rate': 0.15974027040584723, 'min_child_weight': 88, 'max_depth': 2, 'subsample': 0.5230013726859442, 'colsample_bytree': 0.8732916831931681, 'reg_lambda': 0.001033824111065459, 'reg_alpha': 0.013174547354924493}. Best is trial 115 with value: 0.8181.[0m

19.78 sec -- {'mean_score': 0.8114, 'valid_scores': [0.8245, 0.7907, 0.8191], 'train_scores': [0.9076, 0.8974, 0.8892], 'params': {'n_estimators': 500, 'learning_rate': 0.16927037076047566, 'min_child_weight': 85, 'max_depth': 3, 'gamma': 0, 'subsample': 0.5216689622694357, 'colsample_bytree': 0.8880774399172837, 'reg_lambda': 0.0002617848279264437, 'reg_alpha': 0.02250546797300866}}
[32m[I 2021-01-04 16:38:44,013][0m Trial 120 finished with value: 0.8114 and parameters: {'learning_rate': 0.16927037076047566, 'min_child_weight': 85, 'max_depth': 3, 'subsample': 0.5216689622694357, 'colsample_bytree': 0.8880774399172837, 'reg_lambda': 0.0002617848279264437, 'reg_alpha': 0.02250546797300866}. Best is trial 115 with value: 0.8181.[0m

14.96 sec -- {'mean_score': 0.7902, 'valid_scores': [0.7907, 0.7748, 0.805], 'train_scores': [0.8737, 0.8627, 0.8549], 'params': {'n_estimators': 500, 'learning_rate': 0.1682291175968519, 'min_child_weight': 100, 'max_depth': 1, 'gamma': 0, 'subsample': 0.629488115736246, 'colsample_bytree': 0.8018910929256201, 'reg_lambda': 0.003913126304932421, 'reg_alpha': 0.029259689260520732}}
[32m[I 2021-01-04 16:38:58,991][0m Trial 121 finished with value: 0.7902 and parameters: {'learning_rate': 0.1682291175968519, 'min_child_weight': 100, 'max_depth': 1, 'subsample': 0.629488115736246, 'colsample_bytree': 0.8018910929256201, 'reg_lambda': 0.003913126304932421, 'reg_alpha': 0.029259689260520732}. Best is trial 115 with value: 0.8181.[0m

9.5 sec -- {'mean_score': 0.7931, 'valid_scores': [0.7992, 0.7765, 0.8037], 'train_scores': [0.8748, 0.8623, 0.8564], 'params': {'n_estimators': 500, 'learning_rate': 0.19644691942789105, 'min_child_weight': 97, 'max_depth': 1, 'gamma': 0, 'subsample': 0.5430073676376305, 'colsample_bytree': 0.9276941339473672, 'reg_lambda': 0.0009703557461163022, 'reg_alpha': 0.04162666098169948}}
[32m[I 2021-01-04 16:39:08,513][0m Trial 122 finished with value: 0.7931 and parameters: {'learning_rate': 0.19644691942789105, 'min_child_weight': 97, 'max_depth': 1, 'subsample': 0.5430073676376305, 'colsample_bytree': 0.9276941339473672, 'reg_lambda': 0.0009703557461163022, 'reg_alpha': 0.04162666098169948}. Best is trial 115 with value: 0.8181.[0m

9.87 sec -- {'mean_score': 0.7679, 'valid_scores': [0.7528, 0.7587, 0.7922], 'train_scores': [0.8494, 0.8415, 0.8412], 'params': {'n_estimators': 500, 'learning_rate': 0.048184469529929164, 'min_child_weight': 92, 'max_depth': 1, 'gamma': 0, 'subsample': 0.5642306289200794, 'colsample_bytree': 0.728783379635303, 'reg_lambda': 0.00010673282682751715, 'reg_alpha': 0.00029142446350810525}}
[32m[I 2021-01-04 16:39:18,404][0m Trial 123 finished with value: 0.7679 and parameters: {'learning_rate': 0.048184469529929164, 'min_child_weight': 92, 'max_depth': 1, 'subsample': 0.5642306289200794, 'colsample_bytree': 0.728783379635303, 'reg_lambda': 0.00010673282682751715, 'reg_alpha': 0.00029142446350810525}. Best is trial 115 with value: 0.8181.[0m

15.68 sec -- {'mean_score': 0.8061, 'valid_scores': [0.813, 0.7876, 0.8177], 'train_scores': [0.9092, 0.899, 0.8901], 'params': {'n_estimators': 500, 'learning_rate': 0.1376023562894759, 'min_child_weight': 94, 'max_depth': 4, 'gamma': 0, 'subsample': 0.512541087968984, 'colsample_bytree': 0.6632955878176415, 'reg_lambda': 0.0013878694430390418, 'reg_alpha': 0.018160221168901956}}
[32m[I 2021-01-04 16:39:34,103][0m Trial 124 finished with value: 0.8061 and parameters: {'learning_rate': 0.1376023562894759, 'min_child_weight': 94, 'max_depth': 4, 'subsample': 0.512541087968984, 'colsample_bytree': 0.6632955878176415, 'reg_lambda': 0.0013878694430390418, 'reg_alpha': 0.018160221168901956}. Best is trial 115 with value: 0.8181.[0m

14.35 sec -- {'mean_score': 0.8073, 'valid_scores': [0.8151, 0.7873, 0.8196], 'train_scores': [0.9106, 0.9004, 0.8906], 'params': {'n_estimators': 500, 'learning_rate': 0.14801379018537075, 'min_child_weight': 91, 'max_depth': 4, 'gamma': 0, 'subsample': 0.5040970627135785, 'colsample_bytree': 0.8057724341073481, 'reg_lambda': 0.0052304517121795156, 'reg_alpha': 0.0002442562352342385}}
[32m[I 2021-01-04 16:39:48,467][0m Trial 125 finished with value: 0.8073 and parameters: {'learning_rate': 0.14801379018537075, 'min_child_weight': 91, 'max_depth': 4, 'subsample': 0.5040970627135785, 'colsample_bytree': 0.8057724341073481, 'reg_lambda': 0.0052304517121795156, 'reg_alpha': 0.0002442562352342385}. Best is trial 115 with value: 0.8181.[0m

19.65 sec -- {'mean_score': 0.8048, 'valid_scores': [0.8067, 0.7877, 0.8201], 'train_scores': [0.9133, 0.8987, 0.8883], 'params': {'n_estimators': 500, 'learning_rate': 0.09836736474979518, 'min_child_weight': 30, 'max_depth': 3, 'gamma': 0, 'subsample': 0.7419401580370072, 'colsample_bytree': 0.5713878291661136, 'reg_lambda': 0.03127709991955023, 'reg_alpha': 0.2101729046228497}}
[32m[I 2021-01-04 16:40:08,146][0m Trial 126 finished with value: 0.8048 and parameters: {'learning_rate': 0.09836736474979518, 'min_child_weight': 30, 'max_depth': 3, 'subsample': 0.7419401580370072, 'colsample_bytree': 0.5713878291661136, 'reg_lambda': 0.03127709991955023, 'reg_alpha': 0.2101729046228497}. Best is trial 115 with value: 0.8181.[0m

17.45 sec -- {'mean_score': 0.7932, 'valid_scores': [0.7988, 0.776, 0.8048], 'train_scores': [0.8731, 0.8649, 0.8547], 'params': {'n_estimators': 500, 'learning_rate': 0.16210232591806367, 'min_child_weight': 90, 'max_depth': 1, 'gamma': 0, 'subsample': 0.5339204244755864, 'colsample_bytree': 0.9660797824682328, 'reg_lambda': 0.0029975985128947195, 'reg_alpha': 0.0008050932718901464}}
[32m[I 2021-01-04 16:40:25,626][0m Trial 127 finished with value: 0.7932 and parameters: {'learning_rate': 0.16210232591806367, 'min_child_weight': 90, 'max_depth': 1, 'subsample': 0.5339204244755864, 'colsample_bytree': 0.9660797824682328, 'reg_lambda': 0.0029975985128947195, 'reg_alpha': 0.0008050932718901464}. Best is trial 115 with value: 0.8181.[0m

25.0 sec -- {'mean_score': 0.8013, 'valid_scores': [0.7969, 0.7838, 0.8233], 'train_scores': [0.9386, 0.9257, 0.9177], 'params': {'n_estimators': 500, 'learning_rate': 0.10295265918870548, 'min_child_weight': 24, 'max_depth': 8, 'gamma': 0, 'subsample': 0.9158836115529713, 'colsample_bytree': 0.46708589831904745, 'reg_lambda': 0.1907283133958731, 'reg_alpha': 0.003536074572134687}}
[32m[I 2021-01-04 16:40:50,659][0m Trial 128 finished with value: 0.8013 and parameters: {'learning_rate': 0.10295265918870548, 'min_child_weight': 24, 'max_depth': 8, 'subsample': 0.9158836115529713, 'colsample_bytree': 0.46708589831904745, 'reg_lambda': 0.1907283133958731, 'reg_alpha': 0.003536074572134687}. Best is trial 115 with value: 0.8181.[0m

16.31 sec -- {'mean_score': 0.8036, 'valid_scores': [0.8011, 0.7889, 0.8207], 'train_scores': [0.9247, 0.9106, 0.9019], 'params': {'n_estimators': 500, 'learning_rate': 0.12935790064803043, 'min_child_weight': 40, 'max_depth': 5, 'gamma': 0, 'subsample': 0.8760000351254607, 'colsample_bytree': 0.30134339776858804, 'reg_lambda': 0.003834999602406397, 'reg_alpha': 0.044955049903054545}}
[32m[I 2021-01-04 16:41:06,993][0m Trial 129 finished with value: 0.8036 and parameters: {'learning_rate': 0.12935790064803043, 'min_child_weight': 40, 'max_depth': 5, 'subsample': 0.8760000351254607, 'colsample_bytree': 0.30134339776858804, 'reg_lambda': 0.003834999602406397, 'reg_alpha': 0.044955049903054545}. Best is trial 115 with value: 0.8181.[0m

11.06 sec -- {'mean_score': 0.7788, 'valid_scores': [0.7678, 0.7674, 0.8013], 'train_scores': [0.8602, 0.8652, 0.851], 'params': {'n_estimators': 500, 'learning_rate': 0.019572344898078783, 'min_child_weight': 59, 'max_depth': 2, 'gamma': 0, 'subsample': 0.9622429247478261, 'colsample_bytree': 0.877530552059398, 'reg_lambda': 0.18344336287760318, 'reg_alpha': 0.09832390568485222}}
[32m[I 2021-01-04 16:41:18,076][0m Trial 130 finished with value: 0.7788 and parameters: {'learning_rate': 0.019572344898078783, 'min_child_weight': 59, 'max_depth': 2, 'subsample': 0.9622429247478261, 'colsample_bytree': 0.877530552059398, 'reg_lambda': 0.18344336287760318, 'reg_alpha': 0.09832390568485222}. Best is trial 115 with value: 0.8181.[0m

19.92 sec -- {'mean_score': 0.8158, 'valid_scores': [0.8329, 0.7973, 0.8171], 'train_scores': [0.8985, 0.8856, 0.8787], 'params': {'n_estimators': 500, 'learning_rate': 0.13052557296413164, 'min_child_weight': 95, 'max_depth': 2, 'gamma': 0, 'subsample': 0.5017212095437107, 'colsample_bytree': 0.8872681535372747, 'reg_lambda': 0.07726013643847772, 'reg_alpha': 0.00028179620380626864}}
[32m[I 2021-01-04 16:41:38,016][0m Trial 131 finished with value: 0.8158 and parameters: {'learning_rate': 0.13052557296413164, 'min_child_weight': 95, 'max_depth': 2, 'subsample': 0.5017212095437107, 'colsample_bytree': 0.8872681535372747, 'reg_lambda': 0.07726013643847772, 'reg_alpha': 0.00028179620380626864}. Best is trial 115 with value: 0.8181.[0m

20.23 sec -- {'mean_score': 0.8091, 'valid_scores': [0.8219, 0.7861, 0.8192], 'train_scores': [0.9088, 0.8984, 0.8893], 'params': {'n_estimators': 500, 'learning_rate': 0.1984567376870142, 'min_child_weight': 97, 'max_depth': 3, 'gamma': 0, 'subsample': 0.6063627818867202, 'colsample_bytree': 0.9868421898442714, 'reg_lambda': 0.010692251006286242, 'reg_alpha': 0.003180241904840707}}
[32m[I 2021-01-04 16:41:58,266][0m Trial 132 finished with value: 0.8091 and parameters: {'learning_rate': 0.1984567376870142, 'min_child_weight': 97, 'max_depth': 3, 'subsample': 0.6063627818867202, 'colsample_bytree': 0.9868421898442714, 'reg_lambda': 0.010692251006286242, 'reg_alpha': 0.003180241904840707}. Best is trial 115 with value: 0.8181.[0m

13.48 sec -- {'mean_score': 0.8162, 'valid_scores': [0.8351, 0.7956, 0.8179], 'train_scores': [0.8994, 0.8865, 0.8786], 'params': {'n_estimators': 500, 'learning_rate': 0.13376677204173457, 'min_child_weight': 92, 'max_depth': 2, 'gamma': 0, 'subsample': 0.5087093724346347, 'colsample_bytree': 0.7886374643539856, 'reg_lambda': 0.07615389110846942, 'reg_alpha': 0.0007519743987158273}}
[32m[I 2021-01-04 16:42:11,762][0m Trial 133 finished with value: 0.8162 and parameters: {'learning_rate': 0.13376677204173457, 'min_child_weight': 92, 'max_depth': 2, 'subsample': 0.5087093724346347, 'colsample_bytree': 0.7886374643539856, 'reg_lambda': 0.07615389110846942, 'reg_alpha': 0.0007519743987158273}. Best is trial 115 with value: 0.8181.[0m

11.33 sec -- {'mean_score': 0.8147, 'valid_scores': [0.8365, 0.7902, 0.8173], 'train_scores': [0.8983, 0.8867, 0.8785], 'params': {'n_estimators': 500, 'learning_rate': 0.12261715476272456, 'min_child_weight': 90, 'max_depth': 2, 'gamma': 0, 'subsample': 0.5813258299634155, 'colsample_bytree': 0.7562107030381133, 'reg_lambda': 0.019183458384800678, 'reg_alpha': 0.005494675317241152}}
[32m[I 2021-01-04 16:42:23,112][0m Trial 134 finished with value: 0.8147 and parameters: {'learning_rate': 0.12261715476272456, 'min_child_weight': 90, 'max_depth': 2, 'subsample': 0.5813258299634155, 'colsample_bytree': 0.7562107030381133, 'reg_lambda': 0.019183458384800678, 'reg_alpha': 0.005494675317241152}. Best is trial 115 with value: 0.8181.[0m

13.34 sec -- {'mean_score': 0.8141, 'valid_scores': [0.83, 0.7951, 0.8172], 'train_scores': [0.9015, 0.89, 0.8826], 'params': {'n_estimators': 500, 'learning_rate': 0.19004662543542106, 'min_child_weight': 78, 'max_depth': 2, 'gamma': 0, 'subsample': 0.5311014541513317, 'colsample_bytree': 0.9192399946473409, 'reg_lambda': 0.042074541315825484, 'reg_alpha': 0.0003793031385680284}}
[32m[I 2021-01-04 16:42:36,473][0m Trial 135 finished with value: 0.8141 and parameters: {'learning_rate': 0.19004662543542106, 'min_child_weight': 78, 'max_depth': 2, 'subsample': 0.5311014541513317, 'colsample_bytree': 0.9192399946473409, 'reg_lambda': 0.042074541315825484, 'reg_alpha': 0.0003793031385680284}. Best is trial 115 with value: 0.8181.[0m

10.56 sec -- {'mean_score': 0.8145, 'valid_scores': [0.8333, 0.7932, 0.8169], 'train_scores': [0.9001, 0.8871, 0.8777], 'params': {'n_estimators': 500, 'learning_rate': 0.11841074752924746, 'min_child_weight': 76, 'max_depth': 2, 'gamma': 0, 'subsample': 0.53072800401852, 'colsample_bytree': 0.9364565564143591, 'reg_lambda': 0.10786964739756641, 'reg_alpha': 0.00035868236542522744}}
[32m[I 2021-01-04 16:42:47,057][0m Trial 136 finished with value: 0.8145 and parameters: {'learning_rate': 0.11841074752924746, 'min_child_weight': 76, 'max_depth': 2, 'subsample': 0.53072800401852, 'colsample_bytree': 0.9364565564143591, 'reg_lambda': 0.10786964739756641, 'reg_alpha': 0.00035868236542522744}. Best is trial 115 with value: 0.8181.[0m

14.34 sec -- {'mean_score': 0.816, 'valid_scores': [0.8357, 0.7955, 0.8167], 'train_scores': [0.8964, 0.8854, 0.8767], 'params': {'n_estimators': 500, 'learning_rate': 0.10196955521155547, 'min_child_weight': 91, 'max_depth': 2, 'gamma': 0, 'subsample': 0.5275399368243446, 'colsample_bytree': 0.643985487264509, 'reg_lambda': 0.04393874493852575, 'reg_alpha': 0.00012365817693429614}}
[32m[I 2021-01-04 16:43:01,424][0m Trial 137 finished with value: 0.816 and parameters: {'learning_rate': 0.10196955521155547, 'min_child_weight': 91, 'max_depth': 2, 'subsample': 0.5275399368243446, 'colsample_bytree': 0.643985487264509, 'reg_lambda': 0.04393874493852575, 'reg_alpha': 0.00012365817693429614}. Best is trial 115 with value: 0.8181.[0m

27.05 sec -- {'mean_score': 0.811, 'valid_scores': [0.8177, 0.7951, 0.8203], 'train_scores': [0.9063, 0.895, 0.8855], 'params': {'n_estimators': 500, 'learning_rate': 0.06830172715665764, 'min_child_weight': 96, 'max_depth': 4, 'gamma': 0, 'subsample': 0.5711196316941658, 'colsample_bytree': 0.6814980182908816, 'reg_lambda': 0.16002187920643868, 'reg_alpha': 0.000754125953811495}}
[32m[I 2021-01-04 16:43:28,501][0m Trial 138 finished with value: 0.811 and parameters: {'learning_rate': 0.06830172715665764, 'min_child_weight': 96, 'max_depth': 4, 'subsample': 0.5711196316941658, 'colsample_bytree': 0.6814980182908816, 'reg_lambda': 0.16002187920643868, 'reg_alpha': 0.000754125953811495}. Best is trial 115 with value: 0.8181.[0m

15.61 sec -- {'mean_score': 0.8046, 'valid_scores': [0.8041, 0.79, 0.8196], 'train_scores': [0.9095, 0.8988, 0.8893], 'params': {'n_estimators': 500, 'learning_rate': 0.1309726888533073, 'min_child_weight': 83, 'max_depth': 4, 'gamma': 0, 'subsample': 0.5374220847759618, 'colsample_bytree': 0.5090903449311667, 'reg_lambda': 0.16140425169461453, 'reg_alpha': 0.00012072287698807525}}
[32m[I 2021-01-04 16:43:44,133][0m Trial 139 finished with value: 0.8046 and parameters: {'learning_rate': 0.1309726888533073, 'min_child_weight': 83, 'max_depth': 4, 'subsample': 0.5374220847759618, 'colsample_bytree': 0.5090903449311667, 'reg_lambda': 0.16140425169461453, 'reg_alpha': 0.00012072287698807525}. Best is trial 115 with value: 0.8181.[0m

15.9 sec -- {'mean_score': 0.8087, 'valid_scores': [0.8181, 0.7876, 0.8204], 'train_scores': [0.9111, 0.9002, 0.8911], 'params': {'n_estimators': 500, 'learning_rate': 0.13390077803132244, 'min_child_weight': 82, 'max_depth': 4, 'gamma': 0, 'subsample': 0.5307019129546038, 'colsample_bytree': 0.7742236776905257, 'reg_lambda': 0.058563316464597684, 'reg_alpha': 0.0008541583073195041}}
[32m[I 2021-01-04 16:44:00,061][0m Trial 140 finished with value: 0.8087 and parameters: {'learning_rate': 0.13390077803132244, 'min_child_weight': 82, 'max_depth': 4, 'subsample': 0.5307019129546038, 'colsample_bytree': 0.7742236776905257, 'reg_lambda': 0.058563316464597684, 'reg_alpha': 0.0008541583073195041}. Best is trial 115 with value: 0.8181.[0m

10.56 sec -- {'mean_score': 0.788, 'valid_scores': [0.7893, 0.7721, 0.8027], 'train_scores': [0.8711, 0.8572, 0.8522], 'params': {'n_estimators': 500, 'learning_rate': 0.14826336170790966, 'min_child_weight': 81, 'max_depth': 1, 'gamma': 0, 'subsample': 0.7993076831595597, 'colsample_bytree': 0.7941422043207633, 'reg_lambda': 0.00046178000837995815, 'reg_alpha': 0.6938934504094398}}
[32m[I 2021-01-04 16:44:10,640][0m Trial 141 finished with value: 0.788 and parameters: {'learning_rate': 0.14826336170790966, 'min_child_weight': 81, 'max_depth': 1, 'subsample': 0.7993076831595597, 'colsample_bytree': 0.7941422043207633, 'reg_lambda': 0.00046178000837995815, 'reg_alpha': 0.6938934504094398}. Best is trial 115 with value: 0.8181.[0m

10.2 sec -- {'mean_score': 0.8171, 'valid_scores': [0.8353, 0.7975, 0.8185], 'train_scores': [0.9001, 0.888, 0.8814], 'params': {'n_estimators': 500, 'learning_rate': 0.15258187567666134, 'min_child_weight': 84, 'max_depth': 2, 'gamma': 0, 'subsample': 0.5959469808920903, 'colsample_bytree': 0.8157584590843229, 'reg_lambda': 0.05337510931896338, 'reg_alpha': 0.0002106870506513171}}
[32m[I 2021-01-04 16:44:20,863][0m Trial 142 finished with value: 0.8171 and parameters: {'learning_rate': 0.15258187567666134, 'min_child_weight': 84, 'max_depth': 2, 'subsample': 0.5959469808920903, 'colsample_bytree': 0.8157584590843229, 'reg_lambda': 0.05337510931896338, 'reg_alpha': 0.0002106870506513171}. Best is trial 115 with value: 0.8181.[0m

19.5 sec -- {'mean_score': 0.8143, 'valid_scores': [0.8341, 0.7921, 0.8167], 'train_scores': [0.898, 0.8844, 0.8763], 'params': {'n_estimators': 500, 'learning_rate': 0.09674270162530697, 'min_child_weight': 96, 'max_depth': 2, 'gamma': 0, 'subsample': 0.5518743295085468, 'colsample_bytree': 0.7834609965882429, 'reg_lambda': 0.11285664899959985, 'reg_alpha': 0.00024670782396568895}}
[32m[I 2021-01-04 16:44:40,385][0m Trial 143 finished with value: 0.8143 and parameters: {'learning_rate': 0.09674270162530697, 'min_child_weight': 96, 'max_depth': 2, 'subsample': 0.5518743295085468, 'colsample_bytree': 0.7834609965882429, 'reg_lambda': 0.11285664899959985, 'reg_alpha': 0.00024670782396568895}. Best is trial 115 with value: 0.8181.[0m

17.39 sec -- {'mean_score': 0.7872, 'valid_scores': [0.7879, 0.7696, 0.8041], 'train_scores': [0.8685, 0.8557, 0.8506], 'params': {'n_estimators': 500, 'learning_rate': 0.10658960829816809, 'min_child_weight': 85, 'max_depth': 1, 'gamma': 0, 'subsample': 0.5323413797629423, 'colsample_bytree': 0.6682862854201701, 'reg_lambda': 0.2609503906219246, 'reg_alpha': 0.0008787002469961698}}
