[32m[I 2021-01-04 16:30:23,287][0m Trial 86 finished with value: 0.7878 and parameters: {'learning_rate': 0.14691841007666398, 'min_child_weight': 94, 'max_depth': 1, 'subsample': 0.6445570692612782, 'colsample_bytree': 0.9894734322396771, 'reg_lambda': 0.00016185375639978148, 'reg_alpha': 0.003698311978666658}. Best is trial 76 with value: 0.8167.[0m

11.5 sec -- {'mean_score': 0.8107, 'valid_scores': [0.819, 0.7947, 0.8183], 'train_scores': [0.9115, 0.9009, 0.8913], 'params': {'n_estimators': 500, 'learning_rate': 0.17782712803939157, 'min_child_weight': 74, 'max_depth': 3, 'gamma': 0, 'subsample': 0.6628029830407297, 'colsample_bytree': 0.9930126878486581, 'reg_lambda': 0.0025903465118630622, 'reg_alpha': 0.00012760242070940497}}
[32m[I 2021-01-04 16:30:34,805][0m Trial 87 finished with value: 0.8107 and parameters: {'learning_rate': 0.17782712803939157, 'min_child_weight': 74, 'max_depth': 3, 'subsample': 0.6628029830407297, 'colsample_bytree': 0.9930126878486581, 'reg_lambda': 0.0025903465118630622, 'reg_alpha': 0.00012760242070940497}. Best is trial 76 with value: 0.8167.[0m

8.88 sec -- {'mean_score': 0.789, 'valid_scores': [0.7894, 0.7739, 0.8037], 'train_scores': [0.8722, 0.8596, 0.854], 'params': {'n_estimators': 500, 'learning_rate': 0.15525487955477268, 'min_child_weight': 76, 'max_depth': 1, 'gamma': 0, 'subsample': 0.648884978068212, 'colsample_bytree': 0.8328079612777809, 'reg_lambda': 0.0013678651521855574, 'reg_alpha': 0.0010742999927875363}}
[32m[I 2021-01-04 16:30:43,701][0m Trial 88 finished with value: 0.789 and parameters: {'learning_rate': 0.15525487955477268, 'min_child_weight': 76, 'max_depth': 1, 'subsample': 0.648884978068212, 'colsample_bytree': 0.8328079612777809, 'reg_lambda': 0.0013678651521855574, 'reg_alpha': 0.0010742999927875363}. Best is trial 76 with value: 0.8167.[0m

11.35 sec -- {'mean_score': 0.8105, 'valid_scores': [0.8213, 0.7889, 0.8214], 'train_scores': [0.908, 0.8977, 0.889], 'params': {'n_estimators': 500, 'learning_rate': 0.19392066892569407, 'min_child_weight': 100, 'max_depth': 3, 'gamma': 0, 'subsample': 0.6125639117625782, 'colsample_bytree': 0.9915965404197543, 'reg_lambda': 0.001454523846566547, 'reg_alpha': 0.00014211852718090605}}
[32m[I 2021-01-04 16:30:55,067][0m Trial 89 finished with value: 0.8105 and parameters: {'learning_rate': 0.19392066892569407, 'min_child_weight': 100, 'max_depth': 3, 'subsample': 0.6125639117625782, 'colsample_bytree': 0.9915965404197543, 'reg_lambda': 0.001454523846566547, 'reg_alpha': 0.00014211852718090605}. Best is trial 76 with value: 0.8167.[0m

11.47 sec -- {'mean_score': 0.8114, 'valid_scores': [0.8159, 0.7995, 0.8187], 'train_scores': [0.9113, 0.8983, 0.8894], 'params': {'n_estimators': 500, 'learning_rate': 0.13327449481273437, 'min_child_weight': 60, 'max_depth': 3, 'gamma': 0, 'subsample': 0.5107507738318147, 'colsample_bytree': 0.9792443088294314, 'reg_lambda': 0.004422036086585227, 'reg_alpha': 0.00012114803625289897}}
[32m[I 2021-01-04 16:31:06,562][0m Trial 90 finished with value: 0.8114 and parameters: {'learning_rate': 0.13327449481273437, 'min_child_weight': 60, 'max_depth': 3, 'subsample': 0.5107507738318147, 'colsample_bytree': 0.9792443088294314, 'reg_lambda': 0.004422036086585227, 'reg_alpha': 0.00012114803625289897}. Best is trial 76 with value: 0.8167.[0m

9.11 sec -- {'mean_score': 0.7867, 'valid_scores': [0.7858, 0.77, 0.8042], 'train_scores': [0.8691, 0.8555, 0.8519], 'params': {'n_estimators': 500, 'learning_rate': 0.11288546179607623, 'min_child_weight': 86, 'max_depth': 1, 'gamma': 0, 'subsample': 0.6172166917671045, 'colsample_bytree': 0.6438929919422097, 'reg_lambda': 0.000208673303544882, 'reg_alpha': 0.00010350300888929558}}
[32m[I 2021-01-04 16:31:15,689][0m Trial 91 finished with value: 0.7867 and parameters: {'learning_rate': 0.11288546179607623, 'min_child_weight': 86, 'max_depth': 1, 'subsample': 0.6172166917671045, 'colsample_bytree': 0.6438929919422097, 'reg_lambda': 0.000208673303544882, 'reg_alpha': 0.00010350300888929558}. Best is trial 76 with value: 0.8167.[0m

11.75 sec -- {'mean_score': 0.8155, 'valid_scores': [0.8254, 0.7996, 0.8214], 'train_scores': [0.9082, 0.8962, 0.8886], 'params': {'n_estimators': 500, 'learning_rate': 0.16335812886212114, 'min_child_weight': 94, 'max_depth': 3, 'gamma': 0, 'subsample': 0.5797503059631872, 'colsample_bytree': 0.8391614694501767, 'reg_lambda': 0.03250266907606095, 'reg_alpha': 0.0002081005331086354}}
[32m[I 2021-01-04 16:31:27,458][0m Trial 92 finished with value: 0.8155 and parameters: {'learning_rate': 0.16335812886212114, 'min_child_weight': 94, 'max_depth': 3, 'subsample': 0.5797503059631872, 'colsample_bytree': 0.8391614694501767, 'reg_lambda': 0.03250266907606095, 'reg_alpha': 0.0002081005331086354}. Best is trial 76 with value: 0.8167.[0m

12.91 sec -- {'mean_score': 0.8084, 'valid_scores': [0.8174, 0.7841, 0.8238], 'train_scores': [0.9098, 0.9009, 0.8903], 'params': {'n_estimators': 500, 'learning_rate': 0.1455533564159921, 'min_child_weight': 96, 'max_depth': 4, 'gamma': 0, 'subsample': 0.5596399978982848, 'colsample_bytree': 0.9182214170923669, 'reg_lambda': 0.235883762105583, 'reg_alpha': 0.0001684832451360321}}
[32m[I 2021-01-04 16:31:40,382][0m Trial 93 finished with value: 0.8084 and parameters: {'learning_rate': 0.1455533564159921, 'min_child_weight': 96, 'max_depth': 4, 'subsample': 0.5596399978982848, 'colsample_bytree': 0.9182214170923669, 'reg_lambda': 0.235883762105583, 'reg_alpha': 0.0001684832451360321}. Best is trial 76 with value: 0.8167.[0m

9.84 sec -- {'mean_score': 0.8173, 'valid_scores': [0.8334, 0.7992, 0.8194], 'train_scores': [0.9025, 0.8894, 0.8822], 'params': {'n_estimators': 500, 'learning_rate': 0.18121582179860954, 'min_child_weight': 95, 'max_depth': 2, 'gamma': 0, 'subsample': 0.6869803119831374, 'colsample_bytree': 0.890424222130163, 'reg_lambda': 0.029959801421200066, 'reg_alpha': 0.00039316124709294685}}
[32m[I 2021-01-04 16:31:50,244][0m Trial 94 finished with value: 0.8173 and parameters: {'learning_rate': 0.18121582179860954, 'min_child_weight': 95, 'max_depth': 2, 'subsample': 0.6869803119831374, 'colsample_bytree': 0.890424222130163, 'reg_lambda': 0.029959801421200066, 'reg_alpha': 0.00039316124709294685}. Best is trial 94 with value: 0.8173.[0m

10.28 sec -- {'mean_score': 0.817, 'valid_scores': [0.8286, 0.8048, 0.8175], 'train_scores': [0.9015, 0.8883, 0.8803], 'params': {'n_estimators': 500, 'learning_rate': 0.18650316226692784, 'min_child_weight': 93, 'max_depth': 2, 'gamma': 0, 'subsample': 0.6635721053784407, 'colsample_bytree': 0.8153275576564728, 'reg_lambda': 0.045661722741760634, 'reg_alpha': 0.0003596630566617298}}
[32m[I 2021-01-04 16:32:00,541][0m Trial 95 finished with value: 0.817 and parameters: {'learning_rate': 0.18650316226692784, 'min_child_weight': 93, 'max_depth': 2, 'subsample': 0.6635721053784407, 'colsample_bytree': 0.8153275576564728, 'reg_lambda': 0.045661722741760634, 'reg_alpha': 0.0003596630566617298}. Best is trial 94 with value: 0.8173.[0m

10.32 sec -- {'mean_score': 0.7883, 'valid_scores': [0.786, 0.7739, 0.8049], 'train_scores': [0.8707, 0.8612, 0.8553], 'params': {'n_estimators': 500, 'learning_rate': 0.16707046745473056, 'min_child_weight': 99, 'max_depth': 1, 'gamma': 0, 'subsample': 0.6887949323609013, 'colsample_bytree': 0.7807035962992941, 'reg_lambda': 0.007346988236269186, 'reg_alpha': 0.00016089392045427544}}
[32m[I 2021-01-04 16:32:10,878][0m Trial 96 finished with value: 0.7883 and parameters: {'learning_rate': 0.16707046745473056, 'min_child_weight': 99, 'max_depth': 1, 'subsample': 0.6887949323609013, 'colsample_bytree': 0.7807035962992941, 'reg_lambda': 0.007346988236269186, 'reg_alpha': 0.00016089392045427544}. Best is trial 94 with value: 0.8173.[0m

28.2 sec -- {'mean_score': 0.8028, 'valid_scores': [0.7987, 0.7879, 0.8219], 'train_scores': [0.919, 0.9081, 0.8988], 'params': {'n_estimators': 500, 'learning_rate': 0.17478522490077605, 'min_child_weight': 89, 'max_depth': 5, 'gamma': 0, 'subsample': 0.7105188798466109, 'colsample_bytree': 0.7046035933158259, 'reg_lambda': 0.058416538379122036, 'reg_alpha': 0.0011006885482935799}}
[32m[I 2021-01-04 16:32:39,101][0m Trial 97 finished with value: 0.8028 and parameters: {'learning_rate': 0.17478522490077605, 'min_child_weight': 89, 'max_depth': 5, 'subsample': 0.7105188798466109, 'colsample_bytree': 0.7046035933158259, 'reg_lambda': 0.058416538379122036, 'reg_alpha': 0.0011006885482935799}. Best is trial 94 with value: 0.8173.[0m

16.91 sec -- {'mean_score': 0.8156, 'valid_scores': [0.8365, 0.7932, 0.8171], 'train_scores': [0.9018, 0.8888, 0.8826], 'params': {'n_estimators': 500, 'learning_rate': 0.19024233574517738, 'min_child_weight': 88, 'max_depth': 2, 'gamma': 0, 'subsample': 0.5212878231082949, 'colsample_bytree': 0.789354268783477, 'reg_lambda': 0.030746299159523892, 'reg_alpha': 0.0001639031449450079}}
[32m[I 2021-01-04 16:32:56,040][0m Trial 98 finished with value: 0.8156 and parameters: {'learning_rate': 0.19024233574517738, 'min_child_weight': 88, 'max_depth': 2, 'subsample': 0.5212878231082949, 'colsample_bytree': 0.789354268783477, 'reg_lambda': 0.030746299159523892, 'reg_alpha': 0.0001639031449450079}. Best is trial 94 with value: 0.8173.[0m

8.96 sec -- {'mean_score': 0.7896, 'valid_scores': [0.7899, 0.773, 0.806], 'train_scores': [0.8737, 0.8628, 0.8552], 'params': {'n_estimators': 500, 'learning_rate': 0.1854526295327964, 'min_child_weight': 80, 'max_depth': 1, 'gamma': 0, 'subsample': 0.6826961589160625, 'colsample_bytree': 0.8180417305238633, 'reg_lambda': 0.10067533884400937, 'reg_alpha': 0.000725477412026621}}
[32m[I 2021-01-04 16:33:05,026][0m Trial 99 finished with value: 0.7896 and parameters: {'learning_rate': 0.1854526295327964, 'min_child_weight': 80, 'max_depth': 1, 'subsample': 0.6826961589160625, 'colsample_bytree': 0.8180417305238633, 'reg_lambda': 0.10067533884400937, 'reg_alpha': 0.000725477412026621}. Best is trial 94 with value: 0.8173.[0m

15.62 sec -- {'mean_score': 0.8081, 'valid_scores': [0.8129, 0.7895, 0.8218], 'train_scores': [0.9153, 0.9026, 0.8952], 'params': {'n_estimators': 500, 'learning_rate': 0.19189125666556237, 'min_child_weight': 78, 'max_depth': 4, 'gamma': 0, 'subsample': 0.5329431937905885, 'colsample_bytree': 0.7464968698971581, 'reg_lambda': 0.020624114513527546, 'reg_alpha': 0.0004511446652827542}}
[32m[I 2021-01-04 16:33:20,664][0m Trial 100 finished with value: 0.8081 and parameters: {'learning_rate': 0.19189125666556237, 'min_child_weight': 78, 'max_depth': 4, 'subsample': 0.5329431937905885, 'colsample_bytree': 0.7464968698971581, 'reg_lambda': 0.020624114513527546, 'reg_alpha': 0.0004511446652827542}. Best is trial 94 with value: 0.8173.[0m

13.09 sec -- {'mean_score': 0.8085, 'valid_scores': [0.8147, 0.7895, 0.8212], 'train_scores': [0.9136, 0.9004, 0.8905], 'params': {'n_estimators': 500, 'learning_rate': 0.19098934402752452, 'min_child_weight': 83, 'max_depth': 3, 'gamma': 0, 'subsample': 0.7259034638137627, 'colsample_bytree': 0.9609194632805718, 'reg_lambda': 0.07966058793711703, 'reg_alpha': 0.0019068260613879626}}
[32m[I 2021-01-04 16:33:33,785][0m Trial 101 finished with value: 0.8085 and parameters: {'learning_rate': 0.19098934402752452, 'min_child_weight': 83, 'max_depth': 3, 'subsample': 0.7259034638137627, 'colsample_bytree': 0.9609194632805718, 'reg_lambda': 0.07966058793711703, 'reg_alpha': 0.0019068260613879626}. Best is trial 94 with value: 0.8173.[0m

12.38 sec -- {'mean_score': 0.7623, 'valid_scores': [0.7539, 0.7555, 0.7776], 'train_scores': [0.8454, 0.8241, 0.8253], 'params': {'n_estimators': 500, 'learning_rate': 0.006818625549772223, 'min_child_weight': 67, 'max_depth': 3, 'gamma': 0, 'subsample': 0.8864023143500075, 'colsample_bytree': 0.3250080467959611, 'reg_lambda': 0.012068978340646, 'reg_alpha': 0.04084758047069612}}
[32m[I 2021-01-04 16:33:46,180][0m Trial 102 finished with value: 0.7623 and parameters: {'learning_rate': 0.006818625549772223, 'min_child_weight': 67, 'max_depth': 3, 'subsample': 0.8864023143500075, 'colsample_bytree': 0.3250080467959611, 'reg_lambda': 0.012068978340646, 'reg_alpha': 0.04084758047069612}. Best is trial 94 with value: 0.8173.[0m

24.23 sec -- {'mean_score': 0.8119, 'valid_scores': [0.8232, 0.7902, 0.8222], 'train_scores': [0.9084, 0.8989, 0.8891], 'params': {'n_estimators': 500, 'learning_rate': 0.1975356769514346, 'min_child_weight': 97, 'max_depth': 3, 'gamma': 0, 'subsample': 0.6273993195102963, 'colsample_bytree': 0.8294207736934844, 'reg_lambda': 0.2100569712082083, 'reg_alpha': 0.0001155590687792082}}
[32m[I 2021-01-04 16:34:10,434][0m Trial 103 finished with value: 0.8119 and parameters: {'learning_rate': 0.1975356769514346, 'min_child_weight': 97, 'max_depth': 3, 'subsample': 0.6273993195102963, 'colsample_bytree': 0.8294207736934844, 'reg_lambda': 0.2100569712082083, 'reg_alpha': 0.0001155590687792082}. Best is trial 94 with value: 0.8173.[0m

16.85 sec -- {'mean_score': 0.7889, 'valid_scores': [0.7887, 0.774, 0.8041], 'train_scores': [0.8714, 0.8621, 0.854], 'params': {'n_estimators': 500, 'learning_rate': 0.16376935905471385, 'min_child_weight': 96, 'max_depth': 1, 'gamma': 0, 'subsample': 0.7035437801270142, 'colsample_bytree': 0.931070912795877, 'reg_lambda': 0.03201438748600366, 'reg_alpha': 0.0008388534545734244}}
[32m[I 2021-01-04 16:34:27,313][0m Trial 104 finished with value: 0.7889 and parameters: {'learning_rate': 0.16376935905471385, 'min_child_weight': 96, 'max_depth': 1, 'subsample': 0.7035437801270142, 'colsample_bytree': 0.931070912795877, 'reg_lambda': 0.03201438748600366, 'reg_alpha': 0.0008388534545734244}. Best is trial 94 with value: 0.8173.[0m

9.57 sec -- {'mean_score': 0.7929, 'valid_scores': [0.7985, 0.7762, 0.8041], 'train_scores': [0.8731, 0.8629, 0.856], 'params': {'n_estimators': 500, 'learning_rate': 0.1939896951865529, 'min_child_weight': 93, 'max_depth': 1, 'gamma': 0, 'subsample': 0.5280946193501197, 'colsample_bytree': 0.7443706920794828, 'reg_lambda': 0.2229282844362513, 'reg_alpha': 0.00025974282075071417}}
[32m[I 2021-01-04 16:34:36,902][0m Trial 105 finished with value: 0.7929 and parameters: {'learning_rate': 0.1939896951865529, 'min_child_weight': 93, 'max_depth': 1, 'subsample': 0.5280946193501197, 'colsample_bytree': 0.7443706920794828, 'reg_lambda': 0.2229282844362513, 'reg_alpha': 0.00025974282075071417}. Best is trial 94 with value: 0.8173.[0m

10.9 sec -- {'mean_score': 0.791, 'valid_scores': [0.7952, 0.7738, 0.8039], 'train_scores': [0.8715, 0.8621, 0.8543], 'params': {'n_estimators': 500, 'learning_rate': 0.1623337156568544, 'min_child_weight': 70, 'max_depth': 1, 'gamma': 0, 'subsample': 0.5360536568010806, 'colsample_bytree': 0.6640064085261319, 'reg_lambda': 0.01804673213526946, 'reg_alpha': 0.0001750032520765833}}
[32m[I 2021-01-04 16:34:47,819][0m Trial 106 finished with value: 0.791 and parameters: {'learning_rate': 0.1623337156568544, 'min_child_weight': 70, 'max_depth': 1, 'subsample': 0.5360536568010806, 'colsample_bytree': 0.6640064085261319, 'reg_lambda': 0.01804673213526946, 'reg_alpha': 0.0001750032520765833}. Best is trial 94 with value: 0.8173.[0m

22.66 sec -- {'mean_score': 0.7977, 'valid_scores': [0.7933, 0.7767, 0.8231], 'train_scores': [0.9133, 0.9008, 0.8905], 'params': {'n_estimators': 500, 'learning_rate': 0.02898280806465861, 'min_child_weight': 94, 'max_depth': 7, 'gamma': 0, 'subsample': 0.9607717904945099, 'colsample_bytree': 0.9639810512599609, 'reg_lambda': 0.0021317652491756687, 'reg_alpha': 0.0012802859825498678}}
[32m[I 2021-01-04 16:35:10,498][0m Trial 107 finished with value: 0.7977 and parameters: {'learning_rate': 0.02898280806465861, 'min_child_weight': 94, 'max_depth': 7, 'subsample': 0.9607717904945099, 'colsample_bytree': 0.9639810512599609, 'reg_lambda': 0.0021317652491756687, 'reg_alpha': 0.0012802859825498678}. Best is trial 94 with value: 0.8173.[0m

15.36 sec -- {'mean_score': 0.8176, 'valid_scores': [0.835, 0.799, 0.8187], 'train_scores': [0.8987, 0.8867, 0.8811], 'params': {'n_estimators': 500, 'learning_rate': 0.1576078651962334, 'min_child_weight': 96, 'max_depth': 2, 'gamma': 0, 'subsample': 0.5047689763899542, 'colsample_bytree': 0.8745305144924944, 'reg_lambda': 0.021161287638577064, 'reg_alpha': 0.00047518149006234935}}
[32m[I 2021-01-04 16:35:25,880][0m Trial 108 finished with value: 0.8176 and parameters: {'learning_rate': 0.1576078651962334, 'min_child_weight': 96, 'max_depth': 2, 'subsample': 0.5047689763899542, 'colsample_bytree': 0.8745305144924944, 'reg_lambda': 0.021161287638577064, 'reg_alpha': 0.00047518149006234935}. Best is trial 108 with value: 0.8176.[0m

28.18 sec -- {'mean_score': 0.8066, 'valid_scores': [0.8119, 0.7879, 0.82], 'train_scores': [0.9093, 0.8997, 0.8895], 'params': {'n_estimators': 500, 'learning_rate': 0.1378970003908464, 'min_child_weight': 98, 'max_depth': 4, 'gamma': 0, 'subsample': 0.5113868314383103, 'colsample_bytree': 0.9644614201864157, 'reg_lambda': 0.021071687233066187, 'reg_alpha': 0.0015033164072436236}}
[32m[I 2021-01-04 16:35:54,075][0m Trial 109 finished with value: 0.8066 and parameters: {'learning_rate': 0.1378970003908464, 'min_child_weight': 98, 'max_depth': 4, 'subsample': 0.5113868314383103, 'colsample_bytree': 0.9644614201864157, 'reg_lambda': 0.021071687233066187, 'reg_alpha': 0.0015033164072436236}. Best is trial 108 with value: 0.8176.[0m

17.26 sec -- {'mean_score': 0.8114, 'valid_scores': [0.8158, 0.7957, 0.8228], 'train_scores': [0.9178, 0.9057, 0.8954], 'params': {'n_estimators': 500, 'learning_rate': 0.1783932747024259, 'min_child_weight': 95, 'max_depth': 4, 'gamma': 0, 'subsample': 0.8412035389467941, 'colsample_bytree': 0.997691588904009, 'reg_lambda': 0.012152079154548863, 'reg_alpha': 0.00018240791370233305}}
[32m[I 2021-01-04 16:36:11,353][0m Trial 110 finished with value: 0.8114 and parameters: {'learning_rate': 0.1783932747024259, 'min_child_weight': 95, 'max_depth': 4, 'subsample': 0.8412035389467941, 'colsample_bytree': 0.997691588904009, 'reg_lambda': 0.012152079154548863, 'reg_alpha': 0.00018240791370233305}. Best is trial 108 with value: 0.8176.[0m

13.96 sec -- {'mean_score': 0.808, 'valid_scores': [0.8235, 0.7817, 0.8187], 'train_scores': [0.9007, 0.8895, 0.8791], 'params': {'n_estimators': 500, 'learning_rate': 0.027877910765230066, 'min_child_weight': 80, 'max_depth': 4, 'gamma': 0, 'subsample': 0.5395391713402911, 'colsample_bytree': 0.6304712558187405, 'reg_lambda': 0.0001257539964183713, 'reg_alpha': 0.00014072575226219388}}
[32m[I 2021-01-04 16:36:25,336][0m Trial 111 finished with value: 0.808 and parameters: {'learning_rate': 0.027877910765230066, 'min_child_weight': 80, 'max_depth': 4, 'subsample': 0.5395391713402911, 'colsample_bytree': 0.6304712558187405, 'reg_lambda': 0.0001257539964183713, 'reg_alpha': 0.00014072575226219388}. Best is trial 108 with value: 0.8176.[0m

14.87 sec -- {'mean_score': 0.8089, 'valid_scores': [0.8106, 0.794, 0.8221], 'train_scores': [0.917, 0.9049, 0.8952], 'params': {'n_estimators': 500, 'learning_rate': 0.16254585374911004, 'min_child_weight': 75, 'max_depth': 4, 'gamma': 0, 'subsample': 0.5912447329463828, 'colsample_bytree': 0.9383066705627405, 'reg_lambda': 0.03021775509407926, 'reg_alpha': 0.0002414801064223656}}
[32m[I 2021-01-04 16:36:40,230][0m Trial 112 finished with value: 0.8089 and parameters: {'learning_rate': 0.16254585374911004, 'min_child_weight': 75, 'max_depth': 4, 'subsample': 0.5912447329463828, 'colsample_bytree': 0.9383066705627405, 'reg_lambda': 0.03021775509407926, 'reg_alpha': 0.0002414801064223656}. Best is trial 108 with value: 0.8176.[0m

13.92 sec -- {'mean_score': 0.8145, 'valid_scores': [0.8278, 0.7983, 0.8173], 'train_scores': [0.8994, 0.888, 0.8808], 'params': {'n_estimators': 500, 'learning_rate': 0.1751219719334102, 'min_child_weight': 99, 'max_depth': 2, 'gamma': 0, 'subsample': 0.5206383319921025, 'colsample_bytree': 0.7225756488953011, 'reg_lambda': 0.007674725866487662, 'reg_alpha': 0.0014186835879522687}}
[32m[I 2021-01-04 16:36:54,179][0m Trial 113 finished with value: 0.8145 and parameters: {'learning_rate': 0.1751219719334102, 'min_child_weight': 99, 'max_depth': 2, 'subsample': 0.5206383319921025, 'colsample_bytree': 0.7225756488953011, 'reg_lambda': 0.007674725866487662, 'reg_alpha': 0.0014186835879522687}. Best is trial 108 with value: 0.8176.[0m

20.82 sec -- {'mean_score': 0.813, 'valid_scores': [0.8229, 0.7977, 0.8183], 'train_scores': [0.9069, 0.8972, 0.8873], 'params': {'n_estimators': 500, 'learning_rate': 0.1736857092124822, 'min_child_weight': 99, 'max_depth': 3, 'gamma': 0, 'subsample': 0.5923259621461751, 'colsample_bytree': 0.8030846423880296, 'reg_lambda': 0.013754035868939201, 'reg_alpha': 0.0004650310378363721}}
[32m[I 2021-01-04 16:37:15,021][0m Trial 114 finished with value: 0.813 and parameters: {'learning_rate': 0.1736857092124822, 'min_child_weight': 99, 'max_depth': 3, 'subsample': 0.5923259621461751, 'colsample_bytree': 0.8030846423880296, 'reg_lambda': 0.013754035868939201, 'reg_alpha': 0.0004650310378363721}. Best is trial 108 with value: 0.8176.[0m

17.99 sec -- {'mean_score': 0.8181, 'valid_scores': [0.8368, 0.7983, 0.8192], 'train_scores': [0.9011, 0.8886, 0.8809], 'params': {'n_estimators': 500, 'learning_rate': 0.17788711817254, 'min_child_weight': 100, 'max_depth': 2, 'gamma': 0, 'subsample': 0.5902622956068956, 'colsample_bytree': 0.8713977322745801, 'reg_lambda': 0.006837426200450448, 'reg_alpha': 0.0072373628173909195}}
