[32m[I 2021-01-05 01:47:37,055][0m Trial 32 finished with value: 0.8225 and parameters: {'learning_rate': 0.1768659223468663, 'min_child_weight': 40, 'max_depth': 4, 'subsample': 0.6, 'colsample_bytree': 1.0, 'reg_lambda': 0.00012447463616745637, 'reg_alpha': 0.0023517193443321526}. Best is trial 19 with value: 0.826.[0m

17.88 sec -- {'mean_score': 0.8224, 'valid_scores': [0.8208, 0.825, 0.8214], 'train_scores': [0.921, 0.9095, 0.903], 'params': {'learning_rate': 0.1625020062795863, 'min_child_weight': 50, 'max_depth': 5, 'subsample': 0.7, 'colsample_bytree': 1.0, 'reg_lambda': 0.03260235940480794, 'reg_alpha': 0.011559055516993834}}
[32m[I 2021-01-05 01:47:54,975][0m Trial 33 finished with value: 0.8224 and parameters: {'learning_rate': 0.1625020062795863, 'min_child_weight': 50, 'max_depth': 5, 'subsample': 0.7, 'colsample_bytree': 1.0, 'reg_lambda': 0.03260235940480794, 'reg_alpha': 0.011559055516993834}. Best is trial 19 with value: 0.826.[0m

14.32 sec -- {'mean_score': 0.8257, 'valid_scores': [0.8396, 0.8217, 0.8159], 'train_scores': [0.909, 0.8983, 0.8898], 'params': {'learning_rate': 0.17573548983277892, 'min_child_weight': 60, 'max_depth': 3, 'subsample': 0.6, 'colsample_bytree': 1.0, 'reg_lambda': 0.0010902440846096062, 'reg_alpha': 0.0005168819582146955}}
[32m[I 2021-01-05 01:48:09,326][0m Trial 34 finished with value: 0.8257 and parameters: {'learning_rate': 0.17573548983277892, 'min_child_weight': 60, 'max_depth': 3, 'subsample': 0.6, 'colsample_bytree': 1.0, 'reg_lambda': 0.0010902440846096062, 'reg_alpha': 0.0005168819582146955}. Best is trial 19 with value: 0.826.[0m

12.45 sec -- {'mean_score': 0.8238, 'valid_scores': [0.8269, 0.823, 0.8215], 'train_scores': [0.9152, 0.904, 0.8964], 'params': {'learning_rate': 0.10879693190119508, 'min_child_weight': 62, 'max_depth': 5, 'subsample': 0.6, 'colsample_bytree': 1.0, 'reg_lambda': 0.003491989232128166, 'reg_alpha': 0.0009448370359519235}}
[32m[I 2021-01-05 01:48:21,810][0m Trial 35 finished with value: 0.8238 and parameters: {'learning_rate': 0.10879693190119508, 'min_child_weight': 62, 'max_depth': 5, 'subsample': 0.6, 'colsample_bytree': 1.0, 'reg_lambda': 0.003491989232128166, 'reg_alpha': 0.0009448370359519235}. Best is trial 19 with value: 0.826.[0m

14.97 sec -- {'mean_score': 0.8209, 'valid_scores': [0.8286, 0.8132, 0.8208], 'train_scores': [0.9095, 0.8979, 0.8903], 'params': {'learning_rate': 0.1799731505069321, 'min_child_weight': 64, 'max_depth': 3, 'subsample': 0.6, 'colsample_bytree': 0.9, 'reg_lambda': 0.00011845875948488305, 'reg_alpha': 0.00011554091267661223}}
[32m[I 2021-01-05 01:48:36,810][0m Trial 36 finished with value: 0.8209 and parameters: {'learning_rate': 0.1799731505069321, 'min_child_weight': 64, 'max_depth': 3, 'subsample': 0.6, 'colsample_bytree': 0.9, 'reg_lambda': 0.00011845875948488305, 'reg_alpha': 0.00011554091267661223}. Best is trial 19 with value: 0.826.[0m

12.31 sec -- {'mean_score': 0.8243, 'valid_scores': [0.8337, 0.818, 0.8211], 'train_scores': [0.9087, 0.8959, 0.8879], 'params': {'learning_rate': 0.1608452032099338, 'min_child_weight': 60, 'max_depth': 3, 'subsample': 0.6, 'colsample_bytree': 0.9, 'reg_lambda': 0.006110041787720356, 'reg_alpha': 0.004322724271696948}}
[32m[I 2021-01-05 01:48:49,147][0m Trial 37 finished with value: 0.8243 and parameters: {'learning_rate': 0.1608452032099338, 'min_child_weight': 60, 'max_depth': 3, 'subsample': 0.6, 'colsample_bytree': 0.9, 'reg_lambda': 0.006110041787720356, 'reg_alpha': 0.004322724271696948}. Best is trial 19 with value: 0.826.[0m

12.99 sec -- {'mean_score': 0.8202, 'valid_scores': [0.8307, 0.8116, 0.8183], 'train_scores': [0.8979, 0.8856, 0.8796], 'params': {'learning_rate': 0.1911945997738349, 'min_child_weight': 68, 'max_depth': 2, 'subsample': 0.7, 'colsample_bytree': 0.9, 'reg_lambda': 0.00444105568041355, 'reg_alpha': 0.00025297004592857576}}
[32m[I 2021-01-05 01:49:02,160][0m Trial 38 finished with value: 0.8202 and parameters: {'learning_rate': 0.1911945997738349, 'min_child_weight': 68, 'max_depth': 2, 'subsample': 0.7, 'colsample_bytree': 0.9, 'reg_lambda': 0.00444105568041355, 'reg_alpha': 0.00025297004592857576}. Best is trial 19 with value: 0.826.[0m

17.91 sec -- {'mean_score': 0.8218, 'valid_scores': [0.8361, 0.8129, 0.8163], 'train_scores': [0.8984, 0.8855, 0.8782], 'params': {'learning_rate': 0.17080024008490372, 'min_child_weight': 60, 'max_depth': 2, 'subsample': 0.6, 'colsample_bytree': 1.0, 'reg_lambda': 0.0009324969120063261, 'reg_alpha': 0.0021689001481378107}}
[32m[I 2021-01-05 01:49:20,112][0m Trial 39 finished with value: 0.8218 and parameters: {'learning_rate': 0.17080024008490372, 'min_child_weight': 60, 'max_depth': 2, 'subsample': 0.6, 'colsample_bytree': 1.0, 'reg_lambda': 0.0009324969120063261, 'reg_alpha': 0.0021689001481378107}. Best is trial 19 with value: 0.826.[0m

27.41 sec -- {'mean_score': 0.8272, 'valid_scores': [0.831, 0.8271, 0.8235], 'train_scores': [0.9176, 0.9071, 0.8977], 'params': {'learning_rate': 0.1950392992165659, 'min_child_weight': 48, 'max_depth': 4, 'subsample': 0.6, 'colsample_bytree': 1.0, 'reg_lambda': 0.011097980519906911, 'reg_alpha': 0.004137813990823719}}
[32m[I 2021-01-05 01:49:47,551][0m Trial 40 finished with value: 0.8272 and parameters: {'learning_rate': 0.1950392992165659, 'min_child_weight': 48, 'max_depth': 4, 'subsample': 0.6, 'colsample_bytree': 1.0, 'reg_lambda': 0.011097980519906911, 'reg_alpha': 0.004137813990823719}. Best is trial 40 with value: 0.8272.[0m

14.86 sec -- {'mean_score': 0.8255, 'valid_scores': [0.829, 0.8287, 0.8187], 'train_scores': [0.9113, 0.8994, 0.8913], 'params': {'learning_rate': 0.1928509208322058, 'min_child_weight': 50, 'max_depth': 3, 'subsample': 0.7, 'colsample_bytree': 1.0, 'reg_lambda': 0.021428675434072706, 'reg_alpha': 0.003341794134119621}}
[32m[I 2021-01-05 01:50:02,445][0m Trial 41 finished with value: 0.8255 and parameters: {'learning_rate': 0.1928509208322058, 'min_child_weight': 50, 'max_depth': 3, 'subsample': 0.7, 'colsample_bytree': 1.0, 'reg_lambda': 0.021428675434072706, 'reg_alpha': 0.003341794134119621}. Best is trial 40 with value: 0.8272.[0m

16.11 sec -- {'mean_score': 0.8142, 'valid_scores': [0.8222, 0.8015, 0.8189], 'train_scores': [0.8987, 0.8869, 0.8822], 'params': {'learning_rate': 0.17127060201454675, 'min_child_weight': 48, 'max_depth': 2, 'subsample': 0.9, 'colsample_bytree': 0.8, 'reg_lambda': 0.0038567776288565064, 'reg_alpha': 0.07619154728110801}}
[32m[I 2021-01-05 01:50:18,612][0m Trial 42 finished with value: 0.8142 and parameters: {'learning_rate': 0.17127060201454675, 'min_child_weight': 48, 'max_depth': 2, 'subsample': 0.9, 'colsample_bytree': 0.8, 'reg_lambda': 0.0038567776288565064, 'reg_alpha': 0.07619154728110801}. Best is trial 40 with value: 0.8272.[0m

10.72 sec -- {'mean_score': 0.8206, 'valid_scores': [0.8265, 0.8176, 0.8177], 'train_scores': [0.8983, 0.8862, 0.8798], 'params': {'learning_rate': 0.16559526995162963, 'min_child_weight': 52, 'max_depth': 2, 'subsample': 0.6, 'colsample_bytree': 1.0, 'reg_lambda': 0.148227945090153, 'reg_alpha': 0.007596016943048468}}
[32m[I 2021-01-05 01:50:29,364][0m Trial 43 finished with value: 0.8206 and parameters: {'learning_rate': 0.16559526995162963, 'min_child_weight': 52, 'max_depth': 2, 'subsample': 0.6, 'colsample_bytree': 1.0, 'reg_lambda': 0.148227945090153, 'reg_alpha': 0.007596016943048468}. Best is trial 40 with value: 0.8272.[0m

15.07 sec -- {'mean_score': 0.8221, 'valid_scores': [0.8224, 0.82, 0.8238], 'train_scores': [0.9179, 0.907, 0.8986], 'params': {'learning_rate': 0.18928833344960283, 'min_child_weight': 44, 'max_depth': 4, 'subsample': 0.6, 'colsample_bytree': 0.9, 'reg_lambda': 0.03970009183466657, 'reg_alpha': 0.0005292363515208492}}
[32m[I 2021-01-05 01:50:44,461][0m Trial 44 finished with value: 0.8221 and parameters: {'learning_rate': 0.18928833344960283, 'min_child_weight': 44, 'max_depth': 4, 'subsample': 0.6, 'colsample_bytree': 0.9, 'reg_lambda': 0.03970009183466657, 'reg_alpha': 0.0005292363515208492}. Best is trial 40 with value: 0.8272.[0m

11.66 sec -- {'mean_score': 0.8246, 'valid_scores': [0.8314, 0.8218, 0.8205], 'train_scores': [0.9094, 0.8954, 0.8888], 'params': {'learning_rate': 0.14782798804495487, 'min_child_weight': 62, 'max_depth': 3, 'subsample': 0.6, 'colsample_bytree': 1.0, 'reg_lambda': 0.00355166482755798, 'reg_alpha': 0.00046997511997730486}}
[32m[I 2021-01-05 01:50:56,157][0m Trial 45 finished with value: 0.8246 and parameters: {'learning_rate': 0.14782798804495487, 'min_child_weight': 62, 'max_depth': 3, 'subsample': 0.6, 'colsample_bytree': 1.0, 'reg_lambda': 0.00355166482755798, 'reg_alpha': 0.00046997511997730486}. Best is trial 40 with value: 0.8272.[0m

22.64 sec -- {'mean_score': 0.8255, 'valid_scores': [0.8174, 0.831, 0.828], 'train_scores': [0.9263, 0.9149, 0.9064], 'params': {'learning_rate': 0.1921789147336525, 'min_child_weight': 42, 'max_depth': 5, 'subsample': 0.9, 'colsample_bytree': 0.9, 'reg_lambda': 0.0006836339635802427, 'reg_alpha': 0.009658364973265504}}
[32m[I 2021-01-05 01:51:18,826][0m Trial 46 finished with value: 0.8255 and parameters: {'learning_rate': 0.1921789147336525, 'min_child_weight': 42, 'max_depth': 5, 'subsample': 0.9, 'colsample_bytree': 0.9, 'reg_lambda': 0.0006836339635802427, 'reg_alpha': 0.009658364973265504}. Best is trial 40 with value: 0.8272.[0m

16.49 sec -- {'mean_score': 0.8273, 'valid_scores': [0.8168, 0.837, 0.828], 'train_scores': [0.923, 0.9118, 0.9047], 'params': {'learning_rate': 0.18151092889731923, 'min_child_weight': 48, 'max_depth': 5, 'subsample': 1.0, 'colsample_bytree': 0.8, 'reg_lambda': 0.0004412896853692791, 'reg_alpha': 0.006291434917536935}}
[32m[I 2021-01-05 01:51:35,350][0m Trial 47 finished with value: 0.8273 and parameters: {'learning_rate': 0.18151092889731923, 'min_child_weight': 48, 'max_depth': 5, 'subsample': 1.0, 'colsample_bytree': 0.8, 'reg_lambda': 0.0004412896853692791, 'reg_alpha': 0.006291434917536935}. Best is trial 47 with value: 0.8273.[0m

18.97 sec -- {'mean_score': 0.8194, 'valid_scores': [0.8192, 0.8157, 0.8233], 'train_scores': [0.92, 0.9092, 0.903], 'params': {'learning_rate': 0.17406870409032174, 'min_child_weight': 62, 'max_depth': 5, 'subsample': 1.0, 'colsample_bytree': 0.9, 'reg_lambda': 0.00023777823049515555, 'reg_alpha': 0.004483804470000795}}
[32m[I 2021-01-05 01:51:54,374][0m Trial 48 finished with value: 0.8194 and parameters: {'learning_rate': 0.17406870409032174, 'min_child_weight': 62, 'max_depth': 5, 'subsample': 1.0, 'colsample_bytree': 0.9, 'reg_lambda': 0.00023777823049515555, 'reg_alpha': 0.004483804470000795}. Best is trial 47 with value: 0.8273.[0m

14.91 sec -- {'mean_score': 0.8277, 'valid_scores': [0.8239, 0.8326, 0.8267], 'train_scores': [0.9179, 0.9068, 0.8976], 'params': {'learning_rate': 0.19522490237174103, 'min_child_weight': 54, 'max_depth': 4, 'subsample': 0.9, 'colsample_bytree': 0.6, 'reg_lambda': 0.0004888241214539589, 'reg_alpha': 0.005748721996644979}}
