[32m[I 2021-01-04 16:44:57,793][0m Trial 144 finished with value: 0.7872 and parameters: {'learning_rate': 0.10658960829816809, 'min_child_weight': 85, 'max_depth': 1, 'subsample': 0.5323413797629423, 'colsample_bytree': 0.6682862854201701, 'reg_lambda': 0.2609503906219246, 'reg_alpha': 0.0008787002469961698}. Best is trial 115 with value: 0.8181.[0m

19.49 sec -- {'mean_score': 0.8035, 'valid_scores': [0.7995, 0.7869, 0.8241], 'train_scores': [0.9349, 0.9194, 0.9102], 'params': {'n_estimators': 500, 'learning_rate': 0.10382957808261913, 'min_child_weight': 10, 'max_depth': 5, 'gamma': 0, 'subsample': 0.8022384668771899, 'colsample_bytree': 0.8551089247528484, 'reg_lambda': 0.025526969128395846, 'reg_alpha': 0.0006087650198630117}}
[32m[I 2021-01-04 16:45:17,301][0m Trial 145 finished with value: 0.8035 and parameters: {'learning_rate': 0.10382957808261913, 'min_child_weight': 10, 'max_depth': 5, 'subsample': 0.8022384668771899, 'colsample_bytree': 0.8551089247528484, 'reg_lambda': 0.025526969128395846, 'reg_alpha': 0.0006087650198630117}. Best is trial 115 with value: 0.8181.[0m

10.92 sec -- {'mean_score': 0.8079, 'valid_scores': [0.8275, 0.7854, 0.8109], 'train_scores': [0.8951, 0.8815, 0.8732], 'params': {'n_estimators': 500, 'learning_rate': 0.06788259437679489, 'min_child_weight': 75, 'max_depth': 2, 'gamma': 0, 'subsample': 0.6603900985548217, 'colsample_bytree': 0.6162757077228598, 'reg_lambda': 0.10640913758367254, 'reg_alpha': 0.00012367016195488284}}
[32m[I 2021-01-04 16:45:28,238][0m Trial 146 finished with value: 0.8079 and parameters: {'learning_rate': 0.06788259437679489, 'min_child_weight': 75, 'max_depth': 2, 'subsample': 0.6603900985548217, 'colsample_bytree': 0.6162757077228598, 'reg_lambda': 0.10640913758367254, 'reg_alpha': 0.00012367016195488284}. Best is trial 115 with value: 0.8181.[0m

11.31 sec -- {'mean_score': 0.8157, 'valid_scores': [0.8332, 0.7963, 0.8176], 'train_scores': [0.9002, 0.8866, 0.8801], 'params': {'n_estimators': 500, 'learning_rate': 0.166187606388033, 'min_child_weight': 100, 'max_depth': 2, 'gamma': 0, 'subsample': 0.5433016127422429, 'colsample_bytree': 0.8679242932559164, 'reg_lambda': 0.029978388807743176, 'reg_alpha': 0.0007194478928492699}}
[32m[I 2021-01-04 16:45:39,572][0m Trial 147 finished with value: 0.8157 and parameters: {'learning_rate': 0.166187606388033, 'min_child_weight': 100, 'max_depth': 2, 'subsample': 0.5433016127422429, 'colsample_bytree': 0.8679242932559164, 'reg_lambda': 0.029978388807743176, 'reg_alpha': 0.0007194478928492699}. Best is trial 115 with value: 0.8181.[0m

10.8 sec -- {'mean_score': 0.8174, 'valid_scores': [0.8346, 0.7996, 0.8181], 'train_scores': [0.898, 0.8859, 0.8799], 'params': {'n_estimators': 500, 'learning_rate': 0.14176146593092173, 'min_child_weight': 99, 'max_depth': 2, 'gamma': 0, 'subsample': 0.5190459425128041, 'colsample_bytree': 0.8264143244661584, 'reg_lambda': 0.054203388864502926, 'reg_alpha': 0.00017287490385247607}}
[32m[I 2021-01-04 16:45:50,389][0m Trial 148 finished with value: 0.8174 and parameters: {'learning_rate': 0.14176146593092173, 'min_child_weight': 99, 'max_depth': 2, 'subsample': 0.5190459425128041, 'colsample_bytree': 0.8264143244661584, 'reg_lambda': 0.054203388864502926, 'reg_alpha': 0.00017287490385247607}. Best is trial 115 with value: 0.8181.[0m

16.56 sec -- {'mean_score': 0.8157, 'valid_scores': [0.8385, 0.7927, 0.816], 'train_scores': [0.899, 0.8866, 0.8777], 'params': {'n_estimators': 500, 'learning_rate': 0.13068210407538816, 'min_child_weight': 91, 'max_depth': 2, 'gamma': 0, 'subsample': 0.5511223110948078, 'colsample_bytree': 0.6021231298261388, 'reg_lambda': 0.029951749268417177, 'reg_alpha': 0.0002446606842694795}}
[32m[I 2021-01-04 16:46:06,971][0m Trial 149 finished with value: 0.8157 and parameters: {'learning_rate': 0.13068210407538816, 'min_child_weight': 91, 'max_depth': 2, 'subsample': 0.5511223110948078, 'colsample_bytree': 0.6021231298261388, 'reg_lambda': 0.029951749268417177, 'reg_alpha': 0.0002446606842694795}. Best is trial 115 with value: 0.8181.[0m

13.57 sec -- {'mean_score': 0.7825, 'valid_scores': [0.7808, 0.7655, 0.8013], 'train_scores': [0.8652, 0.8529, 0.8478], 'params': {'n_estimators': 500, 'learning_rate': 0.08271438924406482, 'min_child_weight': 92, 'max_depth': 1, 'gamma': 0, 'subsample': 0.5376812917789415, 'colsample_bytree': 0.5390073281248695, 'reg_lambda': 0.054604888542439216, 'reg_alpha': 0.00013052351648436012}}
[32m[I 2021-01-04 16:46:20,557][0m Trial 150 finished with value: 0.7825 and parameters: {'learning_rate': 0.08271438924406482, 'min_child_weight': 92, 'max_depth': 1, 'subsample': 0.5376812917789415, 'colsample_bytree': 0.5390073281248695, 'reg_lambda': 0.054604888542439216, 'reg_alpha': 0.00013052351648436012}. Best is trial 115 with value: 0.8181.[0m

20.22 sec -- {'mean_score': 0.8043, 'valid_scores': [0.8176, 0.7767, 0.8185], 'train_scores': [0.9055, 0.8892, 0.8828], 'params': {'n_estimators': 500, 'learning_rate': 0.027255876026317544, 'min_child_weight': 46, 'max_depth': 4, 'gamma': 0, 'subsample': 0.7614141640474978, 'colsample_bytree': 0.8354293613171085, 'reg_lambda': 0.0003756615610675773, 'reg_alpha': 0.9688859604776955}}
[32m[I 2021-01-04 16:46:40,792][0m Trial 151 finished with value: 0.8043 and parameters: {'learning_rate': 0.027255876026317544, 'min_child_weight': 46, 'max_depth': 4, 'subsample': 0.7614141640474978, 'colsample_bytree': 0.8354293613171085, 'reg_lambda': 0.0003756615610675773, 'reg_alpha': 0.9688859604776955}. Best is trial 115 with value: 0.8181.[0m

9.88 sec -- {'mean_score': 0.789, 'valid_scores': [0.7887, 0.7741, 0.8042], 'train_scores': [0.8696, 0.8587, 0.8531], 'params': {'n_estimators': 500, 'learning_rate': 0.12930397181518408, 'min_child_weight': 100, 'max_depth': 1, 'gamma': 0, 'subsample': 0.5383250880018305, 'colsample_bytree': 0.8348163410981451, 'reg_lambda': 0.15520579561624104, 'reg_alpha': 0.0003212467303972362}}
[32m[I 2021-01-04 16:46:50,686][0m Trial 152 finished with value: 0.789 and parameters: {'learning_rate': 0.12930397181518408, 'min_child_weight': 100, 'max_depth': 1, 'subsample': 0.5383250880018305, 'colsample_bytree': 0.8348163410981451, 'reg_lambda': 0.15520579561624104, 'reg_alpha': 0.0003212467303972362}. Best is trial 115 with value: 0.8181.[0m

9.99 sec -- {'mean_score': 0.7929, 'valid_scores': [0.7986, 0.7763, 0.8039], 'train_scores': [0.873, 0.8634, 0.8554], 'params': {'n_estimators': 500, 'learning_rate': 0.16774123560094029, 'min_child_weight': 93, 'max_depth': 1, 'gamma': 0, 'subsample': 0.5200251706537521, 'colsample_bytree': 0.8925115311977941, 'reg_lambda': 0.13397260677168613, 'reg_alpha': 0.00039171216827974556}}
[32m[I 2021-01-04 16:47:00,697][0m Trial 153 finished with value: 0.7929 and parameters: {'learning_rate': 0.16774123560094029, 'min_child_weight': 93, 'max_depth': 1, 'subsample': 0.5200251706537521, 'colsample_bytree': 0.8925115311977941, 'reg_lambda': 0.13397260677168613, 'reg_alpha': 0.00039171216827974556}. Best is trial 115 with value: 0.8181.[0m

16.67 sec -- {'mean_score': 0.8049, 'valid_scores': [0.8108, 0.7855, 0.8183], 'train_scores': [0.9155, 0.9058, 0.8957], 'params': {'n_estimators': 500, 'learning_rate': 0.12043936636536084, 'min_child_weight': 81, 'max_depth': 5, 'gamma': 0, 'subsample': 0.5222535474794769, 'colsample_bytree': 0.9410385792792064, 'reg_lambda': 0.002477820812251123, 'reg_alpha': 0.40495309415906183}}
[32m[I 2021-01-04 16:47:17,388][0m Trial 154 finished with value: 0.8049 and parameters: {'learning_rate': 0.12043936636536084, 'min_child_weight': 81, 'max_depth': 5, 'subsample': 0.5222535474794769, 'colsample_bytree': 0.9410385792792064, 'reg_lambda': 0.002477820812251123, 'reg_alpha': 0.40495309415906183}. Best is trial 115 with value: 0.8181.[0m

16.66 sec -- {'mean_score': 0.8138, 'valid_scores': [0.8333, 0.7873, 0.8209], 'train_scores': [0.9063, 0.8962, 0.8861], 'params': {'n_estimators': 500, 'learning_rate': 0.10552206291353994, 'min_child_weight': 95, 'max_depth': 3, 'gamma': 0, 'subsample': 0.6397616077131965, 'colsample_bytree': 0.8988520595494234, 'reg_lambda': 0.012456193744497659, 'reg_alpha': 0.00010382267753747056}}
[32m[I 2021-01-04 16:47:34,063][0m Trial 155 finished with value: 0.8138 and parameters: {'learning_rate': 0.10552206291353994, 'min_child_weight': 95, 'max_depth': 3, 'subsample': 0.6397616077131965, 'colsample_bytree': 0.8988520595494234, 'reg_lambda': 0.012456193744497659, 'reg_alpha': 0.00010382267753747056}. Best is trial 115 with value: 0.8181.[0m

19.27 sec -- {'mean_score': 0.8097, 'valid_scores': [0.8153, 0.795, 0.8187], 'train_scores': [0.9059, 0.8956, 0.8859], 'params': {'n_estimators': 500, 'learning_rate': 0.12568620844897074, 'min_child_weight': 86, 'max_depth': 3, 'gamma': 0, 'subsample': 0.5123102804248304, 'colsample_bytree': 0.7442149156444171, 'reg_lambda': 0.026269802203187923, 'reg_alpha': 0.00011842821592738221}}
[32m[I 2021-01-04 16:47:53,349][0m Trial 156 finished with value: 0.8097 and parameters: {'learning_rate': 0.12568620844897074, 'min_child_weight': 86, 'max_depth': 3, 'subsample': 0.5123102804248304, 'colsample_bytree': 0.7442149156444171, 'reg_lambda': 0.026269802203187923, 'reg_alpha': 0.00011842821592738221}. Best is trial 115 with value: 0.8181.[0m

20.12 sec -- {'mean_score': 0.8097, 'valid_scores': [0.8159, 0.7929, 0.8202], 'train_scores': [0.9064, 0.8952, 0.8864], 'params': {'n_estimators': 500, 'learning_rate': 0.1508328721476737, 'min_child_weight': 89, 'max_depth': 3, 'gamma': 0, 'subsample': 0.591100982865427, 'colsample_bytree': 0.4532412688235077, 'reg_lambda': 0.01651395173608333, 'reg_alpha': 0.00016187403813827753}}
[32m[I 2021-01-04 16:48:13,491][0m Trial 157 finished with value: 0.8097 and parameters: {'learning_rate': 0.1508328721476737, 'min_child_weight': 89, 'max_depth': 3, 'subsample': 0.591100982865427, 'colsample_bytree': 0.4532412688235077, 'reg_lambda': 0.01651395173608333, 'reg_alpha': 0.00016187403813827753}. Best is trial 115 with value: 0.8181.[0m

13.65 sec -- {'mean_score': 0.8114, 'valid_scores': [0.8153, 0.7984, 0.8206], 'train_scores': [0.9083, 0.897, 0.8898], 'params': {'n_estimators': 500, 'learning_rate': 0.18019807509325658, 'min_child_weight': 89, 'max_depth': 3, 'gamma': 0, 'subsample': 0.5876477369591941, 'colsample_bytree': 0.7306000590800618, 'reg_lambda': 0.016449449363724666, 'reg_alpha': 0.00012213466274679872}}
[32m[I 2021-01-04 16:48:27,156][0m Trial 158 finished with value: 0.8114 and parameters: {'learning_rate': 0.18019807509325658, 'min_child_weight': 89, 'max_depth': 3, 'subsample': 0.5876477369591941, 'colsample_bytree': 0.7306000590800618, 'reg_lambda': 0.016449449363724666, 'reg_alpha': 0.00012213466274679872}. Best is trial 115 with value: 0.8181.[0m

10.92 sec -- {'mean_score': 0.7894, 'valid_scores': [0.7902, 0.7731, 0.8048], 'train_scores': [0.8734, 0.8619, 0.8549], 'params': {'n_estimators': 500, 'learning_rate': 0.16586738963696607, 'min_child_weight': 97, 'max_depth': 1, 'gamma': 0, 'subsample': 0.6156457016648155, 'colsample_bytree': 0.8417507921141383, 'reg_lambda': 0.023605110871461197, 'reg_alpha': 0.0012162990724809523}}
[32m[I 2021-01-04 16:48:38,098][0m Trial 159 finished with value: 0.7894 and parameters: {'learning_rate': 0.16586738963696607, 'min_child_weight': 97, 'max_depth': 1, 'subsample': 0.6156457016648155, 'colsample_bytree': 0.8417507921141383, 'reg_lambda': 0.023605110871461197, 'reg_alpha': 0.0012162990724809523}. Best is trial 115 with value: 0.8181.[0m

13.61 sec -- {'mean_score': 0.808, 'valid_scores': [0.8209, 0.7835, 0.8196], 'train_scores': [0.9048, 0.8933, 0.8865], 'params': {'n_estimators': 500, 'learning_rate': 0.13968150429164677, 'min_child_weight': 97, 'max_depth': 3, 'gamma': 0, 'subsample': 0.5050083527575123, 'colsample_bytree': 0.754301393928094, 'reg_lambda': 0.06596837753148667, 'reg_alpha': 0.00014365094971568668}}
[32m[I 2021-01-04 16:48:51,727][0m Trial 160 finished with value: 0.808 and parameters: {'learning_rate': 0.13968150429164677, 'min_child_weight': 97, 'max_depth': 3, 'subsample': 0.5050083527575123, 'colsample_bytree': 0.754301393928094, 'reg_lambda': 0.06596837753148667, 'reg_alpha': 0.00014365094971568668}. Best is trial 115 with value: 0.8181.[0m

14.84 sec -- {'mean_score': 0.8134, 'valid_scores': [0.8338, 0.7904, 0.8161], 'train_scores': [0.9029, 0.8898, 0.8816], 'params': {'n_estimators': 500, 'learning_rate': 0.1629892010209129, 'min_child_weight': 72, 'max_depth': 2, 'gamma': 0, 'subsample': 0.7092535206444854, 'colsample_bytree': 0.8234799067179784, 'reg_lambda': 0.07465679988679477, 'reg_alpha': 0.00010262529500450875}}
[32m[I 2021-01-04 16:49:06,595][0m Trial 161 finished with value: 0.8134 and parameters: {'learning_rate': 0.1629892010209129, 'min_child_weight': 72, 'max_depth': 2, 'subsample': 0.7092535206444854, 'colsample_bytree': 0.8234799067179784, 'reg_lambda': 0.07465679988679477, 'reg_alpha': 0.00010262529500450875}. Best is trial 115 with value: 0.8181.[0m

15.46 sec -- {'mean_score': 0.7883, 'valid_scores': [0.7884, 0.773, 0.8035], 'train_scores': [0.8697, 0.8552, 0.8524], 'params': {'n_estimators': 500, 'learning_rate': 0.12026417131809394, 'min_child_weight': 96, 'max_depth': 1, 'gamma': 0, 'subsample': 0.5566705645576066, 'colsample_bytree': 0.8072589240362122, 'reg_lambda': 0.013251452609555415, 'reg_alpha': 0.0006318998352357461}}
[32m[I 2021-01-04 16:49:22,125][0m Trial 162 finished with value: 0.7883 and parameters: {'learning_rate': 0.12026417131809394, 'min_child_weight': 96, 'max_depth': 1, 'subsample': 0.5566705645576066, 'colsample_bytree': 0.8072589240362122, 'reg_lambda': 0.013251452609555415, 'reg_alpha': 0.0006318998352357461}. Best is trial 115 with value: 0.8181.[0m

14.72 sec -- {'mean_score': 0.8167, 'valid_scores': [0.8346, 0.7978, 0.8176], 'train_scores': [0.8991, 0.888, 0.8806], 'params': {'n_estimators': 500, 'learning_rate': 0.1550902138113044, 'min_child_weight': 93, 'max_depth': 2, 'gamma': 0, 'subsample': 0.583644659275484, 'colsample_bytree': 0.5288043760878454, 'reg_lambda': 0.12880821550635094, 'reg_alpha': 0.0007345236812461079}}
[32m[I 2021-01-04 16:49:36,885][0m Trial 163 finished with value: 0.8167 and parameters: {'learning_rate': 0.1550902138113044, 'min_child_weight': 93, 'max_depth': 2, 'subsample': 0.583644659275484, 'colsample_bytree': 0.5288043760878454, 'reg_lambda': 0.12880821550635094, 'reg_alpha': 0.0007345236812461079}. Best is trial 115 with value: 0.8181.[0m

11.39 sec -- {'mean_score': 0.7898, 'valid_scores': [0.7909, 0.7738, 0.8047], 'train_scores': [0.8723, 0.861, 0.8542], 'params': {'n_estimators': 500, 'learning_rate': 0.16099295617920492, 'min_child_weight': 89, 'max_depth': 1, 'gamma': 0, 'subsample': 0.5760301628248615, 'colsample_bytree': 0.43483871095595394, 'reg_lambda': 0.03268456986132967, 'reg_alpha': 0.0067680878688226144}}
[32m[I 2021-01-04 16:49:48,303][0m Trial 164 finished with value: 0.7898 and parameters: {'learning_rate': 0.16099295617920492, 'min_child_weight': 89, 'max_depth': 1, 'subsample': 0.5760301628248615, 'colsample_bytree': 0.43483871095595394, 'reg_lambda': 0.03268456986132967, 'reg_alpha': 0.0067680878688226144}. Best is trial 115 with value: 0.8181.[0m

11.22 sec -- {'mean_score': 0.816, 'valid_scores': [0.8357, 0.7934, 0.8189], 'train_scores': [0.8988, 0.8878, 0.8797], 'params': {'n_estimators': 500, 'learning_rate': 0.14303306244757671, 'min_child_weight': 84, 'max_depth': 2, 'gamma': 0, 'subsample': 0.5373508881048125, 'colsample_bytree': 0.8195972268708183, 'reg_lambda': 0.000733925554012722, 'reg_alpha': 0.002933222433323402}}
[32m[I 2021-01-04 16:49:59,540][0m Trial 165 finished with value: 0.816 and parameters: {'learning_rate': 0.14303306244757671, 'min_child_weight': 84, 'max_depth': 2, 'subsample': 0.5373508881048125, 'colsample_bytree': 0.8195972268708183, 'reg_lambda': 0.000733925554012722, 'reg_alpha': 0.002933222433323402}. Best is trial 115 with value: 0.8181.[0m

10.85 sec -- {'mean_score': 0.7879, 'valid_scores': [0.7885, 0.7712, 0.8039], 'train_scores': [0.871, 0.8591, 0.8536], 'params': {'n_estimators': 500, 'learning_rate': 0.1396619380260307, 'min_child_weight': 75, 'max_depth': 1, 'gamma': 0, 'subsample': 0.5797462348897071, 'colsample_bytree': 0.5582945809427855, 'reg_lambda': 0.14219120086123768, 'reg_alpha': 0.0002214493153212299}}
[32m[I 2021-01-04 16:50:10,435][0m Trial 166 finished with value: 0.7879 and parameters: {'learning_rate': 0.1396619380260307, 'min_child_weight': 75, 'max_depth': 1, 'subsample': 0.5797462348897071, 'colsample_bytree': 0.5582945809427855, 'reg_lambda': 0.14219120086123768, 'reg_alpha': 0.0002214493153212299}. Best is trial 115 with value: 0.8181.[0m

11.59 sec -- {'mean_score': 0.7501, 'valid_scores': [0.7477, 0.7498, 0.7527], 'train_scores': [0.843, 0.8143, 0.7996], 'params': {'n_estimators': 500, 'learning_rate': 0.0036657223329733257, 'min_child_weight': 15, 'max_depth': 2, 'gamma': 0, 'subsample': 0.7378717212611612, 'colsample_bytree': 0.34660839285381, 'reg_lambda': 0.0001546278301836944, 'reg_alpha': 0.15249062210053868}}
[32m[I 2021-01-04 16:50:22,040][0m Trial 167 finished with value: 0.7501 and parameters: {'learning_rate': 0.0036657223329733257, 'min_child_weight': 15, 'max_depth': 2, 'subsample': 0.7378717212611612, 'colsample_bytree': 0.34660839285381, 'reg_lambda': 0.0001546278301836944, 'reg_alpha': 0.15249062210053868}. Best is trial 115 with value: 0.8181.[0m

15.01 sec -- {'mean_score': 0.8047, 'valid_scores': [0.8117, 0.7835, 0.8189], 'train_scores': [0.9072, 0.8959, 0.8863], 'params': {'n_estimators': 500, 'learning_rate': 0.12799263797479993, 'min_child_weight': 96, 'max_depth': 3, 'gamma': 0, 'subsample': 0.7279838529490972, 'colsample_bytree': 0.5890347253331815, 'reg_lambda': 0.028302019862883814, 'reg_alpha': 0.002575011355196806}}
[32m[I 2021-01-04 16:50:37,072][0m Trial 168 finished with value: 0.8047 and parameters: {'learning_rate': 0.12799263797479993, 'min_child_weight': 96, 'max_depth': 3, 'subsample': 0.7279838529490972, 'colsample_bytree': 0.5890347253331815, 'reg_lambda': 0.028302019862883814, 'reg_alpha': 0.002575011355196806}. Best is trial 115 with value: 0.8181.[0m

21.16 sec -- {'mean_score': 0.8078, 'valid_scores': [0.8202, 0.7854, 0.8179], 'train_scores': [0.9062, 0.8949, 0.8874], 'params': {'n_estimators': 500, 'learning_rate': 0.1564303644406165, 'min_child_weight': 95, 'max_depth': 3, 'gamma': 0, 'subsample': 0.5356330332517536, 'colsample_bytree': 0.8135832249599986, 'reg_lambda': 0.000313255193861675, 'reg_alpha': 0.0038794743868373434}}
[32m[I 2021-01-04 16:50:58,247][0m Trial 169 finished with value: 0.8078 and parameters: {'learning_rate': 0.1564303644406165, 'min_child_weight': 95, 'max_depth': 3, 'subsample': 0.5356330332517536, 'colsample_bytree': 0.8135832249599986, 'reg_lambda': 0.000313255193861675, 'reg_alpha': 0.0038794743868373434}. Best is trial 115 with value: 0.8181.[0m

21.17 sec -- {'mean_score': 0.8024, 'valid_scores': [0.7971, 0.7851, 0.8251], 'train_scores': [0.9378, 0.9227, 0.9147], 'params': {'n_estimators': 500, 'learning_rate': 0.19644171938604066, 'min_child_weight': 10, 'max_depth': 5, 'gamma': 0, 'subsample': 0.683333408590284, 'colsample_bytree': 0.3597423688666854, 'reg_lambda': 0.03880045352209609, 'reg_alpha': 0.0008177088649527403}}
[32m[I 2021-01-04 16:51:19,439][0m Trial 170 finished with value: 0.8024 and parameters: {'learning_rate': 0.19644171938604066, 'min_child_weight': 10, 'max_depth': 5, 'subsample': 0.683333408590284, 'colsample_bytree': 0.3597423688666854, 'reg_lambda': 0.03880045352209609, 'reg_alpha': 0.0008177088649527403}. Best is trial 115 with value: 0.8181.[0m

10.92 sec -- {'mean_score': 0.8149, 'valid_scores': [0.8355, 0.793, 0.8161], 'train_scores': [0.9002, 0.8891, 0.8805], 'params': {'n_estimators': 500, 'learning_rate': 0.15880686928991156, 'min_child_weight': 90, 'max_depth': 2, 'gamma': 0, 'subsample': 0.6931145970097283, 'colsample_bytree': 0.7107926645457721, 'reg_lambda': 0.10018304228051753, 'reg_alpha': 0.00017777541318399326}}
[32m[I 2021-01-04 16:51:30,384][0m Trial 171 finished with value: 0.8149 and parameters: {'learning_rate': 0.15880686928991156, 'min_child_weight': 90, 'max_depth': 2, 'subsample': 0.6931145970097283, 'colsample_bytree': 0.7107926645457721, 'reg_lambda': 0.10018304228051753, 'reg_alpha': 0.00017777541318399326}. Best is trial 115 with value: 0.8181.[0m

10.41 sec -- {'mean_score': 0.7907, 'valid_scores': [0.7933, 0.776, 0.8029], 'train_scores': [0.8733, 0.8611, 0.8545], 'params': {'n_estimators': 500, 'learning_rate': 0.15640693660077867, 'min_child_weight': 60, 'max_depth': 1, 'gamma': 0, 'subsample': 0.5284807916048647, 'colsample_bytree': 0.8332519393978677, 'reg_lambda': 0.0430153619134384, 'reg_alpha': 0.03992022152998957}}
[32m[I 2021-01-04 16:51:40,818][0m Trial 172 finished with value: 0.7907 and parameters: {'learning_rate': 0.15640693660077867, 'min_child_weight': 60, 'max_depth': 1, 'subsample': 0.5284807916048647, 'colsample_bytree': 0.8332519393978677, 'reg_lambda': 0.0430153619134384, 'reg_alpha': 0.03992022152998957}. Best is trial 115 with value: 0.8181.[0m

13.03 sec -- {'mean_score': 0.8141, 'valid_scores': [0.8336, 0.7908, 0.8178], 'train_scores': [0.9008, 0.8881, 0.883], 'params': {'n_estimators': 500, 'learning_rate': 0.19007537200549618, 'min_child_weight': 90, 'max_depth': 2, 'gamma': 0, 'subsample': 0.5294205503033323, 'colsample_bytree': 0.8119354483217408, 'reg_lambda': 0.034823215633128984, 'reg_alpha': 0.00021976140140578745}}
