[32m[I 2021-01-04 16:51:53,866][0m Trial 173 finished with value: 0.8141 and parameters: {'learning_rate': 0.19007537200549618, 'min_child_weight': 90, 'max_depth': 2, 'subsample': 0.5294205503033323, 'colsample_bytree': 0.8119354483217408, 'reg_lambda': 0.034823215633128984, 'reg_alpha': 0.00021976140140578745}. Best is trial 115 with value: 0.8181.[0m

16.54 sec -- {'mean_score': 0.8093, 'valid_scores': [0.8201, 0.7889, 0.8189], 'train_scores': [0.9078, 0.8943, 0.8854], 'params': {'n_estimators': 500, 'learning_rate': 0.14207567612977945, 'min_child_weight': 98, 'max_depth': 3, 'gamma': 0, 'subsample': 0.7102353452346236, 'colsample_bytree': 0.4356730727733603, 'reg_lambda': 0.1735935690620493, 'reg_alpha': 0.00037472055436719613}}
[32m[I 2021-01-04 16:52:10,421][0m Trial 174 finished with value: 0.8093 and parameters: {'learning_rate': 0.14207567612977945, 'min_child_weight': 98, 'max_depth': 3, 'subsample': 0.7102353452346236, 'colsample_bytree': 0.4356730727733603, 'reg_lambda': 0.1735935690620493, 'reg_alpha': 0.00037472055436719613}. Best is trial 115 with value: 0.8181.[0m

26.34 sec -- {'mean_score': 0.811, 'valid_scores': [0.8164, 0.7948, 0.8218], 'train_scores': [0.9121, 0.8988, 0.8905], 'params': {'n_estimators': 500, 'learning_rate': 0.16356665213447313, 'min_child_weight': 68, 'max_depth': 3, 'gamma': 0, 'subsample': 0.6083421761842963, 'colsample_bytree': 0.7667969545174389, 'reg_lambda': 0.00038124744619980316, 'reg_alpha': 0.00796030383636099}}
[32m[I 2021-01-04 16:52:36,783][0m Trial 175 finished with value: 0.811 and parameters: {'learning_rate': 0.16356665213447313, 'min_child_weight': 68, 'max_depth': 3, 'subsample': 0.6083421761842963, 'colsample_bytree': 0.7667969545174389, 'reg_lambda': 0.00038124744619980316, 'reg_alpha': 0.00796030383636099}. Best is trial 115 with value: 0.8181.[0m

11.32 sec -- {'mean_score': 0.7883, 'valid_scores': [0.7887, 0.7729, 0.8033], 'train_scores': [0.8715, 0.8641, 0.8546], 'params': {'n_estimators': 500, 'learning_rate': 0.1831586803111626, 'min_child_weight': 92, 'max_depth': 1, 'gamma': 0, 'subsample': 0.7302645824412589, 'colsample_bytree': 0.8869360767866685, 'reg_lambda': 0.00017210955225596702, 'reg_alpha': 0.00021963933665658845}}
[32m[I 2021-01-04 16:52:48,127][0m Trial 176 finished with value: 0.7883 and parameters: {'learning_rate': 0.1831586803111626, 'min_child_weight': 92, 'max_depth': 1, 'subsample': 0.7302645824412589, 'colsample_bytree': 0.8869360767866685, 'reg_lambda': 0.00017210955225596702, 'reg_alpha': 0.00021963933665658845}. Best is trial 115 with value: 0.8181.[0m
