[32m[I 2021-01-04 16:18:18,491][0m Trial 28 finished with value: 0.785 and parameters: {'learning_rate': 0.10252904551703718, 'min_child_weight': 73, 'max_depth': 1, 'subsample': 0.6946107885909619, 'colsample_bytree': 0.71105734705129, 'reg_lambda': 0.0016357151337157028, 'reg_alpha': 0.00012799059386223153}. Best is trial 24 with value: 0.8131.[0m

11.64 sec -- {'mean_score': 0.8023, 'valid_scores': [0.7964, 0.7865, 0.8241], 'train_scores': [0.9331, 0.9174, 0.9085], 'params': {'n_estimators': 500, 'learning_rate': 0.19881045545430348, 'min_child_weight': 10, 'max_depth': 4, 'gamma': 0, 'subsample': 0.9495003993104946, 'colsample_bytree': 0.45662468446318394, 'reg_lambda': 0.042306102054162804, 'reg_alpha': 0.07786331406695512}}
[32m[I 2021-01-04 16:18:30,148][0m Trial 29 finished with value: 0.8023 and parameters: {'learning_rate': 0.19881045545430348, 'min_child_weight': 10, 'max_depth': 4, 'subsample': 0.9495003993104946, 'colsample_bytree': 0.45662468446318394, 'reg_lambda': 0.042306102054162804, 'reg_alpha': 0.07786331406695512}. Best is trial 24 with value: 0.8131.[0m

8.5 sec -- {'mean_score': 0.7865, 'valid_scores': [0.784, 0.7722, 0.8033], 'train_scores': [0.8687, 0.8552, 0.8534], 'params': {'n_estimators': 500, 'learning_rate': 0.12544627019290888, 'min_child_weight': 95, 'max_depth': 1, 'gamma': 0, 'subsample': 0.5049226797485072, 'colsample_bytree': 0.4221325006568072, 'reg_lambda': 0.0003845395701291024, 'reg_alpha': 0.006565413852869733}}
[32m[I 2021-01-04 16:18:38,664][0m Trial 30 finished with value: 0.7865 and parameters: {'learning_rate': 0.12544627019290888, 'min_child_weight': 95, 'max_depth': 1, 'subsample': 0.5049226797485072, 'colsample_bytree': 0.4221325006568072, 'reg_lambda': 0.0003845395701291024, 'reg_alpha': 0.006565413852869733}. Best is trial 24 with value: 0.8131.[0m

9.71 sec -- {'mean_score': 0.8144, 'valid_scores': [0.8354, 0.7937, 0.8141], 'train_scores': [0.8965, 0.8836, 0.8759], 'params': {'n_estimators': 500, 'learning_rate': 0.08930048447992371, 'min_child_weight': 91, 'max_depth': 2, 'gamma': 0, 'subsample': 0.6030376903007445, 'colsample_bytree': 0.8814542648599333, 'reg_lambda': 0.0007805956632818953, 'reg_alpha': 0.0005665301330123965}}
[32m[I 2021-01-04 16:18:48,391][0m Trial 31 finished with value: 0.8144 and parameters: {'learning_rate': 0.08930048447992371, 'min_child_weight': 91, 'max_depth': 2, 'subsample': 0.6030376903007445, 'colsample_bytree': 0.8814542648599333, 'reg_lambda': 0.0007805956632818953, 'reg_alpha': 0.0005665301330123965}. Best is trial 31 with value: 0.8144.[0m

8.85 sec -- {'mean_score': 0.7839, 'valid_scores': [0.7822, 0.7671, 0.8025], 'train_scores': [0.8662, 0.8537, 0.8488], 'params': {'n_estimators': 500, 'learning_rate': 0.08921473354037047, 'min_child_weight': 96, 'max_depth': 1, 'gamma': 0, 'subsample': 0.5816060059218734, 'colsample_bytree': 0.9148109420854903, 'reg_lambda': 0.0005841444338004286, 'reg_alpha': 0.0005893094565227091}}
[32m[I 2021-01-04 16:18:57,252][0m Trial 32 finished with value: 0.7839 and parameters: {'learning_rate': 0.08921473354037047, 'min_child_weight': 96, 'max_depth': 1, 'subsample': 0.5816060059218734, 'colsample_bytree': 0.9148109420854903, 'reg_lambda': 0.0005841444338004286, 'reg_alpha': 0.0005893094565227091}. Best is trial 31 with value: 0.8144.[0m

10.15 sec -- {'mean_score': 0.81, 'valid_scores': [0.8261, 0.7898, 0.8141], 'train_scores': [0.8986, 0.8861, 0.8787], 'params': {'n_estimators': 500, 'learning_rate': 0.10290751923567573, 'min_child_weight': 50, 'max_depth': 2, 'gamma': 0, 'subsample': 0.6328877966080243, 'colsample_bytree': 0.9494320229500084, 'reg_lambda': 0.00019365410290466504, 'reg_alpha': 0.0001230148460285723}}
[32m[I 2021-01-04 16:19:07,414][0m Trial 33 finished with value: 0.81 and parameters: {'learning_rate': 0.10290751923567573, 'min_child_weight': 50, 'max_depth': 2, 'subsample': 0.6328877966080243, 'colsample_bytree': 0.9494320229500084, 'reg_lambda': 0.00019365410290466504, 'reg_alpha': 0.0001230148460285723}. Best is trial 31 with value: 0.8144.[0m

8.79 sec -- {'mean_score': 0.7833, 'valid_scores': [0.7824, 0.7661, 0.8015], 'train_scores': [0.8654, 0.8536, 0.8483], 'params': {'n_estimators': 500, 'learning_rate': 0.08852336254288648, 'min_child_weight': 62, 'max_depth': 1, 'gamma': 0, 'subsample': 0.5711431851622358, 'colsample_bytree': 0.7539093442661308, 'reg_lambda': 0.00011244704189793898, 'reg_alpha': 0.0426480648517379}}
[32m[I 2021-01-04 16:19:16,222][0m Trial 34 finished with value: 0.7833 and parameters: {'learning_rate': 0.08852336254288648, 'min_child_weight': 62, 'max_depth': 1, 'subsample': 0.5711431851622358, 'colsample_bytree': 0.7539093442661308, 'reg_lambda': 0.00011244704189793898, 'reg_alpha': 0.0426480648517379}. Best is trial 31 with value: 0.8144.[0m

13.18 sec -- {'mean_score': 0.8078, 'valid_scores': [0.8133, 0.7894, 0.8206], 'train_scores': [0.9164, 0.9039, 0.8933], 'params': {'n_estimators': 500, 'learning_rate': 0.12270903610299343, 'min_child_weight': 58, 'max_depth': 4, 'gamma': 0, 'subsample': 0.5193602220993561, 'colsample_bytree': 0.8903540718779758, 'reg_lambda': 0.0002785782624954786, 'reg_alpha': 0.005736512003801207}}
[32m[I 2021-01-04 16:19:29,421][0m Trial 35 finished with value: 0.8078 and parameters: {'learning_rate': 0.12270903610299343, 'min_child_weight': 58, 'max_depth': 4, 'subsample': 0.5193602220993561, 'colsample_bytree': 0.8903540718779758, 'reg_lambda': 0.0002785782624954786, 'reg_alpha': 0.005736512003801207}. Best is trial 31 with value: 0.8144.[0m

10.05 sec -- {'mean_score': 0.8144, 'valid_scores': [0.8373, 0.7913, 0.8146], 'train_scores': [0.8978, 0.8864, 0.8781], 'params': {'n_estimators': 500, 'learning_rate': 0.1097454126200265, 'min_child_weight': 92, 'max_depth': 2, 'gamma': 0, 'subsample': 0.5931360990491743, 'colsample_bytree': 0.6971848145699092, 'reg_lambda': 0.00011351753155612142, 'reg_alpha': 0.00011672823187759792}}
[32m[I 2021-01-04 16:19:39,496][0m Trial 36 finished with value: 0.8144 and parameters: {'learning_rate': 0.1097454126200265, 'min_child_weight': 92, 'max_depth': 2, 'subsample': 0.5931360990491743, 'colsample_bytree': 0.6971848145699092, 'reg_lambda': 0.00011351753155612142, 'reg_alpha': 0.00011672823187759792}. Best is trial 31 with value: 0.8144.[0m

15.03 sec -- {'mean_score': 0.8054, 'valid_scores': [0.804, 0.7901, 0.822], 'train_scores': [0.917, 0.9048, 0.8972], 'params': {'n_estimators': 500, 'learning_rate': 0.12453313296393886, 'min_child_weight': 83, 'max_depth': 5, 'gamma': 0, 'subsample': 0.6767512221482844, 'colsample_bytree': 0.777543036601025, 'reg_lambda': 0.00031898977072518326, 'reg_alpha': 0.0001594470182505681}}
[32m[I 2021-01-04 16:19:54,546][0m Trial 37 finished with value: 0.8054 and parameters: {'learning_rate': 0.12453313296393886, 'min_child_weight': 83, 'max_depth': 5, 'subsample': 0.6767512221482844, 'colsample_bytree': 0.777543036601025, 'reg_lambda': 0.00031898977072518326, 'reg_alpha': 0.0001594470182505681}. Best is trial 31 with value: 0.8144.[0m

10.68 sec -- {'mean_score': 0.8139, 'valid_scores': [0.8381, 0.7887, 0.815], 'train_scores': [0.8985, 0.8866, 0.878], 'params': {'n_estimators': 500, 'learning_rate': 0.1214716229455176, 'min_child_weight': 92, 'max_depth': 2, 'gamma': 0, 'subsample': 0.6261085785143964, 'colsample_bytree': 0.6232930325232877, 'reg_lambda': 0.00042963554976221876, 'reg_alpha': 0.0001901193473013795}}
[32m[I 2021-01-04 16:20:05,238][0m Trial 38 finished with value: 0.8139 and parameters: {'learning_rate': 0.1214716229455176, 'min_child_weight': 92, 'max_depth': 2, 'subsample': 0.6261085785143964, 'colsample_bytree': 0.6232930325232877, 'reg_lambda': 0.00042963554976221876, 'reg_alpha': 0.0001901193473013795}. Best is trial 31 with value: 0.8144.[0m

16.54 sec -- {'mean_score': 0.8056, 'valid_scores': [0.8098, 0.7866, 0.8205], 'train_scores': [0.9076, 0.8986, 0.8887], 'params': {'n_estimators': 500, 'learning_rate': 0.07140323286833666, 'min_child_weight': 94, 'max_depth': 5, 'gamma': 0, 'subsample': 0.5219058458768565, 'colsample_bytree': 0.9696861759186373, 'reg_lambda': 0.018274471785554115, 'reg_alpha': 0.00013911373328753907}}
[32m[I 2021-01-04 16:20:21,792][0m Trial 39 finished with value: 0.8056 and parameters: {'learning_rate': 0.07140323286833666, 'min_child_weight': 94, 'max_depth': 5, 'subsample': 0.5219058458768565, 'colsample_bytree': 0.9696861759186373, 'reg_lambda': 0.018274471785554115, 'reg_alpha': 0.00013911373328753907}. Best is trial 31 with value: 0.8144.[0m

8.77 sec -- {'mean_score': 0.7881, 'valid_scores': [0.7873, 0.7726, 0.8045], 'train_scores': [0.8698, 0.8588, 0.8534], 'params': {'n_estimators': 500, 'learning_rate': 0.1504861771824398, 'min_child_weight': 86, 'max_depth': 1, 'gamma': 0, 'subsample': 0.7156376965534719, 'colsample_bytree': 0.4619074492929639, 'reg_lambda': 0.0004492977807676995, 'reg_alpha': 0.0002852557420503688}}
[32m[I 2021-01-04 16:20:30,578][0m Trial 40 finished with value: 0.7881 and parameters: {'learning_rate': 0.1504861771824398, 'min_child_weight': 86, 'max_depth': 1, 'subsample': 0.7156376965534719, 'colsample_bytree': 0.4619074492929639, 'reg_lambda': 0.0004492977807676995, 'reg_alpha': 0.0002852557420503688}. Best is trial 31 with value: 0.8144.[0m

10.99 sec -- {'mean_score': 0.808, 'valid_scores': [0.8189, 0.7873, 0.8177], 'train_scores': [0.9058, 0.8943, 0.8842], 'params': {'n_estimators': 500, 'learning_rate': 0.12653171863998725, 'min_child_weight': 93, 'max_depth': 3, 'gamma': 0, 'subsample': 0.5005877003623488, 'colsample_bytree': 0.754514818154923, 'reg_lambda': 0.0001082005684826181, 'reg_alpha': 0.0004321969731041279}}
[32m[I 2021-01-04 16:20:41,584][0m Trial 41 finished with value: 0.808 and parameters: {'learning_rate': 0.12653171863998725, 'min_child_weight': 93, 'max_depth': 3, 'subsample': 0.5005877003623488, 'colsample_bytree': 0.754514818154923, 'reg_lambda': 0.0001082005684826181, 'reg_alpha': 0.0004321969731041279}. Best is trial 31 with value: 0.8144.[0m

9.56 sec -- {'mean_score': 0.8162, 'valid_scores': [0.8376, 0.7934, 0.8175], 'train_scores': [0.9003, 0.8872, 0.8789], 'params': {'n_estimators': 500, 'learning_rate': 0.1493211259288928, 'min_child_weight': 94, 'max_depth': 2, 'gamma': 0, 'subsample': 0.6320438368743546, 'colsample_bytree': 0.7273975805505163, 'reg_lambda': 0.000142207047162279, 'reg_alpha': 0.00011643284879319502}}
[32m[I 2021-01-04 16:20:51,163][0m Trial 42 finished with value: 0.8162 and parameters: {'learning_rate': 0.1493211259288928, 'min_child_weight': 94, 'max_depth': 2, 'subsample': 0.6320438368743546, 'colsample_bytree': 0.7273975805505163, 'reg_lambda': 0.000142207047162279, 'reg_alpha': 0.00011643284879319502}. Best is trial 42 with value: 0.8162.[0m

8.42 sec -- {'mean_score': 0.7871, 'valid_scores': [0.7863, 0.7709, 0.8041], 'train_scores': [0.8702, 0.8568, 0.8538], 'params': {'n_estimators': 500, 'learning_rate': 0.1294446799398429, 'min_child_weight': 90, 'max_depth': 1, 'gamma': 0, 'subsample': 0.6272268290533717, 'colsample_bytree': 0.6336555149011903, 'reg_lambda': 0.00014826236111614458, 'reg_alpha': 0.00027291779193301273}}
[32m[I 2021-01-04 16:20:59,601][0m Trial 43 finished with value: 0.7871 and parameters: {'learning_rate': 0.1294446799398429, 'min_child_weight': 90, 'max_depth': 1, 'subsample': 0.6272268290533717, 'colsample_bytree': 0.6336555149011903, 'reg_lambda': 0.00014826236111614458, 'reg_alpha': 0.00027291779193301273}. Best is trial 42 with value: 0.8162.[0m

14.76 sec -- {'mean_score': 0.8047, 'valid_scores': [0.8013, 0.7878, 0.8249], 'train_scores': [0.9281, 0.9146, 0.9056], 'params': {'n_estimators': 500, 'learning_rate': 0.11753990493458297, 'min_child_weight': 36, 'max_depth': 5, 'gamma': 0, 'subsample': 0.749198523463585, 'colsample_bytree': 0.997933998282405, 'reg_lambda': 0.1286504020808854, 'reg_alpha': 0.0890142521308328}}
[32m[I 2021-01-04 16:21:14,379][0m Trial 44 finished with value: 0.8047 and parameters: {'learning_rate': 0.11753990493458297, 'min_child_weight': 36, 'max_depth': 5, 'subsample': 0.749198523463585, 'colsample_bytree': 0.997933998282405, 'reg_lambda': 0.1286504020808854, 'reg_alpha': 0.0890142521308328}. Best is trial 42 with value: 0.8162.[0m

32.88 sec -- {'mean_score': 0.7936, 'valid_scores': [0.782, 0.7835, 0.8153], 'train_scores': [0.9616, 0.9516, 0.9447], 'params': {'n_estimators': 500, 'learning_rate': 0.13997496686617453, 'min_child_weight': 16, 'max_depth': 10, 'gamma': 0, 'subsample': 0.6300337312669146, 'colsample_bytree': 0.8803896673011122, 'reg_lambda': 0.0003546258558626333, 'reg_alpha': 0.5398373128855946}}
[32m[I 2021-01-04 16:21:47,278][0m Trial 45 finished with value: 0.7936 and parameters: {'learning_rate': 0.13997496686617453, 'min_child_weight': 16, 'max_depth': 10, 'subsample': 0.6300337312669146, 'colsample_bytree': 0.8803896673011122, 'reg_lambda': 0.0003546258558626333, 'reg_alpha': 0.5398373128855946}. Best is trial 42 with value: 0.8162.[0m

16.77 sec -- {'mean_score': 0.794, 'valid_scores': [0.7971, 0.7694, 0.8156], 'train_scores': [0.9039, 0.8905, 0.8813], 'params': {'n_estimators': 500, 'learning_rate': 0.014423008740552107, 'min_child_weight': 51, 'max_depth': 6, 'gamma': 0, 'subsample': 0.745099670097841, 'colsample_bytree': 0.4663111820613486, 'reg_lambda': 0.02726307614075782, 'reg_alpha': 0.0003396672106409748}}
[32m[I 2021-01-04 16:22:04,070][0m Trial 46 finished with value: 0.794 and parameters: {'learning_rate': 0.014423008740552107, 'min_child_weight': 51, 'max_depth': 6, 'subsample': 0.745099670097841, 'colsample_bytree': 0.4663111820613486, 'reg_lambda': 0.02726307614075782, 'reg_alpha': 0.0003396672106409748}. Best is trial 42 with value: 0.8162.[0m

22.32 sec -- {'mean_score': 0.797, 'valid_scores': [0.7917, 0.7793, 0.8199], 'train_scores': [0.9336, 0.9255, 0.9187], 'params': {'n_estimators': 500, 'learning_rate': 0.15941541248313484, 'min_child_weight': 69, 'max_depth': 10, 'gamma': 0, 'subsample': 0.9043385093236516, 'colsample_bytree': 0.6580333878185375, 'reg_lambda': 0.41565957646852725, 'reg_alpha': 0.13845003894053365}}
[32m[I 2021-01-04 16:22:26,404][0m Trial 47 finished with value: 0.797 and parameters: {'learning_rate': 0.15941541248313484, 'min_child_weight': 69, 'max_depth': 10, 'subsample': 0.9043385093236516, 'colsample_bytree': 0.6580333878185375, 'reg_lambda': 0.41565957646852725, 'reg_alpha': 0.13845003894053365}. Best is trial 42 with value: 0.8162.[0m

11.08 sec -- {'mean_score': 0.8096, 'valid_scores': [0.8214, 0.7884, 0.8191], 'train_scores': [0.9088, 0.8982, 0.8884], 'params': {'n_estimators': 500, 'learning_rate': 0.15232446497619145, 'min_child_weight': 100, 'max_depth': 3, 'gamma': 0, 'subsample': 0.747066966053015, 'colsample_bytree': 0.8047562624515991, 'reg_lambda': 0.00016417813154200216, 'reg_alpha': 0.00024983916169914265}}
[32m[I 2021-01-04 16:22:37,501][0m Trial 48 finished with value: 0.8096 and parameters: {'learning_rate': 0.15232446497619145, 'min_child_weight': 100, 'max_depth': 3, 'subsample': 0.747066966053015, 'colsample_bytree': 0.8047562624515991, 'reg_lambda': 0.00016417813154200216, 'reg_alpha': 0.00024983916169914265}. Best is trial 42 with value: 0.8162.[0m

12.65 sec -- {'mean_score': 0.8087, 'valid_scores': [0.8121, 0.7931, 0.821], 'train_scores': [0.9159, 0.9048, 0.8945], 'params': {'n_estimators': 500, 'learning_rate': 0.19078367151704903, 'min_child_weight': 80, 'max_depth': 4, 'gamma': 0, 'subsample': 0.6065808686894578, 'colsample_bytree': 0.8049826291291241, 'reg_lambda': 0.0009540444067889345, 'reg_alpha': 0.00011811735076142011}}
[32m[I 2021-01-04 16:22:50,171][0m Trial 49 finished with value: 0.8087 and parameters: {'learning_rate': 0.19078367151704903, 'min_child_weight': 80, 'max_depth': 4, 'subsample': 0.6065808686894578, 'colsample_bytree': 0.8049826291291241, 'reg_lambda': 0.0009540444067889345, 'reg_alpha': 0.00011811735076142011}. Best is trial 42 with value: 0.8162.[0m

19.39 sec -- {'mean_score': 0.7916, 'valid_scores': [0.7953, 0.767, 0.8124], 'train_scores': [0.8987, 0.8831, 0.8777], 'params': {'n_estimators': 500, 'learning_rate': 0.00790433128359841, 'min_child_weight': 20, 'max_depth': 6, 'gamma': 0, 'subsample': 0.9740409617162651, 'colsample_bytree': 0.7411234219162008, 'reg_lambda': 0.009130496414512622, 'reg_alpha': 0.009940897200180682}}
[32m[I 2021-01-04 16:23:09,574][0m Trial 50 finished with value: 0.7916 and parameters: {'learning_rate': 0.00790433128359841, 'min_child_weight': 20, 'max_depth': 6, 'subsample': 0.9740409617162651, 'colsample_bytree': 0.7411234219162008, 'reg_lambda': 0.009130496414512622, 'reg_alpha': 0.009940897200180682}. Best is trial 42 with value: 0.8162.[0m

11.2 sec -- {'mean_score': 0.8103, 'valid_scores': [0.8285, 0.7841, 0.8182], 'train_scores': [0.9014, 0.8901, 0.8801], 'params': {'n_estimators': 500, 'learning_rate': 0.05922767567424936, 'min_child_weight': 88, 'max_depth': 3, 'gamma': 0, 'subsample': 0.6004373058503961, 'colsample_bytree': 0.6640609451369167, 'reg_lambda': 0.0006429555460667142, 'reg_alpha': 0.0003033596644802782}}
[32m[I 2021-01-04 16:23:20,789][0m Trial 51 finished with value: 0.8103 and parameters: {'learning_rate': 0.05922767567424936, 'min_child_weight': 88, 'max_depth': 3, 'subsample': 0.6004373058503961, 'colsample_bytree': 0.6640609451369167, 'reg_lambda': 0.0006429555460667142, 'reg_alpha': 0.0003033596644802782}. Best is trial 42 with value: 0.8162.[0m

9.0 sec -- {'mean_score': 0.792, 'valid_scores': [0.7967, 0.7742, 0.8052], 'train_scores': [0.8734, 0.8614, 0.8554], 'params': {'n_estimators': 500, 'learning_rate': 0.1865739844212767, 'min_child_weight': 94, 'max_depth': 1, 'gamma': 0, 'subsample': 0.5917491173540848, 'colsample_bytree': 0.6883996333160646, 'reg_lambda': 0.00021835970983399904, 'reg_alpha': 0.00028273935254486576}}
[32m[I 2021-01-04 16:23:29,802][0m Trial 52 finished with value: 0.792 and parameters: {'learning_rate': 0.1865739844212767, 'min_child_weight': 94, 'max_depth': 1, 'subsample': 0.5917491173540848, 'colsample_bytree': 0.6883996333160646, 'reg_lambda': 0.00021835970983399904, 'reg_alpha': 0.00028273935254486576}. Best is trial 42 with value: 0.8162.[0m

10.1 sec -- {'mean_score': 0.8043, 'valid_scores': [0.8203, 0.7812, 0.8115], 'train_scores': [0.8916, 0.8799, 0.8719], 'params': {'n_estimators': 500, 'learning_rate': 0.055313171025335325, 'min_child_weight': 57, 'max_depth': 2, 'gamma': 0, 'subsample': 0.5154967753951288, 'colsample_bytree': 0.9587846016044113, 'reg_lambda': 0.006877141222244141, 'reg_alpha': 0.007170972405071404}}
[32m[I 2021-01-04 16:23:39,916][0m Trial 53 finished with value: 0.8043 and parameters: {'learning_rate': 0.055313171025335325, 'min_child_weight': 57, 'max_depth': 2, 'subsample': 0.5154967753951288, 'colsample_bytree': 0.9587846016044113, 'reg_lambda': 0.006877141222244141, 'reg_alpha': 0.007170972405071404}. Best is trial 42 with value: 0.8162.[0m

9.44 sec -- {'mean_score': 0.8137, 'valid_scores': [0.8313, 0.7937, 0.8161], 'train_scores': [0.8977, 0.8867, 0.8774], 'params': {'n_estimators': 500, 'learning_rate': 0.10959063414651002, 'min_child_weight': 91, 'max_depth': 2, 'gamma': 0, 'subsample': 0.6320413202171625, 'colsample_bytree': 0.6669121320010892, 'reg_lambda': 0.00010722282853251383, 'reg_alpha': 0.00014756702991397964}}
[32m[I 2021-01-04 16:23:49,369][0m Trial 54 finished with value: 0.8137 and parameters: {'learning_rate': 0.10959063414651002, 'min_child_weight': 91, 'max_depth': 2, 'subsample': 0.6320413202171625, 'colsample_bytree': 0.6669121320010892, 'reg_lambda': 0.00010722282853251383, 'reg_alpha': 0.00014756702991397964}. Best is trial 42 with value: 0.8162.[0m

10.83 sec -- {'mean_score': 0.8058, 'valid_scores': [0.8242, 0.7752, 0.8179], 'train_scores': [0.902, 0.8871, 0.8776], 'params': {'n_estimators': 500, 'learning_rate': 0.045475496899567786, 'min_child_weight': 85, 'max_depth': 3, 'gamma': 0, 'subsample': 0.783784797382141, 'colsample_bytree': 0.5313095527113391, 'reg_lambda': 0.0001315866615819801, 'reg_alpha': 0.0014933144670854573}}
[32m[I 2021-01-04 16:24:00,215][0m Trial 55 finished with value: 0.8058 and parameters: {'learning_rate': 0.045475496899567786, 'min_child_weight': 85, 'max_depth': 3, 'subsample': 0.783784797382141, 'colsample_bytree': 0.5313095527113391, 'reg_lambda': 0.0001315866615819801, 'reg_alpha': 0.0014933144670854573}. Best is trial 42 with value: 0.8162.[0m

9.22 sec -- {'mean_score': 0.7846, 'valid_scores': [0.784, 0.7671, 0.8028], 'train_scores': [0.8669, 0.8545, 0.8486], 'params': {'n_estimators': 500, 'learning_rate': 0.09500397519904859, 'min_child_weight': 68, 'max_depth': 1, 'gamma': 0, 'subsample': 0.6130673810907986, 'colsample_bytree': 0.7544154571946252, 'reg_lambda': 0.0001379422414817636, 'reg_alpha': 0.0012213780557171585}}
[32m[I 2021-01-04 16:24:09,451][0m Trial 56 finished with value: 0.7846 and parameters: {'learning_rate': 0.09500397519904859, 'min_child_weight': 68, 'max_depth': 1, 'subsample': 0.6130673810907986, 'colsample_bytree': 0.7544154571946252, 'reg_lambda': 0.0001379422414817636, 'reg_alpha': 0.0012213780557171585}. Best is trial 42 with value: 0.8162.[0m

12.75 sec -- {'mean_score': 0.8065, 'valid_scores': [0.8156, 0.7833, 0.8205], 'train_scores': [0.9122, 0.9006, 0.8901], 'params': {'n_estimators': 500, 'learning_rate': 0.11040074028703635, 'min_child_weight': 89, 'max_depth': 4, 'gamma': 0, 'subsample': 0.7769827089071593, 'colsample_bytree': 0.5655832210949194, 'reg_lambda': 0.00017426610836371312, 'reg_alpha': 0.00018456031677614477}}
