[32m[I 2021-01-04 16:24:22,221][0m Trial 57 finished with value: 0.8065 and parameters: {'learning_rate': 0.11040074028703635, 'min_child_weight': 89, 'max_depth': 4, 'subsample': 0.7769827089071593, 'colsample_bytree': 0.5655832210949194, 'reg_lambda': 0.00017426610836371312, 'reg_alpha': 0.00018456031677614477}. Best is trial 42 with value: 0.8162.[0m

15.21 sec -- {'mean_score': 0.806, 'valid_scores': [0.8112, 0.7846, 0.8221], 'train_scores': [0.9115, 0.9015, 0.8908], 'params': {'n_estimators': 500, 'learning_rate': 0.06634344747575402, 'min_child_weight': 81, 'max_depth': 5, 'gamma': 0, 'subsample': 0.6518390192301267, 'colsample_bytree': 0.8690318050185919, 'reg_lambda': 0.0001403105524397601, 'reg_alpha': 0.03445800006104284}}
[32m[I 2021-01-04 16:24:37,447][0m Trial 58 finished with value: 0.806 and parameters: {'learning_rate': 0.06634344747575402, 'min_child_weight': 81, 'max_depth': 5, 'subsample': 0.6518390192301267, 'colsample_bytree': 0.8690318050185919, 'reg_lambda': 0.0001403105524397601, 'reg_alpha': 0.03445800006104284}. Best is trial 42 with value: 0.8162.[0m

18.68 sec -- {'mean_score': 0.8038, 'valid_scores': [0.804, 0.7851, 0.8223], 'train_scores': [0.915, 0.9066, 0.8965], 'params': {'n_estimators': 500, 'learning_rate': 0.07710422754251622, 'min_child_weight': 98, 'max_depth': 7, 'gamma': 0, 'subsample': 0.7061172345475252, 'colsample_bytree': 0.9396687985971328, 'reg_lambda': 0.1711721298351801, 'reg_alpha': 0.07946182446209725}}
[32m[I 2021-01-04 16:24:56,142][0m Trial 59 finished with value: 0.8038 and parameters: {'learning_rate': 0.07710422754251622, 'min_child_weight': 98, 'max_depth': 7, 'subsample': 0.7061172345475252, 'colsample_bytree': 0.9396687985971328, 'reg_lambda': 0.1711721298351801, 'reg_alpha': 0.07946182446209725}. Best is trial 42 with value: 0.8162.[0m

20.49 sec -- {'mean_score': 0.8038, 'valid_scores': [0.8095, 0.7788, 0.8232], 'train_scores': [0.9268, 0.9187, 0.9114], 'params': {'n_estimators': 500, 'learning_rate': 0.1460916961963144, 'min_child_weight': 63, 'max_depth': 9, 'gamma': 0, 'subsample': 0.6178790406349804, 'colsample_bytree': 0.4962994894588006, 'reg_lambda': 0.16997775471269438, 'reg_alpha': 0.23823741831893686}}
[32m[I 2021-01-04 16:25:16,650][0m Trial 60 finished with value: 0.8038 and parameters: {'learning_rate': 0.1460916961963144, 'min_child_weight': 63, 'max_depth': 9, 'subsample': 0.6178790406349804, 'colsample_bytree': 0.4962994894588006, 'reg_lambda': 0.16997775471269438, 'reg_alpha': 0.23823741831893686}. Best is trial 42 with value: 0.8162.[0m

11.41 sec -- {'mean_score': 0.8095, 'valid_scores': [0.8213, 0.7899, 0.8173], 'train_scores': [0.908, 0.8952, 0.8868], 'params': {'n_estimators': 500, 'learning_rate': 0.1304198730458368, 'min_child_weight': 80, 'max_depth': 3, 'gamma': 0, 'subsample': 0.6221315809357909, 'colsample_bytree': 0.6099278993394412, 'reg_lambda': 0.00012607824411479325, 'reg_alpha': 0.00011289421224003571}}
[32m[I 2021-01-04 16:25:28,072][0m Trial 61 finished with value: 0.8095 and parameters: {'learning_rate': 0.1304198730458368, 'min_child_weight': 80, 'max_depth': 3, 'subsample': 0.6221315809357909, 'colsample_bytree': 0.6099278993394412, 'reg_lambda': 0.00012607824411479325, 'reg_alpha': 0.00011289421224003571}. Best is trial 42 with value: 0.8162.[0m

9.1 sec -- {'mean_score': 0.7776, 'valid_scores': [0.7716, 0.7622, 0.799], 'train_scores': [0.8579, 0.8508, 0.8463], 'params': {'n_estimators': 500, 'learning_rate': 0.0671778102516696, 'min_child_weight': 99, 'max_depth': 1, 'gamma': 0, 'subsample': 0.6428840143963028, 'colsample_bytree': 0.6930692202957727, 'reg_lambda': 0.0020865727138716593, 'reg_alpha': 0.00066847799898484}}
[32m[I 2021-01-04 16:25:37,185][0m Trial 62 finished with value: 0.7776 and parameters: {'learning_rate': 0.0671778102516696, 'min_child_weight': 99, 'max_depth': 1, 'subsample': 0.6428840143963028, 'colsample_bytree': 0.6930692202957727, 'reg_lambda': 0.0020865727138716593, 'reg_alpha': 0.00066847799898484}. Best is trial 42 with value: 0.8162.[0m

11.1 sec -- {'mean_score': 0.8112, 'valid_scores': [0.82, 0.7925, 0.821], 'train_scores': [0.9057, 0.8946, 0.886], 'params': {'n_estimators': 500, 'learning_rate': 0.1358577185902533, 'min_child_weight': 93, 'max_depth': 3, 'gamma': 0, 'subsample': 0.6095038958584573, 'colsample_bytree': 0.5865999079907641, 'reg_lambda': 0.0010886574332549337, 'reg_alpha': 0.00016024568417465402}}
[32m[I 2021-01-04 16:25:48,306][0m Trial 63 finished with value: 0.8112 and parameters: {'learning_rate': 0.1358577185902533, 'min_child_weight': 93, 'max_depth': 3, 'subsample': 0.6095038958584573, 'colsample_bytree': 0.5865999079907641, 'reg_lambda': 0.0010886574332549337, 'reg_alpha': 0.00016024568417465402}. Best is trial 42 with value: 0.8162.[0m

11.33 sec -- {'mean_score': 0.8132, 'valid_scores': [0.8294, 0.7901, 0.82], 'train_scores': [0.9051, 0.8913, 0.8841], 'params': {'n_estimators': 500, 'learning_rate': 0.07645550118086447, 'min_child_weight': 88, 'max_depth': 3, 'gamma': 0, 'subsample': 0.5906296181051076, 'colsample_bytree': 0.8445373453529138, 'reg_lambda': 0.0004378484827205413, 'reg_alpha': 0.00023186965080844763}}
[32m[I 2021-01-04 16:25:59,653][0m Trial 64 finished with value: 0.8132 and parameters: {'learning_rate': 0.07645550118086447, 'min_child_weight': 88, 'max_depth': 3, 'subsample': 0.5906296181051076, 'colsample_bytree': 0.8445373453529138, 'reg_lambda': 0.0004378484827205413, 'reg_alpha': 0.00023186965080844763}. Best is trial 42 with value: 0.8162.[0m

9.98 sec -- {'mean_score': 0.8111, 'valid_scores': [0.8322, 0.7877, 0.8133], 'train_scores': [0.8945, 0.8814, 0.8759], 'params': {'n_estimators': 500, 'learning_rate': 0.07221152407347708, 'min_child_weight': 81, 'max_depth': 2, 'gamma': 0, 'subsample': 0.6689809543573456, 'colsample_bytree': 0.5443403379642116, 'reg_lambda': 0.00016339753141980515, 'reg_alpha': 0.00012162959030263513}}
[32m[I 2021-01-04 16:26:09,653][0m Trial 65 finished with value: 0.8111 and parameters: {'learning_rate': 0.07221152407347708, 'min_child_weight': 81, 'max_depth': 2, 'subsample': 0.6689809543573456, 'colsample_bytree': 0.5443403379642116, 'reg_lambda': 0.00016339753141980515, 'reg_alpha': 0.00012162959030263513}. Best is trial 42 with value: 0.8162.[0m

11.58 sec -- {'mean_score': 0.81, 'valid_scores': [0.8256, 0.7856, 0.8187], 'train_scores': [0.9064, 0.8935, 0.8854], 'params': {'n_estimators': 500, 'learning_rate': 0.10372582427925918, 'min_child_weight': 94, 'max_depth': 3, 'gamma': 0, 'subsample': 0.6051270999678598, 'colsample_bytree': 0.8139783794114972, 'reg_lambda': 0.000347979019503004, 'reg_alpha': 0.0002459534601980536}}
[32m[I 2021-01-04 16:26:21,250][0m Trial 66 finished with value: 0.81 and parameters: {'learning_rate': 0.10372582427925918, 'min_child_weight': 94, 'max_depth': 3, 'subsample': 0.6051270999678598, 'colsample_bytree': 0.8139783794114972, 'reg_lambda': 0.000347979019503004, 'reg_alpha': 0.0002459534601980536}. Best is trial 42 with value: 0.8162.[0m

13.14 sec -- {'mean_score': 0.8114, 'valid_scores': [0.8278, 0.7869, 0.8194], 'train_scores': [0.9118, 0.8996, 0.8886], 'params': {'n_estimators': 500, 'learning_rate': 0.07923032479095506, 'min_child_weight': 81, 'max_depth': 4, 'gamma': 0, 'subsample': 0.6813190025608304, 'colsample_bytree': 0.94030503884845, 'reg_lambda': 0.0010412627915742513, 'reg_alpha': 0.000609898759114309}}
[32m[I 2021-01-04 16:26:34,409][0m Trial 67 finished with value: 0.8114 and parameters: {'learning_rate': 0.07923032479095506, 'min_child_weight': 81, 'max_depth': 4, 'subsample': 0.6813190025608304, 'colsample_bytree': 0.94030503884845, 'reg_lambda': 0.0010412627915742513, 'reg_alpha': 0.000609898759114309}. Best is trial 42 with value: 0.8162.[0m

10.59 sec -- {'mean_score': 0.8125, 'valid_scores': [0.8324, 0.7899, 0.8153], 'train_scores': [0.8984, 0.8868, 0.8785], 'params': {'n_estimators': 500, 'learning_rate': 0.11275457933275486, 'min_child_weight': 78, 'max_depth': 2, 'gamma': 0, 'subsample': 0.5288733824639276, 'colsample_bytree': 0.8054873541067215, 'reg_lambda': 0.0022326178927324384, 'reg_alpha': 0.00012475655789019504}}
[32m[I 2021-01-04 16:26:45,020][0m Trial 68 finished with value: 0.8125 and parameters: {'learning_rate': 0.11275457933275486, 'min_child_weight': 78, 'max_depth': 2, 'subsample': 0.5288733824639276, 'colsample_bytree': 0.8054873541067215, 'reg_lambda': 0.0022326178927324384, 'reg_alpha': 0.00012475655789019504}. Best is trial 42 with value: 0.8162.[0m

14.68 sec -- {'mean_score': 0.8003, 'valid_scores': [0.7965, 0.7857, 0.8187], 'train_scores': [0.9414, 0.9268, 0.9178], 'params': {'n_estimators': 500, 'learning_rate': 0.1843935306457984, 'min_child_weight': 10, 'max_depth': 5, 'gamma': 0, 'subsample': 0.9875741706984085, 'colsample_bytree': 0.9213955746820249, 'reg_lambda': 0.00047994887343427186, 'reg_alpha': 0.0021155365956005575}}
[32m[I 2021-01-04 16:26:59,717][0m Trial 69 finished with value: 0.8003 and parameters: {'learning_rate': 0.1843935306457984, 'min_child_weight': 10, 'max_depth': 5, 'subsample': 0.9875741706984085, 'colsample_bytree': 0.9213955746820249, 'reg_lambda': 0.00047994887343427186, 'reg_alpha': 0.0021155365956005575}. Best is trial 42 with value: 0.8162.[0m

14.73 sec -- {'mean_score': 0.8068, 'valid_scores': [0.8089, 0.7886, 0.8229], 'train_scores': [0.9116, 0.9012, 0.8904], 'params': {'n_estimators': 500, 'learning_rate': 0.07200940171186773, 'min_child_weight': 74, 'max_depth': 5, 'gamma': 0, 'subsample': 0.5266890609930979, 'colsample_bytree': 0.9283684357380809, 'reg_lambda': 0.00029556750409823575, 'reg_alpha': 0.00044821586220536604}}
[32m[I 2021-01-04 16:27:14,465][0m Trial 70 finished with value: 0.8068 and parameters: {'learning_rate': 0.07200940171186773, 'min_child_weight': 74, 'max_depth': 5, 'subsample': 0.5266890609930979, 'colsample_bytree': 0.9283684357380809, 'reg_lambda': 0.00029556750409823575, 'reg_alpha': 0.00044821586220536604}. Best is trial 42 with value: 0.8162.[0m

8.95 sec -- {'mean_score': 0.7795, 'valid_scores': [0.7769, 0.7634, 0.7981], 'train_scores': [0.862, 0.8528, 0.847], 'params': {'n_estimators': 500, 'learning_rate': 0.07776119967610844, 'min_child_weight': 69, 'max_depth': 1, 'gamma': 0, 'subsample': 0.6282106464797347, 'colsample_bytree': 0.8615800713880288, 'reg_lambda': 0.017511999674988996, 'reg_alpha': 0.0002858693741269954}}
[32m[I 2021-01-04 16:27:23,434][0m Trial 71 finished with value: 0.7795 and parameters: {'learning_rate': 0.07776119967610844, 'min_child_weight': 69, 'max_depth': 1, 'subsample': 0.6282106464797347, 'colsample_bytree': 0.8615800713880288, 'reg_lambda': 0.017511999674988996, 'reg_alpha': 0.0002858693741269954}. Best is trial 42 with value: 0.8162.[0m

11.58 sec -- {'mean_score': 0.8092, 'valid_scores': [0.8129, 0.7961, 0.8186], 'train_scores': [0.9085, 0.8944, 0.8857], 'params': {'n_estimators': 500, 'learning_rate': 0.10472436198035515, 'min_child_weight': 67, 'max_depth': 3, 'gamma': 0, 'subsample': 0.5505858496860059, 'colsample_bytree': 0.6607387409177328, 'reg_lambda': 0.0012389889953547837, 'reg_alpha': 0.00015262215964727564}}
[32m[I 2021-01-04 16:27:35,031][0m Trial 72 finished with value: 0.8092 and parameters: {'learning_rate': 0.10472436198035515, 'min_child_weight': 67, 'max_depth': 3, 'subsample': 0.5505858496860059, 'colsample_bytree': 0.6607387409177328, 'reg_lambda': 0.0012389889953547837, 'reg_alpha': 0.00015262215964727564}. Best is trial 42 with value: 0.8162.[0m

19.27 sec -- {'mean_score': 0.7975, 'valid_scores': [0.7867, 0.7832, 0.8226], 'train_scores': [0.93, 0.9199, 0.9111], 'params': {'n_estimators': 500, 'learning_rate': 0.11728669073964225, 'min_child_weight': 51, 'max_depth': 7, 'gamma': 0, 'subsample': 0.8850437646992316, 'colsample_bytree': 0.8361594257608892, 'reg_lambda': 0.0004804918219317034, 'reg_alpha': 0.11398114261361868}}
[32m[I 2021-01-04 16:27:54,320][0m Trial 73 finished with value: 0.7975 and parameters: {'learning_rate': 0.11728669073964225, 'min_child_weight': 51, 'max_depth': 7, 'subsample': 0.8850437646992316, 'colsample_bytree': 0.8361594257608892, 'reg_lambda': 0.0004804918219317034, 'reg_alpha': 0.11398114261361868}. Best is trial 42 with value: 0.8162.[0m

21.25 sec -- {'mean_score': 0.7985, 'valid_scores': [0.7911, 0.784, 0.8204], 'train_scores': [0.9283, 0.9211, 0.9137], 'params': {'n_estimators': 500, 'learning_rate': 0.1747643166668747, 'min_child_weight': 84, 'max_depth': 9, 'gamma': 0, 'subsample': 0.7491786899804458, 'colsample_bytree': 0.7929059273925595, 'reg_lambda': 0.8510505863793715, 'reg_alpha': 0.0009059633086703278}}
[32m[I 2021-01-04 16:28:15,589][0m Trial 74 finished with value: 0.7985 and parameters: {'learning_rate': 0.1747643166668747, 'min_child_weight': 84, 'max_depth': 9, 'subsample': 0.7491786899804458, 'colsample_bytree': 0.7929059273925595, 'reg_lambda': 0.8510505863793715, 'reg_alpha': 0.0009059633086703278}. Best is trial 42 with value: 0.8162.[0m

10.85 sec -- {'mean_score': 0.8151, 'valid_scores': [0.8359, 0.7923, 0.817], 'train_scores': [0.8994, 0.8886, 0.8796], 'params': {'n_estimators': 500, 'learning_rate': 0.13304175149059813, 'min_child_weight': 82, 'max_depth': 2, 'gamma': 0, 'subsample': 0.5273769564139007, 'colsample_bytree': 0.956124592690665, 'reg_lambda': 0.001025041765343848, 'reg_alpha': 0.000126540322770946}}
[32m[I 2021-01-04 16:28:26,464][0m Trial 75 finished with value: 0.8151 and parameters: {'learning_rate': 0.13304175149059813, 'min_child_weight': 82, 'max_depth': 2, 'subsample': 0.5273769564139007, 'colsample_bytree': 0.956124592690665, 'reg_lambda': 0.001025041765343848, 'reg_alpha': 0.000126540322770946}. Best is trial 42 with value: 0.8162.[0m

10.09 sec -- {'mean_score': 0.8167, 'valid_scores': [0.8395, 0.7903, 0.8202], 'train_scores': [0.8992, 0.8889, 0.881], 'params': {'n_estimators': 500, 'learning_rate': 0.14864975251864035, 'min_child_weight': 94, 'max_depth': 2, 'gamma': 0, 'subsample': 0.5725182018299888, 'colsample_bytree': 0.9755138801390062, 'reg_lambda': 0.0006799416148218296, 'reg_alpha': 0.00020457501601504958}}
[32m[I 2021-01-04 16:28:36,574][0m Trial 76 finished with value: 0.8167 and parameters: {'learning_rate': 0.14864975251864035, 'min_child_weight': 94, 'max_depth': 2, 'subsample': 0.5725182018299888, 'colsample_bytree': 0.9755138801390062, 'reg_lambda': 0.0006799416148218296, 'reg_alpha': 0.00020457501601504958}. Best is trial 76 with value: 0.8167.[0m

17.11 sec -- {'mean_score': 0.8007, 'valid_scores': [0.8024, 0.7822, 0.8175], 'train_scores': [0.9191, 0.91, 0.9019], 'params': {'n_estimators': 500, 'learning_rate': 0.16955727663050288, 'min_child_weight': 92, 'max_depth': 6, 'gamma': 0, 'subsample': 0.5503292246215177, 'colsample_bytree': 0.9606403365613421, 'reg_lambda': 0.0016602319585300868, 'reg_alpha': 0.0005512818292775584}}
[32m[I 2021-01-04 16:28:53,705][0m Trial 77 finished with value: 0.8007 and parameters: {'learning_rate': 0.16955727663050288, 'min_child_weight': 92, 'max_depth': 6, 'subsample': 0.5503292246215177, 'colsample_bytree': 0.9606403365613421, 'reg_lambda': 0.0016602319585300868, 'reg_alpha': 0.0005512818292775584}. Best is trial 76 with value: 0.8167.[0m

10.98 sec -- {'mean_score': 0.8105, 'valid_scores': [0.8242, 0.7864, 0.821], 'train_scores': [0.9079, 0.8973, 0.888], 'params': {'n_estimators': 500, 'learning_rate': 0.13442951245764648, 'min_child_weight': 82, 'max_depth': 3, 'gamma': 0, 'subsample': 0.5826548805644807, 'colsample_bytree': 0.9428615625453609, 'reg_lambda': 0.00035809048550823364, 'reg_alpha': 0.00021412346260381185}}
[32m[I 2021-01-04 16:29:04,707][0m Trial 78 finished with value: 0.8105 and parameters: {'learning_rate': 0.13442951245764648, 'min_child_weight': 82, 'max_depth': 3, 'subsample': 0.5826548805644807, 'colsample_bytree': 0.9428615625453609, 'reg_lambda': 0.00035809048550823364, 'reg_alpha': 0.00021412346260381185}. Best is trial 76 with value: 0.8167.[0m

10.41 sec -- {'mean_score': 0.8152, 'valid_scores': [0.8318, 0.7962, 0.8175], 'train_scores': [0.9017, 0.8895, 0.8822], 'params': {'n_estimators': 500, 'learning_rate': 0.1595075243347171, 'min_child_weight': 72, 'max_depth': 2, 'gamma': 0, 'subsample': 0.5500109005237255, 'colsample_bytree': 0.9541406016288115, 'reg_lambda': 0.0026159519701669407, 'reg_alpha': 0.00017313790987055422}}
[32m[I 2021-01-04 16:29:15,147][0m Trial 79 finished with value: 0.8152 and parameters: {'learning_rate': 0.1595075243347171, 'min_child_weight': 72, 'max_depth': 2, 'subsample': 0.5500109005237255, 'colsample_bytree': 0.9541406016288115, 'reg_lambda': 0.0026159519701669407, 'reg_alpha': 0.00017313790987055422}. Best is trial 76 with value: 0.8167.[0m

10.12 sec -- {'mean_score': 0.8155, 'valid_scores': [0.8331, 0.7946, 0.8187], 'train_scores': [0.9016, 0.8884, 0.8812], 'params': {'n_estimators': 500, 'learning_rate': 0.1715041667765052, 'min_child_weight': 91, 'max_depth': 2, 'gamma': 0, 'subsample': 0.6033352981076376, 'colsample_bytree': 0.9221513511646624, 'reg_lambda': 0.009286823307399408, 'reg_alpha': 0.0004065854523480296}}
[32m[I 2021-01-04 16:29:25,289][0m Trial 80 finished with value: 0.8155 and parameters: {'learning_rate': 0.1715041667765052, 'min_child_weight': 91, 'max_depth': 2, 'subsample': 0.6033352981076376, 'colsample_bytree': 0.9221513511646624, 'reg_lambda': 0.009286823307399408, 'reg_alpha': 0.0004065854523480296}. Best is trial 76 with value: 0.8167.[0m

8.63 sec -- {'mean_score': 0.789, 'valid_scores': [0.7886, 0.7739, 0.8045], 'train_scores': [0.8729, 0.8618, 0.8544], 'params': {'n_estimators': 500, 'learning_rate': 0.15600934851386009, 'min_child_weight': 83, 'max_depth': 1, 'gamma': 0, 'subsample': 0.5852830382885827, 'colsample_bytree': 0.974303597067074, 'reg_lambda': 0.027362094718880528, 'reg_alpha': 0.0019233929439590417}}
[32m[I 2021-01-04 16:29:33,942][0m Trial 81 finished with value: 0.789 and parameters: {'learning_rate': 0.15600934851386009, 'min_child_weight': 83, 'max_depth': 1, 'subsample': 0.5852830382885827, 'colsample_bytree': 0.974303597067074, 'reg_lambda': 0.027362094718880528, 'reg_alpha': 0.0019233929439590417}. Best is trial 76 with value: 0.8167.[0m

8.6 sec -- {'mean_score': 0.7921, 'valid_scores': [0.7965, 0.7756, 0.8042], 'train_scores': [0.8734, 0.8606, 0.855], 'params': {'n_estimators': 500, 'learning_rate': 0.13904427092813862, 'min_child_weight': 82, 'max_depth': 1, 'gamma': 0, 'subsample': 0.5215083940208292, 'colsample_bytree': 0.9312301761249752, 'reg_lambda': 0.00873417760152548, 'reg_alpha': 0.00010925810364928856}}
[32m[I 2021-01-04 16:29:42,561][0m Trial 82 finished with value: 0.7921 and parameters: {'learning_rate': 0.13904427092813862, 'min_child_weight': 82, 'max_depth': 1, 'subsample': 0.5215083940208292, 'colsample_bytree': 0.9312301761249752, 'reg_lambda': 0.00873417760152548, 'reg_alpha': 0.00010925810364928856}. Best is trial 76 with value: 0.8167.[0m

8.84 sec -- {'mean_score': 0.7886, 'valid_scores': [0.7888, 0.7734, 0.8035], 'train_scores': [0.8715, 0.8625, 0.8552], 'params': {'n_estimators': 500, 'learning_rate': 0.15817021649984295, 'min_child_weight': 75, 'max_depth': 1, 'gamma': 0, 'subsample': 0.5396782726568734, 'colsample_bytree': 0.9830439005068222, 'reg_lambda': 0.00015678920959272092, 'reg_alpha': 0.00012446688808752905}}
[32m[I 2021-01-04 16:29:51,420][0m Trial 83 finished with value: 0.7886 and parameters: {'learning_rate': 0.15817021649984295, 'min_child_weight': 75, 'max_depth': 1, 'subsample': 0.5396782726568734, 'colsample_bytree': 0.9830439005068222, 'reg_lambda': 0.00015678920959272092, 'reg_alpha': 0.00012446688808752905}. Best is trial 76 with value: 0.8167.[0m

9.73 sec -- {'mean_score': 0.8154, 'valid_scores': [0.8341, 0.7986, 0.8136], 'train_scores': [0.8963, 0.8819, 0.8745], 'params': {'n_estimators': 500, 'learning_rate': 0.0835618432056156, 'min_child_weight': 91, 'max_depth': 2, 'gamma': 0, 'subsample': 0.5427766034799826, 'colsample_bytree': 0.6652776648163614, 'reg_lambda': 0.00011148372619618766, 'reg_alpha': 0.00010158389284653877}}
[32m[I 2021-01-04 16:30:01,168][0m Trial 84 finished with value: 0.8154 and parameters: {'learning_rate': 0.0835618432056156, 'min_child_weight': 91, 'max_depth': 2, 'subsample': 0.5427766034799826, 'colsample_bytree': 0.6652776648163614, 'reg_lambda': 0.00011148372619618766, 'reg_alpha': 0.00010158389284653877}. Best is trial 76 with value: 0.8167.[0m

13.12 sec -- {'mean_score': 0.8089, 'valid_scores': [0.819, 0.788, 0.8196], 'train_scores': [0.9101, 0.9011, 0.8917], 'params': {'n_estimators': 500, 'learning_rate': 0.13567947740466324, 'min_child_weight': 100, 'max_depth': 4, 'gamma': 0, 'subsample': 0.6741166689658422, 'colsample_bytree': 0.9305400802413651, 'reg_lambda': 0.014617648204454322, 'reg_alpha': 0.0023313888196520344}}
[32m[I 2021-01-04 16:30:14,306][0m Trial 85 finished with value: 0.8089 and parameters: {'learning_rate': 0.13567947740466324, 'min_child_weight': 100, 'max_depth': 4, 'subsample': 0.6741166689658422, 'colsample_bytree': 0.9305400802413651, 'reg_lambda': 0.014617648204454322, 'reg_alpha': 0.0023313888196520344}. Best is trial 76 with value: 0.8167.[0m

8.96 sec -- {'mean_score': 0.7878, 'valid_scores': [0.7866, 0.7729, 0.8038], 'train_scores': [0.8707, 0.8616, 0.8534], 'params': {'n_estimators': 500, 'learning_rate': 0.14691841007666398, 'min_child_weight': 94, 'max_depth': 1, 'gamma': 0, 'subsample': 0.6445570692612782, 'colsample_bytree': 0.9894734322396771, 'reg_lambda': 0.00016185375639978148, 'reg_alpha': 0.003698311978666658}}
