nohup: å¿½ç•¥è¼¸å…¥
/home/student/06/b06902125/.local/lib/python3.9/site-packages/optuna/samplers/_tpe/sampler.py:188: ExperimentalWarning: ``multivariate`` option is an experimental feature. The interface can change in the future.
  warnings.warn(
[32m[I 2021-01-04 16:11:48,855][0m A new study created in memory with name: no-name-dc913b6a-334d-466e-b5d6-b0b507c4a0d1[0m
(91531, 542)

13.46 sec -- {'mean_score': 0.8083, 'valid_scores': [0.8144, 0.7892, 0.8214], 'train_scores': [0.9173, 0.9044, 0.8941], 'params': {'n_estimators': 500, 'learning_rate': 0.11021388728153764, 'min_child_weight': 69, 'max_depth': 4, 'gamma': 0, 'subsample': 0.9289728088113784, 'colsample_bytree': 0.8930762171488877, 'reg_lambda': 0.031207198770106425, 'reg_alpha': 0.0034476790445206584}}
[32m[I 2021-01-04 16:12:02,319][0m Trial 0 finished with value: 0.8083 and parameters: {'learning_rate': 0.11021388728153764, 'min_child_weight': 69, 'max_depth': 4, 'subsample': 0.9289728088113784, 'colsample_bytree': 0.8930762171488877, 'reg_lambda': 0.031207198770106425, 'reg_alpha': 0.0034476790445206584}. Best is trial 0 with value: 0.8083.[0m

19.72 sec -- {'mean_score': 0.8017, 'valid_scores': [0.8039, 0.7827, 0.8186], 'train_scores': [0.9144, 0.9041, 0.8973], 'params': {'n_estimators': 500, 'learning_rate': 0.06020938670234999, 'min_child_weight': 93, 'max_depth': 9, 'gamma': 0, 'subsample': 0.6363281472900566, 'colsample_bytree': 0.6343655821249449, 'reg_lambda': 0.17728619337514911, 'reg_alpha': 0.0083158891098993}}
[32m[I 2021-01-04 16:12:22,048][0m Trial 1 finished with value: 0.8017 and parameters: {'learning_rate': 0.06020938670234999, 'min_child_weight': 93, 'max_depth': 9, 'subsample': 0.6363281472900566, 'colsample_bytree': 0.6343655821249449, 'reg_lambda': 0.17728619337514911, 'reg_alpha': 0.0083158891098993}. Best is trial 0 with value: 0.8083.[0m

19.65 sec -- {'mean_score': 0.8032, 'valid_scores': [0.8025, 0.7835, 0.8235], 'train_scores': [0.9276, 0.917, 0.9094], 'params': {'n_estimators': 500, 'learning_rate': 0.07916417442406512, 'min_child_weight': 30, 'max_depth': 9, 'gamma': 0, 'subsample': 0.5435646498507704, 'colsample_bytree': 0.314152878208228, 'reg_lambda': 0.2140323314098606, 'reg_alpha': 0.1296065659727972}}
[32m[I 2021-01-04 16:12:41,705][0m Trial 2 finished with value: 0.8032 and parameters: {'learning_rate': 0.07916417442406512, 'min_child_weight': 30, 'max_depth': 9, 'subsample': 0.5435646498507704, 'colsample_bytree': 0.314152878208228, 'reg_lambda': 0.2140323314098606, 'reg_alpha': 0.1296065659727972}. Best is trial 0 with value: 0.8083.[0m

12.52 sec -- {'mean_score': 0.8049, 'valid_scores': [0.8072, 0.7857, 0.8218], 'train_scores': [0.9186, 0.9043, 0.8942], 'params': {'n_estimators': 500, 'learning_rate': 0.17413241750111702, 'min_child_weight': 87, 'max_depth': 4, 'gamma': 0, 'subsample': 0.8995792821083618, 'colsample_bytree': 0.6230355535770522, 'reg_lambda': 0.13246974647468437, 'reg_alpha': 0.0002972334644335657}}
[32m[I 2021-01-04 16:12:54,225][0m Trial 3 finished with value: 0.8049 and parameters: {'learning_rate': 0.17413241750111702, 'min_child_weight': 87, 'max_depth': 4, 'subsample': 0.8995792821083618, 'colsample_bytree': 0.6230355535770522, 'reg_lambda': 0.13246974647468437, 'reg_alpha': 0.0002972334644335657}. Best is trial 0 with value: 0.8083.[0m

27.15 sec -- {'mean_score': 0.7952, 'valid_scores': [0.7889, 0.7807, 0.8159], 'train_scores': [0.9611, 0.9465, 0.9406], 'params': {'n_estimators': 500, 'learning_rate': 0.12834428324417724, 'min_child_weight': 14, 'max_depth': 10, 'gamma': 0, 'subsample': 0.972334458524792, 'colsample_bytree': 0.6652938252250502, 'reg_lambda': 0.004556671913921472, 'reg_alpha': 0.0011434638743472194}}
[32m[I 2021-01-04 16:13:21,383][0m Trial 4 finished with value: 0.7952 and parameters: {'learning_rate': 0.12834428324417724, 'min_child_weight': 14, 'max_depth': 10, 'subsample': 0.972334458524792, 'colsample_bytree': 0.6652938252250502, 'reg_lambda': 0.004556671913921472, 'reg_alpha': 0.0011434638743472194}. Best is trial 0 with value: 0.8083.[0m

11.49 sec -- {'mean_score': 0.8091, 'valid_scores': [0.8187, 0.7893, 0.8192], 'train_scores': [0.9101, 0.8984, 0.8883], 'params': {'n_estimators': 500, 'learning_rate': 0.15507250419740912, 'min_child_weight': 60, 'max_depth': 3, 'gamma': 0, 'subsample': 0.567609086702726, 'colsample_bytree': 0.5268987054552499, 'reg_lambda': 0.0003969167884674243, 'reg_alpha': 0.0007749711816974702}}
[32m[I 2021-01-04 16:13:32,890][0m Trial 5 finished with value: 0.8091 and parameters: {'learning_rate': 0.15507250419740912, 'min_child_weight': 60, 'max_depth': 3, 'subsample': 0.567609086702726, 'colsample_bytree': 0.5268987054552499, 'reg_lambda': 0.0003969167884674243, 'reg_alpha': 0.0007749711816974702}. Best is trial 5 with value: 0.8091.[0m

32.13 sec -- {'mean_score': 0.7925, 'valid_scores': [0.785, 0.7767, 0.8159], 'train_scores': [0.959, 0.9455, 0.9373], 'params': {'n_estimators': 500, 'learning_rate': 0.07791130724404653, 'min_child_weight': 9, 'max_depth': 10, 'gamma': 0, 'subsample': 0.7249749949556138, 'colsample_bytree': 0.7291444205188926, 'reg_lambda': 0.40681254103770254, 'reg_alpha': 0.0002495292156283966}}
[32m[I 2021-01-04 16:14:05,022][0m Trial 6 finished with value: 0.7925 and parameters: {'learning_rate': 0.07791130724404653, 'min_child_weight': 9, 'max_depth': 10, 'subsample': 0.7249749949556138, 'colsample_bytree': 0.7291444205188926, 'reg_lambda': 0.40681254103770254, 'reg_alpha': 0.0002495292156283966}. Best is trial 5 with value: 0.8091.[0m

10.36 sec -- {'mean_score': 0.8015, 'valid_scores': [0.7943, 0.7856, 0.8246], 'train_scores': [0.9224, 0.9075, 0.8984], 'params': {'n_estimators': 500, 'learning_rate': 0.19399200448160303, 'min_child_weight': 16, 'max_depth': 3, 'gamma': 0, 'subsample': 0.5644631488274267, 'colsample_bytree': 0.5207998456469287, 'reg_lambda': 0.0028499883436971583, 'reg_alpha': 0.019089171584870904}}
[32m[I 2021-01-04 16:14:15,388][0m Trial 7 finished with value: 0.8015 and parameters: {'learning_rate': 0.19399200448160303, 'min_child_weight': 16, 'max_depth': 3, 'subsample': 0.5644631488274267, 'colsample_bytree': 0.5207998456469287, 'reg_lambda': 0.0028499883436971583, 'reg_alpha': 0.019089171584870904}. Best is trial 5 with value: 0.8091.[0m

16.51 sec -- {'mean_score': 0.8038, 'valid_scores': [0.8011, 0.7893, 0.821], 'train_scores': [0.9145, 0.9048, 0.8968], 'params': {'n_estimators': 500, 'learning_rate': 0.08828170117900175, 'min_child_weight': 73, 'max_depth': 7, 'gamma': 0, 'subsample': 0.551022405374014, 'colsample_bytree': 0.44621372926638425, 'reg_lambda': 0.00044181257379025503, 'reg_alpha': 0.040966918875030935}}
[32m[I 2021-01-04 16:14:31,904][0m Trial 8 finished with value: 0.8038 and parameters: {'learning_rate': 0.08828170117900175, 'min_child_weight': 73, 'max_depth': 7, 'subsample': 0.551022405374014, 'colsample_bytree': 0.44621372926638425, 'reg_lambda': 0.00044181257379025503, 'reg_alpha': 0.040966918875030935}. Best is trial 5 with value: 0.8091.[0m

13.41 sec -- {'mean_score': 0.8009, 'valid_scores': [0.7983, 0.7799, 0.8244], 'train_scores': [0.9201, 0.9047, 0.8958], 'params': {'n_estimators': 500, 'learning_rate': 0.05140502890541664, 'min_child_weight': 20, 'max_depth': 5, 'gamma': 0, 'subsample': 0.6222127960008014, 'colsample_bytree': 0.41127870855186377, 'reg_lambda': 0.00027637615125314277, 'reg_alpha': 0.04220057397195014}}
[32m[I 2021-01-04 16:14:45,314][0m Trial 9 finished with value: 0.8009 and parameters: {'learning_rate': 0.05140502890541664, 'min_child_weight': 20, 'max_depth': 5, 'subsample': 0.6222127960008014, 'colsample_bytree': 0.41127870855186377, 'reg_lambda': 0.00027637615125314277, 'reg_alpha': 0.04220057397195014}. Best is trial 5 with value: 0.8091.[0m

12.65 sec -- {'mean_score': 0.8049, 'valid_scores': [0.8024, 0.7884, 0.824], 'train_scores': [0.9174, 0.9063, 0.8957], 'params': {'n_estimators': 500, 'learning_rate': 0.19162944465423895, 'min_child_weight': 68, 'max_depth': 4, 'gamma': 0, 'subsample': 0.6248486276765982, 'colsample_bytree': 0.6036888072145588, 'reg_lambda': 0.0008549092456024706, 'reg_alpha': 0.0032093851206761075}}
[32m[I 2021-01-04 16:14:57,981][0m Trial 10 finished with value: 0.8049 and parameters: {'learning_rate': 0.19162944465423895, 'min_child_weight': 68, 'max_depth': 4, 'subsample': 0.6248486276765982, 'colsample_bytree': 0.6036888072145588, 'reg_lambda': 0.0008549092456024706, 'reg_alpha': 0.0032093851206761075}. Best is trial 5 with value: 0.8091.[0m

8.9 sec -- {'mean_score': 0.7874, 'valid_scores': [0.7889, 0.7712, 0.8022], 'train_scores': [0.8708, 0.8554, 0.85], 'params': {'n_estimators': 500, 'learning_rate': 0.12434852380917458, 'min_child_weight': 78, 'max_depth': 1, 'gamma': 0, 'subsample': 0.9567455435442216, 'colsample_bytree': 0.8047831427563368, 'reg_lambda': 0.012876711196472688, 'reg_alpha': 0.053587945193538954}}
[32m[I 2021-01-04 16:15:06,900][0m Trial 11 finished with value: 0.7874 and parameters: {'learning_rate': 0.12434852380917458, 'min_child_weight': 78, 'max_depth': 1, 'subsample': 0.9567455435442216, 'colsample_bytree': 0.8047831427563368, 'reg_lambda': 0.012876711196472688, 'reg_alpha': 0.053587945193538954}. Best is trial 5 with value: 0.8091.[0m

9.43 sec -- {'mean_score': 0.8088, 'valid_scores': [0.8276, 0.7864, 0.8124], 'train_scores': [0.8946, 0.8812, 0.8738], 'params': {'n_estimators': 500, 'learning_rate': 0.07623090042559105, 'min_child_weight': 62, 'max_depth': 2, 'gamma': 0, 'subsample': 0.5316874326757188, 'colsample_bytree': 0.4477141197042246, 'reg_lambda': 0.0015806304674151588, 'reg_alpha': 0.0003651359594731846}}
[32m[I 2021-01-04 16:15:16,346][0m Trial 12 finished with value: 0.8088 and parameters: {'learning_rate': 0.07623090042559105, 'min_child_weight': 62, 'max_depth': 2, 'subsample': 0.5316874326757188, 'colsample_bytree': 0.4477141197042246, 'reg_lambda': 0.0015806304674151588, 'reg_alpha': 0.0003651359594731846}. Best is trial 5 with value: 0.8091.[0m

9.74 sec -- {'mean_score': 0.8113, 'valid_scores': [0.8347, 0.785, 0.8142], 'train_scores': [0.8974, 0.8841, 0.8748], 'params': {'n_estimators': 500, 'learning_rate': 0.0991069166182798, 'min_child_weight': 91, 'max_depth': 2, 'gamma': 0, 'subsample': 0.5197367143010526, 'colsample_bytree': 0.4760825932462901, 'reg_lambda': 0.0024849024018576958, 'reg_alpha': 0.0007103911808569516}}
[32m[I 2021-01-04 16:15:26,107][0m Trial 13 finished with value: 0.8113 and parameters: {'learning_rate': 0.0991069166182798, 'min_child_weight': 91, 'max_depth': 2, 'subsample': 0.5197367143010526, 'colsample_bytree': 0.4760825932462901, 'reg_lambda': 0.0024849024018576958, 'reg_alpha': 0.0007103911808569516}. Best is trial 13 with value: 0.8113.[0m

11.24 sec -- {'mean_score': 0.8097, 'valid_scores': [0.8236, 0.7868, 0.8187], 'train_scores': [0.9051, 0.8914, 0.8848], 'params': {'n_estimators': 500, 'learning_rate': 0.11625693886425598, 'min_child_weight': 98, 'max_depth': 3, 'gamma': 0, 'subsample': 0.5582016145341202, 'colsample_bytree': 0.5605702288037747, 'reg_lambda': 0.0034021862069395998, 'reg_alpha': 0.0005212395086587382}}
[32m[I 2021-01-04 16:15:37,367][0m Trial 14 finished with value: 0.8097 and parameters: {'learning_rate': 0.11625693886425598, 'min_child_weight': 98, 'max_depth': 3, 'subsample': 0.5582016145341202, 'colsample_bytree': 0.5605702288037747, 'reg_lambda': 0.0034021862069395998, 'reg_alpha': 0.0005212395086587382}. Best is trial 13 with value: 0.8113.[0m

9.78 sec -- {'mean_score': 0.8092, 'valid_scores': [0.8318, 0.7833, 0.8125], 'train_scores': [0.8969, 0.8845, 0.8762], 'params': {'n_estimators': 500, 'learning_rate': 0.09641704533395519, 'min_child_weight': 80, 'max_depth': 2, 'gamma': 0, 'subsample': 0.6372216290396924, 'colsample_bytree': 0.5553496897306658, 'reg_lambda': 0.1439183377240078, 'reg_alpha': 0.0004439190634017007}}
[32m[I 2021-01-04 16:15:47,165][0m Trial 15 finished with value: 0.8092 and parameters: {'learning_rate': 0.09641704533395519, 'min_child_weight': 80, 'max_depth': 2, 'subsample': 0.6372216290396924, 'colsample_bytree': 0.5553496897306658, 'reg_lambda': 0.1439183377240078, 'reg_alpha': 0.0004439190634017007}. Best is trial 13 with value: 0.8113.[0m

9.01 sec -- {'mean_score': 0.7864, 'valid_scores': [0.7855, 0.7704, 0.8032], 'train_scores': [0.8695, 0.8561, 0.8531], 'params': {'n_estimators': 500, 'learning_rate': 0.11944674565063701, 'min_child_weight': 82, 'max_depth': 1, 'gamma': 0, 'subsample': 0.6137157191578225, 'colsample_bytree': 0.6437561317282342, 'reg_lambda': 0.0022055698998985945, 'reg_alpha': 0.05014840246536229}}
[32m[I 2021-01-04 16:15:56,195][0m Trial 16 finished with value: 0.7864 and parameters: {'learning_rate': 0.11944674565063701, 'min_child_weight': 82, 'max_depth': 1, 'subsample': 0.6137157191578225, 'colsample_bytree': 0.6437561317282342, 'reg_lambda': 0.0022055698998985945, 'reg_alpha': 0.05014840246536229}. Best is trial 13 with value: 0.8113.[0m

14.05 sec -- {'mean_score': 0.805, 'valid_scores': [0.8108, 0.7845, 0.8198], 'train_scores': [0.9157, 0.9041, 0.8941], 'params': {'n_estimators': 500, 'learning_rate': 0.1484815378113783, 'min_child_weight': 88, 'max_depth': 5, 'gamma': 0, 'subsample': 0.6629894783286585, 'colsample_bytree': 0.44259431013941214, 'reg_lambda': 0.00966461478093309, 'reg_alpha': 0.000703400170534682}}
[32m[I 2021-01-04 16:16:10,261][0m Trial 17 finished with value: 0.805 and parameters: {'learning_rate': 0.1484815378113783, 'min_child_weight': 88, 'max_depth': 5, 'subsample': 0.6629894783286585, 'colsample_bytree': 0.44259431013941214, 'reg_lambda': 0.00966461478093309, 'reg_alpha': 0.000703400170534682}. Best is trial 13 with value: 0.8113.[0m

20.08 sec -- {'mean_score': 0.8021, 'valid_scores': [0.8049, 0.7814, 0.8201], 'train_scores': [0.9227, 0.9129, 0.9049], 'params': {'n_estimators': 500, 'learning_rate': 0.11482507682737397, 'min_child_weight': 71, 'max_depth': 8, 'gamma': 0, 'subsample': 0.5417973072308089, 'colsample_bytree': 0.7429664121398509, 'reg_lambda': 0.0020360937807499175, 'reg_alpha': 0.00019855279244450572}}
[32m[I 2021-01-04 16:16:30,362][0m Trial 18 finished with value: 0.8021 and parameters: {'learning_rate': 0.11482507682737397, 'min_child_weight': 71, 'max_depth': 8, 'subsample': 0.5417973072308089, 'colsample_bytree': 0.7429664121398509, 'reg_lambda': 0.0020360937807499175, 'reg_alpha': 0.00019855279244450572}. Best is trial 13 with value: 0.8113.[0m

10.18 sec -- {'mean_score': 0.8122, 'valid_scores': [0.8313, 0.7913, 0.8139], 'train_scores': [0.8937, 0.8806, 0.8736], 'params': {'n_estimators': 500, 'learning_rate': 0.07041451531419024, 'min_child_weight': 95, 'max_depth': 2, 'gamma': 0, 'subsample': 0.6076697014923161, 'colsample_bytree': 0.7608038183068312, 'reg_lambda': 0.0003702145109039904, 'reg_alpha': 0.0003718154033708517}}
[32m[I 2021-01-04 16:16:40,562][0m Trial 19 finished with value: 0.8122 and parameters: {'learning_rate': 0.07041451531419024, 'min_child_weight': 95, 'max_depth': 2, 'subsample': 0.6076697014923161, 'colsample_bytree': 0.7608038183068312, 'reg_lambda': 0.0003702145109039904, 'reg_alpha': 0.0003718154033708517}. Best is trial 19 with value: 0.8122.[0m

11.3 sec -- {'mean_score': 0.8102, 'valid_scores': [0.8303, 0.7837, 0.8166], 'train_scores': [0.8997, 0.8885, 0.8786], 'params': {'n_estimators': 500, 'learning_rate': 0.04644614706407562, 'min_child_weight': 88, 'max_depth': 3, 'gamma': 0, 'subsample': 0.5475561083752515, 'colsample_bytree': 0.8265579572710133, 'reg_lambda': 0.00014091656878872146, 'reg_alpha': 0.001110172418829876}}
[32m[I 2021-01-04 16:16:51,875][0m Trial 20 finished with value: 0.8102 and parameters: {'learning_rate': 0.04644614706407562, 'min_child_weight': 88, 'max_depth': 3, 'subsample': 0.5475561083752515, 'colsample_bytree': 0.8265579572710133, 'reg_lambda': 0.00014091656878872146, 'reg_alpha': 0.001110172418829876}. Best is trial 19 with value: 0.8122.[0m

9.73 sec -- {'mean_score': 0.7717, 'valid_scores': [0.7601, 0.7567, 0.7982], 'train_scores': [0.8474, 0.823, 0.8482], 'params': {'n_estimators': 500, 'learning_rate': 0.011700475721844794, 'min_child_weight': 100, 'max_depth': 2, 'gamma': 0, 'subsample': 0.5060778040897617, 'colsample_bytree': 0.8401220125232441, 'reg_lambda': 0.0009903184217086346, 'reg_alpha': 0.004690716880492771}}
[32m[I 2021-01-04 16:17:01,617][0m Trial 21 finished with value: 0.7717 and parameters: {'learning_rate': 0.011700475721844794, 'min_child_weight': 100, 'max_depth': 2, 'subsample': 0.5060778040897617, 'colsample_bytree': 0.8401220125232441, 'reg_lambda': 0.0009903184217086346, 'reg_alpha': 0.004690716880492771}. Best is trial 19 with value: 0.8122.[0m

12.21 sec -- {'mean_score': 0.8033, 'valid_scores': [0.8225, 0.7727, 0.8146], 'train_scores': [0.891, 0.8794, 0.871], 'params': {'n_estimators': 500, 'learning_rate': 0.02475651326940459, 'min_child_weight': 99, 'max_depth': 3, 'gamma': 0, 'subsample': 0.7414742092158431, 'colsample_bytree': 0.9094240007931005, 'reg_lambda': 0.0002310510366112542, 'reg_alpha': 0.00021296347212158647}}
[32m[I 2021-01-04 16:17:13,847][0m Trial 22 finished with value: 0.8033 and parameters: {'learning_rate': 0.02475651326940459, 'min_child_weight': 99, 'max_depth': 3, 'subsample': 0.7414742092158431, 'colsample_bytree': 0.9094240007931005, 'reg_lambda': 0.0002310510366112542, 'reg_alpha': 0.00021296347212158647}. Best is trial 19 with value: 0.8122.[0m

14.21 sec -- {'mean_score': 0.8079, 'valid_scores': [0.8189, 0.7851, 0.8196], 'train_scores': [0.9098, 0.8984, 0.8884], 'params': {'n_estimators': 500, 'learning_rate': 0.0825466368557877, 'min_child_weight': 93, 'max_depth': 4, 'gamma': 0, 'subsample': 0.6937094609583648, 'colsample_bytree': 0.7527508131410482, 'reg_lambda': 0.001229214006207371, 'reg_alpha': 0.002903251262573057}}
[32m[I 2021-01-04 16:17:28,085][0m Trial 23 finished with value: 0.8079 and parameters: {'learning_rate': 0.0825466368557877, 'min_child_weight': 93, 'max_depth': 4, 'subsample': 0.6937094609583648, 'colsample_bytree': 0.7527508131410482, 'reg_lambda': 0.001229214006207371, 'reg_alpha': 0.002903251262573057}. Best is trial 19 with value: 0.8122.[0m

10.03 sec -- {'mean_score': 0.8131, 'valid_scores': [0.8318, 0.7926, 0.815], 'train_scores': [0.8968, 0.8842, 0.8762], 'params': {'n_estimators': 500, 'learning_rate': 0.08707868801677468, 'min_child_weight': 63, 'max_depth': 2, 'gamma': 0, 'subsample': 0.5798716187470113, 'colsample_bytree': 0.8367283262337306, 'reg_lambda': 0.00021190207307736591, 'reg_alpha': 0.0070355589882221}}
[32m[I 2021-01-04 16:17:38,136][0m Trial 24 finished with value: 0.8131 and parameters: {'learning_rate': 0.08707868801677468, 'min_child_weight': 63, 'max_depth': 2, 'subsample': 0.5798716187470113, 'colsample_bytree': 0.8367283262337306, 'reg_lambda': 0.00021190207307736591, 'reg_alpha': 0.0070355589882221}. Best is trial 24 with value: 0.8131.[0m

10.23 sec -- {'mean_score': 0.8069, 'valid_scores': [0.821, 0.7864, 0.8134], 'train_scores': [0.8965, 0.884, 0.8769], 'params': {'n_estimators': 500, 'learning_rate': 0.06931993540732227, 'min_child_weight': 42, 'max_depth': 2, 'gamma': 0, 'subsample': 0.6510210731203774, 'colsample_bytree': 0.8567733069936211, 'reg_lambda': 0.00040078040705863587, 'reg_alpha': 0.009006276963060793}}
[32m[I 2021-01-04 16:17:48,384][0m Trial 25 finished with value: 0.8069 and parameters: {'learning_rate': 0.06931993540732227, 'min_child_weight': 42, 'max_depth': 2, 'subsample': 0.6510210731203774, 'colsample_bytree': 0.8567733069936211, 'reg_lambda': 0.00040078040705863587, 'reg_alpha': 0.009006276963060793}. Best is trial 24 with value: 0.8131.[0m

11.6 sec -- {'mean_score': 0.807, 'valid_scores': [0.8219, 0.7828, 0.8163], 'train_scores': [0.8988, 0.8853, 0.8775], 'params': {'n_estimators': 500, 'learning_rate': 0.06058885296498315, 'min_child_weight': 95, 'max_depth': 3, 'gamma': 0, 'subsample': 0.5402249125199731, 'colsample_bytree': 0.3091124430191802, 'reg_lambda': 0.0009002736418147275, 'reg_alpha': 0.0007125653675338856}}
[32m[I 2021-01-04 16:17:59,999][0m Trial 26 finished with value: 0.807 and parameters: {'learning_rate': 0.06058885296498315, 'min_child_weight': 95, 'max_depth': 3, 'subsample': 0.5402249125199731, 'colsample_bytree': 0.3091124430191802, 'reg_lambda': 0.0009002736418147275, 'reg_alpha': 0.0007125653675338856}. Best is trial 24 with value: 0.8131.[0m

9.15 sec -- {'mean_score': 0.7889, 'valid_scores': [0.7902, 0.7742, 0.8022], 'train_scores': [0.8727, 0.8576, 0.8546], 'params': {'n_estimators': 500, 'learning_rate': 0.14362419970442333, 'min_child_weight': 54, 'max_depth': 1, 'gamma': 0, 'subsample': 0.5596472780021021, 'colsample_bytree': 0.9069805198820626, 'reg_lambda': 0.002386065652658562, 'reg_alpha': 0.0018338565012518684}}
[32m[I 2021-01-04 16:18:09,162][0m Trial 27 finished with value: 0.7889 and parameters: {'learning_rate': 0.14362419970442333, 'min_child_weight': 54, 'max_depth': 1, 'subsample': 0.5596472780021021, 'colsample_bytree': 0.9069805198820626, 'reg_lambda': 0.002386065652658562, 'reg_alpha': 0.0018338565012518684}. Best is trial 24 with value: 0.8131.[0m

9.31 sec -- {'mean_score': 0.785, 'valid_scores': [0.7857, 0.7673, 0.802], 'train_scores': [0.8671, 0.8556, 0.8496], 'params': {'n_estimators': 500, 'learning_rate': 0.10252904551703718, 'min_child_weight': 73, 'max_depth': 1, 'gamma': 0, 'subsample': 0.6946107885909619, 'colsample_bytree': 0.71105734705129, 'reg_lambda': 0.0016357151337157028, 'reg_alpha': 0.00012799059386223153}}
