[32m[I 2021-01-09 23:11:19,862][0m Trial 24 finished with value: 0.8131 and parameters: {'learning_rate': 0.0984056835028495, 'min_child_weight': 13, 'max_depth': 5, 'subsample': 0.6, 'colsample_bytree': 0.9, 'reg_lambda': 0.027665942482416068, 'reg_alpha': 0.0016120995888085651}. Best is trial 16 with value: 0.8177.[0m

[
    {
        "score": 0.8177,
        "params": {
            "learning_rate": 0.07748826333796527,
            "min_child_weight": 17,
            "max_depth": 3,
            "subsample": 0.7,
            "colsample_bytree": 1.0,
            "reg_lambda": 0.4714559221428376,
            "reg_alpha": 0.0013983153155120035
        }
    },
    {
        "score": 0.8174,
        "params": {
            "learning_rate": 0.07817122969071225,
            "min_child_weight": 14,
            "max_depth": 3,
            "subsample": 0.7,
            "colsample_bytree": 0.9,
            "reg_lambda": 0.9889952514724206,
            "reg_alpha": 0.006030070401328854
        }
    },
    {
        "score": 0.8169,
        "params": {
            "learning_rate": 0.07786186997737833,
            "min_child_weight": 23,
            "max_depth": 3,
            "subsample": 0.7,
            "colsample_bytree": 1.0,
            "reg_lambda": 0.11960438643905827,
            "reg_alpha": 0.0021856243731564282
        }
    },
    {
        "score": 0.8166,
        "params": {
            "learning_rate": 0.07997944978006688,
            "min_child_weight": 25,
            "max_depth": 3,
            "subsample": 0.7,
            "colsample_bytree": 1.0,
            "reg_lambda": 0.10799934596020587,
            "reg_alpha": 0.0023563836346797836
        }
    },
    {
        "score": 0.8161,
        "params": {
            "learning_rate": 0.0643848247976905,
            "min_child_weight": 22,
            "max_depth": 3,
            "subsample": 0.8,
            "colsample_bytree": 1.0,
            "reg_lambda": 0.5344172035022854,
            "reg_alpha": 0.0011348884758090336
        }
    },
    {
        "score": 0.8158,
        "params": {
            "learning_rate": 0.07346740830044696,
            "min_child_weight": 15,
            "max_depth": 4,
            "subsample": 0.8,
            "colsample_bytree": 0.9,
            "reg_lambda": 0.8196903405671578,
            "reg_alpha": 0.001035546046499302
        }
    },
    {
        "score": 0.8158,
        "params": {
            "learning_rate": 0.13499399422729336,
            "min_child_weight": 21,
            "max_depth": 3,
            "subsample": 0.7,
            "colsample_bytree": 0.9,
            "reg_lambda": 0.38031918858533104,
            "reg_alpha": 0.0019078168193589168
        }
    },
    {
        "score": 0.8158,
        "params": {
            "learning_rate": 0.08637817982820764,
            "min_child_weight": 17,
            "max_depth": 5,
            "subsample": 0.7,
            "colsample_bytree": 1.0,
            "reg_lambda": 0.11938087391040408,
            "reg_alpha": 0.003613948123646033
        }
    },
    {
        "score": 0.8156,
        "params": {
            "learning_rate": 0.09666856312114422,
            "min_child_weight": 3,
            "max_depth": 2,
            "subsample": 0.6,
            "colsample_bytree": 0.9,
            "reg_lambda": 0.06859416411328696,
            "reg_alpha": 0.07092543214735832
        }
    },
    {
        "score": 0.8146,
        "params": {
            "learning_rate": 0.06721689117370228,
            "min_child_weight": 14,
            "max_depth": 4,
            "subsample": 0.7,
            "colsample_bytree": 0.9,
            "reg_lambda": 0.9648591242765114,
            "reg_alpha": 0.0011033957562533656
        }
    },
    {
        "score": 0.8136,
        "params": {
            "learning_rate": 0.17530230816689565,
            "min_child_weight": 19,
            "max_depth": 5,
            "subsample": 0.9,
            "colsample_bytree": 0.8,
            "reg_lambda": 0.21957734465394557,
            "reg_alpha": 0.0022637229697395483
        }
    },
    {
        "score": 0.8131,
        "params": {
            "learning_rate": 0.0984056835028495,
            "min_child_weight": 13,
            "max_depth": 5,
            "subsample": 0.6,
            "colsample_bytree": 0.9,
            "reg_lambda": 0.027665942482416068,
            "reg_alpha": 0.0016120995888085651
        }
    },
    {
        "score": 0.813,
        "params": {
            "learning_rate": 0.13158499405222954,
            "min_child_weight": 10,
            "max_depth": 2,
            "subsample": 0.8,
            "colsample_bytree": 0.8,
            "reg_lambda": 0.006218230782016854,
            "reg_alpha": 0.21023308743480115
        }
    },
    {
        "score": 0.8128,
        "params": {
            "learning_rate": 0.1571370912834589,
            "min_child_weight": 16,
            "max_depth": 4,
            "subsample": 0.9,
            "colsample_bytree": 1.0,
            "reg_lambda": 0.17610830587860024,
            "reg_alpha": 0.7771785047479263
        }
    },
    {
        "score": 0.8126,
        "params": {
            "learning_rate": 0.05644086248030453,
            "min_child_weight": 24,
            "max_depth": 7,
            "subsample": 0.9,
            "colsample_bytree": 0.6,
            "reg_lambda": 0.003888186473153667,
            "reg_alpha": 0.01276954761904551
        }
    },
    {
        "score": 0.8121,
        "params": {
            "learning_rate": 0.04544102313460804,
            "min_child_weight": 11,
            "max_depth": 6,
            "subsample": 0.6,
            "colsample_bytree": 1.0,
            "reg_lambda": 0.42904591925842,
            "reg_alpha": 0.007498681218253289
        }
    },
    {
        "score": 0.8115,
        "params": {
            "learning_rate": 0.09314157013991158,
            "min_child_weight": 7,
            "max_depth": 10,
            "subsample": 1.0,
            "colsample_bytree": 0.7,
            "reg_lambda": 0.2372330072992193,
            "reg_alpha": 0.03860866271460544
        }
    },
    {
        "score": 0.8111,
        "params": {
            "learning_rate": 0.197791029231253,
            "min_child_weight": 5,
            "max_depth": 6,
            "subsample": 0.6,
            "colsample_bytree": 0.9,
            "reg_lambda": 0.0057527408141166865,
            "reg_alpha": 0.02505718725747767
        }
    },
    {
        "score": 0.8109,
        "params": {
            "learning_rate": 0.1142745657461917,
            "min_child_weight": 22,
            "max_depth": 2,
            "subsample": 0.9,
            "colsample_bytree": 0.8,
            "reg_lambda": 0.018662266976517967,
            "reg_alpha": 0.08663279761354557
        }
    },
    {
        "score": 0.8085,
        "params": {
            "learning_rate": 0.012811621307680224,
            "min_child_weight": 12,
            "max_depth": 8,
            "subsample": 0.8,
            "colsample_bytree": 0.9,
            "reg_lambda": 0.9069647914801354,
            "reg_alpha": 0.006286292568176405
        }
    },
    {
        "score": 0.8081,
        "params": {
            "learning_rate": 0.1893121349177786,
            "min_child_weight": 10,
            "max_depth": 10,
            "subsample": 1.0,
            "colsample_bytree": 0.6,
            "reg_lambda": 0.8117591698634133,
            "reg_alpha": 0.09107938876437564
        }
    },
    {
        "score": 0.8077,
        "params": {
            "learning_rate": 0.03038579434666821,
            "min_child_weight": 18,
            "max_depth": 3,
            "subsample": 0.7,
            "colsample_bytree": 1.0,
            "reg_lambda": 0.0011654206686669904,
            "reg_alpha": 0.006294808349382941
        }
    },
    {
        "score": 0.8073,
        "params": {
            "learning_rate": 0.11792846660784713,
            "min_child_weight": 6,
            "max_depth": 10,
            "subsample": 0.6,
            "colsample_bytree": 0.6,
            "reg_lambda": 0.31467304061660045,
            "reg_alpha": 0.2160082074140204
        }
    },
    {
        "score": 0.7969,
        "params": {
            "learning_rate": 0.04247282117584858,
            "min_child_weight": 19,
            "max_depth": 2,
            "subsample": 0.7,
            "colsample_bytree": 0.7,
            "reg_lambda": 0.051355896065002286,
            "reg_alpha": 0.02069209865653834
        }
    },
    {
        "score": 0.7955,
        "params": {
            "learning_rate": 0.016149553263582722,
            "min_child_weight": 2,
            "max_depth": 4,
            "subsample": 0.7,
            "colsample_bytree": 1.0,
            "reg_lambda": 0.049396084565032757,
            "reg_alpha": 0.003665718873267749
        }
    }
]
