[32m[I 2021-01-07 20:51:35,070][0m Trial 30 finished with value: 0.8168 and parameters: {'learning_rate': 0.12564755405720066, 'min_child_weight': 42, 'max_depth': 3, 'subsample': 0.9, 'colsample_bytree': 1.0, 'reg_lambda': 0.010932434904836296, 'reg_alpha': 0.004798202162783447}. Best is trial 0 with value: 0.8206.[0m

37.66 sec -- {'mean_score': 0.816, 'valid_scores': [0.8087, 0.7824, 0.8095, 0.8241, 0.8283, 0.8429], 'train_scores': [0.9123, 0.9062, 0.896, 0.8916, 0.8872, 0.8821], 'params': {'learning_rate': 0.11568530842527744, 'min_child_weight': 42, 'max_depth': 3, 'subsample': 1.0, 'colsample_bytree': 0.8, 'reg_lambda': 0.01199867935714564, 'reg_alpha': 0.01084474140153503}}
[32m[I 2021-01-07 20:52:12,861][0m Trial 31 finished with value: 0.816 and parameters: {'learning_rate': 0.11568530842527744, 'min_child_weight': 42, 'max_depth': 3, 'subsample': 1.0, 'colsample_bytree': 0.8, 'reg_lambda': 0.01199867935714564, 'reg_alpha': 0.01084474140153503}. Best is trial 0 with value: 0.8206.[0m

50.67 sec -- {'mean_score': 0.82, 'valid_scores': [0.8199, 0.784, 0.8144, 0.8255, 0.83, 0.8461], 'train_scores': [0.9181, 0.9148, 0.9039, 0.8999, 0.8955, 0.8908], 'params': {'learning_rate': 0.1316763395753787, 'min_child_weight': 46, 'max_depth': 4, 'subsample': 1.0, 'colsample_bytree': 1.0, 'reg_lambda': 0.011332678264107426, 'reg_alpha': 0.0009138580296366602}}
[32m[I 2021-01-07 20:53:03,638][0m Trial 32 finished with value: 0.82 and parameters: {'learning_rate': 0.1316763395753787, 'min_child_weight': 46, 'max_depth': 4, 'subsample': 1.0, 'colsample_bytree': 1.0, 'reg_lambda': 0.011332678264107426, 'reg_alpha': 0.0009138580296366602}. Best is trial 0 with value: 0.8206.[0m

46.55 sec -- {'mean_score': 0.82, 'valid_scores': [0.816, 0.7836, 0.8203, 0.8262, 0.828, 0.8459], 'train_scores': [0.9195, 0.9153, 0.905, 0.9003, 0.8952, 0.8905], 'params': {'learning_rate': 0.12731242403001083, 'min_child_weight': 42, 'max_depth': 4, 'subsample': 1.0, 'colsample_bytree': 1.0, 'reg_lambda': 0.0004121327541240856, 'reg_alpha': 0.00018197054034241715}}
[32m[I 2021-01-07 20:53:50,303][0m Trial 33 finished with value: 0.82 and parameters: {'learning_rate': 0.12731242403001083, 'min_child_weight': 42, 'max_depth': 4, 'subsample': 1.0, 'colsample_bytree': 1.0, 'reg_lambda': 0.0004121327541240856, 'reg_alpha': 0.00018197054034241715}. Best is trial 0 with value: 0.8206.[0m

55.78 sec -- {'mean_score': 0.8205, 'valid_scores': [0.8114, 0.7809, 0.8233, 0.8274, 0.8323, 0.8479], 'train_scores': [0.9261, 0.9235, 0.9133, 0.9084, 0.902, 0.898], 'params': {'learning_rate': 0.16342582485203275, 'min_child_weight': 50, 'max_depth': 5, 'subsample': 1.0, 'colsample_bytree': 1.0, 'reg_lambda': 0.00030789508645739905, 'reg_alpha': 0.00019891464595945228}}
[32m[I 2021-01-07 20:54:46,243][0m Trial 34 finished with value: 0.8205 and parameters: {'learning_rate': 0.16342582485203275, 'min_child_weight': 50, 'max_depth': 5, 'subsample': 1.0, 'colsample_bytree': 1.0, 'reg_lambda': 0.00030789508645739905, 'reg_alpha': 0.00019891464595945228}. Best is trial 0 with value: 0.8206.[0m

51.28 sec -- {'mean_score': 0.8146, 'valid_scores': [0.8082, 0.7705, 0.8074, 0.827, 0.8302, 0.8445], 'train_scores': [0.9247, 0.9221, 0.912, 0.9069, 0.9008, 0.8947], 'params': {'learning_rate': 0.150090820663707, 'min_child_weight': 54, 'max_depth': 5, 'subsample': 1.0, 'colsample_bytree': 0.9, 'reg_lambda': 0.0014701312625096693, 'reg_alpha': 0.0001904355191178238}}
[32m[I 2021-01-07 20:55:37,621][0m Trial 35 finished with value: 0.8146 and parameters: {'learning_rate': 0.150090820663707, 'min_child_weight': 54, 'max_depth': 5, 'subsample': 1.0, 'colsample_bytree': 0.9, 'reg_lambda': 0.0014701312625096693, 'reg_alpha': 0.0001904355191178238}. Best is trial 0 with value: 0.8206.[0m

51.57 sec -- {'mean_score': 0.818, 'valid_scores': [0.8151, 0.7738, 0.8213, 0.8248, 0.8299, 0.8433], 'train_scores': [0.9237, 0.9234, 0.9101, 0.9062, 0.9007, 0.8957], 'params': {'learning_rate': 0.13237948907402258, 'min_child_weight': 46, 'max_depth': 5, 'subsample': 1.0, 'colsample_bytree': 1.0, 'reg_lambda': 0.0002659077438112791, 'reg_alpha': 0.00014711735472456767}}
[32m[I 2021-01-07 20:56:29,341][0m Trial 36 finished with value: 0.818 and parameters: {'learning_rate': 0.13237948907402258, 'min_child_weight': 46, 'max_depth': 5, 'subsample': 1.0, 'colsample_bytree': 1.0, 'reg_lambda': 0.0002659077438112791, 'reg_alpha': 0.00014711735472456767}. Best is trial 0 with value: 0.8206.[0m

40.81 sec -- {'mean_score': 0.8204, 'valid_scores': [0.8234, 0.7874, 0.8114, 0.8244, 0.8304, 0.8451], 'train_scores': [0.9142, 0.9102, 0.9007, 0.8952, 0.8903, 0.8852], 'params': {'learning_rate': 0.15174518396548506, 'min_child_weight': 40, 'max_depth': 3, 'subsample': 0.9, 'colsample_bytree': 1.0, 'reg_lambda': 0.00018001008250014702, 'reg_alpha': 0.0005419109821844656}}
[32m[I 2021-01-07 20:57:10,236][0m Trial 37 finished with value: 0.8204 and parameters: {'learning_rate': 0.15174518396548506, 'min_child_weight': 40, 'max_depth': 3, 'subsample': 0.9, 'colsample_bytree': 1.0, 'reg_lambda': 0.00018001008250014702, 'reg_alpha': 0.0005419109821844656}. Best is trial 0 with value: 0.8206.[0m

45.17 sec -- {'mean_score': 0.8203, 'valid_scores': [0.8226, 0.7929, 0.8138, 0.8257, 0.8269, 0.84], 'train_scores': [0.9214, 0.9188, 0.9095, 0.9043, 0.8987, 0.8925], 'params': {'learning_rate': 0.1980147246869967, 'min_child_weight': 56, 'max_depth': 4, 'subsample': 1.0, 'colsample_bytree': 1.0, 'reg_lambda': 0.00021925998443644796, 'reg_alpha': 0.0010743383040532513}}
[32m[I 2021-01-07 20:57:55,491][0m Trial 38 finished with value: 0.8203 and parameters: {'learning_rate': 0.1980147246869967, 'min_child_weight': 56, 'max_depth': 4, 'subsample': 1.0, 'colsample_bytree': 1.0, 'reg_lambda': 0.00021925998443644796, 'reg_alpha': 0.0010743383040532513}. Best is trial 0 with value: 0.8206.[0m

48.37 sec -- {'mean_score': 0.8175, 'valid_scores': [0.8132, 0.7807, 0.8141, 0.8251, 0.8258, 0.8463], 'train_scores': [0.9243, 0.922, 0.9135, 0.9084, 0.903, 0.8961], 'params': {'learning_rate': 0.17189799595634317, 'min_child_weight': 64, 'max_depth': 5, 'subsample': 1.0, 'colsample_bytree': 1.0, 'reg_lambda': 0.0001023482686194695, 'reg_alpha': 0.014866891517886513}}
[32m[I 2021-01-07 20:58:43,947][0m Trial 39 finished with value: 0.8175 and parameters: {'learning_rate': 0.17189799595634317, 'min_child_weight': 64, 'max_depth': 5, 'subsample': 1.0, 'colsample_bytree': 1.0, 'reg_lambda': 0.0001023482686194695, 'reg_alpha': 0.014866891517886513}. Best is trial 0 with value: 0.8206.[0m

36.83 sec -- {'mean_score': 0.8153, 'valid_scores': [0.8163, 0.7872, 0.7973, 0.823, 0.8248, 0.8431], 'train_scores': [0.9165, 0.9136, 0.901, 0.8969, 0.8898, 0.8853], 'params': {'learning_rate': 0.18255954089395773, 'min_child_weight': 44, 'max_depth': 3, 'subsample': 0.8, 'colsample_bytree': 1.0, 'reg_lambda': 0.0005801410516751776, 'reg_alpha': 0.000506907879421235}}
[32m[I 2021-01-07 20:59:20,875][0m Trial 40 finished with value: 0.8153 and parameters: {'learning_rate': 0.18255954089395773, 'min_child_weight': 44, 'max_depth': 3, 'subsample': 0.8, 'colsample_bytree': 1.0, 'reg_lambda': 0.0005801410516751776, 'reg_alpha': 0.000506907879421235}. Best is trial 0 with value: 0.8206.[0m

37.32 sec -- {'mean_score': 0.8173, 'valid_scores': [0.8206, 0.7952, 0.8015, 0.8198, 0.8243, 0.8425], 'train_scores': [0.9117, 0.9058, 0.8962, 0.8915, 0.8879, 0.8836], 'params': {'learning_rate': 0.13576624565996256, 'min_child_weight': 54, 'max_depth': 3, 'subsample': 0.9, 'colsample_bytree': 1.0, 'reg_lambda': 0.0003193705317814516, 'reg_alpha': 0.0013912748956649895}}
[32m[I 2021-01-07 20:59:58,319][0m Trial 41 finished with value: 0.8173 and parameters: {'learning_rate': 0.13576624565996256, 'min_child_weight': 54, 'max_depth': 3, 'subsample': 0.9, 'colsample_bytree': 1.0, 'reg_lambda': 0.0003193705317814516, 'reg_alpha': 0.0013912748956649895}. Best is trial 0 with value: 0.8206.[0m

43.66 sec -- {'mean_score': 0.8164, 'valid_scores': [0.8188, 0.7827, 0.8056, 0.8225, 0.8244, 0.8445], 'train_scores': [0.9215, 0.917, 0.9077, 0.9039, 0.8983, 0.8929], 'params': {'learning_rate': 0.19132418500610424, 'min_child_weight': 62, 'max_depth': 4, 'subsample': 1.0, 'colsample_bytree': 1.0, 'reg_lambda': 0.0001263160348605809, 'reg_alpha': 0.00016382596113708708}}
[32m[I 2021-01-07 21:00:42,083][0m Trial 42 finished with value: 0.8164 and parameters: {'learning_rate': 0.19132418500610424, 'min_child_weight': 62, 'max_depth': 4, 'subsample': 1.0, 'colsample_bytree': 1.0, 'reg_lambda': 0.0001263160348605809, 'reg_alpha': 0.00016382596113708708}. Best is trial 0 with value: 0.8206.[0m

50.35 sec -- {'mean_score': 0.8168, 'valid_scores': [0.8151, 0.7766, 0.8164, 0.8236, 0.8265, 0.8423], 'train_scores': [0.9266, 0.9252, 0.9148, 0.9106, 0.9054, 0.9001], 'params': {'learning_rate': 0.18097675902169327, 'min_child_weight': 54, 'max_depth': 5, 'subsample': 0.8, 'colsample_bytree': 1.0, 'reg_lambda': 0.00014571082314888736, 'reg_alpha': 0.001974369569337337}}
[32m[I 2021-01-07 21:01:32,550][0m Trial 43 finished with value: 0.8168 and parameters: {'learning_rate': 0.18097675902169327, 'min_child_weight': 54, 'max_depth': 5, 'subsample': 0.8, 'colsample_bytree': 1.0, 'reg_lambda': 0.00014571082314888736, 'reg_alpha': 0.001974369569337337}. Best is trial 0 with value: 0.8206.[0m

34.38 sec -- {'mean_score': 0.821, 'valid_scores': [0.8202, 0.8015, 0.8139, 0.8206, 0.8271, 0.8429], 'train_scores': [0.9145, 0.9085, 0.8992, 0.8956, 0.8899, 0.8855], 'params': {'learning_rate': 0.1741823555378744, 'min_child_weight': 60, 'max_depth': 3, 'subsample': 1.0, 'colsample_bytree': 1.0, 'reg_lambda': 0.00033566361022703626, 'reg_alpha': 0.0027586822422447288}}
[32m[I 2021-01-07 21:02:07,020][0m Trial 44 finished with value: 0.821 and parameters: {'learning_rate': 0.1741823555378744, 'min_child_weight': 60, 'max_depth': 3, 'subsample': 1.0, 'colsample_bytree': 1.0, 'reg_lambda': 0.00033566361022703626, 'reg_alpha': 0.0027586822422447288}. Best is trial 44 with value: 0.821.[0m

42.12 sec -- {'mean_score': 0.8194, 'valid_scores': [0.8092, 0.7883, 0.8188, 0.8265, 0.8287, 0.8447], 'train_scores': [0.9217, 0.919, 0.9093, 0.9055, 0.9, 0.8939], 'params': {'learning_rate': 0.18767365346096418, 'min_child_weight': 48, 'max_depth': 4, 'subsample': 1.0, 'colsample_bytree': 1.0, 'reg_lambda': 0.0016490277206720261, 'reg_alpha': 0.0004569677629955023}}
[32m[I 2021-01-07 21:02:49,220][0m Trial 45 finished with value: 0.8194 and parameters: {'learning_rate': 0.18767365346096418, 'min_child_weight': 48, 'max_depth': 4, 'subsample': 1.0, 'colsample_bytree': 1.0, 'reg_lambda': 0.0016490277206720261, 'reg_alpha': 0.0004569677629955023}. Best is trial 44 with value: 0.821.[0m

43.15 sec -- {'mean_score': 0.8175, 'valid_scores': [0.815, 0.7865, 0.8052, 0.8258, 0.8276, 0.8451], 'train_scores': [0.9201, 0.9185, 0.9068, 0.9028, 0.8978, 0.892], 'params': {'learning_rate': 0.17483321706420255, 'min_child_weight': 60, 'max_depth': 4, 'subsample': 0.9, 'colsample_bytree': 0.9, 'reg_lambda': 0.0002992732631986883, 'reg_alpha': 0.0028248158521449085}}
[32m[I 2021-01-07 21:03:32,460][0m Trial 46 finished with value: 0.8175 and parameters: {'learning_rate': 0.17483321706420255, 'min_child_weight': 60, 'max_depth': 4, 'subsample': 0.9, 'colsample_bytree': 0.9, 'reg_lambda': 0.0002992732631986883, 'reg_alpha': 0.0028248158521449085}. Best is trial 44 with value: 0.821.[0m

38.36 sec -- {'mean_score': 0.8158, 'valid_scores': [0.8189, 0.7874, 0.8024, 0.8207, 0.8242, 0.8412], 'train_scores': [0.9154, 0.9108, 0.9016, 0.8961, 0.8919, 0.8873], 'params': {'learning_rate': 0.18500138699046587, 'min_child_weight': 52, 'max_depth': 3, 'subsample': 0.9, 'colsample_bytree': 1.0, 'reg_lambda': 0.0003329062024665507, 'reg_alpha': 0.013258445411595692}}
[32m[I 2021-01-07 21:04:10,905][0m Trial 47 finished with value: 0.8158 and parameters: {'learning_rate': 0.18500138699046587, 'min_child_weight': 52, 'max_depth': 3, 'subsample': 0.9, 'colsample_bytree': 1.0, 'reg_lambda': 0.0003329062024665507, 'reg_alpha': 0.013258445411595692}. Best is trial 44 with value: 0.821.[0m

36.71 sec -- {'mean_score': 0.8177, 'valid_scores': [0.8226, 0.7895, 0.8037, 0.8233, 0.8226, 0.8447], 'train_scores': [0.9133, 0.9083, 0.8984, 0.8931, 0.8892, 0.8845], 'params': {'learning_rate': 0.17014647198246444, 'min_child_weight': 74, 'max_depth': 3, 'subsample': 1.0, 'colsample_bytree': 1.0, 'reg_lambda': 0.00021221465305398408, 'reg_alpha': 0.0020346836783977575}}
[32m[I 2021-01-07 21:04:47,763][0m Trial 48 finished with value: 0.8177 and parameters: {'learning_rate': 0.17014647198246444, 'min_child_weight': 74, 'max_depth': 3, 'subsample': 1.0, 'colsample_bytree': 1.0, 'reg_lambda': 0.00021221465305398408, 'reg_alpha': 0.0020346836783977575}. Best is trial 44 with value: 0.821.[0m

34.8 sec -- {'mean_score': 0.8176, 'valid_scores': [0.8195, 0.794, 0.8013, 0.8215, 0.827, 0.8421], 'train_scores': [0.9087, 0.9036, 0.8925, 0.8885, 0.8848, 0.8802], 'params': {'learning_rate': 0.0943734752447607, 'min_child_weight': 44, 'max_depth': 3, 'subsample': 0.9, 'colsample_bytree': 1.0, 'reg_lambda': 0.00010004137041974142, 'reg_alpha': 0.0006683339619814501}}
